2015-10-19 17:59:17 :  Clash Game Bot v4.1.1 Modded Powered by GameBot.org ~
2015-10-19 17:59:17 : GameBot.org.exe Executable running on WIN_81  X64
2015-10-19 17:59:17 : =================== Bot Start ====================
2015-10-19 17:59:17 : -------------------------  Current Profile: 01 --------------------------
2015-10-19 17:59:17 : Trying to locate Main Screen
2015-10-19 17:59:17 : Main Screen Located
2015-10-19 17:59:18 : Detecting your Buildings..
2015-10-19 17:59:24 : Language setting is English: Correct.
2015-10-19 17:59:25 : Trying to locate Main Screen
2015-10-19 17:59:25 : Main Screen Located
2015-10-19 17:59:26 : Village Report
2015-10-19 17:59:26 : No. of Free/Total Builders: 2/5
2015-10-19 17:59:27 :  [T]: 2 700
2015-10-19 17:59:27 :  [G]: 4 268 430 [E]: 196 294 [D]: 130 399 [GEM]: 5 304
2015-10-19 17:59:27 : Collecting Resources
2015-10-19 17:59:37 : Checking Army Camp...
2015-10-19 17:59:38 : Total Army Camp capacity: 58/220
2015-10-19 17:59:39 :  - No. of Archers: 58
2015-10-19 17:59:39 : Barracks and Spell factory status: 
2015-10-19 17:59:39 : - Barracks detected: 4 | Available: 4 | Upgrading: 0
2015-10-19 17:59:39 : - Dark Barracks detected: 2 | Available: 2 | Upgrading: 0
2015-10-19 17:59:39 : - Spell factory detected: 1 | Available: 1 | Upgrading: 0
2015-10-19 17:59:39 : - Dark Spell factory detected: 1 | Available: 1 | Upgrading: 0
2015-10-19 17:59:39 : Training Troops...
2015-10-19 18:00:05 : Spell Factory Full
2015-10-19 18:00:13 : ====== Waiting for full army ======
2015-10-19 18:00:25 : Checking Army Camp...
2015-10-19 18:00:26 : Total Army Camp capacity: 58/220
2015-10-19 18:00:27 :  - No. of Archers: 58
2015-10-19 18:00:27 : Training Troops...
2015-10-19 18:00:49 : Spell Factory Full
2015-10-19 18:00:51 : Time Idle: 00:00:38
2015-10-19 18:00:52 : ====== Waiting for full army ======
2015-10-19 18:01:04 : Checking Army Camp...
2015-10-19 18:01:05 : Total Army Camp capacity: 62/220
2015-10-19 18:01:06 :  - No. of Archers: 58
2015-10-19 18:01:06 :  - No. of Minions: 2
2015-10-19 18:01:06 : Training Troops...
2015-10-19 18:01:12 : ClashGameBot was Paused!
2015-10-19 18:01:13 : ClashGameBot was Resumed.
2015-10-19 18:01:13 : ClashGameBot was Paused!
2015-10-19 18:02:28 : ClashGameBot was Resumed.
2015-10-19 18:02:31 : Cannot find train page, return home.
2015-10-19 18:02:32 : Time Idle: 00:02:19
2015-10-19 18:02:32 : ====== Waiting for full army ======
2015-10-19 18:02:44 : Checking Army Camp...
2015-10-19 18:02:46 : Total Army Camp capacity: 70/220
2015-10-19 18:02:47 :  - No. of Archers: 58
2015-10-19 18:02:47 :  - No. of Minions: 6
2015-10-19 18:02:47 : Training Troops...
2015-10-19 18:03:10 : Spell Factory Full
2015-10-19 18:03:12 : Time Idle: 00:02:59
2015-10-19 18:03:13 : ====== Waiting for full army ======
2015-10-19 18:03:24 : Collecting Resources
2015-10-19 18:03:30 : Checking Army Camp...
2015-10-19 18:03:32 : Total Army Camp capacity: 74/220
2015-10-19 18:03:33 :  - No. of Archers: 58
2015-10-19 18:03:33 :  - No. of Minions: 8
2015-10-19 18:03:33 : Training Troops...
2015-10-19 18:03:56 : Spell Factory Full
2015-10-19 18:03:58 : Time Idle: 00:03:44
2015-10-19 18:03:58 : ====== Waiting for full army ======
2015-10-19 18:04:10 : Checking Army Camp...
2015-10-19 18:04:12 : Total Army Camp capacity: 78/220
2015-10-19 18:04:13 :  - No. of Archers: 58
2015-10-19 18:04:13 :  - No. of Minions: 10
2015-10-19 18:04:13 : Training Troops...
2015-10-19 18:04:36 : Spell Factory Full
2015-10-19 18:04:39 : Time Idle: 00:04:25
2015-10-19 18:04:39 : ====== Waiting for full army ======
2015-10-19 18:04:42 : ClashGameBot was Paused!
2015-10-19 18:07:57 : ClashGameBot was Resumed.
2015-10-19 18:07:58 : ClashGameBot was Paused!
2015-10-19 18:08:00 : ClashGameBot was Resumed.
2015-10-19 18:08:08 : Checking Army Camp...
2015-10-19 18:08:10 : Total Army Camp capacity: 55/220
2015-10-19 18:08:10 :  - No. of Balloons: 3
2015-10-19 18:08:11 :  - No. of Minions: 20
2015-10-19 18:08:11 : Training Troops...
2015-10-19 18:08:55 : Created 5 Spell(s)
2015-10-19 18:08:58 : Time Idle: 00:08:44
2015-10-19 18:08:58 : ====== Waiting for full army ======
2015-10-19 18:09:10 : Checking Army Camp...
2015-10-19 18:09:12 : Total Army Camp capacity: 63/220
2015-10-19 18:09:13 :  - No. of Balloons: 3
2015-10-19 18:09:13 :  - No. of Minions: 24
2015-10-19 18:09:13 : Training Troops...
2015-10-19 18:09:58 : Created 5 Spell(s)
2015-10-19 18:10:01 : Time Idle: 00:09:46
2015-10-19 18:10:01 : ====== Waiting for full army ======
2015-10-19 18:10:13 : Checking Army Camp...
2015-10-19 18:10:15 : Total Army Camp capacity: 72/220
2015-10-19 18:10:16 :  - No. of Balloons: 4
2015-10-19 18:10:16 :  - No. of Minions: 26
2015-10-19 18:10:16 : Training Troops...
2015-10-19 18:11:01 : Created 5 Spell(s)
2015-10-19 18:11:04 : Time Idle: 00:10:49
2015-10-19 18:11:04 : ====== Waiting for full army ======
2015-10-19 18:11:16 : Checking Army Camp...
2015-10-19 18:11:18 : Total Army Camp capacity: 80/220
2015-10-19 18:11:19 :  - No. of Balloons: 4
2015-10-19 18:11:19 :  - No. of Minions: 30
2015-10-19 18:11:19 : Training Troops...
2015-10-19 18:12:04 : Created 5 Spell(s)
2015-10-19 18:12:06 : Time Idle: 00:11:51
2015-10-19 18:12:06 : ====== Waiting for full army ======
2015-10-19 18:12:18 : Checking Army Camp...
2015-10-19 18:12:20 : Total Army Camp capacity: 84/220
2015-10-19 18:12:21 :  - No. of Balloons: 4
2015-10-19 18:12:21 :  - No. of Minions: 32
2015-10-19 18:12:21 : Training Troops...
2015-10-19 18:13:06 : Created 5 Spell(s)
2015-10-19 18:13:09 : Time Idle: 00:12:53
2015-10-19 18:13:09 : ====== Waiting for full army ======
2015-10-19 18:13:21 : Checking Army Camp...
2015-10-19 18:13:22 : Total Army Camp capacity: 88/220
2015-10-19 18:13:23 :  - No. of Balloons: 4
2015-10-19 18:13:23 :  - No. of Minions: 34
2015-10-19 18:13:24 : Training Troops...
2015-10-19 18:14:08 : Created 5 Spell(s)
2015-10-19 18:14:11 : Time Idle: 00:13:55
2015-10-19 18:14:11 : ====== Waiting for full army ======
2015-10-19 18:14:23 : Checking Army Camp...
2015-10-19 18:14:25 : Total Army Camp capacity: 96/220
2015-10-19 18:14:25 :  - No. of Balloons: 4
2015-10-19 18:14:26 :  - No. of Minions: 38
2015-10-19 18:14:26 : Training Troops...
2015-10-19 18:15:10 : Created 5 Spell(s)
2015-10-19 18:15:13 : Time Idle: 00:14:57
2015-10-19 18:15:13 : ====== Waiting for full army ======
2015-10-19 18:15:25 : Checking Army Camp...
2015-10-19 18:15:27 : Total Army Camp capacity: 100/220
2015-10-19 18:15:28 :  - No. of Balloons: 4
2015-10-19 18:15:28 :  - No. of Minions: 40
2015-10-19 18:15:28 : Training Troops...
2015-10-19 18:16:13 : Created 5 Spell(s)
2015-10-19 18:16:16 : Time Idle: 00:16:00
2015-10-19 18:16:16 : ====== Waiting for full army ======
2015-10-19 18:16:28 : Checking Army Camp...
2015-10-19 18:16:30 : Total Army Camp capacity: 115/220
2015-10-19 18:16:30 :  - No. of Balloons: 7
2015-10-19 18:16:31 :  - No. of Minions: 40
2015-10-19 18:16:31 : Training Troops...
2015-10-19 18:17:16 : Created 5 Spell(s)
2015-10-19 18:17:19 : Time Idle: 00:17:02
2015-10-19 18:17:19 : ====== Waiting for full army ======
2015-10-19 18:17:30 : Collecting Resources
2015-10-19 18:17:36 : Checking Army Camp...
2015-10-19 18:17:38 : Total Army Camp capacity: 120/220
2015-10-19 18:17:39 :  - No. of Balloons: 8
2015-10-19 18:17:39 :  - No. of Minions: 40
2015-10-19 18:17:39 : Training Troops...
2015-10-19 18:18:25 : Created 5 Spell(s)
2015-10-19 18:18:27 : Time Idle: 00:18:11
2015-10-19 18:18:27 : ====== Waiting for full army ======
2015-10-19 18:18:39 : Checking Army Camp...
2015-10-19 18:18:41 : Total Army Camp capacity: 120/220
2015-10-19 18:18:42 :  - No. of Balloons: 8
2015-10-19 18:18:42 :  - No. of Minions: 40
2015-10-19 18:18:42 : Training Troops...
2015-10-19 18:19:27 : Created 5 Spell(s)
2015-10-19 18:19:30 : Time Idle: 00:19:13
2015-10-19 18:19:30 : ====== Waiting for full army ======
2015-10-19 18:19:42 : Checking Army Camp...
2015-10-19 18:19:43 : Army size read error, Troop numbers can't be trained correctly
2015-10-19 18:19:44 : Total Army Camp capacity: 0/220
2015-10-19 18:19:45 :  - No. of Balloons: 8
2015-10-19 18:19:45 :  - No. of Minions: 40
2015-10-19 18:19:45 : Training Troops...
2015-10-19 18:20:30 : Created 5 Spell(s)
2015-10-19 18:20:33 : Time Idle: 00:20:16
2015-10-19 18:20:33 : ====== Waiting for full army ======
2015-10-19 18:20:45 : Checking Army Camp...
2015-10-19 18:20:47 : Total Army Camp capacity: 120/220
2015-10-19 18:20:47 :  - No. of Balloons: 8
2015-10-19 18:20:48 :  - No. of Minions: 40
2015-10-19 18:20:48 : Training Troops...
2015-10-19 18:21:33 : Created 5 Spell(s)
2015-10-19 18:21:35 : Time Idle: 00:21:18
2015-10-19 18:21:36 : ====== Waiting for full army ======
2015-10-19 18:21:47 : Checking Army Camp...
2015-10-19 18:21:49 : Total Army Camp capacity: 120/220
2015-10-19 18:21:50 :  - No. of Balloons: 8
2015-10-19 18:21:50 :  - No. of Minions: 40
2015-10-19 18:21:50 : Training Troops...
2015-10-19 18:22:36 : Created 5 Spell(s)
2015-10-19 18:22:38 : Time Idle: 00:22:21
2015-10-19 18:22:38 : ====== Waiting for full army ======
2015-10-19 18:22:50 : Checking Army Camp...
2015-10-19 18:22:52 : Total Army Camp capacity: 120/220
2015-10-19 18:22:53 :  - No. of Balloons: 8
2015-10-19 18:22:53 :  - No. of Minions: 40
2015-10-19 18:22:53 : Training Troops...
2015-10-19 18:23:38 : Created 5 Spell(s)
2015-10-19 18:23:41 : Time Idle: 00:23:23
2015-10-19 18:23:41 : ====== Waiting for full army ======
2015-10-19 18:23:53 : Checking Army Camp...
2015-10-19 18:23:55 : Total Army Camp capacity: 135/220
2015-10-19 18:23:55 :  - No. of Balloons: 11
2015-10-19 18:23:56 :  - No. of Minions: 40
2015-10-19 18:23:56 : Training Troops...
2015-10-19 18:24:41 : Created 5 Spell(s)
2015-10-19 18:24:43 : Time Idle: 00:24:26
2015-10-19 18:24:44 : ====== Waiting for full army ======
2015-10-19 18:24:56 : Checking Army Camp...
2015-10-19 18:24:57 : Total Army Camp capacity: 135/220
2015-10-19 18:24:58 :  - No. of Balloons: 11
2015-10-19 18:24:58 :  - No. of Minions: 40
2015-10-19 18:24:58 : Training Troops...
2015-10-19 18:25:44 : Created 5 Spell(s)
2015-10-19 18:25:46 : Time Idle: 00:25:28
2015-10-19 18:25:46 : ====== Waiting for full army ======
2015-10-19 18:25:58 : Checking Army Camp...
2015-10-19 18:26:00 : Total Army Camp capacity: 140/220
2015-10-19 18:26:01 :  - No. of Balloons: 12
2015-10-19 18:26:01 :  - No. of Minions: 40
2015-10-19 18:26:01 : Training Troops...
2015-10-19 18:26:47 : Created 5 Spell(s)
2015-10-19 18:26:49 : Time Idle: 00:26:31
2015-10-19 18:26:49 : ====== Waiting for full army ======
2015-10-19 18:27:01 : Checking Army Camp...
2015-10-19 18:27:03 : Total Army Camp capacity: 140/220
2015-10-19 18:27:04 :  - No. of Balloons: 12
2015-10-19 18:27:04 :  - No. of Minions: 40
2015-10-19 18:27:04 : Training Troops...
2015-10-19 18:27:49 : Created 5 Spell(s)
2015-10-19 18:27:52 : Time Idle: 00:27:34
2015-10-19 18:27:52 : ====== Waiting for full army ======
2015-10-19 18:28:04 : Checking Army Camp...
2015-10-19 18:28:06 : Total Army Camp capacity: 140/220
2015-10-19 18:28:07 :  - No. of Balloons: 12
2015-10-19 18:28:07 :  - No. of Minions: 40
2015-10-19 18:28:07 : Training Troops...
2015-10-19 18:28:52 : Created 5 Spell(s)
2015-10-19 18:28:55 : Time Idle: 00:28:36
2015-10-19 18:28:55 : ====== Waiting for full army ======
2015-10-19 18:29:07 : Collecting Resources
2015-10-19 18:29:13 : Checking Army Camp...
2015-10-19 18:29:15 : Total Army Camp capacity: 140/220
2015-10-19 18:29:15 :  - No. of Balloons: 12
2015-10-19 18:29:15 :  - No. of Minions: 40
2015-10-19 18:29:16 : Training Troops...
2015-10-19 18:30:01 : Created 5 Spell(s)
2015-10-19 18:30:03 : Time Idle: 00:29:45
2015-10-19 18:30:04 : ====== Waiting for full army ======
2015-10-19 18:30:15 : Checking Army Camp...
2015-10-19 18:30:17 : Total Army Camp capacity: 140/220
2015-10-19 18:30:18 :  - No. of Balloons: 12
2015-10-19 18:30:18 :  - No. of Minions: 40
2015-10-19 18:30:18 : Training Troops...
2015-10-19 18:31:04 : Created 5 Spell(s)
2015-10-19 18:31:06 : Time Idle: 00:30:47
2015-10-19 18:31:06 : ====== Waiting for full army ======
2015-10-19 18:31:18 : Checking Army Camp...
2015-10-19 18:31:20 : Total Army Camp capacity: 140/220
2015-10-19 18:31:21 :  - No. of Balloons: 12
2015-10-19 18:31:21 :  - No. of Minions: 40
2015-10-19 18:31:21 : Training Troops...
2015-10-19 18:32:06 : Created 5 Spell(s)
2015-10-19 18:32:09 : Time Idle: 00:31:49
2015-10-19 18:32:09 : ====== Waiting for full army ======
2015-10-19 18:32:21 : Checking Army Camp...
2015-10-19 18:32:23 : Total Army Camp capacity: 155/220
2015-10-19 18:32:23 :  - No. of Balloons: 15
2015-10-19 18:32:24 :  - No. of Minions: 40
2015-10-19 18:32:24 : Training Troops...
2015-10-19 18:33:09 : Created 5 Spell(s)
2015-10-19 18:33:11 : Time Idle: 00:32:52
2015-10-19 18:33:12 : ====== Waiting for full army ======
2015-10-19 18:33:23 : Checking Army Camp...
2015-10-19 18:33:25 : Total Army Camp capacity: 160/220
2015-10-19 18:33:26 :  - No. of Balloons: 16
2015-10-19 18:33:26 :  - No. of Minions: 40
2015-10-19 18:33:26 : Training Troops...
2015-10-19 18:34:12 : Created 5 Spell(s)
2015-10-19 18:34:14 : Time Idle: 00:33:54
2015-10-19 18:34:14 : ====== Waiting for full army ======
2015-10-19 18:34:26 : Checking Army Camp...
2015-10-19 18:34:28 : Total Army Camp capacity: 160/220
2015-10-19 18:34:29 :  - No. of Balloons: 16
2015-10-19 18:34:29 :  - No. of Minions: 40
2015-10-19 18:34:29 : Training Troops...
2015-10-19 18:35:15 : Created 5 Spell(s)
2015-10-19 18:35:17 : Time Idle: 00:34:57
2015-10-19 18:35:17 : ====== Waiting for full army ======
2015-10-19 18:35:29 : Checking Army Camp...
2015-10-19 18:35:31 : Total Army Camp capacity: 160/220
2015-10-19 18:35:32 :  - No. of Balloons: 16
2015-10-19 18:35:32 :  - No. of Minions: 40
2015-10-19 18:35:32 : Training Troops...
2015-10-19 18:36:17 : Created 5 Spell(s)
2015-10-19 18:36:20 : Time Idle: 00:36:00
2015-10-19 18:36:20 : ====== Waiting for full army ======
2015-10-19 18:36:32 : Checking Army Camp...
2015-10-19 18:36:34 : Total Army Camp capacity: 160/220
2015-10-19 18:36:35 :  - No. of Balloons: 16
2015-10-19 18:36:35 :  - No. of Minions: 40
2015-10-19 18:36:35 : Training Troops...
2015-10-19 18:37:19 : Another Device has connected, waiting 2 minutes 0 seconds
2015-10-19 18:39:21 : Waiting for Main Screen
2015-10-19 18:39:26 : Created 5 Spell(s)
2015-10-19 18:39:28 : Trying to locate Main Screen
2015-10-19 18:39:28 : Main Screen Located
2015-10-19 18:39:30 : Village Report
2015-10-19 18:39:30 : No. of Free/Total Builders: 2/5
2015-10-19 18:39:30 :  [T]: 2 700
2015-10-19 18:39:30 :  [G]: 4 279 230 [E]: 307 [D]: 130 145 [GEM]: 5 304
2015-10-19 18:39:31 : Collecting Resources
2015-10-19 18:39:42 : Checking Army Camp...
2015-10-19 18:39:44 : Total Army Camp capacity: 160/220
2015-10-19 18:39:44 :  - No. of Balloons: 16
2015-10-19 18:39:45 :  - No. of Minions: 40
2015-10-19 18:39:45 : Training Troops...
2015-10-19 18:40:31 : Created 5 Spell(s)
2015-10-19 18:40:39 : ====== Waiting for full army ======
2015-10-19 18:40:51 : Checking Army Camp...
2015-10-19 18:40:53 : Total Army Camp capacity: 175/220
2015-10-19 18:40:53 :  - No. of Balloons: 19
2015-10-19 18:40:53 :  - No. of Minions: 40
2015-10-19 18:40:54 : Training Troops...
2015-10-19 18:41:40 : Created 5 Spell(s)
2015-10-19 18:41:43 : Time Idle: 00:01:03
2015-10-19 18:41:43 : ====== Waiting for full army ======
2015-10-19 18:41:55 : Checking Army Camp...
2015-10-19 18:41:57 : Total Army Camp capacity: 180/220
2015-10-19 18:41:57 :  - No. of Balloons: 20
2015-10-19 18:41:57 :  - No. of Minions: 40
2015-10-19 18:41:58 : Training Troops...
2015-10-19 18:42:44 : Created 5 Spell(s)
2015-10-19 18:42:47 : Time Idle: 00:02:07
2015-10-19 18:42:47 : ====== Waiting for full army ======
2015-10-19 18:42:59 : Checking Army Camp...
2015-10-19 18:43:01 : Total Army Camp capacity: 180/220
2015-10-19 18:43:01 :  - No. of Balloons: 20
2015-10-19 18:43:02 :  - No. of Minions: 40
2015-10-19 18:43:02 : Training Troops...
2015-10-19 18:43:48 : Created 5 Spell(s)
2015-10-19 18:43:51 : Time Idle: 00:03:11
2015-10-19 18:43:51 : ====== Waiting for full army ======
2015-10-19 18:44:02 : Collecting Resources
2015-10-19 18:44:09 : Checking Army Camp...
2015-10-19 18:44:10 : Total Army Camp capacity: 180/220
2015-10-19 18:44:11 :  - No. of Balloons: 20
2015-10-19 18:44:11 :  - No. of Minions: 40
2015-10-19 18:44:11 : Training Troops...
2015-10-19 18:44:58 : Created 5 Spell(s)
2015-10-19 18:45:00 : Time Idle: 00:04:20
2015-10-19 18:45:00 : ====== Waiting for full army ======
2015-10-19 18:45:12 : Checking Army Camp...
2015-10-19 18:45:14 : Total Army Camp capacity: 180/220
2015-10-19 18:45:15 :  - No. of Balloons: 20
2015-10-19 18:45:15 :  - No. of Minions: 40
2015-10-19 18:45:15 : Training Troops...
2015-10-19 18:46:02 : Created 5 Spell(s)
2015-10-19 18:46:04 : Time Idle: 00:05:24
2015-10-19 18:46:04 : ====== Waiting for full army ======
2015-10-19 18:46:16 : Checking Army Camp...
2015-10-19 18:46:18 : Total Army Camp capacity: 180/220
2015-10-19 18:46:19 :  - No. of Balloons: 20
2015-10-19 18:46:19 :  - No. of Minions: 40
2015-10-19 18:46:19 : Training Troops...
2015-10-19 18:47:06 : Created 5 Spell(s)
2015-10-19 18:47:08 : Time Idle: 00:06:28
2015-10-19 18:47:08 : ====== Waiting for full army ======
2015-10-19 18:47:20 : Checking Army Camp...
2015-10-19 18:47:22 : Total Army Camp capacity: 180/220
2015-10-19 18:47:23 :  - No. of Balloons: 20
2015-10-19 18:47:23 :  - No. of Minions: 40
2015-10-19 18:47:23 : Training Troops...
2015-10-19 18:48:10 : Created 5 Spell(s)
2015-10-19 18:48:12 : Time Idle: 00:07:31
2015-10-19 18:48:12 : ====== Waiting for full army ======
2015-10-19 18:48:24 : Checking Army Camp...
2015-10-19 18:48:26 : Total Army Camp capacity: 195/220
2015-10-19 18:48:27 :  - No. of Balloons: 23
2015-10-19 18:48:27 :  - No. of Minions: 40
2015-10-19 18:48:27 : Training Troops...
2015-10-19 18:49:14 : Created 5 Spell(s)
2015-10-19 18:49:16 : Time Idle: 00:08:35
2015-10-19 18:49:16 : ====== Waiting for full army ======
2015-10-19 18:49:28 : Checking Army Camp...
2015-10-19 18:49:30 : Total Army Camp capacity: 195/220
2015-10-19 18:49:31 :  - No. of Balloons: 23
2015-10-19 18:49:31 :  - No. of Minions: 40
2015-10-19 18:49:31 : Training Troops...
2015-10-19 18:50:18 : Created 5 Spell(s)
2015-10-19 18:50:20 : Time Idle: 00:09:39
2015-10-19 18:50:20 : ====== Waiting for full army ======
2015-10-19 18:50:32 : Checking Army Camp...
2015-10-19 18:50:34 : Total Army Camp capacity: 200/220
2015-10-19 18:50:35 :  - No. of Balloons: 24
2015-10-19 18:50:35 :  - No. of Minions: 40
2015-10-19 18:50:35 : Training Troops...
2015-10-19 18:51:22 : Created 5 Spell(s)
2015-10-19 18:51:24 : Time Idle: 00:10:43
2015-10-19 18:51:24 : ====== Waiting for full army ======
2015-10-19 18:51:37 : Checking Army Camp...
2015-10-19 18:51:38 : Total Army Camp capacity: 200/220
2015-10-19 18:51:39 :  - No. of Balloons: 24
2015-10-19 18:51:39 :  - No. of Minions: 40
2015-10-19 18:51:39 : Training Troops...
2015-10-19 18:52:26 : Created 5 Spell(s)
2015-10-19 18:52:28 : Time Idle: 00:11:47
2015-10-19 18:52:28 : ====== Waiting for full army ======
2015-10-19 18:52:40 : Checking Army Camp...
2015-10-19 18:52:42 : Total Army Camp capacity: 200/220
2015-10-19 18:52:43 :  - No. of Balloons: 24
2015-10-19 18:52:43 :  - No. of Minions: 40
2015-10-19 18:52:43 : Training Troops...
2015-10-19 18:53:30 : Created 5 Spell(s)
2015-10-19 18:53:32 : Time Idle: 00:12:50
2015-10-19 18:53:32 : ====== Waiting for full army ======
2015-10-19 18:53:44 : Checking Army Camp...
2015-10-19 18:53:46 : Total Army Camp capacity: 200/220
2015-10-19 18:53:47 :  - No. of Balloons: 24
2015-10-19 18:53:47 :  - No. of Minions: 40
2015-10-19 18:53:47 : Training Troops...
2015-10-19 18:54:34 : Created 5 Spell(s)
2015-10-19 18:54:36 : Time Idle: 00:13:54
2015-10-19 18:54:36 : ====== Waiting for full army ======
2015-10-19 18:54:48 : Checking Army Camp...
2015-10-19 18:54:50 : Total Army Camp capacity: 200/220
2015-10-19 18:54:51 :  - No. of Balloons: 24
2015-10-19 18:54:51 :  - No. of Minions: 40
2015-10-19 18:54:51 : Training Troops...
2015-10-19 18:55:23 : Another Device has connected, waiting 2 minutes 0 seconds
2015-10-19 18:57:25 : Waiting for Main Screen
2015-10-19 18:57:43 : Created 5 Spell(s)
2015-10-19 18:57:45 : Trying to locate Main Screen
2015-10-19 18:57:45 : Main Screen Located
2015-10-19 18:57:47 : Village Report
2015-10-19 18:57:47 : No. of Free/Total Builders: 2/5
2015-10-19 18:57:47 :  [T]: 2 700
2015-10-19 18:57:47 :  [G]: 4 287 598 [E]: 15 917 [D]: 130 211 [GEM]: 5 304
2015-10-19 18:57:48 : Collecting Resources
2015-10-19 18:57:57 : Checking Army Camp...
2015-10-19 18:57:59 : Total Army Camp capacity: 200/220
2015-10-19 18:58:00 :  - No. of Balloons: 24
2015-10-19 18:58:00 :  - No. of Minions: 40
2015-10-19 18:58:00 : Training Troops...
2015-10-19 18:58:46 : Created 5 Spell(s)
2015-10-19 18:58:54 : ====== Waiting for full army ======
2015-10-19 18:59:05 : Collecting Resources
2015-10-19 18:59:11 : Checking Army Camp...
2015-10-19 18:59:13 : Total Army Camp capacity: 200/220
2015-10-19 18:59:14 :  - No. of Balloons: 24
2015-10-19 18:59:14 :  - No. of Minions: 40
2015-10-19 18:59:14 : Training Troops...
2015-10-19 19:00:00 : Created 5 Spell(s)
2015-10-19 19:00:03 : Time Idle: 00:01:09
2015-10-19 19:00:03 : ====== Waiting for full army ======
2015-10-19 19:00:15 : Checking Army Camp...
2015-10-19 19:00:17 : Total Army Camp capacity: 200/220
2015-10-19 19:00:18 :  - No. of Balloons: 24
2015-10-19 19:00:18 :  - No. of Minions: 40
2015-10-19 19:00:18 : Training Troops...
2015-10-19 19:01:04 : Created 5 Spell(s)
2015-10-19 19:01:07 : Time Idle: 00:02:13
2015-10-19 19:01:07 : ====== Waiting for full army ======
2015-10-19 19:01:19 : Checking Army Camp...
2015-10-19 19:01:21 : Total Army Camp capacity: 200/220
2015-10-19 19:01:22 :  - No. of Balloons: 24
2015-10-19 19:01:22 :  - No. of Minions: 40
2015-10-19 19:01:22 : Training Troops...
2015-10-19 19:02:08 : Created 5 Spell(s)
2015-10-19 19:02:11 : Time Idle: 00:03:16
2015-10-19 19:02:11 : ====== Waiting for full army ======
2015-10-19 19:02:23 : Checking Army Camp...
2015-10-19 19:02:25 : Total Army Camp capacity: 200/220
2015-10-19 19:02:26 :  - No. of Balloons: 24
2015-10-19 19:02:26 :  - No. of Minions: 40
2015-10-19 19:02:26 : Training Troops...
2015-10-19 19:03:12 : Created 5 Spell(s)
2015-10-19 19:03:15 : Time Idle: 00:04:20
2015-10-19 19:03:15 : ====== Waiting for full army ======
2015-10-19 19:03:27 : Checking Army Camp...
2015-10-19 19:03:29 : Total Army Camp capacity: 200/220
2015-10-19 19:03:30 :  - No. of Balloons: 24
2015-10-19 19:03:30 :  - No. of Minions: 40
2015-10-19 19:03:30 : Training Troops...
2015-10-19 19:04:16 : Created 5 Spell(s)
2015-10-19 19:04:19 : Time Idle: 00:05:24
2015-10-19 19:04:19 : ====== Waiting for full army ======
2015-10-19 19:04:31 : Checking Army Camp...
2015-10-19 19:04:33 : Total Army Camp capacity: 215/220
2015-10-19 19:04:34 :  - No. of Balloons: 27
2015-10-19 19:04:34 :  - No. of Minions: 40
2015-10-19 19:04:34 : Training Troops...
2015-10-19 19:05:20 : Created 5 Spell(s)
2015-10-19 19:05:23 : Time Idle: 00:06:28
2015-10-19 19:05:23 : ====== Waiting for full army ======
2015-10-19 19:05:35 : Checking Army Camp...
2015-10-19 19:05:37 : Total Army Camp capacity: 215/220
2015-10-19 19:05:38 :  - No. of Balloons: 27
2015-10-19 19:05:38 :  - No. of Minions: 40
2015-10-19 19:05:38 : Training Troops...
2015-10-19 19:06:24 : Created 5 Spell(s)
2015-10-19 19:06:27 : Time Idle: 00:07:31
2015-10-19 19:06:27 : ====== Waiting for full army ======
2015-10-19 19:06:39 : Checking Army Camp...
2015-10-19 19:06:41 : Total Army Camp capacity: 220/220
2015-10-19 19:06:42 :  - No. of Balloons: 28
2015-10-19 19:06:42 :  - No. of Minions: 40
2015-10-19 19:06:42 : Training Troops...
2015-10-19 19:06:43 : Your Army Camps are now Full
2015-10-19 19:07:31 : Created 5 Spell(s)
2015-10-19 19:07:33 : Going to Attack...
2015-10-19 19:07:39 : ============== Searching For Dead Base ===============
2015-10-19 19:07:39 : ~~~~~~~~~~~~~~~ SEARCH CONDITIONS ~~~~~~~~~~~~~~~~
2015-10-19 19:07:39 : , Max TH 8
2015-10-19 19:07:39 : ~~~~~~~~~~~~~~ RESOURCE CONDITIONS ~~~~~~~~~~~~~~~
2015-10-19 19:07:39 : Aim:           [G+E+D]: 425000 [T]: 0 [TH]: 8 for: Dead Base
2015-10-19 19:07:39 : ============== Searching For Live Base ===============
2015-10-19 19:07:39 : ~~~~~~~~~~~~~~~ SEARCH CONDITIONS ~~~~~~~~~~~~~~~~
2015-10-19 19:07:39 : , Max TH 8
2015-10-19 19:07:39 : ~~~~~~~~~~~~~~ RESOURCE CONDITIONS ~~~~~~~~~~~~~~~
2015-10-19 19:07:39 : Aim:           [G+E+D]: 425000 [T]: 0 [TH]: 8 for: Live Base
2015-10-19 19:07:39 : ~~~~~~~~~~~~~~~ ADVANCED SETTINGS ~~~~~~~~~~~~~~~~
2015-10-19 19:07:39 : THSnipe Combo, 2 Tile(s), AttackTH, Attack3:GBarch
2015-10-19 19:07:39 : ==================================================
2015-10-19 19:07:40 :   1> [G]:  48809 [E]:  18296 [D]: 1495 [T]:20 [TH]:10, In
2015-10-19 19:07:42 :   2> [G]: 121336 [E]: 111279 [D]:  262 [T]:23 [TH]: 9, In
2015-10-19 19:07:52 :   3> [G]:  59302 [E]:  77802 [D]:   51 [T]:30 [TH]:10, In
2015-10-19 19:07:54 :   4> [G]:  22174 [E]:  17277 [D]:  982 [T]:12 [TH]:10, In
2015-10-19 19:08:01 :   5> [G]: 130792 [E]:  89264 [D]:  626 [T]:32 [TH]: 9, In
2015-10-19 19:08:04 :   6> [G]:  83207 [E]:  69422 [D]:  461 [T]:32 [TH]: 9, In
2015-10-19 19:08:11 :   7> [G]: 116931 [E]: 366393 [D]:  270 [T]:28 [TH]:10, In
2015-10-19 19:08:14 :   8> [G]: 191525 [E]: 199323 [D]: 1154 [T]:20 [TH]:10, In
2015-10-19 19:08:21 :   9> [G]:  24814 [E]:  64439 [D]:  248 [T]:30 [TH]:10, In
2015-10-19 19:08:24 :  10> [G]:   2652 [E]:  78619 [D]: 1074 [T]:15 [TH]:10, In
2015-10-19 19:08:29 :  11> [G]:  55967 [E]: 129921 [D]: 1260 [T]:32 [TH]:10, In
2015-10-19 19:08:32 :  12> [G]: 239287 [E]: 252005 [D]: 1271 [T]:28 [TH]: 9, In
2015-10-19 19:08:38 :  13> [G]:  30160 [E]:  47991 [D]:  204 [T]:10 [TH]: 9, In
2015-10-19 19:08:41 :  14> [G]:  55437 [E]:  20462 [D]:  896 [T]:16 [TH]: 9, In
2015-10-19 19:08:48 :  15> [G]:  22825 [E]:  62509 [D]: 1771 [T]:29 [TH]:10, In
2015-10-19 19:08:51 :  16> [G]:  52831 [E]: 235415 [D]: 1345 [T]:16 [TH]: 9, In
2015-10-19 19:08:59 :  17> [G]:  65741 [E]:  32755 [D]:  587 [T]:33 [TH]:10, In
2015-10-19 19:09:03 :  18> [G]: 228399 [E]:  82726 [D]: 1824 [T]:10 [TH]:10, In
2015-10-19 19:09:05 :  19> [G]: 103268 [E]:  96800 [D]:  288 [T]:22 [TH]:10, In
2015-10-19 19:09:11 :  20> [G]: 158268 [E]:  33615 [D]: 1068 [T]:16 [TH]:10, In
2015-10-19 19:09:15 :  21> [G]:  76451 [E]:  58364 [D]: 1229 [T]:18 [TH]: 9, In
2015-10-19 19:09:19 :  22> [G]:  48234 [E]:  37684 [D]:  135 [T]:24 [TH]:10, In
2015-10-19 19:09:24 :  23> [G]:  53127 [E]: 114390 [D]: 1281 [T]:33 [TH]:10, In
2015-10-19 19:09:26 :  24> [G]:  25853 [E]:  12164 [D]:  995 [T]:25 [TH]:10, In
2015-10-19 19:09:34 :  25> [G]: 401932 [E]:  68900 [D]:  251 [T]:32 [TH]:10, In
2015-10-19 19:09:39 :  26> [G]:  24780 [E]:  53505 [D]:  676 [T]:25 [TH]: 9, In
2015-10-19 19:09:43 :  27> [G]: 417860 [E]: 245954 [D]:  503 [T]:24 [TH]:10, In
2015-10-19 19:09:47 :  28> [G]:  10165 [E]:  58997 [D]:  116 [T]:16 [TH]:10, In
2015-10-19 19:09:50 :  29> [G]:  31038 [E]: 221622 [D]: 3282 [T]:24 [TH]:10, In
2015-10-19 19:09:56 :  30> [G]:   3602 [E]:  33133 [D]:  674 [T]: 8 [TH]: 9, In
2015-10-19 19:10:00 :  31> [G]: 237499 [E]: 251022 [D]: 1578 [T]:35 [TH]: 9, In
2015-10-19 19:10:03 :  32> [G]:  28452 [E]:  85630 [D]:  307 [T]:17 [TH]:10, In
2015-10-19 19:10:10 :  33> [G]: 161159 [E]:  83987 [D]:   53 [T]:34 [TH]:10, In
2015-10-19 19:10:14 :  34> [G]:  96565 [E]:  71693 [D]:  803 [T]:15 [TH]:10, In
2015-10-19 19:10:17 :  35> [G]:  87981 [E]: 139239 [D]:  817 [T]: 9 [TH]: 9, In
2015-10-19 19:10:24 :  36> [G]:  57475 [E]: 152169 [D]:  301 [T]:30 [TH]:10, In
2015-10-19 19:10:28 :  37> [G]:  15799 [E]:  90153 [D]:  758 [T]:28 [TH]:10, In
2015-10-19 19:10:30 :  38> [G]:  96855 [E]: 200238 [D]:  143 [T]:17 [TH]: 9, In
2015-10-19 19:10:37 :  39> [G]:  79448 [E]: 142201 [D]: 1209 [T]:28 [TH]:10, In
2015-10-19 19:10:40 :  40> [G]:  21478 [E]:  40580 [D]:  827 [T]: 9 [TH]: 9, In
2015-10-19 19:10:48 :  41> [G]: 155938 [E]:  33381 [D]:   89 [T]:29 [TH]:10, In
2015-10-19 19:10:52 :  42> [G]: 174621 [E]: 221617 [D]:  675 [T]:24 [TH]:10, In
2015-10-19 19:10:56 :  43> [G]:  70148 [E]: 355828 [D]:  984 [T]:13 [TH]:10, In
2015-10-19 19:11:00 :  44> [G]: 133957 [E]:  72891 [D]:  344 [T]:20 [TH]:10, In
2015-10-19 19:11:03 :  45> [G]:  27300 [E]:  75109 [D]:  414 [T]:20 [TH]:10, In
2015-10-19 19:11:09 :  46> [G]:  48480 [E]: 108679 [D]:  747 [T]:28 [TH]:10, In
2015-10-19 19:11:12 :  47> [G]:  86451 [E]:  74111 [D]:  538 [T]:16 [TH]: 9, In
2015-10-19 19:11:17 :  48> [G]: 187780 [E]: 127902 [D]: 1658 [T]:34 [TH]:10, In
2015-10-19 19:11:20 :  49> [G]:  70771 [E]: 115357 [D]:  698 [T]: 5 [TH]: 9, In
2015-10-19 19:11:26 :  50> [G]:  44055 [E]:  28692 [D]: 1051 [T]: 9 [TH]: 9, In
2015-10-19 19:11:26 : Aim:           [G+E+D]: 372500 [T]: 0 [TH]: 8 for: Dead Base
2015-10-19 19:11:26 : Aim:           [G+E+D]: 372500 [T]: 0 [TH]: 8 for: Live Base
2015-10-19 19:11:29 :  51> [G]:  10600 [E]:  20332 [D]:  365 [T]:15 [TH]: 9, In
2015-10-19 19:11:36 :  52> [G]: 177547 [E]:  51146 [D]:  399 [T]:16 [TH]:10, In
2015-10-19 19:11:38 :  53> [G]:  48512 [E]:  51664 [D]:  593 [T]:17 [TH]:10, In
2015-10-19 19:11:45 :  54> [G]:  26689 [E]:  27119 [D]:  631 [T]: 5 [TH]: 9, In
2015-10-19 19:11:48 :  55> [G]:  49407 [E]:  47513 [D]:   86 [T]:32 [TH]:10, In
2015-10-19 19:11:51 :  56> [G]: 186557 [E]: 159631 [D]:  537 [T]: 9 [TH]: 9, In
2015-10-19 19:11:58 :  57> [G]:  12025 [E]:  62093 [D]:  228 [T]:12 [TH]: 9, In
2015-10-19 19:12:01 :  58> [G]:  49806 [E]:  53378 [D]:  875 [T]: 5 [TH]: 9, In
2015-10-19 19:12:09 :  59> [G]:  41362 [E]: 196308 [D]:  590 [T]:28 [TH]:10, In
2015-10-19 19:12:12 :  60> [G]:  40648 [E]:  63613 [D]:  236 [T]: 7 [TH]: 9, In
2015-10-19 19:12:18 :  61> [G]:  17970 [E]:  72403 [D]:  201 [T]: 8 [TH]: 9, In
2015-10-19 19:12:22 :  62> [G]:  59654 [E]: 113718 [D]:  746 [T]: 5 [TH]: 8, In
2015-10-19 19:12:24 :  63> [G]: 251717 [E]: 173155 [D]: 1574 [T]: 5 [TH]: 9, In
2015-10-19 19:12:28 :  64> [G]: 139207 [E]: 163126 [D]: 1232 [T]: 7 [TH]: 9, In
2015-10-19 19:12:34 :  65> [G]: 159592 [E]: 211903 [D]:  817 [T]:16 [TH]: 9, In
2015-10-19 19:12:37 :  66> [G]: 254889 [E]: 264947 [D]: 1269 [T]:15 [TH]:10, In
2015-10-19 19:12:45 :  67> [G]: 203424 [E]: 187937 [D]:  538 [T]: 8 [TH]: 9, In
2015-10-19 19:12:48 :  68> [G]:  73834 [E]: 152954 [D]: 1037 [T]:12 [TH]: 9, In
2015-10-19 19:12:51 :  69> [G]:  21543 [E]:  68411 [D]:  158 [T]:21 [TH]: 9, In
2015-10-19 19:12:59 :  70> [G]:   2815 [E]: 169193 [D]: 1095 [T]: 8 [TH]: 9, In
2015-10-19 19:13:02 :  71> [G]:  34735 [E]:  36296 [D]:  475 [T]:19 [TH]: 9, In
2015-10-19 19:13:09 :  72> [G]:  95035 [E]: 104759 [D]: 1087 [T]:24 [TH]:10, In
2015-10-19 19:13:12 :  73> [G]:  52499 [E]: 119014 [D]:  595 [T]: 3 [TH]: 8, In
2015-10-19 19:13:15 :  74> [G]:  60695 [E]: 101718 [D]:  829 [T]: 5 [TH]: 9, In
2015-10-19 19:13:21 :  75> [G]:  65656 [E]:  88026 [D]:  735 [T]: 8 [TH]: 9, In
2015-10-19 19:13:24 :  76> [G]:  33941 [E]: 155358 [D]: 1004 [T]:37 [TH]: 9, In
2015-10-19 19:13:32 :  77> [G]: 120660 [E]:  66221 [D]:  700 [T]:17 [TH]:10, In
2015-10-19 19:13:34 :  78> [G]:  47623 [E]:  83949 [D]:  260 [T]:16 [TH]: 9, In
2015-10-19 19:13:41 :  79> [G]: 209376 [E]:  94949 [D]:  594 [T]: 3 [TH]: 9, In
2015-10-19 19:13:46 :  80> [G]:  17398 [E]: 184906 [D]:  940 [T]:21 [TH]:10, In
2015-10-19 19:13:50 :  81> [G]:   7085 [E]:  78003 [D]:  409 [T]:21 [TH]:10, In
2015-10-19 19:13:53 :  82> [G]: 117911 [E]: 213390 [D]: 1279 [T]: 2 [TH]: 8, In
2015-10-19 19:13:54 : ~~~~~~~~~~~~~~ DE Side Base Found! ~~~~~~~~~~~~~~~
2015-10-19 19:13:55 : ================ Search Complete =================
2015-10-19 19:13:55 : Initiating attack for: Live Base
2015-10-19 19:13:57 : -Balloons 28
2015-10-19 19:13:57 : -Minions 40
2015-10-19 19:13:57 : -Clan Castle 
2015-10-19 19:13:57 : -King 
2015-10-19 19:13:57 : -Heal Spells 1
2015-10-19 19:13:57 : -Rage Spells 2
2015-10-19 19:13:57 :  ====== Start Attack ====== 
2015-10-19 19:13:59 : Attacking on Dark Elixir Side.
2015-10-19 19:14:00 : == DE lixir Storage : [457,325] ==
2015-10-19 19:14:01 : DE Storage Located Bottom Right... Attacking Bottom Right
2015-10-19 19:14:02 : Dropping only wave of 28 Balloons
2015-10-19 19:14:05 : Spell drop point: 517, 380
2015-10-19 19:14:05 : Dropping spell in slot 4
2015-10-19 19:14:06 : Dropping spell in slot 5
2015-10-19 19:14:07 : Dropping only wave of 40 Minions
2015-10-19 19:14:11 : Dropping King
2015-10-19 19:14:12 : Dropping left over troops
2015-10-19 19:14:12 : Checking remaining unused troops for: Live Base
2015-10-19 19:14:14 : -Minions 0
2015-10-19 19:14:14 : -Clan Castle 
2015-10-19 19:14:14 : -Rage Spells 1
2015-10-19 19:14:23 : Checking remaining unused troops for: Live Base
2015-10-19 19:14:25 : -Minions 0
2015-10-19 19:14:25 : -Clan Castle 
2015-10-19 19:14:25 : -Rage Spells 1
2015-10-19 19:14:33 : Finished Attacking, waiting for the battle to end
2015-10-19 19:14:33 : Checking if the battle has finished
2015-10-19 19:14:35 : detected [G]: 103154 [E]: 106183 [DE]: 744 |  Exit in 58 sec.
2015-10-19 19:14:37 : detected [G]: 103154 [E]: 106183 [DE]: 744 |  Exit in 57 sec.
2015-10-19 19:14:38 : detected [G]: 103154 [E]: 106183 [DE]: 730 |  Exit in 56 sec.
2015-10-19 19:14:38 : Gold & Elixir & DE change detected, waiting...
2015-10-19 19:14:41 : detected [G]: 103154 [E]: 106183 [DE]: 604 |  Exit in 58 sec.
2015-10-19 19:14:41 : Gold & Elixir & DE change detected, waiting...
2015-10-19 19:14:44 : detected [G]: 103154 [E]: 106183 [DE]: 562 |  Exit in 58 sec.
2015-10-19 19:14:45 : detected [G]: 103154 [E]: 106183 [DE]: 540 |  Exit in 57 sec.
2015-10-19 19:14:45 : Gold & Elixir & DE change detected, waiting...
2015-10-19 19:14:47 : King is getting weak, Activating King's power
2015-10-19 19:14:48 : detected [G]: 103070 [E]: 76774 [DE]: 226 |  Exit in 58 sec.
2015-10-19 19:14:48 : Gold & Elixir & DE change detected, waiting...
2015-10-19 19:14:52 : detected [G]: 102753 [E]: 69485 [DE]: 60 |  Exit in 58 sec.
2015-10-19 19:14:52 : Gold & Elixir & DE change detected, waiting...
2015-10-19 19:14:55 : detected [G]: 102254 [E]: 64413 [DE]: 0 |  Exit in 58 sec.
2015-10-19 19:14:55 : Gold & Elixir & DE change detected, waiting...
2015-10-19 19:14:58 : detected [G]: 101351 [E]: 64413 [DE]: 0 |  Exit in 58 sec.
2015-10-19 19:14:58 : Gold & Elixir & DE change detected, waiting...
2015-10-19 19:15:02 : detected [G]: 100448 [E]: 64413 [DE]: 0 |  Exit in 58 sec.
2015-10-19 19:15:04 : detected [G]: 100448 [E]: 64413 [DE]: 0 |  Exit in 56 sec.
2015-10-19 19:15:05 : detected [G]: 100448 [E]: 64413 [DE]: 0 |  Exit in 54 sec.
2015-10-19 19:15:07 : detected [G]: 100448 [E]: 64413 [DE]: 0 |  Exit in 53 sec.
2015-10-19 19:15:09 : detected [G]: 100448 [E]: 64413 [DE]: 0 |  Exit in 51 sec.
2015-10-19 19:15:10 : detected [G]: 100448 [E]: 64413 [DE]: 0 |  Exit in 49 sec.
2015-10-19 19:15:12 : detected [G]: 100125 [E]: 64413 [DE]: 0 |  Exit in 48 sec.
2015-10-19 19:15:12 : Gold & Elixir & DE change detected, waiting...
2015-10-19 19:15:15 : detected [G]: 92050 [E]: 51153 [DE]: 0 |  Exit in 58 sec.
2015-10-19 19:15:15 : Gold & Elixir & DE change detected, waiting...
2015-10-19 19:15:19 : detected [G]: 84937 [E]: 37893 [DE]: 0 |  Exit in 58 sec.
2015-10-19 19:15:19 : Gold & Elixir & DE change detected, waiting...
2015-10-19 19:15:22 : detected [G]: 82784 [E]: 25647 [DE]: 0 |  Exit in 58 sec.
2015-10-19 19:15:22 : Gold & Elixir & DE change detected, waiting...
2015-10-19 19:15:25 : detected [G]: 78330 [E]: 17834 [DE]: 0 |  Exit in 58 sec.
2015-10-19 19:15:26 : Gold & Elixir & DE change detected, waiting...
2015-10-19 19:15:29 : detected [G]: 72392 [E]: 17834 [DE]: 0 |  Exit in 58 sec.
2015-10-19 19:15:29 : Gold & Elixir & DE change detected, waiting...
2015-10-19 19:15:32 : detected [G]: 54577 [E]: 17834 [DE]: 0 |  Exit in 58 sec.
2015-10-19 19:15:32 : Gold & Elixir & DE change detected, waiting...
2015-10-19 19:15:36 : detected [G]: 43375 [E]: 17834 [DE]: 0 |  Exit in 58 sec.
2015-10-19 19:15:36 : Gold & Elixir & DE change detected, waiting...
2015-10-19 19:15:39 : detected [G]: 37180 [E]: 17834 [DE]: 0 |  Exit in 58 sec.
2015-10-19 19:15:39 : Gold & Elixir & DE change detected, waiting...
2015-10-19 19:15:42 : detected [G]: 28991 [E]: 17834 [DE]: 0 |  Exit in 58 sec.
2015-10-19 19:15:42 : Gold & Elixir & DE change detected, waiting...
2015-10-19 19:15:46 : detected [G]: 17567 [E]: 17834 [DE]: 0 |  Exit in 58 sec.
2015-10-19 19:15:46 : Gold & Elixir & DE change detected, waiting...
2015-10-19 19:15:49 : detected [G]: 14928 [E]: 17834 [DE]: 0 |  Exit in 58 sec.
2015-10-19 19:15:49 : Gold & Elixir & DE change detected, waiting...
2015-10-19 19:15:52 : detected [G]: 13956 [E]: 17834 [DE]: 0 |  Exit in 58 sec.
2015-10-19 19:15:53 : Gold & Elixir & DE change detected, waiting...
2015-10-19 19:15:56 : detected [G]: 9500 [E]: 0 [DE]: 0 |  Exit in 58 sec.
2015-10-19 19:15:56 : Gold & Elixir & DE change detected, waiting...
2015-10-19 19:15:59 : detected [G]: 2249 [E]: 0 [DE]: 0 |  Exit in 58 sec.
2015-10-19 19:15:59 : Gold & Elixir & DE change detected, waiting...
2015-10-19 19:16:03 : detected [G]: 0 [E]: 0 [DE]: 0 |  Exit in 58 sec.
2015-10-19 19:16:04 : detected [G]: 0 [E]: 0 [DE]: 0 |  Exit in 56 sec.
2015-10-19 19:16:06 : detected [G]: 0 [E]: 0 [DE]: 0 |  Exit in 55 sec.
2015-10-19 19:16:08 : detected [G]: 0 [E]: 0 [DE]: 0 |  Exit in 53 sec.
2015-10-19 19:16:09 : detected [G]: 0 [E]: 0 [DE]: 0 |  Exit in 51 sec.
2015-10-19 19:16:11 : detected [G]: 0 [E]: 0 [DE]: 0 |  Exit in 49 sec.
2015-10-19 19:16:13 : detected [G]: 0 [E]: 0 [DE]: 0 |  Exit in 48 sec.
2015-10-19 19:16:14 : detected [G]: 0 [E]: 0 [DE]: 0 |  Exit in 46 sec.
2015-10-19 19:16:16 : detected [G]: 0 [E]: 0 [DE]: 0 |  Exit in 44 sec.
2015-10-19 19:16:18 : detected [G]: 0 [E]: 0 [DE]: 0 |  Exit in 43 sec.
2015-10-19 19:16:19 : detected [G]: 0 [E]: 0 [DE]: 0 |  Exit in 41 sec.
2015-10-19 19:16:21 : detected [G]: 0 [E]: 0 [DE]: 0 |  Exit in 39 sec.
2015-10-19 19:16:23 : detected [G]: 0 [E]: 0 [DE]: 0 |  Exit in 38 sec.
2015-10-19 19:16:25 : detected [G]: 0 [E]: 0 [DE]: 0 |  Exit in 36 sec.
2015-10-19 19:16:26 : detected [G]: 0 [E]: 0 [DE]: 0 |  Exit in 34 sec.
2015-10-19 19:16:28 : detected [G]: 0 [E]: 0 [DE]: 0 |  Exit in 33 sec.
2015-10-19 19:16:30 : detected [G]: 0 [E]: 0 [DE]: 0 |  Exit in 31 sec.
2015-10-19 19:16:31 : detected [G]: 0 [E]: 0 [DE]: 0 |  Exit in 29 sec.
2015-10-19 19:16:33 : detected [G]: 0 [E]: 0 [DE]: 0 |  Exit in 28 sec.
2015-10-19 19:16:35 : detected [G]: 0 [E]: 0 [DE]: 0 |  Exit in 26 sec.
2015-10-19 19:16:36 : detected [G]: 0 [E]: 0 [DE]: 0 |  Exit in 24 sec.
2015-10-19 19:16:38 : detected [G]: 0 [E]: 0 [DE]: 0 |  Exit in 22 sec.
2015-10-19 19:16:40 : detected [G]: 0 [E]: 0 [DE]: 0 |  Exit in 21 sec.
2015-10-19 19:16:41 : detected [G]: 0 [E]: 0 [DE]: 0 |  Exit in 19 sec.
2015-10-19 19:16:43 : detected [G]: 0 [E]: 0 [DE]: 0 |  Exit in 17 sec.
2015-10-19 19:16:45 : detected [G]: 0 [E]: 0 [DE]: 0 |  Exit in 16 sec.
2015-10-19 19:16:46 : detected [G]: 0 [E]: 0 [DE]: 0 |  Exit in 14 sec.
2015-10-19 19:16:48 : detected [G]: 0 [E]: 0 [DE]: 0 |  Exit in 12 sec.
2015-10-19 19:16:50 : detected [G]: 0 [E]: 0 [DE]: 0 |  Exit in 11 sec.
2015-10-19 19:16:52 : detected [G]: 0 [E]: 0 [DE]: 0 |  Exit in  9 sec.
2015-10-19 19:16:53 : detected [G]: 0 [E]: 0 [DE]: 0 |  Exit in  7 sec.
2015-10-19 19:16:55 : detected [G]: 0 [E]: 0 [DE]: 0 |  Exit in  6 sec.
2015-10-19 19:16:57 : detected [G]: 0 [E]: 0 [DE]: 0 |  Exit in  4 sec.
2015-10-19 19:16:58 : detected [G]: 0 [E]: 0 [DE]: 0 |  Exit in  2 sec.
2015-10-19 19:17:00 : detected [G]: 0 [E]: 0 [DE]: 0 |  Exit in  1 sec.
2015-10-19 19:17:02 : detected [G]: 0 [E]: 0 [DE]: 0 |  Exit in  0 sec.
2015-10-19 19:17:02 : Gold & Elixir & DE no change detected, exit
2015-10-19 19:17:02 : Returning Home
2015-10-19 19:17:07 : Bonus [G]: 100 000 [E]: 100 000 [DE]: 500
2015-10-19 19:17:09 : Your league level is: Master III
2015-10-19 19:17:09 : Stars earned: 2
2015-10-19 19:17:09 : Loot: [G]: 117 911 [E]: 213 390 [DE]: 1 279 [T]: 1
2015-10-19 19:17:09 : Taking snapshot of your loot
2015-10-19 19:17:15 : Trying to locate Main Screen
2015-10-19 19:17:15 : Main Screen Located
2015-10-19 19:17:16 : Village Report
2015-10-19 19:17:16 : No. of Free/Total Builders: 2/5
2015-10-19 19:17:16 :  [T]: 2 701
2015-10-19 19:17:17 :  [G]: 4 445 055 [E]: 315 807 [D]: 131 646 [GEM]: 5 304
2015-10-19 19:17:17 : Collecting Resources
2015-10-19 19:17:27 : Checking Army Camp...
2015-10-19 19:17:28 : Total Army Camp capacity: 72/220
2015-10-19 19:17:29 :  - No. of Balloons: 4
2015-10-19 19:17:29 :  - No. of Minions: 26
2015-10-19 19:17:29 : Training Troops...
2015-10-19 19:17:58 : Spell Factory Full
2015-10-19 19:17:58 : Created 1 Spell(s)
2015-10-19 19:18:05 : ====== Waiting for full army ======
2015-10-19 19:18:17 : Checking Army Camp...
2015-10-19 19:18:19 : Total Army Camp capacity: 80/220
2015-10-19 19:18:20 :  - No. of Balloons: 4
2015-10-19 19:18:20 :  - No. of Minions: 30
2015-10-19 19:18:20 : Training Troops...
2015-10-19 19:18:41 : Spell Factory Full
2015-10-19 19:18:43 : Time Idle: 00:00:38
2015-10-19 19:18:44 : ====== Waiting for full army ======
2015-10-19 19:18:56 : Checking Army Camp...
2015-10-19 19:18:57 : Total Army Camp capacity: 80/220
2015-10-19 19:18:58 :  - No. of Balloons: 4
2015-10-19 19:18:58 :  - No. of Minions: 30
2015-10-19 19:18:59 : Training Troops...
2015-10-19 19:19:19 : Spell Factory Full
2015-10-19 19:19:22 : Time Idle: 00:01:16
2015-10-19 19:19:22 : ====== Waiting for full army ======
2015-10-19 19:19:34 : Checking Army Camp...
2015-10-19 19:19:36 : Total Army Camp capacity: 84/220
2015-10-19 19:19:36 :  - No. of Balloons: 4
2015-10-19 19:19:37 :  - No. of Minions: 32
2015-10-19 19:19:37 : Training Troops...
2015-10-19 19:19:57 : Spell Factory Full
2015-10-19 19:20:00 : Time Idle: 00:01:54
2015-10-19 19:20:00 : ====== Waiting for full army ======
2015-10-19 19:20:12 : Collecting Resources
2015-10-19 19:20:18 : Checking Army Camp...
2015-10-19 19:20:19 : Total Army Camp capacity: 98/220
2015-10-19 19:20:20 :  - No. of Balloons: 6
2015-10-19 19:20:20 :  - No. of Minions: 34
2015-10-19 19:20:21 : Training Troops...
2015-10-19 19:20:41 : Spell Factory Full
2015-10-19 19:20:44 : Time Idle: 00:02:37
2015-10-19 19:20:44 : ====== Waiting for full army ======
2015-10-19 19:20:56 : Checking Army Camp...
2015-10-19 19:20:58 : Total Army Camp capacity: 102/220
2015-10-19 19:20:59 :  - No. of Balloons: 6
2015-10-19 19:20:59 :  - No. of Minions: 36
2015-10-19 19:20:59 : Training Troops...
2015-10-19 19:21:20 : Spell Factory Full
2015-10-19 19:21:22 : Time Idle: 00:03:16
2015-10-19 19:21:22 : ====== Waiting for full army ======
2015-10-19 19:21:34 : Checking Army Camp...
2015-10-19 19:21:36 : Total Army Camp capacity: 106/220
2015-10-19 19:21:37 :  - No. of Balloons: 6
2015-10-19 19:21:37 :  - No. of Minions: 38
2015-10-19 19:21:37 : Training Troops...
2015-10-19 19:21:58 : Spell Factory Full
2015-10-19 19:22:01 : Time Idle: 00:03:54
2015-10-19 19:22:01 : ====== Waiting for full army ======
2015-10-19 19:22:13 : Checking Army Camp...
2015-10-19 19:22:15 : Total Army Camp capacity: 115/220
2015-10-19 19:22:15 :  - No. of Balloons: 7
2015-10-19 19:22:15 :  - No. of Minions: 40
2015-10-19 19:22:16 : Training Troops...
2015-10-19 19:22:37 : Spell Factory Full
2015-10-19 19:22:39 : Time Idle: 00:04:32
2015-10-19 19:22:40 : ====== Waiting for full army ======
2015-10-19 19:22:52 : Checking Army Camp...
2015-10-19 19:22:54 : Total Army Camp capacity: 115/220
2015-10-19 19:22:54 :  - No. of Balloons: 7
2015-10-19 19:22:54 :  - No. of Minions: 40
2015-10-19 19:22:55 : Training Troops...
2015-10-19 19:23:16 : Spell Factory Full
2015-10-19 19:23:18 : Time Idle: 00:05:11
2015-10-19 19:23:18 : ====== Waiting for full army ======
2015-10-19 19:23:30 : Checking Army Camp...
2015-10-19 19:23:32 : Total Army Camp capacity: 115/220
2015-10-19 19:23:33 :  - No. of Balloons: 7
2015-10-19 19:23:33 :  - No. of Minions: 40
2015-10-19 19:23:33 : Training Troops...
2015-10-19 19:23:55 : Spell Factory Full
2015-10-19 19:23:57 : Time Idle: 00:05:49
2015-10-19 19:23:57 : ====== Waiting for full army ======
2015-10-19 19:24:09 : Checking Army Camp...
2015-10-19 19:24:11 : Total Army Camp capacity: 115/220
2015-10-19 19:24:12 :  - No. of Balloons: 7
2015-10-19 19:24:12 :  - No. of Minions: 40
2015-10-19 19:24:12 : Training Troops...
2015-10-19 19:24:33 : Spell Factory Full
2015-10-19 19:24:36 : Time Idle: 00:06:28
2015-10-19 19:24:36 : ====== Waiting for full army ======
2015-10-19 19:24:41 : ClashGameBot was Paused!
