2015-10-19 21:43:22 :  Clash Game Bot v4.1.1 Modded Powered by GameBot.org ~
2015-10-19 21:43:22 : GameBot.org.exe Executable running on WIN_81  X64
2015-10-19 21:43:22 : =================== Bot Start ====================
2015-10-19 21:43:22 : -------------------------  Current Profile: 01 --------------------------
2015-10-19 21:43:22 : Trying to locate Main Screen
2015-10-19 21:43:22 : Main Screen Located
2015-10-19 21:43:24 : Detecting your Buildings..
2015-10-19 21:43:24 : ClashGameBot was Paused!
2015-10-19 21:43:26 : ClashGameBot was Resumed.
2015-10-19 21:43:31 : Language setting is English: Correct.
2015-10-19 21:43:32 : Trying to locate Main Screen
2015-10-19 21:43:32 : Main Screen Located
2015-10-19 21:43:34 : Village Report
2015-10-19 21:43:34 : No. of Free/Total Builders: 3/5
2015-10-19 21:43:34 :  [T]: 2 731
2015-10-19 21:43:34 :  [G]: 4 868 179 [E]: 73 342 [D]: 135 050 [GEM]: 5 309
2015-10-19 21:43:35 : Collecting Resources
2015-10-19 21:43:44 : Checking Army Camp...
2015-10-19 21:43:46 : Total Army Camp capacity: 155/220
2015-10-19 21:43:47 :  - No. of Balloons: 15
2015-10-19 21:43:47 :  - No. of Minions: 40
2015-10-19 21:43:47 : Barracks and Spell factory status: 
2015-10-19 21:43:47 : - Barracks detected: 4 | Available: 4 | Upgrading: 0
2015-10-19 21:43:47 : - Dark Barracks detected: 2 | Available: 2 | Upgrading: 0
2015-10-19 21:43:47 : - Spell factory detected: 1 | Available: 1 | Upgrading: 0
2015-10-19 21:43:47 : - Dark Spell factory detected: 1 | Available: 1 | Upgrading: 0
2015-10-19 21:43:47 : Training Troops...
2015-10-19 21:44:14 : Spell Factory Full
2015-10-19 21:44:21 : ====== Waiting for full army ======
2015-10-19 21:44:33 : Checking Army Camp...
2015-10-19 21:44:35 : Total Army Camp capacity: 155/220
2015-10-19 21:44:36 :  - No. of Balloons: 15
2015-10-19 21:44:36 :  - No. of Minions: 40
2015-10-19 21:44:36 : Training Troops...
2015-10-19 21:44:58 : Spell Factory Full
2015-10-19 21:45:00 : Time Idle: 00:00:38
2015-10-19 21:45:01 : ====== Waiting for full army ======
2015-10-19 21:45:12 : Checking Army Camp...
2015-10-19 21:45:14 : Total Army Camp capacity: 155/220
2015-10-19 21:45:15 :  - No. of Balloons: 15
2015-10-19 21:45:15 :  - No. of Minions: 40
2015-10-19 21:45:16 : Training Troops...
2015-10-19 21:45:37 : Spell Factory Full
2015-10-19 21:45:39 : Time Idle: 00:01:17
2015-10-19 21:45:40 : ====== Waiting for full army ======
2015-10-19 21:45:51 : Checking Army Camp...
2015-10-19 21:45:53 : Total Army Camp capacity: 155/220
2015-10-19 21:45:54 :  - No. of Balloons: 15
2015-10-19 21:45:54 :  - No. of Minions: 40
2015-10-19 21:45:54 : Training Troops...
2015-10-19 21:46:16 : Spell Factory Full
2015-10-19 21:46:18 : Time Idle: 00:01:56
2015-10-19 21:46:18 : ====== Waiting for full army ======
2015-10-19 21:46:30 : Checking Army Camp...
2015-10-19 21:46:32 : Total Army Camp capacity: 155/220
2015-10-19 21:46:33 :  - No. of Balloons: 15
2015-10-19 21:46:33 :  - No. of Minions: 40
2015-10-19 21:46:33 : Training Troops...
2015-10-19 21:46:55 : Spell Factory Full
2015-10-19 21:46:57 : Time Idle: 00:02:35
2015-10-19 21:46:57 : ====== Waiting for full army ======
2015-10-19 21:47:09 : Checking Army Camp...
2015-10-19 21:47:11 : Total Army Camp capacity: 155/220
2015-10-19 21:47:12 :  - No. of Balloons: 15
2015-10-19 21:47:12 :  - No. of Minions: 40
2015-10-19 21:47:12 : Training Troops...
2015-10-19 21:47:33 : Spell Factory Full
2015-10-19 21:47:36 : Time Idle: 00:03:13
2015-10-19 21:47:36 : ====== Waiting for full army ======
2015-10-19 21:47:48 : Checking Army Camp...
2015-10-19 21:47:50 : Total Army Camp capacity: 155/220
2015-10-19 21:47:51 :  - No. of Balloons: 15
2015-10-19 21:47:51 :  - No. of Minions: 40
2015-10-19 21:47:51 : Training Troops...
2015-10-19 21:48:12 : Spell Factory Full
2015-10-19 21:48:15 : Time Idle: 00:03:52
2015-10-19 21:48:15 : ====== Waiting for full army ======
2015-10-19 21:48:27 : Checking Army Camp...
2015-10-19 21:48:29 : Total Army Camp capacity: 155/220
2015-10-19 21:48:30 :  - No. of Balloons: 15
2015-10-19 21:48:30 :  - No. of Minions: 40
2015-10-19 21:48:30 : Training Troops...
2015-10-19 21:48:51 : Spell Factory Full
2015-10-19 21:48:53 : Time Idle: 00:04:30
2015-10-19 21:48:54 : ====== Waiting for full army ======
2015-10-19 21:49:06 : Checking Army Camp...
2015-10-19 21:49:07 : Total Army Camp capacity: 155/220
2015-10-19 21:49:08 :  - No. of Balloons: 15
2015-10-19 21:49:08 :  - No. of Minions: 40
2015-10-19 21:49:08 : Training Troops...
2015-10-19 21:49:29 : Spell Factory Full
2015-10-19 21:49:32 : Time Idle: 00:05:08
2015-10-19 21:49:32 : ====== Waiting for full army ======
2015-10-19 21:49:44 : Collecting Resources
2015-10-19 21:49:50 : Checking Army Camp...
2015-10-19 21:49:51 : Total Army Camp capacity: 155/220
2015-10-19 21:49:52 :  - No. of Balloons: 15
2015-10-19 21:49:52 :  - No. of Minions: 40
2015-10-19 21:49:53 : Training Troops...
2015-10-19 21:50:14 : Spell Factory Full
2015-10-19 21:50:16 : Time Idle: 00:05:52
2015-10-19 21:50:16 : ====== Waiting for full army ======
2015-10-19 21:50:28 : Checking Army Camp...
2015-10-19 21:50:30 : Total Army Camp capacity: 155/220
2015-10-19 21:50:31 :  - No. of Balloons: 15
2015-10-19 21:50:31 :  - No. of Minions: 40
2015-10-19 21:50:31 : Training Troops...
2015-10-19 21:50:52 : Spell Factory Full
2015-10-19 21:50:55 : Time Idle: 00:06:31
2015-10-19 21:50:55 : ====== Waiting for full army ======
2015-10-19 21:51:07 : Checking Army Camp...
2015-10-19 21:51:09 : Total Army Camp capacity: 155/220
2015-10-19 21:51:10 :  - No. of Balloons: 15
2015-10-19 21:51:10 :  - No. of Minions: 40
2015-10-19 21:51:10 : Training Troops...
2015-10-19 21:52:43 : Spell Factory Full
2015-10-19 21:52:46 : Time Idle: 00:08:21
2015-10-19 21:52:46 : ====== Waiting for full army ======
2015-10-19 21:52:58 : Checking Army Camp...
2015-10-19 21:53:00 : Total Army Camp capacity: 175/220
2015-10-19 21:53:00 :  - No. of Balloons: 19
2015-10-19 21:53:00 :  - No. of Minions: 40
2015-10-19 21:53:01 : Training Troops...
2015-10-19 21:53:22 : Spell Factory Full
2015-10-19 21:53:25 : Time Idle: 00:09:00
2015-10-19 21:53:25 : ====== Waiting for full army ======
2015-10-19 21:53:37 : Checking Army Camp...
2015-10-19 21:53:39 : Total Army Camp capacity: 175/220
2015-10-19 21:53:39 :  - No. of Balloons: 19
2015-10-19 21:53:40 :  - No. of Minions: 40
2015-10-19 21:53:40 : Training Troops...
2015-10-19 21:54:01 : Spell Factory Full
2015-10-19 21:54:04 : Time Idle: 00:09:39
2015-10-19 21:54:04 : ====== Waiting for full army ======
2015-10-19 21:54:08 : ClashGameBot was Paused!
2015-10-19 21:54:09 : ClashGameBot was Resumed.
2015-10-19 21:54:10 : ClashGameBot was Paused!
2015-10-19 21:55:02 : ClashGameBot was Resumed.
2015-10-19 21:55:08 : Checking Army Camp...
2015-10-19 21:55:10 : Total Army Camp capacity: 171/220
2015-10-19 21:55:11 :  - No. of Balloons: 19
2015-10-19 21:55:11 :  - No. of Minions: 38
2015-10-19 21:55:11 : Training Troops...
2015-10-19 21:55:14 : ClashGameBot was Paused!
