2015-10-19 19:26:19 :  Clash Game Bot v4.1.1 Modded Powered by GameBot.org ~
2015-10-19 19:26:19 : GameBot.org.exe Executable running on WIN_81  X64
2015-10-19 19:26:19 : =================== Bot Start ====================
2015-10-19 19:26:19 : -------------------------  Current Profile: 01 --------------------------
2015-10-19 19:26:19 : Trying to locate Main Screen
2015-10-19 19:26:19 : Main Screen Located
2015-10-19 19:26:20 : Detecting your Buildings..
2015-10-19 19:26:26 : Language setting is English: Correct.
2015-10-19 19:26:27 : Trying to locate Main Screen
2015-10-19 19:26:27 : Main Screen Located
2015-10-19 19:26:28 : Village Report
2015-10-19 19:26:28 : No. of Free/Total Builders: 2/5
2015-10-19 19:26:29 :  [T]: 2 701
2015-10-19 19:26:29 :  [G]: 4 452 319 [E]: 7 924 [D]: 131 716 [GEM]: 5 309
2015-10-19 19:26:29 : Collecting Resources
2015-10-19 19:26:38 : Checking Army Camp...
2015-10-19 19:26:40 : Total Army Camp capacity: 120/220
2015-10-19 19:26:41 :  - No. of Balloons: 8
2015-10-19 19:26:41 :  - No. of Minions: 40
2015-10-19 19:26:41 : Barracks and Spell factory status: 
2015-10-19 19:26:41 : - Barracks detected: 4 | Available: 4 | Upgrading: 0
2015-10-19 19:26:41 : - Dark Barracks detected: 2 | Available: 2 | Upgrading: 0
2015-10-19 19:26:41 : - Spell factory detected: 1 | Available: 1 | Upgrading: 0
2015-10-19 19:26:41 : - Dark Spell factory detected: 1 | Available: 1 | Upgrading: 0
2015-10-19 19:26:41 : Training Troops...
2015-10-19 19:27:08 : Spell Factory Full
2015-10-19 19:27:15 : ====== Waiting for full army ======
2015-10-19 19:27:27 : Checking Army Camp...
2015-10-19 19:27:29 : Total Army Camp capacity: 120/220
2015-10-19 19:27:29 :  - No. of Balloons: 8
2015-10-19 19:27:30 :  - No. of Minions: 40
2015-10-19 19:27:30 : Training Troops...
2015-10-19 19:27:51 : Spell Factory Full
2015-10-19 19:27:54 : Time Idle: 00:00:38
2015-10-19 19:27:54 : ====== Waiting for full army ======
2015-10-19 19:28:06 : Checking Army Camp...
2015-10-19 19:28:08 : Total Army Camp capacity: 120/220
2015-10-19 19:28:08 :  - No. of Balloons: 8
2015-10-19 19:28:08 :  - No. of Minions: 40
2015-10-19 19:28:09 : Training Troops...
2015-10-19 19:28:53 : Created 5 Spell(s)
2015-10-19 19:28:55 : Time Idle: 00:01:39
2015-10-19 19:28:55 : ====== Waiting for full army ======
2015-10-19 19:29:07 : Checking Army Camp...
2015-10-19 19:29:09 : Total Army Camp capacity: 120/220
2015-10-19 19:29:10 :  - No. of Balloons: 8
2015-10-19 19:29:10 :  - No. of Minions: 40
2015-10-19 19:29:10 : Training Troops...
2015-10-19 19:29:54 : Created 5 Spell(s)
2015-10-19 19:29:57 : Time Idle: 00:02:41
2015-10-19 19:29:57 : ====== Waiting for full army ======
2015-10-19 19:30:09 : Checking Army Camp...
2015-10-19 19:30:11 : Total Army Camp capacity: 120/220
2015-10-19 19:30:12 :  - No. of Balloons: 8
2015-10-19 19:30:12 :  - No. of Minions: 40
2015-10-19 19:30:12 : Training Troops...
2015-10-19 19:30:56 : Created 5 Spell(s)
2015-10-19 19:30:58 : Time Idle: 00:03:42
2015-10-19 19:30:58 : ====== Waiting for full army ======
2015-10-19 19:31:10 : Collecting Resources
2015-10-19 19:31:16 : Checking Army Camp...
2015-10-19 19:31:18 : Total Army Camp capacity: 120/220
2015-10-19 19:31:19 :  - No. of Balloons: 8
2015-10-19 19:31:19 :  - No. of Minions: 40
2015-10-19 19:31:19 : Training Troops...
2015-10-19 19:32:03 : Created 5 Spell(s)
2015-10-19 19:32:06 : Time Idle: 00:04:49
2015-10-19 19:32:06 : ====== Waiting for full army ======
2015-10-19 19:32:18 : Checking Army Camp...
2015-10-19 19:32:20 : Total Army Camp capacity: 120/220
2015-10-19 19:32:20 :  - No. of Balloons: 8
2015-10-19 19:32:20 :  - No. of Minions: 40
2015-10-19 19:32:21 : Training Troops...
2015-10-19 19:33:05 : Created 5 Spell(s)
2015-10-19 19:33:07 : Time Idle: 00:05:51
2015-10-19 19:33:07 : ====== Waiting for full army ======
2015-10-19 19:33:19 : Checking Army Camp...
2015-10-19 19:33:21 : Total Army Camp capacity: 120/220
2015-10-19 19:33:22 :  - No. of Balloons: 8
2015-10-19 19:33:22 :  - No. of Minions: 40
2015-10-19 19:33:22 : Training Troops...
2015-10-19 19:34:06 : Created 5 Spell(s)
2015-10-19 19:34:09 : Time Idle: 00:06:52
2015-10-19 19:34:09 : ====== Waiting for full army ======
2015-10-19 19:34:21 : Checking Army Camp...
2015-10-19 19:34:23 : Total Army Camp capacity: 120/220
2015-10-19 19:34:23 :  - No. of Balloons: 8
2015-10-19 19:34:23 :  - No. of Minions: 40
2015-10-19 19:34:24 : Training Troops...
2015-10-19 19:35:07 : Created 5 Spell(s)
2015-10-19 19:35:10 : Time Idle: 00:07:53
2015-10-19 19:35:10 : ====== Waiting for full army ======
2015-10-19 19:35:22 : Checking Army Camp...
2015-10-19 19:35:24 : Total Army Camp capacity: 140/220
2015-10-19 19:35:25 :  - No. of Balloons: 12
2015-10-19 19:35:25 :  - No. of Minions: 40
2015-10-19 19:35:25 : Training Troops...
2015-10-19 19:36:11 : Created 5 Spell(s)
2015-10-19 19:36:13 : Time Idle: 00:08:56
2015-10-19 19:36:14 : ====== Waiting for full army ======
2015-10-19 19:36:26 : Checking Army Camp...
2015-10-19 19:36:27 : Total Army Camp capacity: 140/220
2015-10-19 19:36:28 :  - No. of Balloons: 12
2015-10-19 19:36:28 :  - No. of Minions: 40
2015-10-19 19:36:29 : Training Troops...
2015-10-19 19:37:14 : Created 5 Spell(s)
2015-10-19 19:37:17 : Time Idle: 00:09:59
2015-10-19 19:37:17 : ====== Waiting for full army ======
2015-10-19 19:37:29 : Checking Army Camp...
2015-10-19 19:37:31 : Total Army Camp capacity: 140/220
2015-10-19 19:37:31 :  - No. of Balloons: 12
2015-10-19 19:37:32 :  - No. of Minions: 40
2015-10-19 19:37:32 : Training Troops...
2015-10-19 19:38:17 : Created 5 Spell(s)
2015-10-19 19:38:20 : Time Idle: 00:11:02
2015-10-19 19:38:20 : ====== Waiting for full army ======
2015-10-19 19:38:32 : Checking Army Camp...
2015-10-19 19:38:34 : Total Army Camp capacity: 140/220
2015-10-19 19:38:35 :  - No. of Balloons: 12
2015-10-19 19:38:35 :  - No. of Minions: 40
2015-10-19 19:38:35 : Training Troops...
2015-10-19 19:39:21 : Created 5 Spell(s)
2015-10-19 19:39:23 : Time Idle: 00:12:05
2015-10-19 19:39:23 : ====== Waiting for full army ======
2015-10-19 19:39:35 : Checking Army Camp...
2015-10-19 19:39:37 : Total Army Camp capacity: 140/220
2015-10-19 19:39:38 :  - No. of Balloons: 12
2015-10-19 19:39:38 :  - No. of Minions: 40
2015-10-19 19:39:38 : Training Troops...
2015-10-19 19:40:24 : Created 5 Spell(s)
2015-10-19 19:40:26 : Time Idle: 00:13:08
2015-10-19 19:40:27 : ====== Waiting for full army ======
2015-10-19 19:40:39 : Checking Army Camp...
2015-10-19 19:40:40 : Total Army Camp capacity: 140/220
2015-10-19 19:40:41 :  - No. of Balloons: 12
2015-10-19 19:40:41 :  - No. of Minions: 40
2015-10-19 19:40:42 : Training Troops...
2015-10-19 19:41:27 : Created 5 Spell(s)
2015-10-19 19:41:30 : Time Idle: 00:14:11
2015-10-19 19:41:30 : ====== Waiting for full army ======
2015-10-19 19:41:42 : Checking Army Camp...
2015-10-19 19:41:44 : Total Army Camp capacity: 140/220
2015-10-19 19:41:44 :  - No. of Balloons: 12
2015-10-19 19:41:45 :  - No. of Minions: 40
2015-10-19 19:41:45 : Training Troops...
2015-10-19 19:42:30 : Created 5 Spell(s)
2015-10-19 19:42:33 : Time Idle: 00:15:14
2015-10-19 19:42:33 : ====== Waiting for full army ======
2015-10-19 19:42:45 : Collecting Resources
2015-10-19 19:42:51 : Checking Army Camp...
2015-10-19 19:42:53 : Total Army Camp capacity: 155/220
2015-10-19 19:42:53 :  - No. of Balloons: 15
2015-10-19 19:42:54 :  - No. of Minions: 40
2015-10-19 19:42:54 : Training Troops...
2015-10-19 19:43:39 : Created 5 Spell(s)
2015-10-19 19:43:42 : Time Idle: 00:16:23
2015-10-19 19:43:42 : ====== Waiting for full army ======
2015-10-19 19:43:54 : Checking Army Camp...
2015-10-19 19:43:56 : Total Army Camp capacity: 160/220
2015-10-19 19:43:57 :  - No. of Balloons: 16
2015-10-19 19:43:57 :  - No. of Minions: 40
2015-10-19 19:43:57 : Training Troops...
2015-10-19 19:44:43 : Created 5 Spell(s)
2015-10-19 19:44:45 : Time Idle: 00:17:26
2015-10-19 19:44:45 : ====== Waiting for full army ======
2015-10-19 19:44:57 : Checking Army Camp...
2015-10-19 19:44:59 : Total Army Camp capacity: 160/220
2015-10-19 19:45:00 :  - No. of Balloons: 16
2015-10-19 19:45:00 :  - No. of Minions: 40
2015-10-19 19:45:00 : Training Troops...
2015-10-19 19:45:46 : Created 5 Spell(s)
2015-10-19 19:45:48 : Time Idle: 00:18:29
2015-10-19 19:45:49 : ====== Waiting for full army ======
2015-10-19 19:46:01 : Checking Army Camp...
2015-10-19 19:46:03 : Total Army Camp capacity: 160/220
2015-10-19 19:46:03 :  - No. of Balloons: 16
2015-10-19 19:46:03 :  - No. of Minions: 40
2015-10-19 19:46:04 : Training Troops...
2015-10-19 19:46:49 : Created 5 Spell(s)
2015-10-19 19:46:52 : Time Idle: 00:19:32
2015-10-19 19:46:52 : ====== Waiting for full army ======
2015-10-19 19:47:04 : Checking Army Camp...
2015-10-19 19:47:06 : Total Army Camp capacity: 160/220
2015-10-19 19:47:07 :  - No. of Balloons: 16
2015-10-19 19:47:07 :  - No. of Minions: 40
2015-10-19 19:47:07 : Training Troops...
2015-10-19 19:47:53 : Created 5 Spell(s)
2015-10-19 19:47:55 : Time Idle: 00:20:35
2015-10-19 19:47:55 : ====== Waiting for full army ======
2015-10-19 19:48:07 : Checking Army Camp...
2015-10-19 19:48:09 : Total Army Camp capacity: 160/220
2015-10-19 19:48:10 :  - No. of Balloons: 16
2015-10-19 19:48:10 :  - No. of Minions: 40
2015-10-19 19:48:10 : Training Troops...
2015-10-19 19:48:56 : Created 5 Spell(s)
2015-10-19 19:48:58 : Time Idle: 00:21:38
2015-10-19 19:48:59 : ====== Waiting for full army ======
2015-10-19 19:49:11 : Checking Army Camp...
2015-10-19 19:49:13 : Total Army Camp capacity: 160/220
2015-10-19 19:49:13 :  - No. of Balloons: 16
2015-10-19 19:49:13 :  - No. of Minions: 40
2015-10-19 19:49:14 : Training Troops...
2015-10-19 19:49:59 : Created 5 Spell(s)
2015-10-19 19:50:02 : Time Idle: 00:22:42
2015-10-19 19:50:02 : ====== Waiting for full army ======
2015-10-19 19:50:14 : Checking Army Camp...
2015-10-19 19:50:16 : Total Army Camp capacity: 160/220
2015-10-19 19:50:17 :  - No. of Balloons: 16
2015-10-19 19:50:17 :  - No. of Minions: 40
2015-10-19 19:50:17 : Training Troops...
2015-10-19 19:51:03 : Created 5 Spell(s)
2015-10-19 19:51:05 : Time Idle: 00:23:45
2015-10-19 19:51:05 : ====== Waiting for full army ======
2015-10-19 19:51:17 : Checking Army Camp...
2015-10-19 19:51:19 : Total Army Camp capacity: 180/220
2015-10-19 19:51:20 :  - No. of Balloons: 20
2015-10-19 19:51:20 :  - No. of Minions: 40
2015-10-19 19:51:20 : Training Troops...
2015-10-19 19:51:53 : ClashGameBot was Paused!
2015-10-19 19:52:46 : ClashGameBot was Resumed.
2015-10-19 19:53:01 : Created 5 Spell(s)
2015-10-19 19:53:03 : Time Idle: 00:25:42
2015-10-19 19:53:03 : ====== Waiting for full army ======
2015-10-19 19:53:15 : Checking Army Camp...
2015-10-19 19:53:17 : Total Army Camp capacity: 180/220
2015-10-19 19:53:18 :  - No. of Balloons: 20
2015-10-19 19:53:18 :  - No. of Minions: 40
2015-10-19 19:53:18 : Training Troops...
2015-10-19 19:54:04 : Created 5 Spell(s)
2015-10-19 19:54:07 : Time Idle: 00:26:46
2015-10-19 19:54:07 : ====== Waiting for full army ======
2015-10-19 19:54:19 : Checking Army Camp...
2015-10-19 19:54:21 : Total Army Camp capacity: 180/220
2015-10-19 19:54:21 :  - No. of Balloons: 20
2015-10-19 19:54:22 :  - No. of Minions: 40
2015-10-19 19:54:22 : Training Troops...
2015-10-19 19:55:07 : Created 5 Spell(s)
2015-10-19 19:55:10 : Time Idle: 00:27:49
2015-10-19 19:55:10 : ====== Waiting for full army ======
2015-10-19 19:55:22 : Collecting Resources
2015-10-19 19:55:28 : Checking Army Camp...
2015-10-19 19:55:30 : Total Army Camp capacity: 180/220
2015-10-19 19:55:30 :  - No. of Balloons: 20
2015-10-19 19:55:31 :  - No. of Minions: 40
2015-10-19 19:55:31 : Training Troops...
2015-10-19 19:56:16 : Created 5 Spell(s)
2015-10-19 19:56:19 : Time Idle: 00:28:57
2015-10-19 19:56:19 : ====== Waiting for full army ======
2015-10-19 19:56:31 : Checking Army Camp...
2015-10-19 19:56:33 : Total Army Camp capacity: 180/220
2015-10-19 19:56:34 :  - No. of Balloons: 20
2015-10-19 19:56:34 :  - No. of Minions: 40
2015-10-19 19:56:34 : Training Troops...
2015-10-19 19:57:20 : Created 5 Spell(s)
2015-10-19 19:57:22 : Time Idle: 00:30:01
2015-10-19 19:57:22 : ====== Waiting for full army ======
2015-10-19 19:57:34 : Checking Army Camp...
2015-10-19 19:57:36 : Total Army Camp capacity: 180/220
2015-10-19 19:57:37 :  - No. of Balloons: 20
2015-10-19 19:57:37 :  - No. of Minions: 40
2015-10-19 19:57:37 : Training Troops...
2015-10-19 19:58:23 : Created 5 Spell(s)
2015-10-19 19:58:26 : Time Idle: 00:31:04
2015-10-19 19:58:26 : ====== Waiting for full army ======
2015-10-19 19:58:38 : Checking Army Camp...
2015-10-19 19:58:40 : Total Army Camp capacity: 180/220
2015-10-19 19:58:40 :  - No. of Balloons: 20
2015-10-19 19:58:41 :  - No. of Minions: 40
2015-10-19 19:58:41 : Training Troops...
2015-10-19 19:59:26 : Created 5 Spell(s)
2015-10-19 19:59:29 : Time Idle: 00:32:07
2015-10-19 19:59:29 : ====== Waiting for full army ======
2015-10-19 19:59:41 : Checking Army Camp...
2015-10-19 19:59:43 : Total Army Camp capacity: 200/220
2015-10-19 19:59:44 :  - No. of Balloons: 24
2015-10-19 19:59:44 :  - No. of Minions: 40
2015-10-19 19:59:44 : Training Troops...
2015-10-19 20:00:30 : Created 5 Spell(s)
2015-10-19 20:00:33 : Time Idle: 00:33:11
2015-10-19 20:00:33 : ====== Waiting for full army ======
2015-10-19 20:00:45 : Checking Army Camp...
2015-10-19 20:00:47 : Total Army Camp capacity: 200/220
2015-10-19 20:00:48 :  - No. of Balloons: 24
2015-10-19 20:00:48 :  - No. of Minions: 40
2015-10-19 20:00:48 : Training Troops...
2015-10-19 20:01:35 : Created 5 Spell(s)
2015-10-19 20:01:37 : Time Idle: 00:34:15
2015-10-19 20:01:37 : ====== Waiting for full army ======
2015-10-19 20:01:49 : Checking Army Camp...
2015-10-19 20:01:51 : Total Army Camp capacity: 200/220
2015-10-19 20:01:52 :  - No. of Balloons: 24
2015-10-19 20:01:52 :  - No. of Minions: 40
2015-10-19 20:01:52 : Training Troops...
2015-10-19 20:02:39 : Created 5 Spell(s)
2015-10-19 20:02:41 : Time Idle: 00:35:18
2015-10-19 20:02:41 : ====== Waiting for full army ======
2015-10-19 20:02:53 : Checking Army Camp...
2015-10-19 20:02:55 : Total Army Camp capacity: 200/220
2015-10-19 20:02:56 :  - No. of Balloons: 24
2015-10-19 20:02:56 :  - No. of Minions: 40
2015-10-19 20:02:56 : Training Troops...
2015-10-19 20:03:43 : Created 5 Spell(s)
2015-10-19 20:03:45 : Time Idle: 00:36:22
2015-10-19 20:03:45 : ====== Waiting for full army ======
2015-10-19 20:03:57 : Checking Army Camp...
2015-10-19 20:03:59 : Total Army Camp capacity: 200/220
2015-10-19 20:04:00 :  - No. of Balloons: 24
2015-10-19 20:04:00 :  - No. of Minions: 40
2015-10-19 20:04:00 : Training Troops...
2015-10-19 20:04:47 : Created 5 Spell(s)
2015-10-19 20:04:49 : Time Idle: 00:37:26
2015-10-19 20:04:49 : ====== Waiting for full army ======
2015-10-19 20:05:01 : Checking Army Camp...
2015-10-19 20:05:03 : Total Army Camp capacity: 200/220
2015-10-19 20:05:04 :  - No. of Balloons: 24
2015-10-19 20:05:04 :  - No. of Minions: 40
2015-10-19 20:05:04 : Training Troops...
2015-10-19 20:05:51 : Created 5 Spell(s)
2015-10-19 20:05:53 : Time Idle: 00:38:30
2015-10-19 20:05:53 : ====== Waiting for full army ======
2015-10-19 20:06:05 : Checking Army Camp...
2015-10-19 20:06:07 : Total Army Camp capacity: 200/220
2015-10-19 20:06:08 :  - No. of Balloons: 24
2015-10-19 20:06:08 :  - No. of Minions: 40
2015-10-19 20:06:08 : Training Troops...
2015-10-19 20:06:55 : Created 5 Spell(s)
2015-10-19 20:06:57 : Time Idle: 00:39:34
2015-10-19 20:06:57 : ====== Waiting for full army ======
2015-10-19 20:07:09 : Collecting Resources
2015-10-19 20:07:15 : Checking Army Camp...
2015-10-19 20:07:17 : Total Army Camp capacity: 220/220
2015-10-19 20:07:18 :  - No. of Balloons: 28
2015-10-19 20:07:18 :  - No. of Minions: 40
2015-10-19 20:07:18 : Training Troops...
2015-10-19 20:07:19 : Your Army Camps are now Full
2015-10-19 20:08:07 : Created 5 Spell(s)
2015-10-19 20:08:09 : Going to Attack...
2015-10-19 20:08:15 : ============== Searching For Dead Base ===============
2015-10-19 20:08:15 : ~~~~~~~~~~~~~~~ SEARCH CONDITIONS ~~~~~~~~~~~~~~~~
2015-10-19 20:08:15 : , Max TH 8
2015-10-19 20:08:15 : ~~~~~~~~~~~~~~ RESOURCE CONDITIONS ~~~~~~~~~~~~~~~
2015-10-19 20:08:15 : Aim:           [G+E+D]: 425000 [T]: 0 [TH]: 8 for: Dead Base
2015-10-19 20:08:15 : ============== Searching For Live Base ===============
2015-10-19 20:08:15 : ~~~~~~~~~~~~~~~ SEARCH CONDITIONS ~~~~~~~~~~~~~~~~
2015-10-19 20:08:15 : , Max TH 8
2015-10-19 20:08:15 : ~~~~~~~~~~~~~~ RESOURCE CONDITIONS ~~~~~~~~~~~~~~~
2015-10-19 20:08:15 : Aim:           [G+E+D]: 425000 [T]: 0 [TH]: 8 for: Live Base
2015-10-19 20:08:15 : ==================================================
2015-10-19 20:08:16 :   1> [G]:  43923 [E]:  21067 [D]: 2875 [T]:21 [TH]:10, In
2015-10-19 20:08:19 :   2> [G]:  45810 [E]:  36050 [D]:   65 [T]:23 [TH]: 9, In
2015-10-19 20:08:27 :   3> [G]:  68101 [E]:  56686 [D]:  844 [T]:30 [TH]:10, In
2015-10-19 20:08:30 :   4> [G]:  29533 [E]:  47854 [D]:  221 [T]:12 [TH]: 9, In
2015-10-19 20:08:36 :   5> [G]: 167441 [E]: 153930 [D]: 3114 [T]:19 [TH]:10, In
2015-10-19 20:08:41 :   6> [G]:  37155 [E]:  73992 [D]: 1568 [T]:26 [TH]:10, In
2015-10-19 20:08:44 :   7> [G]:  28999 [E]:  34142 [D]:  855 [T]:16 [TH]: 9, In
2015-10-19 20:08:46 :   8> [G]:  27261 [E]:  73463 [D]:  156 [T]:33 [TH]: 9, In
2015-10-19 20:08:53 :   9> [G]:  32654 [E]:  35791 [D]: 1452 [T]:12 [TH]: 9, In
2015-10-19 20:08:57 :  10> [G]: 157012 [E]: 141687 [D]:  245 [T]:21 [TH]:10, In
2015-10-19 20:09:01 :  11> [G]: 146145 [E]:  23413 [D]:  911 [T]:18 [TH]:10, In
2015-10-19 20:09:04 :  12> [G]: 140637 [E]: 151507 [D]: 1804 [T]:33 [TH]: 8, In
2015-10-19 20:09:05 : ~~~~~~~~~~~~~~ DE Side Base Found! ~~~~~~~~~~~~~~~
2015-10-19 20:09:06 : ================ Search Complete =================
2015-10-19 20:09:06 : Initiating attack for: Live Base
2015-10-19 20:09:08 : -Balloons 28
2015-10-19 20:09:08 : -Minions 40
2015-10-19 20:09:08 : -Clan Castle 
2015-10-19 20:09:08 : -King 
2015-10-19 20:09:08 : -Queen 
2015-10-19 20:09:08 : -Rage Spells 2
2015-10-19 20:09:08 :  ====== Start Attack ====== 
2015-10-19 20:09:10 : Attacking on Dark Elixir Side.
2015-10-19 20:09:11 : == DE lixir Storage : [485,318] ==
2015-10-19 20:09:12 : DE Storage Located Bottom Right... Attacking Bottom Right
2015-10-19 20:09:14 : Dropping only wave of 28 Balloons
2015-10-19 20:09:17 : Spell drop point: 520, 373
2015-10-19 20:09:17 : Dropping spell in slot 5
2015-10-19 20:09:17 : Dropping only wave of 40 Minions
2015-10-19 20:09:21 : Dropping King
2015-10-19 20:09:22 : Dropping Queen
2015-10-19 20:09:23 : Dropping left over troops
2015-10-19 20:09:23 : Checking remaining unused troops for: Live Base
2015-10-19 20:09:25 : -Minions 0
2015-10-19 20:09:25 : -Clan Castle 
2015-10-19 20:09:25 : -Rage Spells 1
2015-10-19 20:09:34 : Checking remaining unused troops for: Live Base
2015-10-19 20:09:36 : -Minions 0
2015-10-19 20:09:36 : -Clan Castle 
2015-10-19 20:09:36 : -Rage Spells 1
2015-10-19 20:09:45 : Finished Attacking, waiting for the battle to end
2015-10-19 20:09:45 : Checking if the battle has finished
2015-10-19 20:09:47 : detected [G]: 102230 [E]: 91037 [DE]: 4 |  Exit in 58 sec.
2015-10-19 20:09:47 : Gold & Elixir & DE change detected, waiting...
2015-10-19 20:09:50 : detected [G]: 93083 [E]: 47458 [DE]: 4 |  Exit in 58 sec.
2015-10-19 20:09:50 : Gold & Elixir & DE change detected, waiting...
2015-10-19 20:09:51 : King is getting weak, Activating King's power
2015-10-19 20:09:52 : detected [G]: 92983 [E]: 27930 [DE]: 1 |  Exit in 58 sec.
2015-10-19 20:09:52 : Gold & Elixir & DE change detected, waiting...
2015-10-19 20:09:55 : detected [G]: 75210 [E]: 21997 [DE]: 0 |  Exit in 58 sec.
2015-10-19 20:09:55 : Gold & Elixir & DE change detected, waiting...
2015-10-19 20:09:58 : detected [G]: 46581 [E]: 16817 [DE]: 0 |  Exit in 58 sec.
2015-10-19 20:09:58 : Gold & Elixir & DE change detected, waiting...
2015-10-19 20:10:01 : detected [G]: 46581 [E]: 11402 [DE]: 0 |  Exit in 58 sec.
2015-10-19 20:10:01 : Gold & Elixir & DE change detected, waiting...
2015-10-19 20:10:04 : detected [G]: 46581 [E]: 10319 [DE]: 0 |  Exit in 58 sec.
2015-10-19 20:10:05 : detected [G]: 46581 [E]: 10319 [DE]: 0 |  Exit in 57 sec.
2015-10-19 20:10:07 : detected [G]: 46561 [E]: 10319 [DE]: 0 |  Exit in 56 sec.
2015-10-19 20:10:07 : Gold & Elixir & DE change detected, waiting...
2015-10-19 20:10:09 : detected [G]: 46501 [E]: 8153 [DE]: 0 |  Exit in 58 sec.
2015-10-19 20:10:09 : Gold & Elixir & DE change detected, waiting...
2015-10-19 20:10:12 : detected [G]: 46441 [E]: 0 [DE]: 0 |  Exit in 58 sec.
2015-10-19 20:10:12 : Gold & Elixir & DE change detected, waiting...
2015-10-19 20:10:15 : detected [G]: 36003 [E]: 0 [DE]: 0 |  Exit in 58 sec.
2015-10-19 20:10:15 : Gold & Elixir & DE change detected, waiting...
2015-10-19 20:10:18 : detected [G]: 24881 [E]: 0 [DE]: 0 |  Exit in 58 sec.
2015-10-19 20:10:18 : Gold & Elixir & DE change detected, waiting...
2015-10-19 20:10:21 : detected [G]: 13799 [E]: 0 [DE]: 0 |  Exit in 58 sec.
2015-10-19 20:10:21 : Gold & Elixir & DE change detected, waiting...
2015-10-19 20:10:24 : detected [G]: 2717 [E]: 0 [DE]: 0 |  Exit in 58 sec.
2015-10-19 20:10:24 : Gold & Elixir & DE change detected, waiting...
2015-10-19 20:10:26 : Queen is getting weak, Activating Queen's power
2015-10-19 20:10:27 : detected [G]: 0 [E]: 0 [DE]: 0 |  Exit in 58 sec.
2015-10-19 20:10:27 : Gold & Elixir & DE change detected, waiting...
2015-10-19 20:10:31 : detected [G]: 0 [E]: 0 [DE]: 0 |  Exit in 58 sec.
2015-10-19 20:10:32 : detected [G]: 0 [E]: 0 [DE]: 0 |  Exit in 56 sec.
2015-10-19 20:10:34 : detected [G]: 0 [E]: 0 [DE]: 0 |  Exit in 55 sec.
2015-10-19 20:10:36 : detected [G]: 0 [E]: 0 [DE]: 0 |  Exit in 53 sec.
2015-10-19 20:10:37 : detected [G]: 0 [E]: 0 [DE]: 0 |  Exit in 51 sec.
2015-10-19 20:10:39 : detected [G]: 0 [E]: 0 [DE]: 0 |  Exit in 49 sec.
2015-10-19 20:10:41 : detected [G]: 0 [E]: 0 [DE]: 0 |  Exit in 48 sec.
2015-10-19 20:10:43 : detected [G]: 0 [E]: 0 [DE]: 0 |  Exit in 46 sec.
2015-10-19 20:10:44 : detected [G]: 0 [E]: 0 [DE]: 0 |  Exit in 44 sec.
2015-10-19 20:10:46 : detected [G]: 0 [E]: 0 [DE]: 0 |  Exit in 43 sec.
2015-10-19 20:10:48 : detected [G]: 0 [E]: 0 [DE]: 0 |  Exit in 41 sec.
2015-10-19 20:10:49 : detected [G]:  [E]:  [DE]:  |  Exit now 
2015-10-19 20:10:49 : Battle has finished
2015-10-19 20:10:49 : Returning Home
2015-10-19 20:10:54 : Bonus [G]: 100 000 [E]: 100 000 [DE]: 500
2015-10-19 20:10:57 : Your league level is: Master III
2015-10-19 20:10:57 : Stars earned: 3
2015-10-19 20:10:57 : Loot: [G]: 140 637 [E]: 151 507 [DE]: 1 804 [T]: 33
2015-10-19 20:10:57 : Taking snapshot of your loot
2015-10-19 20:11:02 : Trying to locate Main Screen
2015-10-19 20:11:02 : Main Screen Located
2015-10-19 20:11:04 : Village Report
2015-10-19 20:11:04 : No. of Free/Total Builders: 3/5
2015-10-19 20:11:04 :  [T]: 2 734
2015-10-19 20:11:04 :  [G]: 4 701 380 [E]: 254 355 [D]: 133 781 [GEM]: 5 309
2015-10-19 20:11:05 : Collecting Resources
2015-10-19 20:11:14 : Checking Army Camp...
2015-10-19 20:11:16 : Total Army Camp capacity: 16/220
2015-10-19 20:11:16 :  - No. of Minions: 8
2015-10-19 20:11:17 : Training Troops...
2015-10-19 20:11:43 : Spell Factory Full
2015-10-19 20:11:43 : Created 1 Spell(s)
2015-10-19 20:11:50 : ====== Waiting for full army ======
2015-10-19 20:12:02 : Checking Army Camp...
2015-10-19 20:12:04 : Total Army Camp capacity: 20/220
2015-10-19 20:12:05 :  - No. of Minions: 10
2015-10-19 20:12:05 : Training Troops...
2015-10-19 20:12:26 : Spell Factory Full
2015-10-19 20:12:28 : Time Idle: 00:00:37
2015-10-19 20:12:28 : ====== Waiting for full army ======
2015-10-19 20:12:40 : Checking Army Camp...
2015-10-19 20:12:42 : Total Army Camp capacity: 24/220
2015-10-19 20:12:43 :  - No. of Minions: 12
2015-10-19 20:12:43 : Training Troops...
2015-10-19 20:13:08 : Spell Factory Full
2015-10-19 20:13:08 : Created 1 Spell(s)
2015-10-19 20:13:11 : Time Idle: 00:01:20
2015-10-19 20:13:11 : ====== Waiting for full army ======
2015-10-19 20:13:23 : Checking Army Camp...
2015-10-19 20:13:25 : Total Army Camp capacity: 28/220
2015-10-19 20:13:26 :  - No. of Minions: 14
2015-10-19 20:13:26 : Training Troops...
2015-10-19 20:13:47 : Spell Factory Full
2015-10-19 20:13:49 : Time Idle: 00:01:58
2015-10-19 20:13:49 : ====== Waiting for full army ======
2015-10-19 20:14:01 : Checking Army Camp...
2015-10-19 20:14:03 : Total Army Camp capacity: 32/220
2015-10-19 20:14:04 :  - No. of Minions: 16
2015-10-19 20:14:04 : Training Troops...
2015-10-19 20:14:25 : Spell Factory Full
2015-10-19 20:14:28 : Time Idle: 00:02:36
2015-10-19 20:14:28 : ====== Waiting for full army ======
2015-10-19 20:14:40 : Checking Army Camp...
2015-10-19 20:14:42 : Total Army Camp capacity: 36/220
2015-10-19 20:14:42 :  - No. of Minions: 18
2015-10-19 20:14:43 : Training Troops...
2015-10-19 20:15:03 : Spell Factory Full
2015-10-19 20:15:06 : Time Idle: 00:03:14
2015-10-19 20:15:06 : ====== Waiting for full army ======
2015-10-19 20:15:18 : Checking Army Camp...
2015-10-19 20:15:20 : Total Army Camp capacity: 60/220
2015-10-19 20:15:21 :  - No. of Balloons: 4
2015-10-19 20:15:21 :  - No. of Minions: 20
2015-10-19 20:15:21 : Training Troops...
2015-10-19 20:15:42 : Spell Factory Full
2015-10-19 20:15:45 : Time Idle: 00:03:53
2015-10-19 20:15:45 : ====== Waiting for full army ======
2015-10-19 20:15:57 : Checking Army Camp...
2015-10-19 20:15:59 : Total Army Camp capacity: 64/220
2015-10-19 20:16:00 :  - No. of Balloons: 4
2015-10-19 20:16:00 :  - No. of Minions: 22
2015-10-19 20:16:00 : Training Troops...
2015-10-19 20:16:21 : Spell Factory Full
2015-10-19 20:16:23 : Time Idle: 00:04:31
2015-10-19 20:16:23 : ====== Waiting for full army ======
2015-10-19 20:16:35 : Checking Army Camp...
2015-10-19 20:16:37 : Total Army Camp capacity: 66/220
2015-10-19 20:16:38 :  - No. of Balloons: 4
2015-10-19 20:16:38 :  - No. of Minions: 23
2015-10-19 20:16:38 : Training Troops...
2015-10-19 20:16:59 : Spell Factory Full
2015-10-19 20:17:02 : Time Idle: 00:05:10
2015-10-19 20:17:02 : ====== Waiting for full army ======
2015-10-19 20:17:14 : Checking Army Camp...
2015-10-19 20:17:16 : Total Army Camp capacity: 68/220
2015-10-19 20:17:17 :  - No. of Balloons: 4
2015-10-19 20:17:17 :  - No. of Minions: 24
2015-10-19 20:17:17 : Training Troops...
2015-10-19 20:17:38 : Spell Factory Full
2015-10-19 20:17:40 : Time Idle: 00:05:48
2015-10-19 20:17:41 : ====== Waiting for full army ======
2015-10-19 20:17:53 : Checking Army Camp...
2015-10-19 20:17:54 : Total Army Camp capacity: 72/220
2015-10-19 20:17:55 :  - No. of Balloons: 4
2015-10-19 20:17:55 :  - No. of Minions: 26
2015-10-19 20:17:55 : Training Troops...
2015-10-19 20:18:17 : Spell Factory Full
2015-10-19 20:18:19 : Time Idle: 00:06:26
2015-10-19 20:18:19 : ====== Waiting for full army ======
2015-10-19 20:18:31 : Collecting Resources
2015-10-19 20:18:37 : Checking Army Camp...
2015-10-19 20:18:39 : Total Army Camp capacity: 76/220
2015-10-19 20:18:40 :  - No. of Balloons: 4
2015-10-19 20:18:40 :  - No. of Minions: 28
2015-10-19 20:18:40 : Training Troops...
2015-10-19 20:19:01 : Spell Factory Full
2015-10-19 20:19:04 : Time Idle: 00:07:10
2015-10-19 20:19:04 : ====== Waiting for full army ======
2015-10-19 20:19:16 : Checking Army Camp...
2015-10-19 20:19:18 : Total Army Camp capacity: 80/220
2015-10-19 20:19:18 :  - No. of Balloons: 4
2015-10-19 20:19:18 :  - No. of Minions: 30
2015-10-19 20:19:19 : Training Troops...
2015-10-19 20:19:39 : Spell Factory Full
2015-10-19 20:19:42 : Time Idle: 00:07:49
2015-10-19 20:19:42 : ====== Waiting for full army ======
2015-10-19 20:19:54 : Checking Army Camp...
2015-10-19 20:19:56 : Total Army Camp capacity: 84/220
2015-10-19 20:19:57 :  - No. of Balloons: 4
2015-10-19 20:19:57 :  - No. of Minions: 32
2015-10-19 20:19:57 : Training Troops...
2015-10-19 20:20:18 : Spell Factory Full
2015-10-19 20:20:20 : Time Idle: 00:08:27
2015-10-19 20:20:21 : ====== Waiting for full army ======
2015-10-19 20:20:33 : Checking Army Camp...
2015-10-19 20:20:34 : Total Army Camp capacity: 88/220
2015-10-19 20:20:35 :  - No. of Balloons: 4
2015-10-19 20:20:35 :  - No. of Minions: 34
2015-10-19 20:20:36 : Training Troops...
2015-10-19 20:20:56 : Spell Factory Full
2015-10-19 20:20:59 : Time Idle: 00:09:05
2015-10-19 20:20:59 : ====== Waiting for full army ======
2015-10-19 20:21:11 : Checking Army Camp...
2015-10-19 20:21:13 : Total Army Camp capacity: 92/220
2015-10-19 20:21:14 :  - No. of Balloons: 4
2015-10-19 20:21:14 :  - No. of Minions: 36
2015-10-19 20:21:14 : Training Troops...
2015-10-19 20:21:34 : Spell Factory Full
2015-10-19 20:21:37 : Time Idle: 00:09:43
2015-10-19 20:21:37 : ====== Waiting for full army ======
2015-10-19 20:21:49 : Checking Army Camp...
2015-10-19 20:21:51 : Total Army Camp capacity: 92/220
2015-10-19 20:21:52 :  - No. of Balloons: 4
2015-10-19 20:21:52 :  - No. of Minions: 37
2015-10-19 20:21:52 : Training Troops...
2015-10-19 20:22:13 : Spell Factory Full
2015-10-19 20:22:15 : Time Idle: 00:10:21
2015-10-19 20:22:16 : ====== Waiting for full army ======
2015-10-19 20:22:28 : Checking Army Camp...
2015-10-19 20:22:29 : Total Army Camp capacity: 96/220
2015-10-19 20:22:30 :  - No. of Balloons: 4
2015-10-19 20:22:30 :  - No. of Minions: 38
2015-10-19 20:22:31 : Training Troops...
2015-10-19 20:22:52 : Spell Factory Full
2015-10-19 20:22:54 : Time Idle: 00:11:00
2015-10-19 20:22:54 : ====== Waiting for full army ======
2015-10-19 20:23:06 : Checking Army Camp...
2015-10-19 20:23:08 : Total Army Camp capacity: 120/220
2015-10-19 20:23:09 :  - No. of Balloons: 8
2015-10-19 20:23:09 :  - No. of Minions: 40
2015-10-19 20:23:09 : Training Troops...
2015-10-19 20:23:31 : Spell Factory Full
2015-10-19 20:23:33 : Time Idle: 00:11:39
2015-10-19 20:23:34 : ====== Waiting for full army ======
2015-10-19 20:23:46 : Checking Army Camp...
2015-10-19 20:23:47 : Total Army Camp capacity: 120/220
2015-10-19 20:23:48 :  - No. of Balloons: 8
2015-10-19 20:23:48 :  - No. of Minions: 40
2015-10-19 20:23:49 : Training Troops...
2015-10-19 20:24:10 : Spell Factory Full
2015-10-19 20:24:12 : Time Idle: 00:12:17
2015-10-19 20:24:12 : ====== Waiting for full army ======
2015-10-19 20:24:24 : Checking Army Camp...
2015-10-19 20:24:26 : Total Army Camp capacity: 120/220
2015-10-19 20:24:27 :  - No. of Balloons: 8
2015-10-19 20:24:27 :  - No. of Minions: 40
2015-10-19 20:24:27 : Training Troops...
2015-10-19 20:24:49 : Spell Factory Full
2015-10-19 20:24:51 : Time Idle: 00:12:56
2015-10-19 20:24:51 : ====== Waiting for full army ======
2015-10-19 20:25:03 : Checking Army Camp...
2015-10-19 20:25:05 : Total Army Camp capacity: 120/220
2015-10-19 20:25:06 :  - No. of Balloons: 8
2015-10-19 20:25:06 :  - No. of Minions: 40
2015-10-19 20:25:06 : Training Troops...
2015-10-19 20:25:28 : Spell Factory Full
2015-10-19 20:25:30 : Time Idle: 00:13:35
2015-10-19 20:25:30 : ====== Waiting for full army ======
2015-10-19 20:25:42 : Collecting Resources
2015-10-19 20:25:48 : Checking Army Camp...
2015-10-19 20:25:50 : Total Army Camp capacity: 120/220
2015-10-19 20:25:51 :  - No. of Balloons: 8
2015-10-19 20:25:51 :  - No. of Minions: 40
2015-10-19 20:25:51 : Training Troops...
2015-10-19 20:26:12 : Spell Factory Full
2015-10-19 20:26:15 : Time Idle: 00:14:19
2015-10-19 20:26:15 : ====== Waiting for full army ======
2015-10-19 20:26:27 : Checking Army Camp...
2015-10-19 20:26:29 : Total Army Camp capacity: 120/220
2015-10-19 20:26:30 :  - No. of Balloons: 8
2015-10-19 20:26:30 :  - No. of Minions: 40
2015-10-19 20:26:30 : Training Troops...
2015-10-19 20:26:51 : Spell Factory Full
2015-10-19 20:26:54 : Time Idle: 00:14:58
2015-10-19 20:26:54 : ====== Waiting for full army ======
2015-10-19 20:27:06 : Checking Army Camp...
2015-10-19 20:27:08 : Total Army Camp capacity: 120/220
2015-10-19 20:27:08 :  - No. of Balloons: 8
2015-10-19 20:27:09 :  - No. of Minions: 40
2015-10-19 20:27:09 : Training Troops...
2015-10-19 20:27:30 : Spell Factory Full
2015-10-19 20:27:33 : Time Idle: 00:15:36
2015-10-19 20:27:33 : ====== Waiting for full army ======
2015-10-19 20:27:45 : Checking Army Camp...
2015-10-19 20:27:47 : Total Army Camp capacity: 120/220
2015-10-19 20:27:47 :  - No. of Balloons: 8
2015-10-19 20:27:48 :  - No. of Minions: 40
2015-10-19 20:27:48 : Training Troops...
2015-10-19 20:28:09 : Spell Factory Full
2015-10-19 20:28:11 : Time Idle: 00:16:15
2015-10-19 20:28:12 : ====== Waiting for full army ======
2015-10-19 20:28:24 : Checking Army Camp...
2015-10-19 20:28:26 : Total Army Camp capacity: 120/220
2015-10-19 20:28:26 :  - No. of Balloons: 8
2015-10-19 20:28:27 :  - No. of Minions: 40
2015-10-19 20:28:27 : Training Troops...
2015-10-19 20:28:48 : Spell Factory Full
2015-10-19 20:28:50 : Time Idle: 00:16:54
2015-10-19 20:28:51 : ====== Waiting for full army ======
2015-10-19 20:29:03 : Checking Army Camp...
2015-10-19 20:29:04 : Total Army Camp capacity: 120/220
2015-10-19 20:29:05 :  - No. of Balloons: 8
2015-10-19 20:29:05 :  - No. of Minions: 40
2015-10-19 20:29:06 : Training Troops...
2015-10-19 20:29:27 : Spell Factory Full
2015-10-19 20:29:29 : Time Idle: 00:17:33
2015-10-19 20:29:30 : ====== Waiting for full army ======
2015-10-19 20:29:41 : Checking Army Camp...
2015-10-19 20:29:43 : Total Army Camp capacity: 120/220
2015-10-19 20:29:44 :  - No. of Balloons: 8
2015-10-19 20:29:44 :  - No. of Minions: 40
2015-10-19 20:29:45 : Training Troops...
2015-10-19 20:30:06 : Spell Factory Full
2015-10-19 20:30:08 : Time Idle: 00:18:11
2015-10-19 20:30:09 : ====== Waiting for full army ======
2015-10-19 20:30:20 : Checking Army Camp...
2015-10-19 20:30:22 : Total Army Camp capacity: 120/220
2015-10-19 20:30:23 :  - No. of Balloons: 8
2015-10-19 20:30:23 :  - No. of Minions: 40
2015-10-19 20:30:23 : Training Troops...
2015-10-19 20:30:45 : Spell Factory Full
2015-10-19 20:30:47 : Time Idle: 00:18:50
2015-10-19 20:30:47 : ====== Waiting for full army ======
2015-10-19 20:30:59 : Checking Army Camp...
2015-10-19 20:31:01 : Total Army Camp capacity: 140/220
2015-10-19 20:31:02 :  - No. of Balloons: 12
2015-10-19 20:31:02 :  - No. of Minions: 40
2015-10-19 20:31:02 : Training Troops...
2015-10-19 20:31:24 : Spell Factory Full
2015-10-19 20:31:27 : Time Idle: 00:19:29
2015-10-19 20:31:27 : ====== Waiting for full army ======
2015-10-19 20:31:39 : Checking Army Camp...
2015-10-19 20:31:41 : Total Army Camp capacity: 140/220
2015-10-19 20:31:41 :  - No. of Balloons: 12
2015-10-19 20:31:42 :  - No. of Minions: 40
2015-10-19 20:31:42 : Training Troops...
2015-10-19 20:32:03 : Spell Factory Full
2015-10-19 20:32:05 : Time Idle: 00:20:08
2015-10-19 20:32:06 : ====== Waiting for full army ======
2015-10-19 20:32:18 : Checking Army Camp...
2015-10-19 20:32:19 : Total Army Camp capacity: 140/220
2015-10-19 20:32:20 :  - No. of Balloons: 12
2015-10-19 20:32:20 :  - No. of Minions: 40
2015-10-19 20:32:21 : Training Troops...
2015-10-19 20:32:42 : Spell Factory Full
2015-10-19 20:32:44 : Time Idle: 00:20:46
2015-10-19 20:32:45 : ====== Waiting for full army ======
2015-10-19 20:32:56 : Collecting Resources
2015-10-19 20:33:02 : Checking Army Camp...
2015-10-19 20:33:04 : Total Army Camp capacity: 140/220
2015-10-19 20:33:05 :  - No. of Balloons: 12
2015-10-19 20:33:05 :  - No. of Minions: 40
2015-10-19 20:33:05 : Training Troops...
2015-10-19 20:33:27 : Spell Factory Full
2015-10-19 20:33:29 : Time Idle: 00:21:31
2015-10-19 20:33:29 : ====== Waiting for full army ======
2015-10-19 20:33:41 : Checking Army Camp...
2015-10-19 20:33:43 : Total Army Camp capacity: 140/220
2015-10-19 20:33:44 :  - No. of Balloons: 12
2015-10-19 20:33:44 :  - No. of Minions: 40
2015-10-19 20:33:44 : Training Troops...
2015-10-19 20:34:06 : Spell Factory Full
2015-10-19 20:34:08 : Time Idle: 00:22:10
2015-10-19 20:34:08 : ====== Waiting for full army ======
2015-10-19 20:34:20 : Checking Army Camp...
2015-10-19 20:34:22 : Total Army Camp capacity: 140/220
2015-10-19 20:34:23 :  - No. of Balloons: 12
2015-10-19 20:34:23 :  - No. of Minions: 40
2015-10-19 20:34:23 : Training Troops...
2015-10-19 20:34:45 : Spell Factory Full
2015-10-19 20:34:47 : Time Idle: 00:22:48
2015-10-19 20:34:47 : ====== Waiting for full army ======
2015-10-19 20:34:59 : Checking Army Camp...
2015-10-19 20:35:01 : Total Army Camp capacity: 140/220
2015-10-19 20:35:02 :  - No. of Balloons: 12
2015-10-19 20:35:02 :  - No. of Minions: 40
2015-10-19 20:35:02 : Training Troops...
2015-10-19 20:35:24 : Spell Factory Full
2015-10-19 20:35:26 : Time Idle: 00:23:27
2015-10-19 20:35:26 : ====== Waiting for full army ======
2015-10-19 20:35:38 : Checking Army Camp...
2015-10-19 20:35:40 : Total Army Camp capacity: 140/220
2015-10-19 20:35:41 :  - No. of Balloons: 12
2015-10-19 20:35:41 :  - No. of Minions: 40
2015-10-19 20:35:41 : Training Troops...
2015-10-19 20:36:03 : Spell Factory Full
2015-10-19 20:36:05 : Time Idle: 00:24:06
2015-10-19 20:36:05 : ====== Waiting for full army ======
2015-10-19 20:36:17 : Checking Army Camp...
2015-10-19 20:36:19 : Total Army Camp capacity: 140/220
2015-10-19 20:36:20 :  - No. of Balloons: 12
2015-10-19 20:36:20 :  - No. of Minions: 40
2015-10-19 20:36:20 : Training Troops...
2015-10-19 20:36:41 : Spell Factory Full
2015-10-19 20:36:44 : Time Idle: 00:24:45
2015-10-19 20:36:44 : ====== Waiting for full army ======
2015-10-19 20:36:56 : Checking Army Camp...
2015-10-19 20:36:58 : Total Army Camp capacity: 140/220
2015-10-19 20:36:59 :  - No. of Balloons: 12
2015-10-19 20:36:59 :  - No. of Minions: 40
2015-10-19 20:36:59 : Training Troops...
2015-10-19 20:37:20 : Spell Factory Full
2015-10-19 20:37:23 : Time Idle: 00:25:23
2015-10-19 20:37:23 : ====== Waiting for full army ======
2015-10-19 20:37:35 : Checking Army Camp...
2015-10-19 20:37:37 : Total Army Camp capacity: 140/220
2015-10-19 20:37:38 :  - No. of Balloons: 12
2015-10-19 20:37:38 :  - No. of Minions: 40
2015-10-19 20:37:38 : Training Troops...
2015-10-19 20:38:00 : Spell Factory Full
2015-10-19 20:38:02 : Time Idle: 00:26:02
2015-10-19 20:38:02 : ====== Waiting for full army ======
2015-10-19 20:38:14 : Checking Army Camp...
2015-10-19 20:38:16 : Total Army Camp capacity: 140/220
2015-10-19 20:38:17 :  - No. of Balloons: 12
2015-10-19 20:38:17 :  - No. of Minions: 40
2015-10-19 20:38:17 : Training Troops...
2015-10-19 20:38:38 : Spell Factory Full
2015-10-19 20:38:41 : Time Idle: 00:26:41
2015-10-19 20:38:41 : ====== Waiting for full army ======
2015-10-19 20:38:53 : Checking Army Camp...
2015-10-19 20:38:55 : Total Army Camp capacity: 155/220
2015-10-19 20:38:56 :  - No. of Balloons: 15
2015-10-19 20:38:56 :  - No. of Minions: 40
2015-10-19 20:38:56 : Training Troops...
2015-10-19 20:39:18 : Spell Factory Full
2015-10-19 20:39:20 : Time Idle: 00:27:20
2015-10-19 20:39:21 : ====== Waiting for full army ======
2015-10-19 20:39:32 : Checking Army Camp...
2015-10-19 20:39:34 : Total Army Camp capacity: 160/220
2015-10-19 20:39:35 :  - No. of Balloons: 16
2015-10-19 20:39:35 :  - No. of Minions: 40
2015-10-19 20:39:35 : Training Troops...
2015-10-19 20:39:57 : Spell Factory Full
2015-10-19 20:39:59 : Time Idle: 00:27:59
2015-10-19 20:40:00 : ====== Waiting for full army ======
2015-10-19 20:40:11 : Collecting Resources
2015-10-19 20:40:17 : Checking Army Camp...
2015-10-19 20:40:19 : Total Army Camp capacity: 160/220
2015-10-19 20:40:20 :  - No. of Balloons: 16
2015-10-19 20:40:20 :  - No. of Minions: 40
2015-10-19 20:40:20 : Training Troops...
2015-10-19 20:40:41 : Spell Factory Full
2015-10-19 20:40:44 : Time Idle: 00:28:43
2015-10-19 20:40:44 : ====== Waiting for full army ======
2015-10-19 20:40:56 : Checking Army Camp...
2015-10-19 20:40:58 : Total Army Camp capacity: 160/220
2015-10-19 20:40:59 :  - No. of Balloons: 16
2015-10-19 20:40:59 :  - No. of Minions: 40
2015-10-19 20:40:59 : Training Troops...
2015-10-19 20:41:20 : Spell Factory Full
2015-10-19 20:41:23 : Time Idle: 00:29:22
2015-10-19 20:41:23 : ====== Waiting for full army ======
2015-10-19 20:41:35 : Checking Army Camp...
2015-10-19 20:41:37 : Total Army Camp capacity: 160/220
2015-10-19 20:41:38 :  - No. of Balloons: 16
2015-10-19 20:41:38 :  - No. of Minions: 40
2015-10-19 20:41:38 : Training Troops...
2015-10-19 20:42:00 : Spell Factory Full
2015-10-19 20:42:02 : Time Idle: 00:30:01
2015-10-19 20:42:02 : ====== Waiting for full army ======
2015-10-19 20:42:14 : Checking Army Camp...
2015-10-19 20:42:16 : Total Army Camp capacity: 160/220
2015-10-19 20:42:17 :  - No. of Balloons: 16
2015-10-19 20:42:17 :  - No. of Minions: 40
2015-10-19 20:42:17 : Training Troops...
2015-10-19 20:42:43 : Spell Factory Full
2015-10-19 20:42:43 : Created 1 Spell(s)
2015-10-19 20:42:46 : Time Idle: 00:30:44
2015-10-19 20:42:46 : ====== Waiting for full army ======
2015-10-19 20:42:58 : Checking Army Camp...
2015-10-19 20:43:00 : Total Army Camp capacity: 160/220
2015-10-19 20:43:00 :  - No. of Balloons: 16
2015-10-19 20:43:01 :  - No. of Minions: 40
2015-10-19 20:43:01 : Training Troops...
2015-10-19 20:43:22 : Spell Factory Full
2015-10-19 20:43:25 : Time Idle: 00:31:23
2015-10-19 20:43:25 : ====== Waiting for full army ======
2015-10-19 20:43:37 : Checking Army Camp...
2015-10-19 20:43:39 : Total Army Camp capacity: 160/220
2015-10-19 20:43:39 :  - No. of Balloons: 16
2015-10-19 20:43:40 :  - No. of Minions: 40
2015-10-19 20:43:40 : Training Troops...
2015-10-19 20:44:01 : Spell Factory Full
2015-10-19 20:44:04 : Time Idle: 00:32:02
2015-10-19 20:44:04 : ====== Waiting for full army ======
2015-10-19 20:44:16 : Checking Army Camp...
2015-10-19 20:44:18 : Total Army Camp capacity: 160/220
2015-10-19 20:44:18 :  - No. of Balloons: 16
2015-10-19 20:44:19 :  - No. of Minions: 40
2015-10-19 20:44:19 : Training Troops...
2015-10-19 20:44:40 : Spell Factory Full
2015-10-19 20:44:42 : Time Idle: 00:32:40
2015-10-19 20:44:43 : ====== Waiting for full army ======
2015-10-19 20:44:55 : Checking Army Camp...
2015-10-19 20:44:56 : Total Army Camp capacity: 160/220
2015-10-19 20:44:57 :  - No. of Balloons: 16
2015-10-19 20:44:57 :  - No. of Minions: 40
2015-10-19 20:44:58 : Training Troops...
2015-10-19 20:45:19 : Spell Factory Full
2015-10-19 20:45:21 : Time Idle: 00:33:19
2015-10-19 20:45:22 : ====== Waiting for full army ======
2015-10-19 20:45:34 : Checking Army Camp...
2015-10-19 20:45:35 : Total Army Camp capacity: 160/220
2015-10-19 20:45:36 :  - No. of Balloons: 16
2015-10-19 20:45:36 :  - No. of Minions: 40
2015-10-19 20:45:37 : Training Troops...
2015-10-19 20:45:58 : Spell Factory Full
2015-10-19 20:46:00 : Time Idle: 00:33:58
2015-10-19 20:46:01 : ====== Waiting for full army ======
2015-10-19 20:46:13 : Checking Army Camp...
2015-10-19 20:46:14 : Total Army Camp capacity: 160/220
2015-10-19 20:46:15 :  - No. of Balloons: 16
2015-10-19 20:46:15 :  - No. of Minions: 40
2015-10-19 20:46:16 : Training Troops...
2015-10-19 20:46:37 : Spell Factory Full
2015-10-19 20:46:39 : Time Idle: 00:34:36
2015-10-19 20:46:40 : ====== Waiting for full army ======
2015-10-19 20:46:51 : Checking Army Camp...
2015-10-19 20:46:53 : Total Army Camp capacity: 170/220
2015-10-19 20:46:54 :  - No. of Balloons: 19
2015-10-19 20:46:54 :  - No. of Minions: 40
2015-10-19 20:46:54 : Training Troops...
2015-10-19 20:47:16 : Spell Factory Full
2015-10-19 20:47:19 : Time Idle: 00:35:15
2015-10-19 20:47:19 : ====== Waiting for full army ======
2015-10-19 20:47:30 : Collecting Resources
2015-10-19 20:47:37 : Checking Army Camp...
2015-10-19 20:47:38 : Total Army Camp capacity: 180/220
2015-10-19 20:47:39 :  - No. of Balloons: 20
2015-10-19 20:47:39 :  - No. of Minions: 40
2015-10-19 20:47:40 : Training Troops...
2015-10-19 20:48:01 : Spell Factory Full
2015-10-19 20:48:03 : Time Idle: 00:36:00
2015-10-19 20:48:04 : ====== Waiting for full army ======
2015-10-19 20:48:16 : Checking Army Camp...
2015-10-19 20:48:17 : Total Army Camp capacity: 180/220
2015-10-19 20:48:18 :  - No. of Balloons: 20
2015-10-19 20:48:18 :  - No. of Minions: 40
2015-10-19 20:48:19 : Training Troops...
2015-10-19 20:48:40 : Spell Factory Full
2015-10-19 20:48:42 : Time Idle: 00:36:39
2015-10-19 20:48:43 : ====== Waiting for full army ======
2015-10-19 20:48:54 : Checking Army Camp...
2015-10-19 20:48:56 : Total Army Camp capacity: 180/220
2015-10-19 20:48:57 :  - No. of Balloons: 20
2015-10-19 20:48:57 :  - No. of Minions: 40
2015-10-19 20:48:57 : Training Troops...
2015-10-19 20:49:19 : Spell Factory Full
2015-10-19 20:49:21 : Time Idle: 00:37:17
2015-10-19 20:49:21 : ====== Waiting for full army ======
2015-10-19 20:49:33 : Checking Army Camp...
2015-10-19 20:49:35 : Total Army Camp capacity: 180/220
2015-10-19 20:49:36 :  - No. of Balloons: 20
2015-10-19 20:49:36 :  - No. of Minions: 40
2015-10-19 20:49:36 : Training Troops...
2015-10-19 20:49:58 : Spell Factory Full
2015-10-19 20:50:00 : Time Idle: 00:37:56
2015-10-19 20:50:00 : ====== Waiting for full army ======
2015-10-19 20:50:12 : Checking Army Camp...
2015-10-19 20:50:14 : Total Army Camp capacity: 180/220
2015-10-19 20:50:15 :  - No. of Balloons: 20
2015-10-19 20:50:15 :  - No. of Minions: 40
2015-10-19 20:50:15 : Training Troops...
2015-10-19 20:50:37 : Spell Factory Full
2015-10-19 20:50:39 : Time Idle: 00:38:35
2015-10-19 20:50:39 : ====== Waiting for full army ======
2015-10-19 20:50:51 : Checking Army Camp...
2015-10-19 20:50:53 : Total Army Camp capacity: 180/220
2015-10-19 20:50:54 :  - No. of Balloons: 20
2015-10-19 20:50:54 :  - No. of Minions: 40
2015-10-19 20:50:54 : Training Troops...
2015-10-19 20:51:16 : Spell Factory Full
2015-10-19 20:51:18 : Time Idle: 00:39:13
2015-10-19 20:51:18 : ====== Waiting for full army ======
2015-10-19 20:51:30 : Checking Army Camp...
2015-10-19 20:51:32 : Total Army Camp capacity: 180/220
2015-10-19 20:51:33 :  - No. of Balloons: 20
2015-10-19 20:51:33 :  - No. of Minions: 40
2015-10-19 20:51:33 : Training Troops...
2015-10-19 20:51:54 : Spell Factory Full
2015-10-19 20:51:57 : Time Idle: 00:39:52
2015-10-19 20:51:57 : ====== Waiting for full army ======
2015-10-19 20:52:09 : Checking Army Camp...
2015-10-19 20:52:11 : Total Army Camp capacity: 180/220
2015-10-19 20:52:12 :  - No. of Balloons: 20
2015-10-19 20:52:12 :  - No. of Minions: 40
2015-10-19 20:52:12 : Training Troops...
2015-10-19 20:52:33 : Spell Factory Full
2015-10-19 20:52:36 : Time Idle: 00:40:31
2015-10-19 20:52:36 : ====== Waiting for full army ======
2015-10-19 20:52:48 : Checking Army Camp...
2015-10-19 20:52:50 : Total Army Camp capacity: 180/220
2015-10-19 20:52:51 :  - No. of Balloons: 20
2015-10-19 20:52:51 :  - No. of Minions: 40
2015-10-19 20:52:51 : Training Troops...
2015-10-19 20:53:12 : Spell Factory Full
2015-10-19 20:53:15 : Time Idle: 00:41:09
2015-10-19 20:53:15 : ====== Waiting for full army ======
2015-10-19 20:53:27 : Checking Army Camp...
2015-10-19 20:53:29 : Total Army Camp capacity: 180/220
2015-10-19 20:53:30 :  - No. of Balloons: 20
2015-10-19 20:53:30 :  - No. of Minions: 40
2015-10-19 20:53:30 : Training Troops...
2015-10-19 20:53:51 : Spell Factory Full
2015-10-19 20:53:54 : Time Idle: 00:41:48
2015-10-19 20:53:54 : ====== Waiting for full army ======
2015-10-19 20:54:06 : Checking Army Camp...
2015-10-19 20:54:08 : Total Army Camp capacity: 180/220
2015-10-19 20:54:08 :  - No. of Balloons: 20
2015-10-19 20:54:09 :  - No. of Minions: 40
2015-10-19 20:54:09 : Training Troops...
2015-10-19 20:54:30 : Spell Factory Full
2015-10-19 20:54:33 : Time Idle: 00:42:27
2015-10-19 20:54:33 : ====== Waiting for full army ======
2015-10-19 20:54:44 : Collecting Resources
2015-10-19 20:54:50 : Checking Army Camp...
2015-10-19 20:54:52 : Total Army Camp capacity: 190/220
2015-10-19 20:54:53 :  - No. of Balloons: 22
2015-10-19 20:54:53 :  - No. of Minions: 40
2015-10-19 20:54:53 : Training Troops...
2015-10-19 20:55:16 : Spell Factory Full
2015-10-19 20:55:18 : Time Idle: 00:43:12
2015-10-19 20:55:18 : ====== Waiting for full army ======
2015-10-19 20:55:30 : Checking Army Camp...
2015-10-19 20:55:32 : Total Army Camp capacity: 200/220
2015-10-19 20:55:33 :  - No. of Balloons: 24
2015-10-19 20:55:33 :  - No. of Minions: 40
2015-10-19 20:55:33 : Training Troops...
2015-10-19 20:55:55 : Spell Factory Full
2015-10-19 20:55:58 : Time Idle: 00:43:51
2015-10-19 20:55:58 : ====== Waiting for full army ======
2015-10-19 20:56:10 : Checking Army Camp...
2015-10-19 20:56:12 : Total Army Camp capacity: 200/220
2015-10-19 20:56:13 :  - No. of Balloons: 24
2015-10-19 20:56:13 :  - No. of Minions: 40
2015-10-19 20:56:13 : Training Troops...
2015-10-19 20:56:35 : Spell Factory Full
2015-10-19 20:56:38 : Time Idle: 00:44:31
2015-10-19 20:56:38 : ====== Waiting for full army ======
2015-10-19 20:56:50 : Checking Army Camp...
2015-10-19 20:56:51 : Total Army Camp capacity: 200/220
2015-10-19 20:56:52 :  - No. of Balloons: 24
2015-10-19 20:56:52 :  - No. of Minions: 40
2015-10-19 20:56:53 : Training Troops...
2015-10-19 20:57:15 : Spell Factory Full
2015-10-19 20:57:17 : Time Idle: 00:45:10
2015-10-19 20:57:17 : ====== Waiting for full army ======
2015-10-19 20:57:29 : Checking Army Camp...
2015-10-19 20:57:31 : Total Army Camp capacity: 200/220
2015-10-19 20:57:32 :  - No. of Balloons: 24
2015-10-19 20:57:32 :  - No. of Minions: 40
2015-10-19 20:57:32 : Training Troops...
2015-10-19 20:57:54 : Spell Factory Full
2015-10-19 20:57:57 : Time Idle: 00:45:50
2015-10-19 20:57:57 : ====== Waiting for full army ======
2015-10-19 20:58:09 : Checking Army Camp...
2015-10-19 20:58:11 : Total Army Camp capacity: 200/220
2015-10-19 20:58:12 :  - No. of Balloons: 24
2015-10-19 20:58:12 :  - No. of Minions: 40
2015-10-19 20:58:12 : Training Troops...
2015-10-19 20:58:34 : Spell Factory Full
2015-10-19 20:58:36 : Time Idle: 00:46:29
2015-10-19 20:58:37 : ====== Waiting for full army ======
2015-10-19 20:58:49 : Checking Army Camp...
2015-10-19 20:58:50 : Total Army Camp capacity: 200/220
2015-10-19 20:58:51 :  - No. of Balloons: 24
2015-10-19 20:58:51 :  - No. of Minions: 40
2015-10-19 20:58:52 : Training Troops...
2015-10-19 20:59:14 : Spell Factory Full
2015-10-19 20:59:16 : Time Idle: 00:47:09
2015-10-19 20:59:16 : ====== Waiting for full army ======
2015-10-19 20:59:28 : Checking Army Camp...
2015-10-19 20:59:30 : Total Army Camp capacity: 200/220
2015-10-19 20:59:31 :  - No. of Balloons: 24
2015-10-19 20:59:31 :  - No. of Minions: 40
2015-10-19 20:59:31 : Training Troops...
2015-10-19 20:59:53 : Spell Factory Full
2015-10-19 20:59:56 : Time Idle: 00:47:48
2015-10-19 20:59:56 : ====== Waiting for full army ======
2015-10-19 21:00:08 : Checking Army Camp...
2015-10-19 21:00:10 : Total Army Camp capacity: 200/220
2015-10-19 21:00:11 :  - No. of Balloons: 24
2015-10-19 21:00:11 :  - No. of Minions: 40
2015-10-19 21:00:11 : Training Troops...
2015-10-19 21:00:33 : Spell Factory Full
2015-10-19 21:00:35 : Time Idle: 00:48:27
2015-10-19 21:00:36 : ====== Waiting for full army ======
2015-10-19 21:00:47 : Checking Army Camp...
2015-10-19 21:00:49 : Total Army Camp capacity: 200/220
2015-10-19 21:00:50 :  - No. of Balloons: 24
2015-10-19 21:00:50 :  - No. of Minions: 40
2015-10-19 21:00:51 : Training Troops...
2015-10-19 21:01:12 : Spell Factory Full
2015-10-19 21:01:15 : Time Idle: 00:49:07
2015-10-19 21:01:15 : ====== Waiting for full army ======
2015-10-19 21:01:27 : Checking Army Camp...
2015-10-19 21:01:29 : Total Army Camp capacity: 200/220
2015-10-19 21:01:30 :  - No. of Balloons: 24
2015-10-19 21:01:30 :  - No. of Minions: 40
2015-10-19 21:01:30 : Training Troops...
2015-10-19 21:01:52 : Spell Factory Full
2015-10-19 21:01:55 : Time Idle: 00:49:46
2015-10-19 21:01:55 : ====== Waiting for full army ======
2015-10-19 21:02:07 : Collecting Resources
2015-10-19 21:02:13 : Checking Army Camp...
2015-10-19 21:02:15 : Total Army Camp capacity: 200/220
2015-10-19 21:02:16 :  - No. of Minions: 1
2015-10-19 21:02:16 : Training Troops...
2015-10-19 21:03:00 : Created 5 Spell(s)
2015-10-19 21:03:02 : Time Idle: 00:50:54
2015-10-19 21:03:03 : ====== Waiting for full army ======
2015-10-19 21:03:14 : Checking Army Camp...
2015-10-19 21:03:16 : Total Army Camp capacity: 220/220
2015-10-19 21:03:17 :  - No. of Balloons: 28
2015-10-19 21:03:17 :  - No. of Minions: 40
2015-10-19 21:03:18 : Training Troops...
2015-10-19 21:03:18 : Your Army Camps are now Full
2015-10-19 21:04:07 : Created 5 Spell(s)
2015-10-19 21:04:09 : Going to Attack...
2015-10-19 21:04:13 : Attacking disabled, Take-A-Break detected. Exiting CoC
2015-10-19 21:04:16 : Waiting 20 seconds for server logoff
2015-10-19 21:04:54 : Trying to locate Main Screen
2015-10-19 21:04:55 : Village must take a break, wait ...
2015-10-19 21:06:55 : Waiting for Main Screen
2015-10-19 21:07:03 : Main Screen Located
2015-10-19 21:07:04 : Trying to locate Main Screen
2015-10-19 21:07:04 : Main Screen Located
2015-10-19 21:07:05 : Village Report
2015-10-19 21:07:05 : No. of Free/Total Builders: 3/5
2015-10-19 21:07:06 :  [T]: 2 729
2015-10-19 21:07:06 :  [G]: 4 719 577 [E]: 2 553 [D]: 133 587 [GEM]: 5 309
2015-10-19 21:07:06 : Collecting Resources
2015-10-19 21:07:15 : Checking Army Camp...
2015-10-19 21:07:17 : Total Army Camp capacity: 220/220
2015-10-19 21:07:18 :  - No. of Balloons: 28
2015-10-19 21:07:18 :  - No. of Minions: 40
2015-10-19 21:07:18 : Training Troops...
2015-10-19 21:07:19 : Your Army Camps are now Full
2015-10-19 21:08:09 : Created 5 Spell(s)
2015-10-19 21:08:17 : Going to Attack...
2015-10-19 21:08:22 : ============== Searching For Dead Base ===============
2015-10-19 21:08:22 : ~~~~~~~~~~~~~~~ SEARCH CONDITIONS ~~~~~~~~~~~~~~~~
2015-10-19 21:08:22 : , Max TH 8
2015-10-19 21:08:22 : ~~~~~~~~~~~~~~ RESOURCE CONDITIONS ~~~~~~~~~~~~~~~
2015-10-19 21:08:22 : Aim:           [G+E+D]: 425000 [T]: 0 [TH]: 8 for: Dead Base
2015-10-19 21:08:22 : ============== Searching For Live Base ===============
2015-10-19 21:08:22 : ~~~~~~~~~~~~~~~ SEARCH CONDITIONS ~~~~~~~~~~~~~~~~
2015-10-19 21:08:22 : , Max TH 8
2015-10-19 21:08:22 : ~~~~~~~~~~~~~~ RESOURCE CONDITIONS ~~~~~~~~~~~~~~~
2015-10-19 21:08:22 : Aim:           [G+E+D]: 425000 [T]: 0 [TH]: 8 for: Live Base
2015-10-19 21:08:22 : ==================================================
2015-10-19 21:08:26 :   1> [G]: 196651 [E]: 125701 [D]:  683 [T]:16 [TH]:10, In
2015-10-19 21:08:30 :   2> [G]:  66522 [E]:  32250 [D]:  652 [T]:23 [TH]:10, In
2015-10-19 21:08:34 :   3> [G]:  49390 [E]:  28692 [D]: 2296 [T]:17 [TH]:10, In
2015-10-19 21:08:37 :   4> [G]:  81983 [E]:  61113 [D]:  355 [T]:13 [TH]: 9, In
2015-10-19 21:08:44 :   5> [G]: 137586 [E]: 157506 [D]:  376 [T]:33 [TH]:10, In
2015-10-19 21:08:48 :   6> [G]:  66878 [E]:  44918 [D]:  307 [T]:31 [TH]: 9, In
2015-10-19 21:08:50 :   7> [G]:  19692 [E]: 150525 [D]: 1462 [T]:12 [TH]:10, In
2015-10-19 21:08:57 :   8> [G]:  20541 [E]:  96378 [D]: 1720 [T]:14 [TH]: 9, In
2015-10-19 21:09:02 :   9> [G]:  82945 [E]:   9199 [D]:  351 [T]:11 [TH]: 9, In
2015-10-19 21:09:06 :  10> [G]:  61862 [E]:  49633 [D]: 1706 [T]:30 [TH]:10, In
2015-10-19 21:09:11 :  11> [G]:   7306 [E]: 121200 [D]:  756 [T]:36 [TH]: 9, In
2015-10-19 21:09:15 :  12> [G]:  75777 [E]:  57376 [D]:  836 [T]:13 [TH]: 9, In
2015-10-19 21:09:19 :  13> [G]: 190372 [E]:  26279 [D]: 1441 [T]:31 [TH]:10, In
2015-10-19 21:09:22 :  14> [G]: 164465 [E]: 238348 [D]: 3298 [T]:34 [TH]: 9, In
2015-10-19 21:09:29 :  15> [G]:  90848 [E]: 120300 [D]: 3038 [T]:28 [TH]:10, In
2015-10-19 21:09:32 :  16> [G]:  17229 [E]:  35764 [D]: 1594 [T]:14 [TH]: 9, In
2015-10-19 21:09:39 :  17> [G]: 147385 [E]:  99531 [D]: 1602 [T]:12 [TH]: 9, In
2015-10-19 21:09:43 :  18> [G]:  47299 [E]:  89526 [D]:  536 [T]:26 [TH]:10, In
2015-10-19 21:09:45 :  19> [G]:  66255 [E]:  88791 [D]:  343 [T]:30 [TH]:10, In
2015-10-19 21:09:53 :  20> [G]:  81272 [E]:  73935 [D]: 1226 [T]:33 [TH]:10, In
2015-10-19 21:09:58 :  21> [G]:  69908 [E]:  10538 [D]:  727 [T]:25 [TH]: 9, In
2015-10-19 21:10:01 :  22> [G]:  81467 [E]: 106276 [D]: 1113 [T]: 7 [TH]: 9, In
2015-10-19 21:10:08 :  23> [G]:  24497 [E]: 106992 [D]:  661 [T]: 8 [TH]: 9, In
2015-10-19 21:10:12 :  24> [G]:  78403 [E]:  14269 [D]:  694 [T]:22 [TH]:10, In
2015-10-19 21:10:16 :  25> [G]:  23697 [E]: 139886 [D]:  639 [T]:27 [TH]:10, In
2015-10-19 21:10:19 :  26> [G]:  10724 [E]:   4279 [D]:  490 [T]:23 [TH]: 9, In
2015-10-19 21:10:26 :  27> [G]: 229280 [E]: 388427 [D]:  826 [T]:22 [TH]:10, In
2015-10-19 21:10:29 :  28> [G]:  59287 [E]: 129105 [D]:  710 [T]:27 [TH]:10, In
2015-10-19 21:10:35 :  29> [G]:  53462 [E]: 107939 [D]:  727 [T]:13 [TH]: 9, In
2015-10-19 21:10:39 :  30> [G]: 189321 [E]: 164217 [D]: 3039 [T]:12 [TH]:10, In
2015-10-19 21:10:42 :  31> [G]:  20379 [E]:  82171 [D]: 1774 [T]:20 [TH]: 9, In
2015-10-19 21:10:50 :  32> [G]:  56432 [E]:  39973 [D]:  163 [T]:18 [TH]:10, In
2015-10-19 21:10:54 :  33> [G]:  56289 [E]:  79181 [D]:  458 [T]:30 [TH]:10, In
2015-10-19 21:10:57 :  34> [G]:  46154 [E]:  20280 [D]:  926 [T]: 4 [TH]: 9, In
2015-10-19 21:11:03 :  35> [G]: 181091 [E]: 127402 [D]: 2833 [T]:19 [TH]:10, In
2015-10-19 21:11:06 :  36> [G]: 118655 [E]: 187430 [D]: 1158 [T]:13 [TH]:10, In
2015-10-19 21:11:13 :  37> [G]:  77172 [E]: 178482 [D]:  797 [T]:13 [TH]: 9, In
2015-10-19 21:11:18 :  38> [G]:  84793 [E]: 291350 [D]: 3264 [T]:26 [TH]:10, In
2015-10-19 21:11:21 :  39> [G]:    690 [E]: 185978 [D]:  482 [T]: 3 [TH]: 8, In
2015-10-19 21:11:24 :  40> [G]:  24738 [E]:  65742 [D]: 1036 [T]:18 [TH]: 9, In
2015-10-19 21:11:30 :  41> [G]:  48527 [E]: 134881 [D]: 1137 [T]:12 [TH]: 9, In
2015-10-19 21:11:33 :  42> [G]:  50105 [E]:  27250 [D]: 2982 [T]:21 [TH]:10, In
2015-10-19 21:11:41 :  43> [G]:  55088 [E]: 150811 [D]: 3009 [T]:18 [TH]:10, In
2015-10-19 21:11:44 :  44> [G]: 130346 [E]:  71714 [D]:   89 [T]: 4 [TH]: 9, In
2015-10-19 21:11:52 :  45> [G]:  47069 [E]:  32131 [D]:  627 [T]:31 [TH]:10, In
2015-10-19 21:11:54 :  46> [G]:  84287 [E]:  12262 [D]:  581 [T]:29 [TH]: 9, In
2015-10-19 21:12:02 :  47> [G]: 184231 [E]:  97483 [D]:  589 [T]:14 [TH]:10, In
2015-10-19 21:12:05 :  48> [G]:  46341 [E]:  45663 [D]: 1955 [T]:23 [TH]:10, In
2015-10-19 21:12:11 :  49> [G]: 331104 [E]: 326259 [D]: 1045 [T]:19 [TH]:10, In
2015-10-19 21:12:14 :  50> [G]:  26987 [E]: 152394 [D]:  545 [T]:13 [TH]: 9, In
2015-10-19 21:12:14 : Aim:           [G+E+D]: 372500 [T]: 0 [TH]: 8 for: Dead Base
2015-10-19 21:12:14 : Aim:           [G+E+D]: 372500 [T]: 0 [TH]: 8 for: Live Base
2015-10-19 21:12:20 :  51> [G]: 112785 [E]: 210002 [D]: 1673 [T]:16 [TH]: 9, In
2015-10-19 21:12:25 :  52> [G]: 100723 [E]:  82488 [D]: 2482 [T]:24 [TH]: 9, In
2015-10-19 21:12:28 :  53> [G]:  12916 [E]:  50913 [D]:  663 [T]:12 [TH]: 9, In
2015-10-19 21:12:36 :  54> [G]:  71153 [E]:  45518 [D]:  378 [T]: 3 [TH]: 8, In
2015-10-19 21:12:39 :  55> [G]:  21747 [E]:  69824 [D]:  806 [T]:23 [TH]: 9, In
2015-10-19 21:12:46 :  56> [G]:  90262 [E]: 132117 [D]:  549 [T]: 4 [TH]: 9, In
2015-10-19 21:12:50 :  57> [G]:  21261 [E]:  86666 [D]:   24 [T]: 2 [TH]: 8, In
2015-10-19 21:12:53 :  58> [G]:  62235 [E]:  84812 [D]:  834 [T]:20 [TH]: 9, In
2015-10-19 21:12:59 :  59> [G]: 122014 [E]:  39236 [D]:  598 [T]:11 [TH]: 9, In
2015-10-19 21:13:02 :  60> [G]:  13358 [E]: 343170 [D]: 1963 [T]:15 [TH]:10, In
2015-10-19 21:13:08 :  61> [G]:  48969 [E]: 167583 [D]:  429 [T]: 3 [TH]: 9, In
2015-10-19 21:13:11 :  62> [G]:  85108 [E]:  27393 [D]:  189 [T]:25 [TH]: 9, In
2015-10-19 21:13:18 :  63> [G]:  36547 [E]: 117310 [D]: 2738 [T]:25 [TH]:10, In
2015-10-19 21:13:22 :  64> [G]:  47594 [E]:  59541 [D]: 1020 [T]: 3 [TH]: 9, In
2015-10-19 21:13:25 :  65> [G]:  49880 [E]:  99418 [D]: 1958 [T]:14 [TH]:10, In
2015-10-19 21:13:32 :  66> [G]:  48228 [E]: 213875 [D]:  595 [T]: 4 [TH]: 9, In
2015-10-19 21:13:34 :  67> [G]:  52420 [E]:  91936 [D]:  215 [T]:18 [TH]:10, In
2015-10-19 21:13:41 :  68> [G]:  32716 [E]:  93940 [D]: 2181 [T]:22 [TH]:10, In
2015-10-19 21:13:44 :  69> [G]: 121560 [E]:  52123 [D]:  896 [T]: 5 [TH]: 9, In
2015-10-19 21:13:50 :  70> [G]:  49502 [E]:  84157 [D]: 1055 [T]:11 [TH]: 9, In
2015-10-19 21:13:54 :  71> [G]: 117431 [E]:   8264 [D]:  952 [T]:15 [TH]: 9, In
2015-10-19 21:14:01 :  72> [G]:  90743 [E]:  94376 [D]:  932 [T]:13 [TH]:10, In
2015-10-19 21:14:05 :  73> [G]: 209324 [E]:  30398 [D]: 2560 [T]:21 [TH]:10, In
2015-10-19 21:14:08 :  74> [G]:  10085 [E]:  46944 [D]:  799 [T]: 7 [TH]: 9, In
2015-10-19 21:14:14 :  75> [G]: 123150 [E]: 275095 [D]: 2490 [T]: 4 [TH]: 9, In
2015-10-19 21:14:17 :  76> [G]:  52801 [E]:  70197 [D]:  606 [T]:13 [TH]: 9, In
2015-10-19 21:14:24 :  77> [G]:  27971 [E]:  52879 [D]:  879 [T]:24 [TH]:10, In
2015-10-19 21:14:27 :  78> [G]:   4884 [E]:  92248 [D]:  416 [T]: 1 [TH]: 8, In
2015-10-19 21:14:30 :  79> [G]:  34453 [E]:  93928 [D]:  424 [T]: 1 [TH]: 8, In
2015-10-19 21:14:33 :  80> [G]: 123313 [E]:  89413 [D]:  616 [T]:11 [TH]: 9, In
2015-10-19 21:14:39 :  81> [G]:  72632 [E]:  40246 [D]: 1410 [T]:12 [TH]: 9, In
2015-10-19 21:14:42 :  82> [G]:  55515 [E]: 115888 [D]:  938 [T]:26 [TH]: 9, In
2015-10-19 21:14:49 :  83> [G]:  48628 [E]:  28966 [D]:    2 [T]: 2 [TH]: 8, In
2015-10-19 21:14:52 :  84> [G]:  90249 [E]:  37948 [D]:  633 [T]:21 [TH]: 9, In
2015-10-19 21:15:00 :  85> [G]:  16549 [E]:  61920 [D]:   64 [T]: 1 [TH]: 8, In
2015-10-19 21:15:02 :  86> [G]:  52142 [E]: 111406 [D]: 2364 [T]:29 [TH]:10, In
2015-10-19 21:15:08 :  87> [G]: 155470 [E]:  76360 [D]:  817 [T]: 4 [TH]: 9, In
2015-10-19 21:15:13 :  88> [G]:  75725 [E]:  57212 [D]:  705 [T]:31 [TH]: 9, In
2015-10-19 21:15:16 :  89> [G]:  51182 [E]:  39243 [D]:  552 [T]:24 [TH]:10, In
2015-10-19 21:15:22 :  90> [G]:  99733 [E]:  65425 [D]:  967 [T]:16 [TH]: 9, In
2015-10-19 21:15:25 :  91> [G]:  43161 [E]:  87076 [D]:  277 [T]:15 [TH]: 9, In
2015-10-19 21:15:32 :  92> [G]:  39760 [E]:  22150 [D]:  543 [T]: 1 [TH]: 8, In
2015-10-19 21:15:35 :  93> [G]:  40171 [E]:   3723 [D]:  335 [T]: 2 [TH]: 8, In
2015-10-19 21:15:38 :  94> [G]:  80572 [E]:  34979 [D]:  937 [T]:10 [TH]: 9, In
2015-10-19 21:15:44 :  95> [G]:  69893 [E]: 199792 [D]:  806 [T]:31 [TH]: 9, In
2015-10-19 21:15:47 :  96> [G]:  21832 [E]: 119145 [D]: 1065 [T]: 9 [TH]: 9, In
2015-10-19 21:15:50 :  97> [G]: 306733 [E]: 166948 [D]: 1678 [T]:25 [TH]: 9, Out
2015-10-19 21:15:56 :  98> [G]:  14232 [E]:  36417 [D]:  562 [T]: 1 [TH]: 8, In
2015-10-19 21:15:59 :  99> [G]:  83409 [E]:  59613 [D]:  607 [T]:29 [TH]: 9, In
2015-10-19 21:16:06 : 100> [G]:  46604 [E]:  48919 [D]:  626 [T]: 1 [TH]: 8, In
2015-10-19 21:16:07 : Aim:           [G+E+D]: 320000 [T]: 0 [TH]: 8 for: Dead Base
2015-10-19 21:16:07 : Aim:           [G+E+D]: 320000 [T]: 0 [TH]: 8 for: Live Base
2015-10-19 21:16:10 : 101> [G]: 124428 [E]:  52455 [D]: 1098 [T]:35 [TH]: 9, In
2015-10-19 21:16:18 : 102> [G]:  40144 [E]:  61976 [D]:  768 [T]: 1 [TH]: 8, In
2015-10-19 21:16:21 : 103> [G]:  47011 [E]:  30310 [D]:  561 [T]: 1 [TH]: 8, In
2015-10-19 21:16:24 : 104> [G]: 112683 [E]: 105001 [D]:  842 [T]: 2 [TH]: 8, In
2015-10-19 21:16:25 : ~~~~~~~~~~~~~~ DE Side Base Found! ~~~~~~~~~~~~~~~
2015-10-19 21:16:26 : ================ Search Complete =================
2015-10-19 21:16:26 : Initiating attack for: Live Base
2015-10-19 21:16:28 : -Balloons 28
2015-10-19 21:16:28 : -Minions 40
2015-10-19 21:16:28 : -Clan Castle 
2015-10-19 21:16:28 : -Queen 
2015-10-19 21:16:28 : -Heal Spells 2
2015-10-19 21:16:28 : -Rage Spells 2
2015-10-19 21:16:28 :  ====== Start Attack ====== 
2015-10-19 21:16:30 : Attacking on Dark Elixir Side.
2015-10-19 21:16:31 :  == DE Storage Not Found ==
2015-10-19 21:16:31 : DE Storage Not Located... Attacking Random Side
2015-10-19 21:16:32 : Dropping only wave of 28 Balloons
2015-10-19 21:16:35 : Spell drop point: 490, 368
2015-10-19 21:16:35 : Dropping spell in slot 4
2015-10-19 21:16:36 : Dropping spell in slot 5
2015-10-19 21:16:37 : Dropping only wave of 40 Minions
2015-10-19 21:16:41 : Dropping Queen
2015-10-19 21:16:42 : Dropping left over troops
2015-10-19 21:16:42 : Checking remaining unused troops for: Live Base
2015-10-19 21:16:44 : -Minions 0
2015-10-19 21:16:44 : -Clan Castle 
2015-10-19 21:16:44 : -Heal Spells 1
2015-10-19 21:16:44 : -Rage Spells 1
2015-10-19 21:16:53 : Checking remaining unused troops for: Live Base
2015-10-19 21:16:55 : -Minions 0
2015-10-19 21:16:55 : -Clan Castle 
2015-10-19 21:16:55 : -Heal Spells 1
2015-10-19 21:16:55 : -Rage Spells 1
2015-10-19 21:17:03 : Finished Attacking, waiting for the battle to end
2015-10-19 21:17:03 : Checking if the battle has finished
2015-10-19 21:17:05 : detected [G]: 790 [E]: 56884 [DE]: 6 |  Exit in 58 sec.
2015-10-19 21:17:05 : Gold & Elixir & DE change detected, waiting...
2015-10-19 21:17:08 : detected [G]: 610 [E]: 37122 [DE]: 6 |  Exit in 58 sec.
2015-10-19 21:17:08 : Gold & Elixir & DE change detected, waiting...
2015-10-19 21:17:11 : detected [G]: 405 [E]: 36917 [DE]: 0 |  Exit in 58 sec.
2015-10-19 21:17:11 : Gold & Elixir & DE change detected, waiting...
2015-10-19 21:17:14 : detected [G]: 3 [E]: 36515 [DE]: 0 |  Exit in 58 sec.
2015-10-19 21:17:14 : Gold & Elixir & DE change detected, waiting...
2015-10-19 21:17:17 : detected [G]: 0 [E]: 36512 [DE]: 0 |  Exit in 58 sec.
2015-10-19 21:17:18 : detected [G]: 0 [E]: 33584 [DE]: 0 |  Exit in 57 sec.
2015-10-19 21:17:18 : Gold & Elixir & DE change detected, waiting...
2015-10-19 21:17:21 : detected [G]: 0 [E]: 12156 [DE]: 0 |  Exit in 58 sec.
2015-10-19 21:17:21 : Gold & Elixir & DE change detected, waiting...
2015-10-19 21:17:24 : detected [G]: 0 [E]: 3056 [DE]: 0 |  Exit in 58 sec.
2015-10-19 21:17:25 : detected [G]: 0 [E]: 3006 [DE]: 0 |  Exit in 57 sec.
2015-10-19 21:17:25 : Gold & Elixir & DE change detected, waiting...
2015-10-19 21:17:28 : detected [G]: 0 [E]: 2645 [DE]: 0 |  Exit in 58 sec.
2015-10-19 21:17:28 : Gold & Elixir & DE change detected, waiting...
2015-10-19 21:17:31 : detected [G]: 0 [E]: 2574 [DE]: 0 |  Exit in 58 sec.
2015-10-19 21:17:32 : detected [G]: 0 [E]: 2300 [DE]: 0 |  Exit in 57 sec.
2015-10-19 21:17:32 : Gold & Elixir & DE change detected, waiting...
2015-10-19 21:17:34 : Queen is getting weak, Activating Queen's power
2015-10-19 21:17:36 : detected [G]: 0 [E]: 1454 [DE]: 0 |  Exit in 58 sec.
2015-10-19 21:17:36 : Gold & Elixir & DE change detected, waiting...
2015-10-19 21:17:39 : detected [G]: 0 [E]: 537 [DE]: 0 |  Exit in 58 sec.
2015-10-19 21:17:39 : Gold & Elixir & DE change detected, waiting...
2015-10-19 21:17:42 : detected [G]: 0 [E]: 0 [DE]: 0 |  Exit in 58 sec.
2015-10-19 21:17:42 : Gold & Elixir & DE change detected, waiting...
2015-10-19 21:17:46 : detected [G]: 0 [E]: 0 [DE]: 0 |  Exit in 58 sec.
2015-10-19 21:17:48 : detected [G]: 0 [E]: 0 [DE]: 0 |  Exit in 56 sec.
2015-10-19 21:17:49 : detected [G]: 0 [E]: 0 [DE]: 0 |  Exit in 54 sec.
2015-10-19 21:17:51 : detected [G]: 0 [E]: 0 [DE]: 0 |  Exit in 53 sec.
2015-10-19 21:17:53 : detected [G]: 0 [E]: 0 [DE]: 0 |  Exit in 51 sec.
2015-10-19 21:17:54 : detected [G]: 0 [E]: 0 [DE]: 0 |  Exit in 49 sec.
2015-10-19 21:17:56 : detected [G]: 0 [E]: 0 [DE]: 0 |  Exit in 48 sec.
2015-10-19 21:17:58 : detected [G]: 0 [E]: 0 [DE]:  |  Exit in 46 sec.
2015-10-19 21:17:58 : Gold & Elixir & DE no change detected, exit
2015-10-19 21:17:58 : Returning Home
2015-10-19 21:18:03 : Bonus [G]: 100 000 [E]: 100 000 [DE]: 500
2015-10-19 21:18:05 : Your league level is: Master III
2015-10-19 21:18:05 : Stars earned: 3
2015-10-19 21:18:05 : Loot: [G]: 112 683 [E]: 105 001 [DE]: 842 [T]: 2
2015-10-19 21:18:05 : Taking snapshot of your loot
2015-10-19 21:18:11 : Trying to locate Main Screen
2015-10-19 21:18:11 : Main Screen Located
2015-10-19 21:18:13 : Village Report
2015-10-19 21:18:13 : No. of Free/Total Builders: 3/5
2015-10-19 21:18:13 :  [T]: 2 731
2015-10-19 21:18:13 :  [G]: 4 854 260 [E]: 207 554 [D]: 134 943 [GEM]: 5 309
2015-10-19 21:18:13 : Collecting Resources
2015-10-19 21:18:23 : Checking Army Camp...
2015-10-19 21:18:25 : Total Army Camp capacity: 76/220
2015-10-19 21:18:26 :  - No. of Balloons: 4
2015-10-19 21:18:26 :  - No. of Minions: 28
2015-10-19 21:18:26 : Training Troops...
2015-10-19 21:18:52 : Spell Factory Full
2015-10-19 21:18:52 : Created 1 Spell(s)
2015-10-19 21:19:00 : ====== Waiting for full army ======
2015-10-19 21:19:12 : Checking Army Camp...
2015-10-19 21:19:14 : Total Army Camp capacity: 100/220
2015-10-19 21:19:15 :  - No. of Balloons: 8
2015-10-19 21:19:15 :  - No. of Minions: 30
2015-10-19 21:19:15 : Training Troops...
2015-10-19 21:19:36 : Spell Factory Full
2015-10-19 21:19:39 : Time Idle: 00:00:38
2015-10-19 21:19:39 : ====== Waiting for full army ======
2015-10-19 21:19:51 : Checking Army Camp...
2015-10-19 21:19:53 : Total Army Camp capacity: 104/220
2015-10-19 21:19:54 :  - No. of Balloons: 8
2015-10-19 21:19:54 :  - No. of Minions: 32
2015-10-19 21:19:54 : Training Troops...
2015-10-19 21:20:15 : Spell Factory Full
2015-10-19 21:20:17 : Time Idle: 00:01:17
2015-10-19 21:20:18 : ====== Waiting for full army ======
2015-10-19 21:20:30 : Checking Army Camp...
2015-10-19 21:20:31 : Total Army Camp capacity: 108/220
2015-10-19 21:20:32 :  - No. of Balloons: 8
2015-10-19 21:20:32 :  - No. of Minions: 34
2015-10-19 21:20:33 : Training Troops...
2015-10-19 21:20:53 : Spell Factory Full
2015-10-19 21:20:56 : Time Idle: 00:01:55
2015-10-19 21:20:56 : ====== Waiting for full army ======
2015-10-19 21:21:08 : Checking Army Camp...
2015-10-19 21:21:10 : Total Army Camp capacity: 110/220
2015-10-19 21:21:11 :  - No. of Balloons: 8
2015-10-19 21:21:11 :  - No. of Minions: 35
2015-10-19 21:21:11 : Training Troops...
2015-10-19 21:21:32 : Spell Factory Full
2015-10-19 21:21:34 : Time Idle: 00:02:33
2015-10-19 21:21:35 : ====== Waiting for full army ======
2015-10-19 21:21:46 : ClashGameBot was Paused!
2015-10-19 21:28:14 : ClashGameBot was Resumed.
2015-10-19 21:28:16 : Checking Army Camp...
2015-10-19 21:28:18 : Total Army Camp capacity: 115/220
2015-10-19 21:28:19 :  - No. of Balloons: 7
2015-10-19 21:28:19 :  - No. of Minions: 40
2015-10-19 21:28:19 : Training Troops...
2015-10-19 21:28:41 : Spell Factory Full
2015-10-19 21:28:43 : Time Idle: 00:09:42
2015-10-19 21:28:44 : ====== Waiting for full army ======
2015-10-19 21:28:56 : Checking Army Camp...
2015-10-19 21:28:57 : Total Army Camp capacity: 115/220
2015-10-19 21:28:58 :  - No. of Balloons: 7
2015-10-19 21:28:58 :  - No. of Minions: 40
2015-10-19 21:28:59 : Training Troops...
2015-10-19 21:29:20 : Spell Factory Full
2015-10-19 21:29:22 : Time Idle: 00:10:21
2015-10-19 21:29:23 : ====== Waiting for full army ======
2015-10-19 21:29:35 : Checking Army Camp...
2015-10-19 21:29:37 : Total Army Camp capacity: 115/220
2015-10-19 21:29:37 :  - No. of Balloons: 7
2015-10-19 21:29:37 :  - No. of Minions: 40
2015-10-19 21:29:38 : Training Troops...
2015-10-19 21:30:00 : Spell Factory Full
2015-10-19 21:30:03 : Time Idle: 00:11:01
2015-10-19 21:30:03 : ====== Waiting for full army ======
2015-10-19 21:30:15 : Checking Army Camp...
2015-10-19 21:30:17 : Total Army Camp capacity: 115/220
2015-10-19 21:30:17 :  - No. of Balloons: 7
2015-10-19 21:30:18 :  - No. of Minions: 40
2015-10-19 21:30:18 : Training Troops...
2015-10-19 21:30:39 : Spell Factory Full
2015-10-19 21:30:41 : Time Idle: 00:11:39
2015-10-19 21:30:42 : ====== Waiting for full army ======
2015-10-19 21:30:54 : Checking Army Camp...
2015-10-19 21:30:55 : Total Army Camp capacity: 115/220
2015-10-19 21:30:56 :  - No. of Balloons: 7
2015-10-19 21:30:56 :  - No. of Minions: 40
2015-10-19 21:30:57 : Training Troops...
2015-10-19 21:31:18 : Spell Factory Full
2015-10-19 21:31:20 : Time Idle: 00:12:18
2015-10-19 21:31:21 : ====== Waiting for full army ======
2015-10-19 21:31:32 : Collecting Resources
2015-10-19 21:31:38 : ClashGameBot was Paused!
2015-10-19 21:31:47 : ClashGameBot was Resumed.
2015-10-19 21:31:48 : Checking Army Camp...
2015-10-19 21:31:50 : Total Army Camp capacity: 115/220
2015-10-19 21:31:51 :  - No. of Balloons: 7
2015-10-19 21:31:51 :  - No. of Minions: 40
2015-10-19 21:31:51 : Training Troops...
2015-10-19 21:32:13 : Spell Factory Full
2015-10-19 21:32:15 : Time Idle: 00:13:13
2015-10-19 21:32:16 : ====== Waiting for full army ======
2015-10-19 21:32:28 : Checking Army Camp...
2015-10-19 21:32:29 : Total Army Camp capacity: 115/220
2015-10-19 21:32:30 :  - No. of Balloons: 7
2015-10-19 21:32:30 :  - No. of Minions: 40
2015-10-19 21:32:31 : Training Troops...
2015-10-19 21:32:57 : Spell Factory Full
2015-10-19 21:32:57 : Created 1 Spell(s)
2015-10-19 21:32:59 : Time Idle: 00:13:56
2015-10-19 21:32:59 : ====== Waiting for full army ======
2015-10-19 21:33:11 : Checking Army Camp...
2015-10-19 21:33:13 : Total Army Camp capacity: 115/220
2015-10-19 21:33:14 :  - No. of Balloons: 7
2015-10-19 21:33:14 :  - No. of Minions: 40
2015-10-19 21:33:14 : Training Troops...
2015-10-19 21:33:35 : Spell Factory Full
2015-10-19 21:33:38 : Time Idle: 00:14:35
2015-10-19 21:33:38 : ====== Waiting for full army ======
2015-10-19 21:33:50 : Checking Army Camp...
2015-10-19 21:33:52 : Total Army Camp capacity: 115/220
2015-10-19 21:33:53 :  - No. of Balloons: 7
2015-10-19 21:33:53 :  - No. of Minions: 40
2015-10-19 21:33:53 : Training Troops...
2015-10-19 21:34:15 : Spell Factory Full
2015-10-19 21:34:17 : Time Idle: 00:15:14
2015-10-19 21:34:17 : ====== Waiting for full army ======
2015-10-19 21:34:29 : Checking Army Camp...
2015-10-19 21:34:31 : Total Army Camp capacity: 115/220
2015-10-19 21:34:32 :  - No. of Balloons: 7
2015-10-19 21:34:32 :  - No. of Minions: 40
2015-10-19 21:34:32 : Training Troops...
2015-10-19 21:34:54 : Spell Factory Full
2015-10-19 21:34:56 : Time Idle: 00:15:53
2015-10-19 21:34:56 : ====== Waiting for full army ======
2015-10-19 21:35:08 : Checking Army Camp...
2015-10-19 21:35:10 : Total Army Camp capacity: 135/220
2015-10-19 21:35:11 :  - No. of Balloons: 11
2015-10-19 21:35:11 :  - No. of Minions: 40
2015-10-19 21:35:11 : Training Troops...
2015-10-19 21:35:33 : Spell Factory Full
2015-10-19 21:35:35 : Time Idle: 00:16:31
2015-10-19 21:35:35 : ====== Waiting for full army ======
2015-10-19 21:35:48 : Checking Army Camp...
2015-10-19 21:35:49 : Total Army Camp capacity: 135/220
2015-10-19 21:35:50 :  - No. of Balloons: 11
2015-10-19 21:35:50 :  - No. of Minions: 40
2015-10-19 21:35:51 : Training Troops...
2015-10-19 21:36:12 : Spell Factory Full
2015-10-19 21:36:14 : Time Idle: 00:17:10
2015-10-19 21:36:15 : ====== Waiting for full army ======
2015-10-19 21:36:27 : Checking Army Camp...
2015-10-19 21:36:28 : Total Army Camp capacity: 135/220
2015-10-19 21:36:29 :  - No. of Balloons: 11
2015-10-19 21:36:29 :  - No. of Minions: 40
2015-10-19 21:36:29 : Training Troops...
2015-10-19 21:36:51 : Spell Factory Full
2015-10-19 21:36:53 : Time Idle: 00:17:49
2015-10-19 21:36:54 : ====== Waiting for full army ======
2015-10-19 21:37:06 : Checking Army Camp...
2015-10-19 21:37:07 : Total Army Camp capacity: 135/220
2015-10-19 21:37:08 :  - No. of Balloons: 11
2015-10-19 21:37:08 :  - No. of Minions: 40
2015-10-19 21:37:09 : Training Troops...
2015-10-19 21:37:30 : Spell Factory Full
2015-10-19 21:37:32 : Time Idle: 00:18:28
2015-10-19 21:37:33 : ====== Waiting for full army ======
2015-10-19 21:37:45 : Checking Army Camp...
2015-10-19 21:37:47 : Total Army Camp capacity: 135/220
2015-10-19 21:37:47 :  - No. of Balloons: 11
2015-10-19 21:37:47 :  - No. of Minions: 40
2015-10-19 21:37:48 : Training Troops...
2015-10-19 21:38:09 : Spell Factory Full
2015-10-19 21:38:11 : Time Idle: 00:19:07
2015-10-19 21:38:12 : ====== Waiting for full army ======
2015-10-19 21:38:24 : Checking Army Camp...
2015-10-19 21:38:26 : Total Army Camp capacity: 135/220
2015-10-19 21:38:26 :  - No. of Balloons: 11
2015-10-19 21:38:26 :  - No. of Minions: 40
2015-10-19 21:38:27 : Training Troops...
2015-10-19 21:38:48 : Spell Factory Full
2015-10-19 21:38:50 : Time Idle: 00:19:45
2015-10-19 21:38:51 : ====== Waiting for full army ======
2015-10-19 21:39:03 : Collecting Resources
2015-10-19 21:39:08 : Checking Army Camp...
2015-10-19 21:39:10 : Total Army Camp capacity: 135/220
2015-10-19 21:39:11 :  - No. of Balloons: 11
2015-10-19 21:39:11 :  - No. of Minions: 40
2015-10-19 21:39:11 : Training Troops...
2015-10-19 21:39:33 : Spell Factory Full
2015-10-19 21:39:35 : Time Idle: 00:20:30
2015-10-19 21:39:35 : ====== Waiting for full army ======
2015-10-19 21:39:47 : Checking Army Camp...
2015-10-19 21:39:49 : Total Army Camp capacity: 135/220
2015-10-19 21:39:50 :  - No. of Balloons: 11
2015-10-19 21:39:50 :  - No. of Minions: 40
2015-10-19 21:39:50 : Training Troops...
2015-10-19 21:40:12 : Spell Factory Full
2015-10-19 21:40:14 : Time Idle: 00:21:09
2015-10-19 21:40:14 : ====== Waiting for full army ======
2015-10-19 21:40:26 : Checking Army Camp...
2015-10-19 21:40:28 : Total Army Camp capacity: 135/220
2015-10-19 21:40:29 :  - No. of Balloons: 11
2015-10-19 21:40:29 :  - No. of Minions: 40
2015-10-19 21:40:29 : Training Troops...
2015-10-19 21:40:51 : Spell Factory Full
2015-10-19 21:40:53 : Time Idle: 00:21:47
2015-10-19 21:40:53 : ====== Waiting for full army ======
