2015-10-20 21:15:49 :  Clash Game Bot v4.1.1 Modded Powered by GameBot.org ~
2015-10-20 21:15:49 : GameBot.org.exe Executable running on WIN_81  X64
2015-10-20 21:15:49 : =================== Bot Start ====================
2015-10-20 21:15:49 : -------------------------  Current Profile: 01 --------------------------
2015-10-20 21:15:49 : Trying to locate Main Screen
2015-10-20 21:15:49 : Main Screen Located
2015-10-20 21:15:50 : Detecting your Buildings..
2015-10-20 21:15:56 : Language setting is English: Correct.
2015-10-20 21:15:57 : Trying to locate Main Screen
2015-10-20 21:15:57 : Main Screen Located
2015-10-20 21:15:59 : Village Report
2015-10-20 21:15:59 : No. of Free/Total Builders: 2/5
2015-10-20 21:15:59 :  [T]: 2 738
2015-10-20 21:15:59 :  [G]: 992 065 [E]: 394 142 [D]: 143 637 [GEM]: 5 335
2015-10-20 21:15:59 : Collecting Resources
2015-10-20 21:56:17 : Checking Army Camp...
2015-10-20 21:56:19 : Total Army Camp capacity: 131/220
2015-10-20 21:56:20 :  - No. of Giants: 7
2015-10-20 21:56:20 :  - No. of Wizards: 24
2015-10-20 21:56:20 : Barracks and Spell factory status: 
2015-10-20 21:56:20 : - Barracks detected: 4 | Available: 4 | Upgrading: 0
2015-10-20 21:56:20 : - Dark Barracks detected: 2 | Available: 2 | Upgrading: 0
2015-10-20 21:56:20 : - Spell factory detected: 1 | Available: 1 | Upgrading: 0
2015-10-20 21:56:20 : - Dark Spell factory detected: 1 | Available: 1 | Upgrading: 0
2015-10-20 21:56:20 : Training Troops...
2015-10-20 21:56:21 : ClashGameBot was Paused!
