2015-10-20 16:56:20 :  Clash Game Bot v4.1.1 Modded Powered by GameBot.org ~
2015-10-20 16:56:20 : GameBot.org.exe Executable running on WIN_81  X64
2015-10-20 16:56:20 : =================== Bot Start ====================
2015-10-20 16:56:20 : -------------------------  Current Profile: 01 --------------------------
2015-10-20 16:56:21 : Trying to locate Main Screen
2015-10-20 16:56:21 : Main Screen Located
2015-10-20 16:56:22 : Detecting your Buildings..
2015-10-20 16:56:29 : Language setting is English: Correct.
2015-10-20 16:56:30 : Trying to locate Main Screen
2015-10-20 16:56:30 : Main Screen Located
2015-10-20 16:56:31 : Village Report
2015-10-20 16:56:31 : No. of Free/Total Builders: 2/5
2015-10-20 16:56:31 :  [T]: 2 734
2015-10-20 16:56:32 :  [G]: 393 324 [E]: 277 707 [D]: 137 627 [GEM]: 5 335
2015-10-20 16:56:32 : Collecting Resources
2015-10-20 16:56:41 : Checking Army Camp...
2015-10-20 16:56:43 : Total Army Camp capacity: 135/220
2015-10-20 16:56:45 :  - No. of Archers: 19
2015-10-20 16:56:45 :  - No. of Giants: 20
2015-10-20 16:56:45 :  - No. of Wallbreakers: 4
2015-10-20 16:56:45 :  - No. of Wizards: 2
2015-10-20 16:56:46 : Barracks and Spell factory status: 
2015-10-20 16:56:46 : - Barracks detected: 4 | Available: 4 | Upgrading: 0
2015-10-20 16:56:46 : - Dark Barracks detected: 2 | Available: 2 | Upgrading: 0
2015-10-20 16:56:46 : - Spell factory detected: 1 | Available: 1 | Upgrading: 0
2015-10-20 16:56:46 : - Dark Spell factory detected: 1 | Available: 1 | Upgrading: 0
2015-10-20 16:56:46 : Training Troops...
2015-10-20 16:57:01 : Spell Factory Full
2015-10-20 16:57:09 : ====== Waiting for full army ======
2015-10-20 16:57:20 : Checking Army Camp...
2015-10-20 16:57:22 : Total Army Camp capacity: 135/220
2015-10-20 16:57:23 :  - No. of Archers: 19
2015-10-20 16:57:23 :  - No. of Giants: 20
2015-10-20 16:57:23 :  - No. of Wallbreakers: 4
2015-10-20 16:57:24 :  - No. of Wizards: 2
2015-10-20 16:57:24 : Training Troops...
2015-10-20 16:57:34 : Spell Factory Full
2015-10-20 16:57:37 : Time Idle: 00:00:28
2015-10-20 16:57:37 : ====== Waiting for full army ======
2015-10-20 16:57:49 : Checking Army Camp...
2015-10-20 16:57:51 : Total Army Camp capacity: 135/220
2015-10-20 16:57:52 :  - No. of Archers: 19
2015-10-20 16:57:52 :  - No. of Giants: 20
2015-10-20 16:57:52 :  - No. of Wallbreakers: 4
2015-10-20 16:57:52 :  - No. of Wizards: 2
2015-10-20 16:57:52 : Training Troops...
2015-10-20 16:58:02 : Spell Factory Full
2015-10-20 16:58:04 : Time Idle: 00:00:55
2015-10-20 16:58:05 : ====== Waiting for full army ======
2015-10-20 16:58:17 : Checking Army Camp...
2015-10-20 16:58:18 : Total Army Camp capacity: 135/220
2015-10-20 16:58:19 :  - No. of Archers: 19
2015-10-20 16:58:19 :  - No. of Giants: 20
2015-10-20 16:58:19 :  - No. of Wallbreakers: 4
2015-10-20 16:58:20 :  - No. of Wizards: 2
2015-10-20 16:58:20 : Training Troops...
2015-10-20 16:58:29 : Spell Factory Full
2015-10-20 16:58:32 : Time Idle: 00:01:22
2015-10-20 16:58:32 : ====== Waiting for full army ======
2015-10-20 16:58:44 : Checking Army Camp...
2015-10-20 16:58:46 : Total Army Camp capacity: 135/220
2015-10-20 16:58:47 :  - No. of Archers: 19
2015-10-20 16:58:47 :  - No. of Giants: 20
2015-10-20 16:58:47 :  - No. of Wallbreakers: 4
2015-10-20 16:58:47 :  - No. of Wizards: 2
2015-10-20 16:58:47 : Training Troops...
2015-10-20 16:58:57 : Spell Factory Full
2015-10-20 16:59:00 : Time Idle: 00:01:50
2015-10-20 16:59:00 : ====== Waiting for full army ======
2015-10-20 16:59:12 : Checking Army Camp...
2015-10-20 16:59:13 : Total Army Camp capacity: 135/220
2015-10-20 16:59:14 :  - No. of Archers: 19
2015-10-20 16:59:14 :  - No. of Giants: 20
2015-10-20 16:59:14 :  - No. of Wallbreakers: 4
2015-10-20 16:59:15 :  - No. of Wizards: 2
2015-10-20 16:59:15 : Training Troops...
2015-10-20 16:59:24 : Spell Factory Full
2015-10-20 16:59:27 : Time Idle: 00:02:17
2015-10-20 16:59:27 : ====== Waiting for full army ======
2015-10-20 16:59:39 : Checking Army Camp...
2015-10-20 16:59:41 : Total Army Camp capacity: 135/220
2015-10-20 16:59:42 :  - No. of Archers: 19
2015-10-20 16:59:42 :  - No. of Giants: 20
2015-10-20 16:59:42 :  - No. of Wallbreakers: 4
2015-10-20 16:59:42 :  - No. of Wizards: 2
2015-10-20 16:59:42 : Training Troops...
2015-10-20 16:59:52 : Spell Factory Full
2015-10-20 16:59:54 : Time Idle: 00:02:44
2015-10-20 16:59:55 : ====== Waiting for full army ======
2015-10-20 17:00:06 : Checking Army Camp...
2015-10-20 17:00:08 : Total Army Camp capacity: 135/220
2015-10-20 17:00:09 :  - No. of Archers: 19
2015-10-20 17:00:09 :  - No. of Giants: 20
2015-10-20 17:00:09 :  - No. of Wallbreakers: 4
2015-10-20 17:00:09 :  - No. of Wizards: 2
2015-10-20 17:00:10 : Training Troops...
2015-10-20 17:00:19 : Spell Factory Full
2015-10-20 17:00:22 : Time Idle: 00:03:11
2015-10-20 17:00:22 : ====== Waiting for full army ======
2015-10-20 17:00:34 : Checking Army Camp...
2015-10-20 17:00:36 : Total Army Camp capacity: 135/220
2015-10-20 17:00:37 :  - No. of Archers: 19
2015-10-20 17:00:37 :  - No. of Giants: 20
2015-10-20 17:00:37 :  - No. of Wallbreakers: 4
2015-10-20 17:00:37 :  - No. of Wizards: 2
2015-10-20 17:00:37 : Training Troops...
2015-10-20 17:00:52 : Spell Factory not found...
2015-10-20 17:00:53 : Another Device has connected, waiting 2 minutes 0 seconds
2015-10-20 17:02:55 : Waiting for Main Screen
2015-10-20 17:02:59 : Trying to locate Main Screen
2015-10-20 17:02:59 : Main Screen Located
2015-10-20 17:03:01 : Village Report
2015-10-20 17:03:01 : No. of Free/Total Builders: 2/5
2015-10-20 17:03:01 :  [T]: 2 734
2015-10-20 17:03:01 :  [G]: 393 324 [E]: 176 707 [D]: 137 627 [GEM]: 5 335
2015-10-20 17:03:02 : Collecting Resources
2015-10-20 17:03:11 : Checking Army Camp...
2015-10-20 17:03:13 : Total Army Camp capacity: 135/220
2015-10-20 17:03:13 :  - No. of Archers: 19
2015-10-20 17:03:13 :  - No. of Giants: 20
2015-10-20 17:03:14 :  - No. of Wallbreakers: 4
2015-10-20 17:03:14 :  - No. of Wizards: 2
2015-10-20 17:03:14 : Training Troops...
2015-10-20 17:03:24 : Spell Factory Full
2015-10-20 17:03:31 : ====== Waiting for full army ======
2015-10-20 17:03:43 : Checking Army Camp...
2015-10-20 17:03:45 : Total Army Camp capacity: 135/220
2015-10-20 17:03:46 :  - No. of Archers: 19
2015-10-20 17:03:46 :  - No. of Giants: 20
2015-10-20 17:03:46 :  - No. of Wallbreakers: 4
2015-10-20 17:03:46 :  - No. of Wizards: 2
2015-10-20 17:03:47 : Training Troops...
2015-10-20 17:03:56 : Spell Factory Full
2015-10-20 17:03:59 : Time Idle: 00:00:27
2015-10-20 17:03:59 : ====== Waiting for full army ======
2015-10-20 17:04:11 : Checking Army Camp...
2015-10-20 17:04:13 : Total Army Camp capacity: 135/220
2015-10-20 17:04:14 :  - No. of Archers: 19
2015-10-20 17:04:14 :  - No. of Giants: 20
2015-10-20 17:04:14 :  - No. of Wallbreakers: 4
2015-10-20 17:04:14 :  - No. of Wizards: 2
2015-10-20 17:04:14 : Training Troops...
2015-10-20 17:04:24 : Spell Factory Full
2015-10-20 17:04:27 : Time Idle: 00:00:55
2015-10-20 17:04:27 : ====== Waiting for full army ======
2015-10-20 17:04:39 : Checking Army Camp...
2015-10-20 17:04:41 : Total Army Camp capacity: 135/220
2015-10-20 17:04:42 :  - No. of Archers: 19
2015-10-20 17:04:42 :  - No. of Giants: 20
2015-10-20 17:04:42 :  - No. of Wallbreakers: 4
2015-10-20 17:04:42 :  - No. of Wizards: 2
2015-10-20 17:04:42 : Training Troops...
2015-10-20 17:04:52 : Spell Factory Full
2015-10-20 17:04:55 : Time Idle: 00:01:22
2015-10-20 17:04:55 : ====== Waiting for full army ======
2015-10-20 17:05:07 : Collecting Resources
2015-10-20 17:05:13 : Checking Army Camp...
2015-10-20 17:05:14 : Total Army Camp capacity: 151/220
2015-10-20 17:05:15 :  - No. of Archers: 19
2015-10-20 17:05:15 :  - No. of Giants: 20
2015-10-20 17:05:16 :  - No. of Wallbreakers: 4
2015-10-20 17:05:16 :  - No. of Wizards: 6
2015-10-20 17:05:16 : Training Troops...
2015-10-20 17:05:26 : Spell Factory Full
2015-10-20 17:05:28 : Time Idle: 00:01:56
2015-10-20 17:05:29 : ====== Waiting for full army ======
2015-10-20 17:05:41 : Checking Army Camp...
2015-10-20 17:05:42 : Total Army Camp capacity: 151/220
2015-10-20 17:05:43 :  - No. of Archers: 19
2015-10-20 17:05:43 :  - No. of Giants: 20
2015-10-20 17:05:43 :  - No. of Wallbreakers: 4
2015-10-20 17:05:44 :  - No. of Wizards: 6
2015-10-20 17:05:44 : Training Troops...
2015-10-20 17:05:54 : Spell Factory Full
2015-10-20 17:05:56 : Time Idle: 00:02:24
2015-10-20 17:05:57 : ====== Waiting for full army ======
2015-10-20 17:06:08 : Checking Army Camp...
2015-10-20 17:06:10 : Total Army Camp capacity: 151/220
2015-10-20 17:06:11 :  - No. of Archers: 19
2015-10-20 17:06:11 :  - No. of Giants: 20
2015-10-20 17:06:11 :  - No. of Wallbreakers: 4
2015-10-20 17:06:11 :  - No. of Wizards: 6
2015-10-20 17:06:12 : Training Troops...
2015-10-20 17:06:22 : Spell Factory Full
2015-10-20 17:06:24 : Time Idle: 00:02:51
2015-10-20 17:06:24 : ====== Waiting for full army ======
2015-10-20 17:06:36 : Checking Army Camp...
2015-10-20 17:06:38 : Total Army Camp capacity: 151/220
2015-10-20 17:06:39 :  - No. of Archers: 19
2015-10-20 17:06:39 :  - No. of Giants: 20
2015-10-20 17:06:39 :  - No. of Wallbreakers: 4
2015-10-20 17:06:39 :  - No. of Wizards: 6
2015-10-20 17:06:40 : Training Troops...
2015-10-20 17:06:50 : Spell Factory Full
2015-10-20 17:06:52 : Time Idle: 00:03:19
2015-10-20 17:06:52 : ====== Waiting for full army ======
2015-10-20 17:07:04 : Checking Army Camp...
2015-10-20 17:07:06 : Total Army Camp capacity: 151/220
2015-10-20 17:07:07 :  - No. of Archers: 19
2015-10-20 17:07:07 :  - No. of Giants: 20
2015-10-20 17:07:07 :  - No. of Wallbreakers: 4
2015-10-20 17:07:07 :  - No. of Wizards: 6
2015-10-20 17:07:08 : Training Troops...
2015-10-20 17:07:17 : Spell Factory Full
2015-10-20 17:07:20 : Time Idle: 00:03:47
2015-10-20 17:07:20 : ====== Waiting for full army ======
2015-10-20 17:07:32 : Checking Army Camp...
2015-10-20 17:07:34 : Total Army Camp capacity: 151/220
2015-10-20 17:07:35 :  - No. of Archers: 19
2015-10-20 17:07:35 :  - No. of Giants: 20
2015-10-20 17:07:35 :  - No. of Wallbreakers: 4
2015-10-20 17:07:35 :  - No. of Wizards: 6
2015-10-20 17:07:35 : Training Troops...
2015-10-20 17:07:45 : Spell Factory Full
2015-10-20 17:07:48 : Time Idle: 00:04:14
2015-10-20 17:07:48 : ====== Waiting for full army ======
2015-10-20 17:08:00 : Checking Army Camp...
2015-10-20 17:08:02 : Total Army Camp capacity: 151/220
2015-10-20 17:08:03 :  - No. of Archers: 19
2015-10-20 17:08:03 :  - No. of Giants: 20
2015-10-20 17:08:03 :  - No. of Wallbreakers: 4
2015-10-20 17:08:03 :  - No. of Wizards: 6
2015-10-20 17:08:03 : Training Troops...
2015-10-20 17:08:14 : Spell Factory Full
2015-10-20 17:08:16 : ClashGameBot was Paused!
2015-10-20 17:15:13 : ClashGameBot was Resumed.
2015-10-20 17:15:14 : Time Idle: 00:11:40
2015-10-20 17:15:14 : ====== Waiting for full army ======
2015-10-20 17:15:26 : Checking Army Camp...
2015-10-20 17:15:28 : Total Army Camp capacity: 159/220
2015-10-20 17:15:29 :  - No. of Archers: 11
2015-10-20 17:15:29 :  - No. of Giants: 20
2015-10-20 17:15:29 :  - No. of Wallbreakers: 4
2015-10-20 17:15:29 :  - No. of Wizards: 10
2015-10-20 17:15:29 : Training Troops...
2015-10-20 17:15:39 : Spell Factory Full
2015-10-20 17:15:42 : Time Idle: 00:12:08
2015-10-20 17:15:42 : ====== Waiting for full army ======
2015-10-20 17:15:54 : Checking Army Camp...
2015-10-20 17:15:56 : Total Army Camp capacity: 159/220
2015-10-20 17:15:57 :  - No. of Archers: 11
2015-10-20 17:15:57 :  - No. of Giants: 20
2015-10-20 17:15:57 :  - No. of Wallbreakers: 4
2015-10-20 17:15:57 :  - No. of Wizards: 10
2015-10-20 17:15:58 : Training Troops...
2015-10-20 17:16:07 : Spell Factory Full
2015-10-20 17:16:10 : Time Idle: 00:12:36
2015-10-20 17:16:10 : ====== Waiting for full army ======
2015-10-20 17:16:22 : Checking Army Camp...
2015-10-20 17:16:24 : Total Army Camp capacity: 159/220
2015-10-20 17:16:25 :  - No. of Archers: 11
2015-10-20 17:16:25 :  - No. of Giants: 20
2015-10-20 17:16:25 :  - No. of Wallbreakers: 4
2015-10-20 17:16:25 :  - No. of Wizards: 10
2015-10-20 17:16:25 : Training Troops...
2015-10-20 17:16:35 : Spell Factory Full
2015-10-20 17:16:38 : Time Idle: 00:13:03
2015-10-20 17:16:38 : ====== Waiting for full army ======
2015-10-20 17:16:50 : Checking Army Camp...
2015-10-20 17:16:52 : Total Army Camp capacity: 159/220
2015-10-20 17:16:53 :  - No. of Archers: 11
2015-10-20 17:16:53 :  - No. of Giants: 20
2015-10-20 17:16:53 :  - No. of Wallbreakers: 4
2015-10-20 17:16:53 :  - No. of Wizards: 10
2015-10-20 17:16:53 : Training Troops...
2015-10-20 17:17:03 : Spell Factory Full
2015-10-20 17:17:06 : Time Idle: 00:13:31
2015-10-20 17:17:06 : ====== Waiting for full army ======
2015-10-20 17:17:18 : Collecting Resources
2015-10-20 17:17:24 : Checking Army Camp...
2015-10-20 17:17:26 : Total Army Camp capacity: 159/220
2015-10-20 17:17:27 :  - No. of Archers: 11
2015-10-20 17:17:27 :  - No. of Giants: 20
2015-10-20 17:17:27 :  - No. of Wallbreakers: 4
2015-10-20 17:17:27 :  - No. of Wizards: 10
2015-10-20 17:17:27 : Training Troops...
2015-10-20 17:17:37 : Spell Factory Full
2015-10-20 17:17:40 : Time Idle: 00:14:05
2015-10-20 17:17:40 : ====== Waiting for full army ======
2015-10-20 17:17:52 : Checking Army Camp...
2015-10-20 17:17:54 : Total Army Camp capacity: 159/220
2015-10-20 17:17:55 :  - No. of Archers: 11
2015-10-20 17:17:55 :  - No. of Giants: 20
2015-10-20 17:17:55 :  - No. of Wallbreakers: 4
2015-10-20 17:17:55 :  - No. of Wizards: 10
2015-10-20 17:17:55 : Training Troops...
2015-10-20 17:18:05 : Spell Factory Full
2015-10-20 17:18:07 : Time Idle: 00:14:32
2015-10-20 17:18:08 : ====== Waiting for full army ======
2015-10-20 17:18:20 : Checking Army Camp...
2015-10-20 17:18:21 : Total Army Camp capacity: 159/220
2015-10-20 17:18:22 :  - No. of Archers: 11
2015-10-20 17:18:22 :  - No. of Giants: 20
2015-10-20 17:18:22 :  - No. of Wallbreakers: 4
2015-10-20 17:18:23 :  - No. of Wizards: 10
2015-10-20 17:18:23 : Training Troops...
2015-10-20 17:18:33 : Spell Factory Full
2015-10-20 17:18:35 : Time Idle: 00:15:00
2015-10-20 17:18:36 : ====== Waiting for full army ======
2015-10-20 17:18:47 : Checking Army Camp...
2015-10-20 17:18:49 : Total Army Camp capacity: 159/220
2015-10-20 17:18:50 :  - No. of Archers: 11
2015-10-20 17:18:50 :  - No. of Giants: 20
2015-10-20 17:18:50 :  - No. of Wallbreakers: 4
2015-10-20 17:18:51 :  - No. of Wizards: 10
2015-10-20 17:18:51 : Training Troops...
2015-10-20 17:19:01 : Spell Factory Full
2015-10-20 17:19:03 : Time Idle: 00:15:27
2015-10-20 17:19:03 : ====== Waiting for full army ======
2015-10-20 17:19:15 : Checking Army Camp...
2015-10-20 17:19:17 : Total Army Camp capacity: 159/220
2015-10-20 17:19:18 :  - No. of Archers: 11
2015-10-20 17:19:18 :  - No. of Giants: 20
2015-10-20 17:19:18 :  - No. of Wallbreakers: 4
2015-10-20 17:19:18 :  - No. of Wizards: 10
2015-10-20 17:19:19 : Training Troops...
2015-10-20 17:19:28 : Spell Factory Full
2015-10-20 17:19:31 : Time Idle: 00:15:55
2015-10-20 17:19:31 : ====== Waiting for full army ======
2015-10-20 17:19:43 : Checking Army Camp...
2015-10-20 17:19:45 : Total Army Camp capacity: 159/220
2015-10-20 17:19:46 :  - No. of Archers: 11
2015-10-20 17:19:46 :  - No. of Giants: 20
2015-10-20 17:19:46 :  - No. of Wallbreakers: 4
2015-10-20 17:19:46 :  - No. of Wizards: 10
2015-10-20 17:19:46 : Training Troops...
2015-10-20 17:19:56 : Spell Factory Full
2015-10-20 17:19:59 : Time Idle: 00:16:22
2015-10-20 17:19:59 : ====== Waiting for full army ======
2015-10-20 17:20:11 : Checking Army Camp...
2015-10-20 17:20:13 : Total Army Camp capacity: 159/220
2015-10-20 17:20:14 :  - No. of Archers: 11
2015-10-20 17:20:14 :  - No. of Giants: 20
2015-10-20 17:20:14 :  - No. of Wallbreakers: 4
2015-10-20 17:20:14 :  - No. of Wizards: 10
2015-10-20 17:20:14 : Training Troops...
2015-10-20 17:20:24 : Spell Factory Full
2015-10-20 17:20:27 : Time Idle: 00:16:50
2015-10-20 17:20:27 : ====== Waiting for full army ======
2015-10-20 17:20:39 : Checking Army Camp...
2015-10-20 17:20:41 : Total Army Camp capacity: 159/220
2015-10-20 17:20:42 :  - No. of Archers: 11
2015-10-20 17:20:42 :  - No. of Giants: 20
2015-10-20 17:20:42 :  - No. of Wallbreakers: 4
2015-10-20 17:20:42 :  - No. of Wizards: 10
2015-10-20 17:20:42 : Training Troops...
2015-10-20 17:20:52 : Spell Factory Full
2015-10-20 17:20:55 : Time Idle: 00:17:18
2015-10-20 17:20:55 : ====== Waiting for full army ======
2015-10-20 17:21:07 : Checking Army Camp...
2015-10-20 17:21:09 : Total Army Camp capacity: 163/220
2015-10-20 17:21:09 :  - No. of Archers: 11
2015-10-20 17:21:10 :  - No. of Giants: 20
2015-10-20 17:21:10 :  - No. of Wallbreakers: 4
2015-10-20 17:21:10 :  - No. of Wizards: 11
2015-10-20 17:21:10 : Training Troops...
2015-10-20 17:21:20 : Spell Factory Full
2015-10-20 17:21:23 : Time Idle: 00:17:46
2015-10-20 17:21:23 : ====== Waiting for full army ======
2015-10-20 17:21:35 : Checking Army Camp...
2015-10-20 17:21:37 : Total Army Camp capacity: 175/220
2015-10-20 17:21:37 :  - No. of Archers: 11
2015-10-20 17:21:38 :  - No. of Giants: 20
2015-10-20 17:21:38 :  - No. of Wallbreakers: 4
2015-10-20 17:21:38 :  - No. of Wizards: 14
2015-10-20 17:21:38 : Training Troops...
2015-10-20 17:21:48 : Spell Factory Full
2015-10-20 17:21:50 : Time Idle: 00:18:13
2015-10-20 17:21:51 : ====== Waiting for full army ======
2015-10-20 17:22:03 : Checking Army Camp...
2015-10-20 17:22:04 : Total Army Camp capacity: 175/220
2015-10-20 17:22:05 :  - No. of Archers: 11
2015-10-20 17:22:05 :  - No. of Giants: 20
2015-10-20 17:22:05 :  - No. of Wallbreakers: 4
2015-10-20 17:22:06 :  - No. of Wizards: 14
2015-10-20 17:22:06 : Training Troops...
2015-10-20 17:22:16 : Spell Factory Full
2015-10-20 17:22:18 : Time Idle: 00:18:41
2015-10-20 17:22:19 : ====== Waiting for full army ======
2015-10-20 17:22:30 : Collecting Resources
2015-10-20 17:22:36 : Checking Army Camp...
2015-10-20 17:22:38 : Total Army Camp capacity: 175/220
2015-10-20 17:22:39 :  - No. of Archers: 11
2015-10-20 17:22:39 :  - No. of Giants: 20
2015-10-20 17:22:39 :  - No. of Wallbreakers: 4
2015-10-20 17:22:39 :  - No. of Wizards: 14
2015-10-20 17:22:39 : Training Troops...
2015-10-20 17:22:49 : Spell Factory Full
2015-10-20 17:22:52 : Time Idle: 00:19:14
2015-10-20 17:22:52 : ====== Waiting for full army ======
2015-10-20 17:23:04 : Checking Army Camp...
2015-10-20 17:23:06 : Total Army Camp capacity: 175/220
2015-10-20 17:23:07 :  - No. of Archers: 11
2015-10-20 17:23:07 :  - No. of Giants: 20
2015-10-20 17:23:07 :  - No. of Wallbreakers: 4
2015-10-20 17:23:07 :  - No. of Wizards: 14
2015-10-20 17:23:07 : Training Troops...
2015-10-20 17:23:17 : Spell Factory Full
2015-10-20 17:23:20 : Time Idle: 00:19:42
2015-10-20 17:23:20 : ====== Waiting for full army ======
2015-10-20 17:23:32 : Checking Army Camp...
2015-10-20 17:23:34 : Total Army Camp capacity: 175/220
2015-10-20 17:23:35 :  - No. of Archers: 11
2015-10-20 17:23:35 :  - No. of Giants: 20
2015-10-20 17:23:35 :  - No. of Wallbreakers: 4
2015-10-20 17:23:35 :  - No. of Wizards: 14
2015-10-20 17:23:35 : Training Troops...
2015-10-20 17:23:45 : Spell Factory Full
2015-10-20 17:23:48 : Time Idle: 00:20:10
2015-10-20 17:23:48 : ====== Waiting for full army ======
2015-10-20 17:24:00 : Checking Army Camp...
2015-10-20 17:24:02 : Total Army Camp capacity: 175/220
2015-10-20 17:24:03 :  - No. of Archers: 11
2015-10-20 17:24:03 :  - No. of Giants: 20
2015-10-20 17:24:03 :  - No. of Wallbreakers: 4
2015-10-20 17:24:03 :  - No. of Wizards: 14
2015-10-20 17:24:03 : Training Troops...
2015-10-20 17:24:13 : Spell Factory Full
2015-10-20 17:24:16 : Time Idle: 00:20:37
2015-10-20 17:24:16 : ====== Waiting for full army ======
2015-10-20 17:24:28 : Checking Army Camp...
2015-10-20 17:24:30 : Total Army Camp capacity: 175/220
2015-10-20 17:24:31 :  - No. of Archers: 11
2015-10-20 17:24:31 :  - No. of Giants: 20
2015-10-20 17:24:31 :  - No. of Wallbreakers: 4
2015-10-20 17:24:31 :  - No. of Wizards: 14
2015-10-20 17:24:31 : Training Troops...
2015-10-20 17:24:41 : Spell Factory Full
2015-10-20 17:24:44 : Time Idle: 00:21:05
2015-10-20 17:24:44 : ====== Waiting for full army ======
2015-10-20 17:24:56 : Checking Army Camp...
2015-10-20 17:24:58 : Total Army Camp capacity: 175/220
2015-10-20 17:24:59 :  - No. of Archers: 11
2015-10-20 17:24:59 :  - No. of Giants: 20
2015-10-20 17:24:59 :  - No. of Wallbreakers: 4
2015-10-20 17:24:59 :  - No. of Wizards: 14
2015-10-20 17:24:59 : Training Troops...
2015-10-20 17:25:09 : Spell Factory Full
2015-10-20 17:25:12 : Time Idle: 00:21:33
2015-10-20 17:25:12 : ====== Waiting for full army ======
2015-10-20 17:25:24 : Checking Army Camp...
2015-10-20 17:25:26 : Total Army Camp capacity: 175/220
2015-10-20 17:25:27 :  - No. of Archers: 11
2015-10-20 17:25:27 :  - No. of Giants: 20
2015-10-20 17:25:27 :  - No. of Wallbreakers: 4
2015-10-20 17:25:27 :  - No. of Wizards: 14
2015-10-20 17:25:27 : Training Troops...
2015-10-20 17:25:37 : Spell Factory Full
2015-10-20 17:25:40 : Time Idle: 00:22:01
2015-10-20 17:25:40 : ====== Waiting for full army ======
2015-10-20 17:25:52 : Checking Army Camp...
2015-10-20 17:25:54 : Total Army Camp capacity: 175/220
2015-10-20 17:25:55 :  - No. of Archers: 11
2015-10-20 17:25:55 :  - No. of Giants: 20
2015-10-20 17:25:55 :  - No. of Wallbreakers: 4
2015-10-20 17:25:55 :  - No. of Wizards: 14
2015-10-20 17:25:55 : Training Troops...
2015-10-20 17:26:05 : Spell Factory Full
2015-10-20 17:26:08 : Time Idle: 00:22:28
2015-10-20 17:26:08 : ====== Waiting for full army ======
2015-10-20 17:26:20 : Checking Army Camp...
2015-10-20 17:26:22 : Total Army Camp capacity: 175/220
2015-10-20 17:26:23 :  - No. of Archers: 11
2015-10-20 17:26:23 :  - No. of Giants: 20
2015-10-20 17:26:23 :  - No. of Wallbreakers: 4
2015-10-20 17:26:23 :  - No. of Wizards: 14
2015-10-20 17:26:23 : Training Troops...
2015-10-20 17:26:33 : Spell Factory Full
2015-10-20 17:26:36 : Time Idle: 00:22:56
2015-10-20 17:26:36 : ====== Waiting for full army ======
2015-10-20 17:26:48 : Checking Army Camp...
2015-10-20 17:26:50 : Total Army Camp capacity: 175/220
2015-10-20 17:26:51 :  - No. of Archers: 11
2015-10-20 17:26:51 :  - No. of Giants: 20
2015-10-20 17:26:51 :  - No. of Wallbreakers: 4
2015-10-20 17:26:51 :  - No. of Wizards: 14
2015-10-20 17:26:51 : Training Troops...
2015-10-20 17:27:01 : Spell Factory Full
2015-10-20 17:27:04 : Time Idle: 00:23:24
2015-10-20 17:27:04 : ====== Waiting for full army ======
2015-10-20 17:27:16 : Checking Army Camp...
2015-10-20 17:27:18 : Total Army Camp capacity: 175/220
2015-10-20 17:27:19 :  - No. of Archers: 11
2015-10-20 17:27:19 :  - No. of Giants: 20
2015-10-20 17:27:19 :  - No. of Wallbreakers: 4
2015-10-20 17:27:19 :  - No. of Wizards: 14
2015-10-20 17:27:19 : Training Troops...
2015-10-20 17:27:29 : Spell Factory Full
2015-10-20 17:27:32 : Time Idle: 00:23:52
2015-10-20 17:27:32 : ====== Waiting for full army ======
2015-10-20 17:27:44 : Collecting Resources
2015-10-20 17:27:50 : Checking Army Camp...
2015-10-20 17:27:52 : Total Army Camp capacity: 175/220
2015-10-20 17:27:53 :  - No. of Archers: 11
2015-10-20 17:27:53 :  - No. of Giants: 20
2015-10-20 17:27:53 :  - No. of Wallbreakers: 4
2015-10-20 17:27:53 :  - No. of Wizards: 14
2015-10-20 17:27:53 : Training Troops...
2015-10-20 17:28:03 : Spell Factory Full
2015-10-20 17:28:06 : Time Idle: 00:24:25
2015-10-20 17:28:06 : ====== Waiting for full army ======
2015-10-20 17:28:18 : Checking Army Camp...
2015-10-20 17:28:20 : Total Army Camp capacity: 175/220
2015-10-20 17:28:21 :  - No. of Archers: 11
2015-10-20 17:28:21 :  - No. of Giants: 20
2015-10-20 17:28:21 :  - No. of Wallbreakers: 4
2015-10-20 17:28:21 :  - No. of Wizards: 14
2015-10-20 17:28:21 : Training Troops...
2015-10-20 17:28:31 : Spell Factory Full
2015-10-20 17:28:34 : Time Idle: 00:24:53
2015-10-20 17:28:34 : ====== Waiting for full army ======
2015-10-20 17:28:46 : Checking Army Camp...
2015-10-20 17:28:48 : Total Army Camp capacity: 175/220
2015-10-20 17:28:49 :  - No. of Archers: 11
2015-10-20 17:28:49 :  - No. of Giants: 20
2015-10-20 17:28:49 :  - No. of Wallbreakers: 4
2015-10-20 17:28:49 :  - No. of Wizards: 14
2015-10-20 17:28:49 : Training Troops...
2015-10-20 17:28:59 : Spell Factory Full
2015-10-20 17:29:02 : Time Idle: 00:25:21
2015-10-20 17:29:02 : ====== Waiting for full army ======
2015-10-20 17:29:14 : Checking Army Camp...
2015-10-20 17:29:16 : Total Army Camp capacity: 187/220
2015-10-20 17:29:17 :  - No. of Archers: 11
2015-10-20 17:29:17 :  - No. of Giants: 20
2015-10-20 17:29:17 :  - No. of Wallbreakers: 4
2015-10-20 17:29:17 :  - No. of Wizards: 17
2015-10-20 17:29:17 : Training Troops...
2015-10-20 17:29:27 : Spell Factory Full
2015-10-20 17:29:30 : Time Idle: 00:25:49
2015-10-20 17:29:30 : ====== Waiting for full army ======
2015-10-20 17:29:42 : Checking Army Camp...
2015-10-20 17:29:44 : Total Army Camp capacity: 191/220
2015-10-20 17:29:45 :  - No. of Archers: 11
2015-10-20 17:29:45 :  - No. of Giants: 20
2015-10-20 17:29:45 :  - No. of Wallbreakers: 4
2015-10-20 17:29:45 :  - No. of Wizards: 18
2015-10-20 17:29:45 : Training Troops...
2015-10-20 17:29:55 : Spell Factory Full
2015-10-20 17:29:58 : Time Idle: 00:26:16
2015-10-20 17:29:58 : ====== Waiting for full army ======
2015-10-20 17:30:10 : Checking Army Camp...
2015-10-20 17:30:12 : Total Army Camp capacity: 191/220
2015-10-20 17:30:13 :  - No. of Archers: 11
2015-10-20 17:30:13 :  - No. of Giants: 20
2015-10-20 17:30:13 :  - No. of Wallbreakers: 4
2015-10-20 17:30:13 :  - No. of Wizards: 18
2015-10-20 17:30:13 : Training Troops...
2015-10-20 17:30:23 : Spell Factory Full
2015-10-20 17:30:26 : Time Idle: 00:26:44
2015-10-20 17:30:26 : ====== Waiting for full army ======
2015-10-20 17:30:38 : Checking Army Camp...
2015-10-20 17:30:40 : Total Army Camp capacity: 191/220
2015-10-20 17:30:41 :  - No. of Archers: 11
2015-10-20 17:30:41 :  - No. of Giants: 20
2015-10-20 17:30:41 :  - No. of Wallbreakers: 4
2015-10-20 17:30:41 :  - No. of Wizards: 18
2015-10-20 17:30:41 : Training Troops...
2015-10-20 17:30:51 : Spell Factory Full
2015-10-20 17:30:54 : Time Idle: 00:27:12
2015-10-20 17:30:54 : ====== Waiting for full army ======
2015-10-20 17:31:06 : Checking Army Camp...
2015-10-20 17:31:08 : Total Army Camp capacity: 191/220
2015-10-20 17:31:09 :  - No. of Archers: 11
2015-10-20 17:31:09 :  - No. of Giants: 20
2015-10-20 17:31:09 :  - No. of Wallbreakers: 4
2015-10-20 17:31:09 :  - No. of Wizards: 18
2015-10-20 17:31:09 : Training Troops...
2015-10-20 17:31:19 : Spell Factory Full
2015-10-20 17:31:22 : Time Idle: 00:27:40
2015-10-20 17:31:22 : ====== Waiting for full army ======
2015-10-20 17:31:34 : Checking Army Camp...
2015-10-20 17:31:36 : Total Army Camp capacity: 191/220
2015-10-20 17:31:37 :  - No. of Archers: 11
2015-10-20 17:31:37 :  - No. of Giants: 20
2015-10-20 17:31:37 :  - No. of Wallbreakers: 4
2015-10-20 17:31:37 :  - No. of Wizards: 18
2015-10-20 17:31:37 : Training Troops...
2015-10-20 17:31:47 : Spell Factory Full
2015-10-20 17:31:50 : Time Idle: 00:28:07
2015-10-20 17:31:50 : ====== Waiting for full army ======
2015-10-20 17:32:02 : Checking Army Camp...
2015-10-20 17:32:04 : Total Army Camp capacity: 191/220
2015-10-20 17:32:05 :  - No. of Archers: 11
2015-10-20 17:32:05 :  - No. of Giants: 20
2015-10-20 17:32:05 :  - No. of Wallbreakers: 4
2015-10-20 17:32:05 :  - No. of Wizards: 18
2015-10-20 17:32:05 : Training Troops...
2015-10-20 17:32:15 : Spell Factory Full
2015-10-20 17:32:18 : Time Idle: 00:28:35
2015-10-20 17:32:18 : ====== Waiting for full army ======
2015-10-20 17:32:30 : Checking Army Camp...
2015-10-20 17:32:32 : Total Army Camp capacity: 191/220
2015-10-20 17:32:33 :  - No. of Archers: 11
2015-10-20 17:32:33 :  - No. of Giants: 20
2015-10-20 17:32:33 :  - No. of Wallbreakers: 4
2015-10-20 17:32:33 :  - No. of Wizards: 18
2015-10-20 17:32:33 : Training Troops...
2015-10-20 17:32:43 : Spell Factory Full
2015-10-20 17:32:46 : Time Idle: 00:29:03
2015-10-20 17:32:46 : ====== Waiting for full army ======
2015-10-20 17:32:58 : Collecting Resources
2015-10-20 17:33:03 : Checking Army Camp...
2015-10-20 17:33:05 : Total Army Camp capacity: 191/220
2015-10-20 17:33:06 :  - No. of Archers: 11
2015-10-20 17:33:06 :  - No. of Giants: 20
2015-10-20 17:33:06 :  - No. of Wallbreakers: 4
2015-10-20 17:33:06 :  - No. of Wizards: 18
2015-10-20 17:33:07 : Training Troops...
2015-10-20 17:33:17 : Spell Factory Full
2015-10-20 17:33:19 : Time Idle: 00:29:36
2015-10-20 17:33:19 : ====== Waiting for full army ======
2015-10-20 17:33:31 : Checking Army Camp...
2015-10-20 17:33:33 : Total Army Camp capacity: 191/220
2015-10-20 17:33:34 :  - No. of Archers: 11
2015-10-20 17:33:34 :  - No. of Giants: 20
2015-10-20 17:33:34 :  - No. of Wallbreakers: 4
2015-10-20 17:33:34 :  - No. of Wizards: 18
2015-10-20 17:33:35 : Training Troops...
2015-10-20 17:33:45 : Spell Factory Full
2015-10-20 17:33:47 : Time Idle: 00:30:04
2015-10-20 17:33:47 : ====== Waiting for full army ======
2015-10-20 17:33:59 : Checking Army Camp...
2015-10-20 17:34:01 : Total Army Camp capacity: 191/220
2015-10-20 17:34:02 :  - No. of Archers: 11
2015-10-20 17:34:02 :  - No. of Giants: 20
2015-10-20 17:34:02 :  - No. of Wallbreakers: 4
2015-10-20 17:34:02 :  - No. of Wizards: 18
2015-10-20 17:34:03 : Training Troops...
2015-10-20 17:34:13 : Spell Factory Full
2015-10-20 17:34:15 : Time Idle: 00:30:32
2015-10-20 17:34:15 : ====== Waiting for full army ======
2015-10-20 17:34:27 : Checking Army Camp...
2015-10-20 17:34:29 : Total Army Camp capacity: 191/220
2015-10-20 17:34:30 :  - No. of Archers: 11
2015-10-20 17:34:30 :  - No. of Giants: 20
2015-10-20 17:34:30 :  - No. of Wallbreakers: 4
2015-10-20 17:34:30 :  - No. of Wizards: 18
2015-10-20 17:34:31 : Training Troops...
2015-10-20 17:34:41 : Spell Factory Full
2015-10-20 17:34:43 : Time Idle: 00:30:59
2015-10-20 17:34:43 : ====== Waiting for full army ======
2015-10-20 17:34:55 : Checking Army Camp...
2015-10-20 17:34:57 : Total Army Camp capacity: 191/220
2015-10-20 17:34:58 :  - No. of Archers: 11
2015-10-20 17:34:58 :  - No. of Giants: 20
2015-10-20 17:34:58 :  - No. of Wallbreakers: 4
2015-10-20 17:34:58 :  - No. of Wizards: 18
2015-10-20 17:34:59 : Training Troops...
2015-10-20 17:35:09 : Spell Factory Full
2015-10-20 17:35:11 : Time Idle: 00:31:27
2015-10-20 17:35:11 : ====== Waiting for full army ======
2015-10-20 17:35:23 : Checking Army Camp...
2015-10-20 17:35:25 : Total Army Camp capacity: 191/220
2015-10-20 17:35:26 :  - No. of Archers: 11
2015-10-20 17:35:26 :  - No. of Giants: 20
2015-10-20 17:35:26 :  - No. of Wallbreakers: 4
2015-10-20 17:35:26 :  - No. of Wizards: 18
2015-10-20 17:35:27 : Training Troops...
2015-10-20 17:35:37 : Spell Factory Full
2015-10-20 17:35:39 : Time Idle: 00:31:55
2015-10-20 17:35:39 : ====== Waiting for full army ======
2015-10-20 17:35:51 : Checking Army Camp...
2015-10-20 17:35:53 : Total Army Camp capacity: 191/220
2015-10-20 17:35:54 :  - No. of Archers: 11
2015-10-20 17:35:54 :  - No. of Giants: 20
2015-10-20 17:35:54 :  - No. of Wallbreakers: 4
2015-10-20 17:35:54 :  - No. of Wizards: 18
2015-10-20 17:35:54 : Training Troops...
2015-10-20 17:36:04 : Spell Factory Full
2015-10-20 17:36:07 : Time Idle: 00:32:23
2015-10-20 17:36:07 : ====== Waiting for full army ======
2015-10-20 17:36:19 : Checking Army Camp...
2015-10-20 17:36:21 : Total Army Camp capacity: 191/220
2015-10-20 17:36:22 :  - No. of Archers: 11
2015-10-20 17:36:22 :  - No. of Giants: 20
2015-10-20 17:36:22 :  - No. of Wallbreakers: 4
2015-10-20 17:36:22 :  - No. of Wizards: 18
2015-10-20 17:36:22 : Training Troops...
2015-10-20 17:36:32 : Spell Factory Full
2015-10-20 17:36:35 : Time Idle: 00:32:50
2015-10-20 17:36:35 : ====== Waiting for full army ======
2015-10-20 17:36:47 : Checking Army Camp...
2015-10-20 17:36:49 : Total Army Camp capacity: 191/220
2015-10-20 17:36:50 :  - No. of Archers: 11
2015-10-20 17:36:50 :  - No. of Giants: 20
2015-10-20 17:36:50 :  - No. of Wallbreakers: 4
2015-10-20 17:36:50 :  - No. of Wizards: 18
2015-10-20 17:36:50 : Training Troops...
2015-10-20 17:37:00 : Spell Factory Full
2015-10-20 17:37:03 : Time Idle: 00:33:18
2015-10-20 17:37:03 : ====== Waiting for full army ======
2015-10-20 17:37:15 : Checking Army Camp...
2015-10-20 17:37:17 : Total Army Camp capacity: 207/220
2015-10-20 17:37:18 :  - No. of Archers: 11
2015-10-20 17:37:18 :  - No. of Giants: 20
2015-10-20 17:37:18 :  - No. of Wallbreakers: 4
2015-10-20 17:37:18 :  - No. of Wizards: 22
2015-10-20 17:37:18 : Training Troops...
2015-10-20 17:37:29 : Spell Factory Full
2015-10-20 17:37:31 : Time Idle: 00:33:46
2015-10-20 17:37:32 : ====== Waiting for full army ======
2015-10-20 17:37:43 : Checking Army Camp...
2015-10-20 17:37:45 : Total Army Camp capacity: 207/220
2015-10-20 17:37:46 :  - No. of Archers: 11
2015-10-20 17:37:46 :  - No. of Giants: 20
2015-10-20 17:37:46 :  - No. of Wallbreakers: 4
2015-10-20 17:37:47 :  - No. of Wizards: 22
2015-10-20 17:37:47 : Training Troops...
2015-10-20 17:37:57 : Spell Factory Full
2015-10-20 17:38:00 : Time Idle: 00:34:14
2015-10-20 17:38:00 : ====== Waiting for full army ======
2015-10-20 17:38:12 : Collecting Resources
2015-10-20 17:38:18 : Checking Army Camp...
2015-10-20 17:38:20 : Total Army Camp capacity: 207/220
2015-10-20 17:38:20 :  - No. of Archers: 11
2015-10-20 17:38:21 :  - No. of Giants: 20
2015-10-20 17:38:21 :  - No. of Wallbreakers: 4
2015-10-20 17:38:21 :  - No. of Wizards: 22
2015-10-20 17:38:21 : Training Troops...
2015-10-20 17:38:24 : Training Overview Window didn't open
2015-10-20 17:38:25 : Another Device has connected, waiting 2 minutes 0 seconds
2015-10-20 17:39:17 : ClashGameBot was Paused!
2015-10-20 17:40:37 : ClashGameBot was Resumed.
2015-10-20 17:40:40 : Waiting for Main Screen
2015-10-20 17:40:41 : Trying to locate Main Screen
2015-10-20 17:40:41 : Main Screen Located
2015-10-20 17:40:43 : Village Report
2015-10-20 17:40:43 : No. of Free/Total Builders: 2/5
2015-10-20 17:40:43 :  [T]: 2 734
2015-10-20 17:40:43 :  [G]: 408 690 [E]: 193 755 [D]: 137 761 [GEM]: 5 335
2015-10-20 17:40:44 : Collecting Resources
2015-10-20 17:40:53 : Checking Army Camp...
2015-10-20 17:40:55 : Total Army Camp capacity: 200/220
2015-10-20 17:40:56 :  - No. of Giants: 20
2015-10-20 17:40:56 :  - No. of Wallbreakers: 6
2015-10-20 17:40:56 :  - No. of Wizards: 22
2015-10-20 17:40:56 : Training Troops...
2015-10-20 17:41:07 : Spell Factory Full
2015-10-20 17:41:14 : ====== Waiting for full army ======
2015-10-20 17:41:26 : Checking Army Camp...
2015-10-20 17:41:28 : Total Army Camp capacity: 204/220
2015-10-20 17:41:28 :  - No. of Giants: 20
2015-10-20 17:41:29 :  - No. of Wallbreakers: 8
2015-10-20 17:41:29 :  - No. of Wizards: 22
2015-10-20 17:41:29 : Training Troops...
2015-10-20 17:41:40 : Spell Factory Full
2015-10-20 17:41:42 : Time Idle: 00:00:28
2015-10-20 17:41:43 : ====== Waiting for full army ======
2015-10-20 17:41:55 : Checking Army Camp...
2015-10-20 17:41:57 : Total Army Camp capacity: 204/220
2015-10-20 17:41:57 :  - No. of Giants: 20
2015-10-20 17:41:57 :  - No. of Wallbreakers: 8
2015-10-20 17:41:58 :  - No. of Wizards: 22
2015-10-20 17:41:58 : Training Troops...
2015-10-20 17:42:09 : Spell Factory Full
2015-10-20 17:42:11 : Time Idle: 00:00:57
2015-10-20 17:42:11 : ====== Waiting for full army ======
2015-10-20 17:42:23 : Checking Army Camp...
2015-10-20 17:42:25 : Total Army Camp capacity: 204/220
2015-10-20 17:42:26 :  - No. of Giants: 20
2015-10-20 17:42:26 :  - No. of Wallbreakers: 8
2015-10-20 17:42:26 :  - No. of Wizards: 22
2015-10-20 17:42:26 : Training Troops...
2015-10-20 17:42:37 : Spell Factory Full
2015-10-20 17:42:40 : Time Idle: 00:01:25
2015-10-20 17:42:40 : ====== Waiting for full army ======
2015-10-20 17:42:52 : Checking Army Camp...
2015-10-20 17:42:54 : Total Army Camp capacity: 204/220
2015-10-20 17:42:55 :  - No. of Giants: 20
2015-10-20 17:42:55 :  - No. of Wallbreakers: 8
2015-10-20 17:42:55 :  - No. of Wizards: 22
2015-10-20 17:42:55 : Training Troops...
2015-10-20 17:43:06 : Spell Factory Full
2015-10-20 17:43:09 : Time Idle: 00:01:54
2015-10-20 17:43:09 : ====== Waiting for full army ======
2015-10-20 17:43:21 : Checking Army Camp...
2015-10-20 17:43:23 : Total Army Camp capacity: 204/220
2015-10-20 17:43:24 :  - No. of Giants: 20
2015-10-20 17:43:24 :  - No. of Wallbreakers: 8
2015-10-20 17:43:24 :  - No. of Wizards: 22
2015-10-20 17:43:24 : Training Troops...
2015-10-20 17:43:35 : Spell Factory Full
2015-10-20 17:43:38 : Time Idle: 00:02:22
2015-10-20 17:43:38 : ====== Waiting for full army ======
2015-10-20 17:43:50 : Checking Army Camp...
2015-10-20 17:43:52 : Total Army Camp capacity: 204/220
2015-10-20 17:43:53 :  - No. of Giants: 20
2015-10-20 17:43:53 :  - No. of Wallbreakers: 8
2015-10-20 17:43:53 :  - No. of Wizards: 22
2015-10-20 17:43:53 : Training Troops...
2015-10-20 17:44:04 : Spell Factory Full
2015-10-20 17:44:06 : Time Idle: 00:02:51
2015-10-20 17:44:07 : ====== Waiting for full army ======
2015-10-20 17:44:19 : Checking Army Camp...
2015-10-20 17:44:20 : Total Army Camp capacity: 204/220
2015-10-20 17:44:21 :  - No. of Giants: 20
2015-10-20 17:44:21 :  - No. of Wallbreakers: 8
2015-10-20 17:44:22 :  - No. of Wizards: 22
2015-10-20 17:44:22 : Training Troops...
2015-10-20 17:44:39 : Spell Factory not found...
2015-10-20 17:44:42 : Time Idle: 00:03:26
2015-10-20 17:44:42 : ====== Waiting for full army ======
2015-10-20 17:44:47 : ClashGameBot was Paused!
2015-10-20 17:45:20 : ClashGameBot was Resumed.
2015-10-20 17:45:27 : Checking Army Camp...
2015-10-20 17:45:28 : Total Army Camp capacity: 212/220
2015-10-20 17:45:29 :  - No. of Giants: 20
2015-10-20 17:45:29 :  - No. of Wallbreakers: 8
2015-10-20 17:45:30 :  - No. of Wizards: 24
2015-10-20 17:45:30 : Training Troops...
2015-10-20 17:45:41 : Spell Factory Full
2015-10-20 17:45:43 : Time Idle: 00:04:27
2015-10-20 17:45:43 : ====== Waiting for full army ======
2015-10-20 17:45:55 : Checking Army Camp...
2015-10-20 17:45:57 : Total Army Camp capacity: 212/220
2015-10-20 17:45:58 :  - No. of Giants: 20
2015-10-20 17:45:58 :  - No. of Wallbreakers: 8
2015-10-20 17:45:58 :  - No. of Wizards: 24
2015-10-20 17:45:59 : Training Troops...
2015-10-20 17:46:09 : Spell Factory Full
2015-10-20 17:46:12 : Time Idle: 00:04:56
2015-10-20 17:46:12 : ====== Waiting for full army ======
2015-10-20 17:46:24 : Checking Army Camp...
2015-10-20 17:46:26 : Total Army Camp capacity: 212/220
2015-10-20 17:46:27 :  - No. of Giants: 20
2015-10-20 17:46:27 :  - No. of Wallbreakers: 8
2015-10-20 17:46:27 :  - No. of Wizards: 24
2015-10-20 17:46:27 : Training Troops...
2015-10-20 17:46:38 : Spell Factory Full
2015-10-20 17:46:41 : Time Idle: 00:05:24
2015-10-20 17:46:41 : ====== Waiting for full army ======
2015-10-20 17:46:52 : Collecting Resources
2015-10-20 17:46:58 : Checking Army Camp...
2015-10-20 17:47:00 : Total Army Camp capacity: 212/220
2015-10-20 17:47:01 :  - No. of Giants: 20
2015-10-20 17:47:01 :  - No. of Wallbreakers: 8
2015-10-20 17:47:01 :  - No. of Wizards: 24
2015-10-20 17:47:01 : Training Troops...
2015-10-20 17:47:12 : Spell Factory Full
2015-10-20 17:47:15 : Time Idle: 00:05:58
2015-10-20 17:47:15 : ====== Waiting for full army ======
2015-10-20 17:47:27 : Checking Army Camp...
2015-10-20 17:47:29 : Total Army Camp capacity: 220/220
2015-10-20 17:47:30 :  - No. of Giants: 20
2015-10-20 17:47:30 :  - No. of Wallbreakers: 12
2015-10-20 17:47:30 :  - No. of Wizards: 24
2015-10-20 17:47:30 : Training Troops...
2015-10-20 17:47:31 : Your Army Camps are now Full
2015-10-20 17:47:49 : Spell Factory Full
2015-10-20 17:47:51 : Going to Attack...
2015-10-20 17:47:57 : ============== Searching For Dead Base ===============
2015-10-20 17:47:57 : ~~~~~~~~~~~~~~~ SEARCH CONDITIONS ~~~~~~~~~~~~~~~~
2015-10-20 17:47:57 : , Max TH 8
2015-10-20 17:47:57 : ~~~~~~~~~~~~~~ RESOURCE CONDITIONS ~~~~~~~~~~~~~~~
2015-10-20 17:47:57 : Aim:           [G+E+D]: 425000 [T]: 0 [TH]: 8 for: Dead Base
2015-10-20 17:47:57 : ============== Searching For Live Base ===============
2015-10-20 17:47:57 : ~~~~~~~~~~~~~~~ SEARCH CONDITIONS ~~~~~~~~~~~~~~~~
2015-10-20 17:47:57 : , Max TH 8
2015-10-20 17:47:57 : ~~~~~~~~~~~~~~ RESOURCE CONDITIONS ~~~~~~~~~~~~~~~
2015-10-20 17:47:57 : Aim:           [G+E+D]: 425000 [T]: 0 [TH]: 8 for: Live Base
2015-10-20 17:47:57 : ==================================================
2015-10-20 17:47:58 :   1> [G]:  14706 [E]:  46602 [D]:  731 [T]:21 [TH]:10, In
2015-10-20 17:48:06 :   2> [G]: 159386 [E]: 104868 [D]:  575 [T]:33 [TH]:10, In
2015-10-20 17:48:12 :   3> [G]:  24893 [E]:  16905 [D]:  731 [T]:13 [TH]:10, In
2015-10-20 17:48:16 :   4> [G]: 271945 [E]: 101913 [D]:  449 [T]:26 [TH]:10, In
2015-10-20 17:48:19 :   5> [G]: 165692 [E]:  48421 [D]: 1330 [T]:15 [TH]: 9, In
2015-10-20 17:48:26 :   6> [G]:   9070 [E]: 109146 [D]:  673 [T]:14 [TH]:10, In
2015-10-20 17:48:31 :   7> [G]:  10161 [E]:  84840 [D]:  515 [T]:14 [TH]: 9, In
2015-10-20 17:48:33 :   8> [G]: 118190 [E]:  37617 [D]:  535 [T]:21 [TH]:10, In
2015-10-20 17:48:41 :   9> [G]:  17327 [E]:  60866 [D]:  915 [T]:20 [TH]: 9, In
2015-10-20 17:48:43 :  10> [G]:   7047 [E]:  29337 [D]:  871 [T]:25 [TH]:10, In
2015-10-20 17:48:50 :  11> [G]:  66087 [E]:  53841 [D]:  358 [T]:14 [TH]:10, In
2015-10-20 17:48:54 :  12> [G]: 314515 [E]: 274729 [D]: 3087 [T]:13 [TH]: 9, In
2015-10-20 17:48:59 :  13> [G]:  26229 [E]:  95158 [D]: 1249 [T]:15 [TH]: 9, In
2015-10-20 17:49:01 :  14> [G]: 146654 [E]:  13361 [D]:  736 [T]:31 [TH]:10, In
2015-10-20 17:49:09 :  15> [G]: 196605 [E]: 217630 [D]: 1643 [T]:33 [TH]:10, In
2015-10-20 17:49:12 :  16> [G]:  43581 [E]:  54701 [D]: 1224 [T]:19 [TH]: 9, In
2015-10-20 17:49:19 :  17> [G]: 105805 [E]: 110506 [D]: 3655 [T]:21 [TH]:10, In
2015-10-20 17:49:22 :  18> [G]:   2428 [E]: 116221 [D]:  639 [T]: 9 [TH]: 9, In
2015-10-20 17:49:29 :  19> [G]:  50298 [E]:  19332 [D]: 1634 [T]:25 [TH]:10, In
2015-10-20 17:49:32 :  20> [G]:  35882 [E]:  81241 [D]:   76 [T]:30 [TH]: 9, In
2015-10-20 17:49:39 :  21> [G]:  99139 [E]:  87391 [D]:  897 [T]:21 [TH]: 9, In
2015-10-20 17:49:44 :  22> [G]:  39939 [E]: 246066 [D]: 2025 [T]:15 [TH]:10, In
2015-10-20 17:49:46 :  23> [G]:  23723 [E]:   4140 [D]: 1443 [T]:27 [TH]:10, In
2015-10-20 17:49:52 :  24> [G]:  66711 [E]:  51812 [D]: 3133 [T]:21 [TH]:10, In
2015-10-20 17:49:56 :  25> [G]: 290349 [E]: 214416 [D]: 1237 [T]: 8 [TH]: 9, In
2015-10-20 17:49:59 :  26> [G]: 174081 [E]: 248262 [D]: 1219 [T]:33 [TH]:10, In
2015-10-20 17:50:05 :  27> [G]:  63308 [E]:  68403 [D]:  473 [T]:14 [TH]: 9, In
2015-10-20 17:50:10 :  28> [G]:  17038 [E]: 109845 [D]: 1127 [T]:18 [TH]:10, In
2015-10-20 17:50:12 :  29> [G]:  18803 [E]: 309524 [D]:  749 [T]:21 [TH]:10, In
2015-10-20 17:50:20 :  30> [G]:  28480 [E]: 159080 [D]: 1785 [T]:15 [TH]:10, In
2015-10-20 17:50:23 :  31> [G]:  43498 [E]:  71341 [D]:  400 [T]:16 [TH]: 9, In
2015-10-20 17:50:30 :  32> [G]:  38611 [E]:  20553 [D]:  909 [T]: 9 [TH]: 9, In
2015-10-20 17:50:34 :  33> [G]: 113205 [E]: 189375 [D]:  619 [T]:17 [TH]:10, In
2015-10-20 17:50:41 :  34> [G]: 316591 [E]: 232757 [D]: 1262 [T]:35 [TH]: 9, In
2015-10-20 17:50:44 :  35> [G]:  39949 [E]:  65192 [D]: 1119 [T]: 8 [TH]: 9, In
2015-10-20 17:50:50 :  36> [G]:  22177 [E]:  34894 [D]: 1197 [T]:10 [TH]: 9, In
2015-10-20 17:50:53 :  37> [G]: 136402 [E]:  93160 [D]:  942 [T]: 9 [TH]: 9, In
2015-10-20 17:51:01 :  38> [G]:  80958 [E]:  80606 [D]: 1092 [T]:34 [TH]:10, In
2015-10-20 17:51:05 :  39> [G]:  54391 [E]:  77815 [D]: 1268 [T]:26 [TH]: 9, In
2015-10-20 17:51:10 :  40> [G]:  90790 [E]: 112251 [D]:  721 [T]:20 [TH]:10, In
2015-10-20 17:51:12 :  41> [G]:  24398 [E]:  46755 [D]:  943 [T]:35 [TH]:10, In
2015-10-20 17:51:20 :  42> [G]: 424626 [E]: 119278 [D]: 3140 [T]:15 [TH]:10, In
2015-10-20 17:51:23 :  43> [G]:  13657 [E]:  11840 [D]:   15 [T]:20 [TH]: 9, In
2015-10-20 17:51:29 :  44> [G]:  23923 [E]:  49909 [D]:  548 [T]: 5 [TH]: 9, In
2015-10-20 17:51:33 :  45> [G]:  88520 [E]:  27650 [D]: 1085 [T]: 8 [TH]: 9, In
2015-10-20 17:51:40 :  46> [G]:  72075 [E]:  53041 [D]:  274 [T]: 6 [TH]: 9, In
2015-10-20 17:51:44 :  47> [G]:   3172 [E]:  77323 [D]:  209 [T]:32 [TH]:10, In
2015-10-20 17:51:47 :  48> [G]:  29450 [E]:   3334 [D]:  289 [T]:17 [TH]: 9, In
2015-10-20 17:51:54 :  49> [G]: 108894 [E]:  76608 [D]:  729 [T]:20 [TH]:10, In
2015-10-20 17:51:57 :  50> [G]:  67569 [E]:  49193 [D]: 2440 [T]:18 [TH]:10, In
2015-10-20 17:51:57 : Aim:           [G+E+D]: 372500 [T]: 0 [TH]: 8 for: Dead Base
2015-10-20 17:51:57 : Aim:           [G+E+D]: 372500 [T]: 0 [TH]: 8 for: Live Base
2015-10-20 17:52:03 :  51> [G]:  94874 [E]:  65663 [D]: 1069 [T]:17 [TH]:10, In
2015-10-20 17:52:06 :  52> [G]:  24978 [E]: 185333 [D]:  744 [T]:28 [TH]: 9, In
2015-10-20 17:52:13 :  53> [G]:  11809 [E]:  72186 [D]:  553 [T]:18 [TH]:10, In
2015-10-20 17:52:16 :  54> [G]: 100889 [E]:  46509 [D]:  633 [T]:18 [TH]: 9, In
2015-10-20 17:52:23 :  55> [G]: 308947 [E]: 213972 [D]: 3448 [T]:24 [TH]:10, In
2015-10-20 17:52:26 :  56> [G]: 164221 [E]:  75235 [D]:  110 [T]:28 [TH]:10, In
2015-10-20 17:52:29 :  57> [G]:  57137 [E]:  21784 [D]:   30 [T]:14 [TH]: 9, In
2015-10-20 17:52:36 :  58> [G]:  49359 [E]:  37028 [D]:  232 [T]:27 [TH]:10, In
2015-10-20 17:52:39 :  59> [G]:  58776 [E]:  76188 [D]: 1047 [T]:12 [TH]: 9, In
2015-10-20 17:52:42 :  60> [G]: 162776 [E]: 223058 [D]: 1051 [T]:39 [TH]: 9, In
2015-10-20 17:52:49 :  61> [G]:  57985 [E]: 228446 [D]: 2360 [T]:17 [TH]:10, In
2015-10-20 17:52:52 :  62> [G]:  28351 [E]:  41303 [D]:  738 [T]:24 [TH]: 9, In
2015-10-20 17:52:59 :  63> [G]: 117264 [E]: 420157 [D]: 2387 [T]:21 [TH]:10, In
2015-10-20 17:53:02 :  64> [G]:  13720 [E]:   2882 [D]:  537 [T]: 3 [TH]: 8, In
2015-10-20 17:53:05 :  65> [G]:  43141 [E]:  66084 [D]: 1539 [T]:14 [TH]: 9, In
2015-10-20 17:53:11 :  66> [G]:  74134 [E]: 205551 [D]: 1104 [T]:16 [TH]: 9, In
2015-10-20 17:53:14 :  67> [G]:  16609 [E]:  28755 [D]:  355 [T]:17 [TH]: 9, In
2015-10-20 17:53:20 :  68> [G]:  32625 [E]:  44970 [D]:  558 [T]:28 [TH]:10, In
2015-10-20 17:53:23 :  69> [G]:  53054 [E]:  33582 [D]:  371 [T]:16 [TH]: 9, In
2015-10-20 17:53:30 :  70> [G]:  81364 [E]:  95471 [D]:  859 [T]: 8 [TH]: 9, In
2015-10-20 17:53:33 :  71> [G]: 102364 [E]:  84425 [D]:  720 [T]:25 [TH]:10, In
2015-10-20 17:53:40 :  72> [G]: 114122 [E]:  50617 [D]:  571 [T]: 7 [TH]: 9, In
2015-10-20 17:53:43 :  73> [G]: 130645 [E]: 162360 [D]: 1190 [T]:29 [TH]: 9, In
2015-10-20 17:53:49 :  74> [G]:  75768 [E]: 148620 [D]:  816 [T]: 6 [TH]: 9, In
2015-10-20 17:53:52 :  75> [G]: 109203 [E]: 133629 [D]: 1095 [T]:25 [TH]: 9, In
2015-10-20 17:53:58 :  76> [G]:  15128 [E]:  51891 [D]:   51 [T]: 6 [TH]: 9, In
2015-10-20 17:54:01 :  77> [G]:  85122 [E]:  84693 [D]: 2053 [T]:29 [TH]:10, In
2015-10-20 17:54:08 :  78> [G]:  14934 [E]:  52257 [D]:  113 [T]: 2 [TH]: 8, In
2015-10-20 17:54:11 :  79> [G]:  52526 [E]:  15257 [D]: 1053 [T]:11 [TH]: 9, In
2015-10-20 17:54:18 :  80> [G]:   6702 [E]:  88612 [D]:  668 [T]: 2 [TH]: 8, In
2015-10-20 17:54:21 :  81> [G]: 291316 [E]: 242373 [D]: 1693 [T]:22 [TH]:10, In
2015-10-20 17:54:28 :  82> [G]: 305609 [E]:  50357 [D]:  915 [T]:18 [TH]:10, In
2015-10-20 17:54:31 :  83> [G]:   7119 [E]:  34163 [D]:  633 [T]:32 [TH]: 9, In
2015-10-20 17:54:38 :  84> [G]: 118718 [E]:  83976 [D]: 1071 [T]: 4 [TH]: 9, In
2015-10-20 17:54:41 :  85> [G]: 125999 [E]: 152696 [D]: 1456 [T]: 5 [TH]: 8, Out
2015-10-20 17:54:41 : ~~~~~~~~~~~~~~ DE Side Base Found! ~~~~~~~~~~~~~~~
2015-10-20 17:54:43 : ================ Search Complete =================
2015-10-20 17:54:43 : Initiating attack for: Live Base
2015-10-20 17:54:45 : -Giants 11
2015-10-20 17:54:45 : -Wall Breakers 12
2015-10-20 17:54:45 : -Wizards 24
2015-10-20 17:54:45 : -Clan Castle 
2015-10-20 17:54:45 : -King 
2015-10-20 17:54:45 : -Queen 
2015-10-20 17:54:45 : -Heal Spells 2
2015-10-20 17:54:45 : -Rage Spells 2
2015-10-20 17:54:45 : -Poison Spells 1
2015-10-20 17:54:45 :  ====== Start Attack ====== 
2015-10-20 17:54:47 : Attacking on Dark Elixir Side.
2015-10-20 17:54:48 : == DE lixir Storage : [476,339] ==
2015-10-20 17:54:49 : DE Storage Located Bottom Right... Attacking Bottom Right
2015-10-20 17:54:50 : Dropping only wave of 11 Giants
2015-10-20 17:54:52 : Dropping first wave of 6 Wall Breakers
2015-10-20 17:54:54 : Dropping Clan Castle
2015-10-20 17:54:55 : Spell drop point: 520, 394
2015-10-20 17:54:55 : Dropping spell in slot 6
2015-10-20 17:54:56 : Dropping spell in slot 7
2015-10-20 17:54:56 : Dropping second wave of 6 Wall Breakers
2015-10-20 17:54:58 : Dropping only wave of 24 Wizards
2015-10-20 17:55:01 : Dropping King
2015-10-20 17:55:02 : Dropping Queen
2015-10-20 17:55:03 : Dropping left over troops
2015-10-20 17:55:03 : Checking remaining unused troops for: Live Base
2015-10-20 17:55:05 : -Giants 1
2015-10-20 17:55:05 : -Clan Castle 
2015-10-20 17:55:05 : -Heal Spells 1
2015-10-20 17:55:05 : -Rage Spells 1
2015-10-20 17:55:05 : -Poison Spells 1
2015-10-20 17:55:06 : Dropping last wave of 1 Giants
2015-10-20 17:55:14 : Checking remaining unused troops for: Live Base
2015-10-20 17:55:16 : -Giants 1
2015-10-20 17:55:16 : -Clan Castle 
2015-10-20 17:55:16 : -Heal Spells 1
2015-10-20 17:55:16 : -Rage Spells 1
2015-10-20 17:55:16 : -Poison Spells 1
2015-10-20 17:55:17 : Dropping last wave of 1 Giants
2015-10-20 17:55:26 : Finished Attacking, waiting for the battle to end
2015-10-20 17:55:26 : Checking if the battle has finished
2015-10-20 17:55:27 : King is getting weak, Activating King's power
2015-10-20 17:55:28 : detected [G]: 83197 [E]: 50713 [DE]: 335 |  Exit in 58 sec.
2015-10-20 17:55:28 : Gold & Elixir & DE change detected, waiting...
2015-10-20 17:55:31 : detected [G]: 83197 [E]: 50713 [DE]: 0 |  Exit in 58 sec.
2015-10-20 17:55:32 : detected [G]: 83197 [E]: 50713 [DE]: 0 |  Exit in 57 sec.
2015-10-20 17:55:33 : detected [G]: 82760 [E]: 50713 [DE]: 0 |  Exit in 56 sec.
2015-10-20 17:55:33 : Gold & Elixir & DE change detected, waiting...
2015-10-20 17:55:36 : detected [G]: 71466 [E]: 50713 [DE]: 0 |  Exit in 58 sec.
2015-10-20 17:55:36 : Gold & Elixir & DE change detected, waiting...
2015-10-20 17:55:39 : detected [G]: 60547 [E]: 50713 [DE]: 0 |  Exit in 58 sec.
2015-10-20 17:55:39 : Gold & Elixir & DE change detected, waiting...
2015-10-20 17:55:42 : detected [G]: 54327 [E]: 50713 [DE]: 0 |  Exit in 58 sec.
2015-10-20 17:55:42 : Gold & Elixir & DE change detected, waiting...
2015-10-20 17:55:45 : detected [G]: 43070 [E]: 46465 [DE]: 0 |  Exit in 58 sec.
2015-10-20 17:55:45 : Gold & Elixir & DE change detected, waiting...
2015-10-20 17:55:48 : detected [G]: 41588 [E]: 42193 [DE]: 0 |  Exit in 58 sec.
2015-10-20 17:55:49 : detected [G]: 40602 [E]: 33169 [DE]: 0 |  Exit in 57 sec.
2015-10-20 17:55:49 : Gold & Elixir & DE change detected, waiting...
2015-10-20 17:55:52 : detected [G]: 28561 [E]: 14662 [DE]: 0 |  Exit in 58 sec.
2015-10-20 17:55:52 : Gold & Elixir & DE change detected, waiting...
2015-10-20 17:55:55 : detected [G]: 15532 [E]: 817 [DE]: 0 |  Exit in 58 sec.
2015-10-20 17:55:55 : Gold & Elixir & DE change detected, waiting...
2015-10-20 17:55:58 : detected [G]: 126 [E]: 153 [DE]: 0 |  Exit in 58 sec.
2015-10-20 17:55:58 : Gold & Elixir & DE change detected, waiting...
2015-10-20 17:56:01 : detected [G]: 126 [E]: 153 [DE]: 0 |  Exit in 58 sec.
2015-10-20 17:56:02 : detected [G]: 126 [E]: 153 [DE]: 0 |  Exit in 57 sec.
2015-10-20 17:56:03 : detected [G]: 126 [E]: 153 [DE]: 0 |  Exit in 56 sec.
2015-10-20 17:56:04 : detected [G]: 126 [E]: 153 [DE]: 0 |  Exit in 55 sec.
2015-10-20 17:56:06 : detected [G]: 126 [E]: 153 [DE]: 0 |  Exit in 53 sec.
2015-10-20 17:56:07 : detected [G]: 126 [E]: 153 [DE]: 0 |  Exit in 52 sec.
2015-10-20 17:56:08 : detected [G]: 126 [E]: 153 [DE]:  |  Exit in 51 sec.
2015-10-20 17:56:08 : Gold & Elixir & DE no change detected, exit
2015-10-20 17:56:08 : Activating Queen's power to restore some health before EndBattle
2015-10-20 17:56:08 : Returning Home
2015-10-20 17:56:13 : Bonus [G]: 100 000 [E]: 100 000 [DE]: 500
2015-10-20 17:56:16 : Your league level is: Master III
2015-10-20 17:56:16 : Stars earned: 2
2015-10-20 17:56:16 : Loot: [G]: 125 873 [E]: 152 543 [DE]: 1 456 [T]: 3
2015-10-20 17:56:16 : Taking snapshot of your loot
2015-10-20 17:56:21 : Trying to locate Main Screen
2015-10-20 17:56:21 : Main Screen Located
2015-10-20 17:56:23 : Village Report
2015-10-20 17:56:23 : No. of Free/Total Builders: 2/5
2015-10-20 17:56:23 :  [T]: 2 737
2015-10-20 17:56:23 :  [G]: 570 813 [E]: 266 298 [D]: 139 737 [GEM]: 5 335
2015-10-20 17:56:24 : Collecting Resources
2015-10-20 17:56:28 : ClashGameBot was Paused!
