2015-10-22 07:39:20 :  Clash Game Bot v4.1.1 Modded Powered by GameBot.org ~
2015-10-22 07:39:20 : GameBot.org.exe Executable running on WIN_81  X64
2015-10-22 07:39:20 : =================== Bot Start ====================
2015-10-22 07:39:20 : -------------------------  Current Profile: 01 --------------------------
2015-10-22 07:39:21 : Trying to locate Main Screen
2015-10-22 07:39:21 : Main Screen Located
2015-10-22 07:39:22 : Detecting your Buildings..
2015-10-22 07:39:27 : Language setting is English: Correct.
2015-10-22 07:39:28 : Trying to locate Main Screen
2015-10-22 07:39:28 : Main Screen Located
2015-10-22 07:39:30 : Village Report
2015-10-22 07:39:30 : No. of Free/Total Builders: 0/5
2015-10-22 07:39:30 :  [T]: 2 692
2015-10-22 07:39:30 :  [G]: 2 485 402 [E]: 1 282 691 [D]: 11 916 [GEM]: 5 335
2015-10-22 07:39:31 : Collecting Resources
2015-10-22 07:39:40 : Checking Army Camp...
2015-10-22 07:39:42 : Total Army Camp capacity: 220/220
2015-10-22 07:39:43 :  - No. of Balloons: 28
2015-10-22 07:39:43 :  - No. of Minions: 40
2015-10-22 07:39:43 : Barracks and Spell factory status: 
2015-10-22 07:39:43 : - Barracks detected: 4 | Available: 4 | Upgrading: 0
2015-10-22 07:39:43 : - Dark Barracks detected: 2 | Available: 2 | Upgrading: 0
2015-10-22 07:39:43 : - Spell factory detected: 1 | Available: 1 | Upgrading: 0
2015-10-22 07:39:43 : - Dark Spell factory detected: 1 | Available: 1 | Upgrading: 0
2015-10-22 07:39:43 : Training Troops...
2015-10-22 07:39:44 : Your Army Camps are now Full
2015-10-22 07:39:44 : Too many Ball, train last.
2015-10-22 07:39:44 : Too many Mini, train last.
2015-10-22 07:40:27 : Spell Factory Full
2015-10-22 07:40:27 : Created 1 Spell(s)
2015-10-22 07:40:29 : ClashGameBot was Paused!
2015-10-22 07:40:35 : ClashGameBot was Resumed.
2015-10-22 07:40:40 : Going to Attack...
2015-10-22 07:40:46 : ============== Searching For Dead Base ===============
2015-10-22 07:40:46 : ~~~~~~~~~~~~~~~ SEARCH CONDITIONS ~~~~~~~~~~~~~~~~
2015-10-22 07:40:46 : , Max TH 8
2015-10-22 07:40:46 : ~~~~~~~~~~~~~~ RESOURCE CONDITIONS ~~~~~~~~~~~~~~~
2015-10-22 07:40:46 : Aim:           [G+E+D]: 425000 [T]: 0 [TH]: 8 for: Dead Base
2015-10-22 07:40:46 : ============== Searching For Live Base ===============
2015-10-22 07:40:46 : ~~~~~~~~~~~~~~~ SEARCH CONDITIONS ~~~~~~~~~~~~~~~~
2015-10-22 07:40:46 : , Max TH 8
2015-10-22 07:40:46 : ~~~~~~~~~~~~~~ RESOURCE CONDITIONS ~~~~~~~~~~~~~~~
2015-10-22 07:40:46 : Aim:           [G+E+D]: 425000 [T]: 0 [TH]: 8 for: Live Base
2015-10-22 07:40:46 : ~~~~~~~~~~~~~~~ ADVANCED SETTINGS ~~~~~~~~~~~~~~~~
2015-10-22 07:40:46 : THSnipe Combo, 2 Tile(s), 
2015-10-22 07:40:46 : ==================================================
2015-10-22 07:40:47 : Trying to locate Main Screen
2015-10-22 07:40:48 : Another Device has connected, waiting 2 minutes 0 seconds
2015-10-22 07:42:50 : Waiting for Main Screen
2015-10-22 07:42:50 : Main Screen Located
2015-10-22 07:42:50 : Cannot locate Next button, Restarting Bot...
2015-10-22 07:42:52 : Trying to locate Main Screen
2015-10-22 07:42:52 : Main Screen Located
2015-10-22 07:42:52 : Restarted after Out of Sync Error: Attack Now
2015-10-22 07:42:52 : Going to Attack...
2015-10-22 07:42:58 : ============== Searching For Dead Base ===============
2015-10-22 07:42:58 : ~~~~~~~~~~~~~~~ SEARCH CONDITIONS ~~~~~~~~~~~~~~~~
2015-10-22 07:42:58 : , Max TH 8
2015-10-22 07:42:58 : ~~~~~~~~~~~~~~ RESOURCE CONDITIONS ~~~~~~~~~~~~~~~
2015-10-22 07:42:58 : Aim:           [G+E+D]: 425000 [T]: 0 [TH]: 8 for: Dead Base
2015-10-22 07:42:58 : ============== Searching For Live Base ===============
2015-10-22 07:42:58 : ~~~~~~~~~~~~~~~ SEARCH CONDITIONS ~~~~~~~~~~~~~~~~
2015-10-22 07:42:58 : , Max TH 8
2015-10-22 07:42:58 : ~~~~~~~~~~~~~~ RESOURCE CONDITIONS ~~~~~~~~~~~~~~~
2015-10-22 07:42:58 : Aim:           [G+E+D]: 425000 [T]: 0 [TH]: 8 for: Live Base
2015-10-22 07:42:58 : ~~~~~~~~~~~~~~~ ADVANCED SETTINGS ~~~~~~~~~~~~~~~~
2015-10-22 07:42:58 : THSnipe Combo, 2 Tile(s), 
2015-10-22 07:42:58 : ==================================================
2015-10-22 07:43:00 :   1> [G]: 151903 [E]: 163859 [D]:  214 [T]:23 [TH]: 9, In
2015-10-22 07:43:03 :   2> [G]: 109590 [E]: 147652 [D]: 1154 [T]:24 [TH]: 9, In
2015-10-22 07:43:09 :   3> [G]:  75234 [E]:  91580 [D]: 2669 [T]:29 [TH]:10, In
2015-10-22 07:43:14 :   4> [G]:  27326 [E]:  28857 [D]:  442 [T]:18 [TH]:10, In
2015-10-22 07:43:18 :   5> [G]:  81534 [E]: 119046 [D]:  716 [T]:21 [TH]:10, In
2015-10-22 07:43:21 :   6> [G]:  20894 [E]:  68837 [D]:  367 [T]:20 [TH]: 9, In
2015-10-22 07:43:28 :   7> [G]:  20198 [E]: 273321 [D]:  591 [T]:20 [TH]: 9, In
2015-10-22 07:43:31 :   8> [G]:  60682 [E]:  68622 [D]: 1191 [T]:21 [TH]: 9, In
2015-10-22 07:43:39 :   9> [G]: 168763 [E]: 105654 [D]: 1519 [T]:15 [TH]:10, In
2015-10-22 07:43:42 :  10> [G]:  54782 [E]: 124572 [D]:  331 [T]:26 [TH]: 9, In
2015-10-22 07:43:49 :  11> [G]: 330350 [E]: 244494 [D]:   90 [T]:13 [TH]: 9, In
2015-10-22 07:43:52 :  12> [G]:  89561 [E]:  24344 [D]:  854 [T]:23 [TH]: 9, In
2015-10-22 07:43:58 :  13> [G]:  34205 [E]:  84248 [D]: 1317 [T]:12 [TH]: 9, In
2015-10-22 07:44:01 :  14> [G]: 191976 [E]: 202888 [D]: 2400 [T]:29 [TH]:10, In
2015-10-22 07:44:08 :  15> [G]:  40091 [E]:  17155 [D]:  242 [T]:17 [TH]: 9, In
2015-10-22 07:44:14 :  16> [G]:  40380 [E]:  92969 [D]:  207 [T]:23 [TH]:10, In
2015-10-22 07:44:16 :  17> [G]:  19176 [E]:  10872 [D]:  669 [T]:25 [TH]:10, In
2015-10-22 07:44:24 :  18> [G]:  39862 [E]:  33213 [D]:  346 [T]:18 [TH]: 9, In
2015-10-22 07:44:27 :  19> [G]: 164998 [E]:  99819 [D]: 1692 [T]:18 [TH]: 9, In
2015-10-22 07:44:30 :  20> [G]:  90996 [E]:  87530 [D]: 1421 [T]:33 [TH]: 9, In
2015-10-22 07:44:36 :  21> [G]:  16816 [E]:  13320 [D]: 1653 [T]:17 [TH]: 9, In
2015-10-22 07:44:40 :  22> [G]: 105908 [E]: 246920 [D]: 1359 [T]:21 [TH]:10, In
2015-10-22 07:44:45 :  23> [G]: 225969 [E]:  83990 [D]: 2374 [T]:32 [TH]:10, In
2015-10-22 07:44:47 :  24> [G]:  93716 [E]: 166692 [D]: 1021 [T]:30 [TH]: 9, In
2015-10-22 07:44:54 :  25> [G]:  42543 [E]:  95260 [D]: 1729 [T]:16 [TH]: 9, In
2015-10-22 07:44:58 :  26> [G]: 226190 [E]: 441212 [D]: 3483 [T]:27 [TH]:10, In
2015-10-22 07:45:01 :  27> [G]: 172952 [E]:  82768 [D]:  928 [T]:20 [TH]: 9, In
2015-10-22 07:45:07 :  28> [G]:  97430 [E]: 182025 [D]: 1256 [T]:19 [TH]: 9, In
2015-10-22 07:45:10 :  29> [G]: 122970 [E]: 153958 [D]: 1954 [T]:26 [TH]: 9, In
2015-10-22 07:45:16 :  30> [G]:  82319 [E]:  17144 [D]:  800 [T]:14 [TH]: 9, In
2015-10-22 07:45:18 :  31> [G]:  82284 [E]: 159454 [D]:  732 [T]:19 [TH]:10, In
2015-10-22 07:45:26 :  32> [G]:  89834 [E]: 109972 [D]:  675 [T]:15 [TH]: 9, In
2015-10-22 07:45:28 :  33> [G]: 282590 [E]: 181126 [D]: 3009 [T]:34 [TH]:10, Out
2015-10-22 07:45:28 : ~~~~~~~~~~~~~~~ TH Outside Found! ~~~~~~~~~~~~~~~~
2015-10-22 07:45:30 : ================ Search Complete =================
2015-10-22 07:45:30 : Initiating attack for: TH Snipe
2015-10-22 07:45:32 : -Balloons 28
2015-10-22 07:45:32 : -Minions 40
2015-10-22 07:45:32 : -Clan Castle 
2015-10-22 07:45:32 : -Heal Spells 2
2015-10-22 07:45:32 : -Rage Spells 2
2015-10-22 07:45:32 : -Poison Spells 1
2015-10-22 07:45:32 :  ====== Start Attack ====== 
2015-10-22 07:45:34 :  Image adv 4 , 3 Tol: C:\Users\Matt\Downloads\CGB v4.1.1 (Modded)\images\TH\Th10_4.bmp - Coords:417 , 567
2015-10-22 07:45:34 : Sending 1st wave of archers.
2015-10-22 07:45:34 : No  troop Found!!!
2015-10-22 07:45:34 : No  troop Found!!!
2015-10-22 07:46:06 : Sending second wave of archers.
2015-10-22 07:46:06 : No  troop Found!!!
2015-10-22 07:46:38 : Still no star - Let's send in more diverse troops!
2015-10-22 07:46:38 : No  troop Found!!!
2015-10-22 07:46:38 : No  troop Found!!!
2015-10-22 07:46:38 : No  troop Found!!!
2015-10-22 07:46:38 : No  troop Found!!!
2015-10-22 07:46:39 : No  troop Found!!!
2015-10-22 07:46:39 : No  troop Found!!!
2015-10-22 07:47:11 : Hope the rest of your troops can finish the job!
2015-10-22 07:47:11 : No  troop Found!!!
2015-10-22 07:47:11 : Dropping Clan Castle
2015-10-22 07:47:11 : Attacking Th With Master Moderate Zoomed Mod ...
2015-10-22 07:47:12 : Zooming in a little and scrolling to bottom ...
2015-10-22 07:47:22 : No  troop Found!!!
2015-10-22 07:47:22 : No  troop Found!!!
2015-10-22 07:47:22 : No  troop Found!!!
2015-10-22 07:47:22 : No  troop Found!!!
2015-10-22 07:47:22 : No  troop Found!!!
2015-10-22 07:47:22 : No  troop Found!!!
2015-10-22 07:47:40 : Townhall has been destroyed!
2015-10-22 07:47:41 : Zooming Out
2015-10-22 07:47:47 : Checking if the battle has finished
2015-10-22 07:47:49 : detected [G]:  [E]:  [DE]:  |  Exit now 
2015-10-22 07:47:49 : Gold & Elixir & DE = 0, end battle 
2015-10-22 07:47:50 : Battle has finished
2015-10-22 07:47:50 : Returning Home
2015-10-22 07:47:55 : Bonus [G]: 100 000 [E]: 100 000 [DE]: 500
2015-10-22 07:47:57 : Your league level is: Master III
2015-10-22 07:47:57 : Stars earned: 1
2015-10-22 07:47:57 : Loot: [G]: 1 000 [E]: 1 000 [DE]:  [T]: 11
2015-10-22 07:47:57 : Taking snapshot of your loot
2015-10-22 07:48:02 : Trying to locate Main Screen
2015-10-22 07:48:02 : Main Screen Located
2015-10-22 07:48:04 : Village Report
2015-10-22 07:48:04 : No. of Free/Total Builders: 0/5
2015-10-22 07:48:04 :  [T]: 2 703
2015-10-22 07:48:04 :  [G]: 2 561 652 [E]: 1 416 691 [D]: 12 424 [GEM]: 5 335
2015-10-22 07:48:04 : Collecting Resources
2015-10-22 07:48:14 : Checking Army Camp...
2015-10-22 07:48:15 : Total Army Camp capacity: 220/220
2015-10-22 07:48:16 :  - No. of Balloons: 28
2015-10-22 07:48:16 :  - No. of Minions: 40
2015-10-22 07:48:17 : Barracks and Spell factory status: 
2015-10-22 07:48:17 : - Barracks detected: 4 | Available: 4 | Upgrading: 0
2015-10-22 07:48:17 : - Dark Barracks detected: 2 | Available: 2 | Upgrading: 0
2015-10-22 07:48:17 : - Spell factory detected: 1 | Available: 1 | Upgrading: 0
2015-10-22 07:48:17 : - Dark Spell factory detected: 1 | Available: 1 | Upgrading: 0
2015-10-22 07:48:17 : Training Troops...
2015-10-22 07:48:18 : Your Army Camps are now Full
2015-10-22 07:48:18 : Too many Ball, train last.
2015-10-22 07:48:18 : Too many Mini, train last.
2015-10-22 07:48:59 : Spell Factory Full
2015-10-22 07:49:06 : Going to Attack...
2015-10-22 07:49:12 : ============== Searching For Dead Base ===============
2015-10-22 07:49:12 : ~~~~~~~~~~~~~~~ SEARCH CONDITIONS ~~~~~~~~~~~~~~~~
2015-10-22 07:49:12 : , Max TH 8
2015-10-22 07:49:12 : ~~~~~~~~~~~~~~ RESOURCE CONDITIONS ~~~~~~~~~~~~~~~
2015-10-22 07:49:12 : Aim:           [G+E+D]: 425000 [T]: 0 [TH]: 8 for: Dead Base
2015-10-22 07:49:12 : ============== Searching For Live Base ===============
2015-10-22 07:49:12 : ~~~~~~~~~~~~~~~ SEARCH CONDITIONS ~~~~~~~~~~~~~~~~
2015-10-22 07:49:12 : , Max TH 8
2015-10-22 07:49:12 : ~~~~~~~~~~~~~~ RESOURCE CONDITIONS ~~~~~~~~~~~~~~~
2015-10-22 07:49:12 : Aim:           [G+E+D]: 425000 [T]: 0 [TH]: 8 for: Live Base
2015-10-22 07:49:12 : ~~~~~~~~~~~~~~~ ADVANCED SETTINGS ~~~~~~~~~~~~~~~~
2015-10-22 07:49:12 : THSnipe Combo, 2 Tile(s), 
2015-10-22 07:49:12 : ==================================================
2015-10-22 07:49:13 :   1> [G]: 133404 [E]: 254814 [D]: 1600 [T]:34 [TH]:10, In
2015-10-22 07:49:17 :   2> [G]: 120091 [E]:  79149 [D]: 1343 [T]:15 [TH]:10, In
2015-10-22 07:49:21 :   3> [G]:  63422 [E]:  74874 [D]:  709 [T]:15 [TH]:10, In
2015-10-22 07:49:24 :   4> [G]:  41891 [E]: 107746 [D]: 1208 [T]:19 [TH]: 9, In
2015-10-22 07:49:31 :   5> [G]:  45052 [E]:  57058 [D]: 1450 [T]:21 [TH]: 9, In
2015-10-22 07:49:36 :   6> [G]:  58454 [E]:  82442 [D]: 1753 [T]:33 [TH]:10, In
2015-10-22 07:49:40 :   7> [G]:  71096 [E]:  28615 [D]:  117 [T]:14 [TH]:10, In
2015-10-22 07:49:44 :   8> [G]:  59506 [E]:  77884 [D]:  898 [T]:20 [TH]:10, In
2015-10-22 07:49:48 :   9> [G]:  32962 [E]:  45004 [D]:  426 [T]:29 [TH]:10, In
2015-10-22 07:49:51 :  10> [G]: 153995 [E]: 104943 [D]:  225 [T]:24 [TH]: 9, In
2015-10-22 07:49:58 :  11> [G]:  76307 [E]:  60230 [D]:  609 [T]:14 [TH]: 9, In
2015-10-22 07:50:02 :  12> [G]: 103133 [E]: 187497 [D]:  633 [T]:17 [TH]:10, In
2015-10-22 07:50:05 :  13> [G]:  96325 [E]:  65637 [D]: 1185 [T]:26 [TH]: 9, In
2015-10-22 07:50:13 :  14> [G]:  13240 [E]: 117880 [D]:  484 [T]:20 [TH]: 9, In
2015-10-22 07:50:16 :  15> [G]:  36706 [E]:   3174 [D]:  357 [T]:21 [TH]: 9, In
2015-10-22 07:50:21 :  16> [G]:  71037 [E]:  50758 [D]:  962 [T]:24 [TH]:10, In
2015-10-22 07:50:26 :  17> [G]: 220407 [E]: 102803 [D]: 1373 [T]:28 [TH]:10, In
2015-10-22 07:50:29 :  18> [G]: 166389 [E]:  38250 [D]:  886 [T]:12 [TH]: 9, In
2015-10-22 07:50:35 :  19> [G]:  52341 [E]:  67293 [D]:  669 [T]: 8 [TH]: 9, In
2015-10-22 07:50:40 :  20> [G]:  61432 [E]: 118367 [D]: 1157 [T]:20 [TH]:10, In
2015-10-22 07:50:43 :  21> [G]: 115869 [E]: 125601 [D]: 1260 [T]:20 [TH]: 9, In
2015-10-22 07:50:50 :  22> [G]:  64754 [E]: 119880 [D]: 2238 [T]:17 [TH]:10, In
2015-10-22 07:50:54 :  23> [G]:  25770 [E]:  36967 [D]: 3079 [T]:13 [TH]:10, In
2015-10-22 07:50:57 :  24> [G]: 116735 [E]: 123717 [D]: 1724 [T]:21 [TH]: 9, In
2015-10-22 07:51:00 :  25> [G]: 158237 [E]: 137957 [D]: 2329 [T]:33 [TH]:10, In
2015-10-22 07:51:07 :  26> [G]:  34153 [E]:  63796 [D]:  569 [T]: 7 [TH]: 9, In
2015-10-22 07:51:12 :  27> [G]: 153323 [E]:  41786 [D]: 2155 [T]:35 [TH]:10, In
2015-10-22 07:51:15 :  28> [G]:  43537 [E]:  19622 [D]: 2533 [T]:25 [TH]:10, In
2015-10-22 07:51:22 :  29> [G]:  93755 [E]: 139050 [D]: 1569 [T]:15 [TH]:10, In
2015-10-22 07:51:26 :  30> [G]:  97451 [E]: 215835 [D]:  748 [T]:14 [TH]: 9, In
2015-10-22 07:51:31 :  31> [G]: 130567 [E]:  99214 [D]: 1525 [T]:13 [TH]:10, In
2015-10-22 07:51:35 :  32> [G]:  21793 [E]: 285412 [D]:  693 [T]: 7 [TH]: 9, In
2015-10-22 07:51:38 :  33> [G]: 101650 [E]: 146391 [D]:  468 [T]:15 [TH]:10, In
2015-10-22 07:51:45 :  34> [G]:  81386 [E]: 116540 [D]: 4272 [T]:25 [TH]:10, In
2015-10-22 07:51:47 :  35> [G]:  25759 [E]: 100643 [D]:  702 [T]:13 [TH]: 9, In
2015-10-22 07:51:55 :  36> [G]:  63258 [E]: 246700 [D]:  669 [T]:15 [TH]:10, In
2015-10-22 07:51:59 :  37> [G]: 290950 [E]:  94046 [D]:  616 [T]:33 [TH]:10, In
2015-10-22 07:52:02 :  38> [G]:  72238 [E]: 242607 [D]: 1210 [T]:33 [TH]:10, In
2015-10-22 07:52:09 :  39> [G]:  38917 [E]:  20481 [D]: 1412 [T]: 7 [TH]: 9, In
2015-10-22 07:52:12 :  40> [G]:  60372 [E]:  39670 [D]: 1164 [T]:10 [TH]: 9, In
2015-10-22 07:52:19 :  41> [G]:  56056 [E]:  34685 [D]: 1171 [T]:11 [TH]: 9, In
2015-10-22 07:52:22 :  42> [G]:  62608 [E]:  86233 [D]:  810 [T]:14 [TH]: 9, In
2015-10-22 07:52:31 :  43> [G]: 174234 [E]: 147455 [D]: 1039 [T]:16 [TH]: 9, In
2015-10-22 07:52:36 :  44> [G]: 200627 [E]:  87588 [D]:  616 [T]: 9 [TH]: 9, In
2015-10-22 07:52:38 :  45> [G]: 231132 [E]: 356832 [D]: 3015 [T]:28 [TH]:10, In
2015-10-22 07:52:46 :  46> [G]:  48241 [E]: 132092 [D]:  666 [T]: 3 [TH]: 8, In
2015-10-22 07:52:48 :  47> [G]: 243925 [E]: 202267 [D]:  729 [T]:14 [TH]: 9, In
2015-10-22 07:52:56 :  48> [G]:  86730 [E]: 119817 [D]: 1230 [T]:14 [TH]: 9, In
2015-10-22 07:52:59 :  49> [G]:  53933 [E]:  13678 [D]:   47 [T]: 2 [TH]: 8, In
2015-10-22 07:53:03 :  50> [G]:  60738 [E]:   2066 [D]:  128 [T]:26 [TH]: 9, In
2015-10-22 07:53:03 : Aim:           [G+E+D]: 372500 [T]: 0 [TH]: 8 for: Dead Base
2015-10-22 07:53:03 : Aim:           [G+E+D]: 372500 [T]: 0 [TH]: 8 for: Live Base
2015-10-22 07:53:06 :  51> [G]: 236841 [E]: 204808 [D]: 1801 [T]: 9 [TH]: 9, In
2015-10-22 07:53:12 :  52> [G]: 146563 [E]:  43880 [D]:  611 [T]:12 [TH]: 9, In
2015-10-22 07:53:16 :  53> [G]:  78947 [E]:  41367 [D]:  362 [T]: 2 [TH]: 8, In
2015-10-22 07:53:18 :  54> [G]:  20710 [E]:  87500 [D]:  399 [T]:35 [TH]: 9, In
2015-10-22 07:53:26 :  55> [G]:  60803 [E]:  69467 [D]:  379 [T]:18 [TH]: 9, In
2015-10-22 07:53:28 :  56> [G]: 163968 [E]: 112780 [D]:  290 [T]:14 [TH]:10, In
2015-10-22 07:53:35 :  57> [G]:  98364 [E]: 149784 [D]:  114 [T]:11 [TH]: 9, In
2015-10-22 07:53:38 :  58> [G]:  33382 [E]:  10153 [D]: 1563 [T]: 2 [TH]: 8, In
2015-10-22 07:53:44 :  59> [G]: 146614 [E]:  95616 [D]:  240 [T]:16 [TH]: 9, In
2015-10-22 07:53:46 :  60> [G]:  87348 [E]: 174021 [D]:  661 [T]:31 [TH]:10, In
2015-10-22 07:53:53 :  61> [G]:   8550 [E]:  48467 [D]: 1269 [T]: 3 [TH]: 8, In
2015-10-22 07:53:55 :  62> [G]: 119782 [E]: 227593 [D]: 1380 [T]:35 [TH]:10, In
2015-10-22 07:54:02 :  63> [G]: 218780 [E]: 104035 [D]:  309 [T]: 8 [TH]: 9, In
2015-10-22 07:54:05 :  64> [G]:  86034 [E]: 204323 [D]:  814 [T]: 7 [TH]: 9, In
2015-10-22 07:54:12 :  65> [G]:   6957 [E]:   2585 [D]:  338 [T]: 2 [TH]: 8, In
2015-10-22 07:54:15 :  66> [G]:  35806 [E]:  83921 [D]:  440 [T]: 3 [TH]: 8, In
2015-10-22 07:54:19 :  67> [G]:  56250 [E]:  31500 [D]:  107 [T]: 2 [TH]: 8, In
2015-10-22 07:54:22 :  68> [G]:  41077 [E]:  56460 [D]:  833 [T]:18 [TH]: 9, In
2015-10-22 07:54:25 :  69> [G]:  60595 [E]: 153186 [D]: 1051 [T]: 8 [TH]: 9, In
2015-10-22 07:54:31 :  70> [G]: 127629 [E]: 222900 [D]: 1793 [T]: 7 [TH]: 9, In
2015-10-22 07:54:34 :  71> [G]:  92021 [E]: 198687 [D]: 1331 [T]:29 [TH]: 9, In
2015-10-22 07:54:40 :  72> [G]:  85760 [E]: 180291 [D]: 1560 [T]:20 [TH]:10, In
2015-10-22 07:54:43 :  73> [G]:  81503 [E]:  44424 [D]: 1049 [T]:30 [TH]: 9, In
2015-10-22 07:54:51 :  74> [G]:  75833 [E]:   2583 [D]:  629 [T]: 5 [TH]: 8, In
2015-10-22 07:54:54 :  75> [G]:  54838 [E]: 117047 [D]:  226 [T]: 2 [TH]: 8, In
2015-10-22 07:54:58 :  76> [G]:  67500 [E]:  31500 [D]:  214 [T]: 2 [TH]: 8, In
2015-10-22 07:55:00 :  77> [G]:   5260 [E]:  93250 [D]: 1137 [T]:14 [TH]: 9, In
2015-10-22 07:55:07 :  78> [G]: 101548 [E]:  57215 [D]:  743 [T]: 6 [TH]: 9, In
2015-10-22 07:55:10 :  79> [G]:  31403 [E]: 201062 [D]:  167 [T]:13 [TH]: 9, In
2015-10-22 07:55:18 :  80> [G]:  31368 [E]:   2645 [D]:   72 [T]:23 [TH]: 9, In
2015-10-22 07:55:22 :  81> [G]: 109127 [E]:  99746 [D]: 1825 [T]: 2 [TH]: 8, Out
2015-10-22 07:55:22 : ~~~~~~~~~~~~~~ DE Side Base Found! ~~~~~~~~~~~~~~~
2015-10-22 07:55:23 : ================ Search Complete =================
2015-10-22 07:55:23 : Initiating attack for: Live Base
2015-10-22 07:55:26 : -Balloons 28
2015-10-22 07:55:26 : -Minions 40
2015-10-22 07:55:26 : -Clan Castle 
2015-10-22 07:55:26 : -Heal Spells 2
2015-10-22 07:55:26 : -Rage Spells 2
2015-10-22 07:55:26 : -Poison Spells 1
2015-10-22 07:55:26 :  ====== Start Attack ====== 
2015-10-22 07:55:28 : Attacking on Dark Elixir Side.
2015-10-22 07:55:29 : == DE lixir Storage : [438,297] ==
2015-10-22 07:55:30 : DE Storage Located Top Right... Attacking Top Right
2015-10-22 07:55:31 : Dropping Clan Castle
2015-10-22 07:55:32 : Dropping only wave of 28 Balloons
2015-10-22 07:55:35 : Spell drop point: 498, 242
2015-10-22 07:55:35 : Dropping spell in slot 3
2015-10-22 07:55:36 : Dropping spell in slot 4
2015-10-22 07:55:36 : Dropping only wave of 40 Minions
2015-10-22 07:55:41 : Dropping left over troops
2015-10-22 07:55:41 : Checking remaining unused troops for: Live Base
2015-10-22 07:55:43 : -Minions 0
2015-10-22 07:55:43 : -Clan Castle 
2015-10-22 07:55:43 : -Heal Spells 1
2015-10-22 07:55:43 : -Rage Spells 1
2015-10-22 07:55:43 : -Poison Spells 1
2015-10-22 07:55:51 : Checking remaining unused troops for: Live Base
2015-10-22 07:55:53 : -Minions 0
2015-10-22 07:55:53 : -Clan Castle 
2015-10-22 07:55:53 : -Heal Spells 1
2015-10-22 07:55:53 : -Rage Spells 1
2015-10-22 07:55:53 : -Poison Spells 1
2015-10-22 07:56:02 : Finished Attacking, waiting for the battle to end
2015-10-22 07:56:02 : Checking if the battle has finished
2015-10-22 07:56:04 : detected [G]: 56984 [E]: 57639 [DE]: 1518 |  Exit in 58 sec.
2015-10-22 07:56:04 : Gold & Elixir & DE change detected, waiting...
2015-10-22 07:56:08 : detected [G]: 56984 [E]: 52199 [DE]: 1518 |  Exit in 58 sec.
2015-10-22 07:56:08 : Gold & Elixir & DE change detected, waiting...
2015-10-22 07:56:11 : detected [G]: 56984 [E]: 47857 [DE]: 1518 |  Exit in 58 sec.
2015-10-22 07:56:11 : Gold & Elixir & DE change detected, waiting...
2015-10-22 07:56:14 : detected [G]: 56984 [E]: 47375 [DE]: 1518 |  Exit in 58 sec.
2015-10-22 07:56:14 : Gold & Elixir & DE change detected, waiting...
2015-10-22 07:56:18 : detected [G]: 56984 [E]: 41832 [DE]: 1508 |  Exit in 58 sec.
2015-10-22 07:56:18 : Gold & Elixir & DE change detected, waiting...
2015-10-22 07:56:21 : detected [G]: 56984 [E]: 25809 [DE]: 1317 |  Exit in 58 sec.
2015-10-22 07:56:21 : Gold & Elixir & DE change detected, waiting...
2015-10-22 07:56:24 : detected [G]: 56555 [E]: 19815 [DE]: 1133 |  Exit in 58 sec.
2015-10-22 07:56:24 : Gold & Elixir & DE change detected, waiting...
2015-10-22 07:56:28 : detected [G]: 55093 [E]: 19815 [DE]: 1018 |  Exit in 58 sec.
2015-10-22 07:56:28 : Gold & Elixir & DE change detected, waiting...
2015-10-22 07:56:31 : detected [G]: 51407 [E]: 19815 [DE]: 1018 |  Exit in 58 sec.
2015-10-22 07:56:31 : Gold & Elixir & DE change detected, waiting...
2015-10-22 07:56:35 : detected [G]: 38423 [E]: 19815 [DE]: 1018 |  Exit in 58 sec.
2015-10-22 07:56:35 : Gold & Elixir & DE change detected, waiting...
2015-10-22 07:56:38 : detected [G]: 36981 [E]: 19815 [DE]: 995 |  Exit in 58 sec.
2015-10-22 07:56:38 : Gold & Elixir & DE change detected, waiting...
2015-10-22 07:56:42 : detected [G]: 25430 [E]: 19815 [DE]: 995 |  Exit in 58 sec.
2015-10-22 07:56:42 : Gold & Elixir & DE change detected, waiting...
2015-10-22 07:56:45 : detected [G]: 20904 [E]: 19815 [DE]: 995 |  Exit in 58 sec.
2015-10-22 07:56:47 : detected [G]: 20904 [E]: 19815 [DE]: 995 |  Exit in 56 sec.
2015-10-22 07:56:48 : detected [G]: 20904 [E]: 19815 [DE]: 995 |  Exit in 55 sec.
2015-10-22 07:56:50 : detected [G]: 20904 [E]: 19815 [DE]: 995 |  Exit in 53 sec.
2015-10-22 07:56:52 : detected [G]: 20904 [E]: 19815 [DE]: 995 |  Exit in 51 sec.
2015-10-22 07:56:53 : detected [G]: 20904 [E]: 19815 [DE]: 995 |  Exit in 49 sec.
2015-10-22 07:56:55 : detected [G]: 20904 [E]: 19815 [DE]: 995 |  Exit in 48 sec.
2015-10-22 07:56:57 : detected [G]: 20904 [E]: 19815 [DE]: 995 |  Exit in 46 sec.
2015-10-22 07:56:59 : detected [G]: 20904 [E]: 19815 [DE]: 995 |  Exit in 44 sec.
2015-10-22 07:57:00 : detected [G]: 20904 [E]: 19815 [DE]: 995 |  Exit in 43 sec.
2015-10-22 07:57:02 : detected [G]:  [E]:  [DE]:  |  Exit now 
2015-10-22 07:57:02 : Gold & Elixir & DE = 0, end battle 
2015-10-22 07:57:03 : Battle has finished
2015-10-22 07:57:03 : Returning Home
2015-10-22 07:57:08 : Bonus [G]: 100 000 [E]: 100 000 [DE]: 500
2015-10-22 07:57:10 : Your league level is: Master III
2015-10-22 07:57:10 : Stars earned: 1
2015-10-22 07:57:10 : Loot: [G]: 88 223 [E]: 79 931 [DE]: 830 [T]: 1
2015-10-22 07:57:10 : Taking snapshot of your loot
2015-10-22 07:57:13 : ClashGameBot was Paused!
