2015-10-19 22:45:55 :  Clash Game Bot v4.1.1 Modded Powered by GameBot.org ~
2015-10-19 22:45:55 : GameBot.org.exe Executable running on WIN_81  X64
2015-10-19 22:45:55 : =================== Bot Start ====================
2015-10-19 22:45:55 : -------------------------  Current Profile: 01 --------------------------
2015-10-19 22:45:56 : Trying to locate Main Screen
2015-10-19 22:45:59 : Please wait for CoC restart......
2015-10-19 22:46:19 : Waiting for Main Screen
2015-10-19 22:46:19 : Main Screen Located
2015-10-19 22:46:19 : Language setting is English: Correct.
2015-10-19 22:46:20 : Trying to locate Main Screen
2015-10-19 22:46:20 : Main Screen Located
2015-10-19 22:46:20 : Restarted after Out of Sync Error: Attack Now
2015-10-19 22:46:20 : Going to Attack...
2015-10-19 22:46:26 : ============== Searching For Dead Base ===============
2015-10-19 22:46:26 : ~~~~~~~~~~~~~~~ SEARCH CONDITIONS ~~~~~~~~~~~~~~~~
2015-10-19 22:46:26 : , Max TH 8
2015-10-19 22:46:26 : ~~~~~~~~~~~~~~ RESOURCE CONDITIONS ~~~~~~~~~~~~~~~
2015-10-19 22:46:26 : Aim:           [G+E+D]: 425000 [T]: 0 [TH]: 8 for: Dead Base
2015-10-19 22:46:26 : ============== Searching For Live Base ===============
2015-10-19 22:46:26 : ~~~~~~~~~~~~~~~ SEARCH CONDITIONS ~~~~~~~~~~~~~~~~
2015-10-19 22:46:26 : , Max TH 8
2015-10-19 22:46:26 : ~~~~~~~~~~~~~~ RESOURCE CONDITIONS ~~~~~~~~~~~~~~~
2015-10-19 22:46:26 : Aim:           [G+E+D]: 425000 [T]: 0 [TH]: 8 for: Live Base
2015-10-19 22:46:26 : ==================================================
2015-10-19 22:46:27 :  18> [G]: 201684 [E]:  78722 [D]:  978 [T]:25 [TH]:10, In
2015-10-19 22:46:34 :  19> [G]:  20105 [E]: 102473 [D]: 1340 [T]:11 [TH]: 9, In
2015-10-19 22:46:37 : ClashGameBot was Paused!
2015-10-19 22:47:52 : ClashGameBot was Resumed.
2015-10-19 22:47:53 :  20> [G]:  12230 [E]:  29988 [D]:  545 [T]:35 [TH]:10, In
2015-10-19 22:47:56 :  21> [G]:  23608 [E]: 210298 [D]:  389 [T]:18 [TH]: 9, In
2015-10-19 22:48:03 :  22> [G]: 140944 [E]:  76768 [D]:  681 [T]:20 [TH]:10, In
2015-10-19 22:48:06 :  23> [G]:  21542 [E]:  59538 [D]:  737 [T]:14 [TH]: 9, In
2015-10-19 22:48:12 :  24> [G]: 115146 [E]:  90618 [D]: 1585 [T]:29 [TH]:10, In
2015-10-19 22:48:15 :  25> [G]: 109095 [E]:  18336 [D]:  154 [T]:20 [TH]: 9, In
2015-10-19 22:48:22 :  26> [G]:  62370 [E]: 134499 [D]:  318 [T]:15 [TH]:10, In
2015-10-19 22:48:24 :  27> [G]:  98097 [E]:   9862 [D]:  696 [T]:24 [TH]: 9, In
2015-10-19 22:48:31 :  28> [G]:  54242 [E]:  49188 [D]: 1510 [T]:34 [TH]:10, In
2015-10-19 22:48:35 :  29> [G]: 158498 [E]: 279833 [D]: 1160 [T]:23 [TH]:10, In
2015-10-19 22:48:38 :  30> [G]:  19399 [E]:  32611 [D]: 1217 [T]:22 [TH]:10, In
2015-10-19 22:48:45 :  31> [G]: 115544 [E]: 253731 [D]:   74 [T]:15 [TH]:10, In
2015-10-19 22:48:50 :  32> [G]:  53089 [E]: 188165 [D]: 2963 [T]:32 [TH]:10, In
2015-10-19 22:48:53 :  33> [G]:  16443 [E]:  30835 [D]: 1542 [T]:17 [TH]: 9, In
2015-10-19 22:49:01 :  34> [G]:  11714 [E]: 280166 [D]:  481 [T]:30 [TH]:10, In
2015-10-19 22:49:03 :  35> [G]: 171099 [E]:  33099 [D]: 1109 [T]:36 [TH]:10, In
2015-10-19 22:49:11 :  36> [G]:  65607 [E]:  18034 [D]:   66 [T]:20 [TH]:10, In
2015-10-19 22:49:13 :  37> [G]:  28196 [E]: 114481 [D]: 1051 [T]:22 [TH]: 9, In
2015-10-19 22:49:20 :  38> [G]:  70997 [E]: 277135 [D]:  291 [T]:14 [TH]:10, In
2015-10-19 22:49:24 :  39> [G]:  89843 [E]: 112907 [D]:  582 [T]:11 [TH]: 9, In
2015-10-19 22:49:26 :  40> [G]: 355905 [E]: 418382 [D]: 1952 [T]:34 [TH]:10, In
2015-10-19 22:49:33 :  41> [G]:  92841 [E]: 102784 [D]: 1567 [T]:32 [TH]:10, In
2015-10-19 22:49:35 :  42> [G]:  33840 [E]:  69714 [D]:  833 [T]:25 [TH]:10, In
2015-10-19 22:49:43 :  43> [G]: 100232 [E]: 115809 [D]: 2574 [T]:22 [TH]:10, In
2015-10-19 22:49:48 :  44> [G]:   7141 [E]:  10301 [D]:  908 [T]:26 [TH]:10, In
2015-10-19 22:49:51 :  45> [G]:  67337 [E]:  47217 [D]:  942 [T]:17 [TH]: 9, In
2015-10-19 22:49:58 :  46> [G]:  39641 [E]: 326358 [D]: 1708 [T]:18 [TH]:10, Out
2015-10-19 22:50:01 :  47> [G]:  96310 [E]: 145984 [D]: 1388 [T]:13 [TH]: 9, In
2015-10-19 22:50:09 :  48> [G]:  52342 [E]:  57420 [D]:  580 [T]:30 [TH]:10, In
2015-10-19 22:50:11 :  49> [G]:   6856 [E]:  64554 [D]:  716 [T]:14 [TH]: 9, In
2015-10-19 22:50:19 :  50> [G]:  15937 [E]:  13231 [D]: 1361 [T]:17 [TH]: 9, In
2015-10-19 22:50:19 : Aim:           [G+E+D]: 372500 [T]: 0 [TH]: 8 for: Dead Base
2015-10-19 22:50:19 : Aim:           [G+E+D]: 372500 [T]: 0 [TH]: 8 for: Live Base
2015-10-19 22:50:22 :  51> [G]:  19510 [E]:  38458 [D]:  828 [T]:12 [TH]: 9, In
2015-10-19 22:50:31 :  52> [G]:  97018 [E]: 113886 [D]:   66 [T]: 6 [TH]: 9, In
2015-10-19 22:50:33 :  53> [G]:  38087 [E]:  69483 [D]:  859 [T]:33 [TH]:10, In
2015-10-19 22:50:41 :  54> [G]:  44714 [E]:  74729 [D]: 1574 [T]:29 [TH]:10, In
2015-10-19 22:50:44 :  55> [G]:  64598 [E]:  92628 [D]: 1789 [T]:13 [TH]: 9, In
2015-10-19 22:50:50 :  56> [G]:   2464 [E]:  27472 [D]:  427 [T]:27 [TH]:10, In
2015-10-19 22:50:55 :  57> [G]:  15002 [E]:  41451 [D]:  118 [T]:33 [TH]: 9, In
2015-10-19 22:50:58 :  58> [G]:  45634 [E]: 104520 [D]:  181 [T]:10 [TH]: 9, In
2015-10-19 22:51:05 :  59> [G]:  28453 [E]:  86810 [D]: 1014 [T]:28 [TH]: 9, In
2015-10-19 22:51:10 :  60> [G]: 261897 [E]: 103570 [D]:  335 [T]:15 [TH]:10, In
2015-10-19 22:51:13 :  61> [G]:   4094 [E]:  43451 [D]:  265 [T]:25 [TH]:10, In
2015-10-19 22:51:20 :  62> [G]:  16337 [E]:  80257 [D]:   76 [T]:29 [TH]:10, In
2015-10-19 22:51:22 :  63> [G]:  28931 [E]: 100399 [D]: 1810 [T]:14 [TH]:10, In
2015-10-19 22:51:29 :  64> [G]:  62500 [E]:  55894 [D]:  551 [T]:20 [TH]: 9, In
2015-10-19 22:51:32 :  65> [G]: 234025 [E]: 178964 [D]:  625 [T]:15 [TH]: 9, In
2015-10-19 22:51:39 :  66> [G]: 108170 [E]: 231598 [D]:  418 [T]:14 [TH]:10, In
2015-10-19 22:51:43 :  67> [G]:  36924 [E]:  32133 [D]:  835 [T]:13 [TH]: 9, In
2015-10-19 22:51:47 :  68> [G]:  83434 [E]: 173169 [D]: 1604 [T]:27 [TH]:10, In
2015-10-19 22:51:50 :  69> [G]:  37484 [E]: 310355 [D]:  987 [T]: 5 [TH]: 9, In
2015-10-19 22:51:57 :  70> [G]:  44377 [E]:  10333 [D]:  773 [T]:24 [TH]:10, In
2015-10-19 22:51:59 :  71> [G]:  10523 [E]:  94310 [D]:  465 [T]:10 [TH]: 9, In
2015-10-19 22:52:07 :  72> [G]:  35766 [E]:  70027 [D]:  694 [T]:14 [TH]:10, In
2015-10-19 22:52:12 :  73> [G]: 169336 [E]:   5377 [D]:  911 [T]:13 [TH]:10, In
2015-10-19 22:52:14 :  74> [G]:  53303 [E]:  44456 [D]: 1041 [T]:13 [TH]: 9, In
2015-10-19 22:52:22 :  75> [G]:  42428 [E]:  79411 [D]:  863 [T]:17 [TH]: 9, In
2015-10-19 22:52:27 :  76> [G]:  76771 [E]:  64909 [D]: 1328 [T]:29 [TH]:10, In
2015-10-19 22:52:30 :  77> [G]:  57935 [E]: 126190 [D]:  390 [T]:13 [TH]: 9, In
2015-10-19 22:52:37 :  78> [G]:  86998 [E]: 126841 [D]:  738 [T]: 5 [TH]: 9, In
2015-10-19 22:52:41 :  79> [G]: 242690 [E]: 134279 [D]: 1520 [T]:23 [TH]:10, In
2015-10-19 22:52:46 :  80> [G]:  85644 [E]:  35421 [D]:  623 [T]:14 [TH]: 8, In
2015-10-19 22:52:51 :  81> [G]:  43857 [E]: 108515 [D]:  877 [T]: 4 [TH]: 9, In
2015-10-19 22:52:54 :  82> [G]:  93351 [E]: 142882 [D]:  167 [T]: 3 [TH]: 9, In
2015-10-19 22:53:00 :  83> [G]:  83935 [E]:  58825 [D]:  128 [T]: 3 [TH]: 9, In
2015-10-19 22:53:05 :  84> [G]:  92792 [E]: 106223 [D]: 1554 [T]:35 [TH]:10, In
2015-10-19 22:53:08 :  85> [G]:  21480 [E]:  54496 [D]:  939 [T]:12 [TH]: 9, In
2015-10-19 22:53:15 :  86> [G]:  33660 [E]:  30031 [D]:   27 [T]: 2 [TH]: 8, In
2015-10-19 22:53:19 :  87> [G]: 139945 [E]:  53797 [D]:  762 [T]: 3 [TH]: 8, In
2015-10-19 22:53:21 :  88> [G]:  29256 [E]: 147149 [D]:  900 [T]: 9 [TH]: 9, In
2015-10-19 22:53:28 :  89> [G]:  69885 [E]:  42106 [D]:  989 [T]:29 [TH]: 9, In
2015-10-19 22:53:31 :  90> [G]: 223384 [E]:  81948 [D]: 1423 [T]:17 [TH]:10, In
2015-10-19 22:53:38 :  91> [G]:  58521 [E]:  64062 [D]:  819 [T]:19 [TH]: 9, In
2015-10-19 22:53:42 :  92> [G]: 108655 [E]: 207150 [D]:  400 [T]:19 [TH]:10, In
2015-10-19 22:53:45 :  93> [G]:  53021 [E]: 101648 [D]:  475 [T]: 3 [TH]: 9, In
2015-10-19 22:53:52 :  94> [G]:  71204 [E]:  68860 [D]:  667 [T]:15 [TH]: 9, In
2015-10-19 22:53:55 :  95> [G]:  41878 [E]:  31328 [D]:  287 [T]: 8 [TH]: 9, In
2015-10-19 22:54:02 :  96> [G]:  99836 [E]:  32432 [D]:   56 [T]: 4 [TH]: 9, In
2015-10-19 22:54:04 :  97> [G]:  27624 [E]: 250659 [D]: 1389 [T]:21 [TH]:10, In
2015-10-19 22:54:13 :  98> [G]: 291705 [E]: 403388 [D]:  946 [T]:14 [TH]:10, In
2015-10-19 22:54:16 :  99> [G]:   2468 [E]:   3501 [D]:  120 [T]:17 [TH]:10, In
2015-10-19 22:54:23 : 100> [G]:  39173 [E]:  90340 [D]: 1543 [T]:20 [TH]: 9, In
2015-10-19 22:54:23 : Aim:           [G+E+D]: 320000 [T]: 0 [TH]: 8 for: Dead Base
2015-10-19 22:54:23 : Aim:           [G+E+D]: 320000 [T]: 0 [TH]: 8 for: Live Base
2015-10-19 22:54:26 : 101> [G]:  31546 [E]:  41997 [D]:  102 [T]: 3 [TH]: 8, In
2015-10-19 22:54:29 : 102> [G]:  83315 [E]:  84395 [D]:   76 [T]:14 [TH]: 9, In
2015-10-19 22:54:35 : 103> [G]:  61562 [E]:  14616 [D]: 1403 [T]: 6 [TH]: 9, In
2015-10-19 22:54:38 : 104> [G]:  37075 [E]: 109275 [D]: 1321 [T]:27 [TH]:10, In
2015-10-19 22:54:46 : 105> [G]:  35584 [E]:  12764 [D]: 1267 [T]:34 [TH]:10, In
2015-10-19 22:54:49 : 106> [G]:  30604 [E]:  68537 [D]:  474 [T]:11 [TH]: 9, In
2015-10-19 22:54:55 : 107> [G]:  15612 [E]:   2098 [D]:  268 [T]: 5 [TH]: 9, In
2015-10-19 22:54:58 : 108> [G]:   7133 [E]: 120239 [D]: 1398 [T]:26 [TH]: 9, In
2015-10-19 22:55:05 : 109> [G]: 106885 [E]:  56235 [D]:  709 [T]: 6 [TH]: 9, In
2015-10-19 22:55:08 : 110> [G]: 210314 [E]:  34335 [D]:  926 [T]: 4 [TH]: 8, In
2015-10-19 22:55:09 : ~~~~~~~~~~~~~~ DE Side Base Found! ~~~~~~~~~~~~~~~
2015-10-19 22:55:10 : ================ Search Complete =================
2015-10-19 22:55:10 : Initiating attack for: Live Base
2015-10-19 22:55:12 : -Balloons 28
2015-10-19 22:55:12 : -Minions 40
2015-10-19 22:55:12 : -Clan Castle 
2015-10-19 22:55:12 : -King 
2015-10-19 22:55:12 : -Queen 
2015-10-19 22:55:12 : -Heal Spells 1
2015-10-19 22:55:12 : -Rage Spells 3
2015-10-19 22:55:12 :  ====== Start Attack ====== 
2015-10-19 22:55:14 : Attacking on Dark Elixir Side.
2015-10-19 22:55:16 : == DE lixir Storage : [429,318] ==
2015-10-19 22:55:17 : DE Storage Located Bottom Left... Attacking Bottom Left
2015-10-19 22:55:18 : Dropping Clan Castle
2015-10-19 22:55:18 : Dropping only wave of 28 Balloons
2015-10-19 22:55:22 : Spell drop point: 369, 373
2015-10-19 22:55:22 : Dropping spell in slot 5
2015-10-19 22:55:22 : Dropping spell in slot 6
2015-10-19 22:55:23 : Dropping only wave of 40 Minions
2015-10-19 22:55:27 : Dropping King
2015-10-19 22:55:28 : Dropping Queen
2015-10-19 22:55:29 : Dropping left over troops
2015-10-19 22:55:29 : Checking remaining unused troops for: Live Base
2015-10-19 22:55:31 : -Balloons 1
2015-10-19 22:55:31 : -Minions 1
2015-10-19 22:55:31 : -Clan Castle 
2015-10-19 22:55:31 : -Rage Spells 2
2015-10-19 22:55:34 : Dropping last wave of 1 Balloons
2015-10-19 22:55:37 : Dropping last wave of 1 Minions
2015-10-19 22:55:41 : Checking remaining unused troops for: Live Base
2015-10-19 22:55:43 : -Minions 0
2015-10-19 22:55:43 : -Clan Castle 
2015-10-19 22:55:43 : -Rage Spells 2
2015-10-19 22:55:52 : Finished Attacking, waiting for the battle to end
2015-10-19 22:55:52 : Checking if the battle has finished
2015-10-19 22:55:54 : detected [G]: 2702 [E]: 1047 [DE]: 0 |  Exit in 58 sec.
2015-10-19 22:55:54 : Gold & Elixir & DE change detected, waiting...
2015-10-19 22:55:56 : detected [G]: 1121 [E]: 1047 [DE]: 0 |  Exit in 58 sec.
2015-10-19 22:55:57 : Gold & Elixir & DE change detected, waiting...
2015-10-19 22:55:59 : detected [G]: 1097 [E]: 1047 [DE]: 0 |  Exit in 58 sec.
2015-10-19 22:55:59 : Gold & Elixir & DE change detected, waiting...
2015-10-19 22:56:02 : detected [G]: 1087 [E]: 1047 [DE]: 0 |  Exit in 58 sec.
2015-10-19 22:56:02 : Gold & Elixir & DE change detected, waiting...
2015-10-19 22:56:04 : King is getting weak, Activating King's power
2015-10-19 22:56:05 : detected [G]: 1047 [E]: 1047 [DE]: 0 |  Exit in 58 sec.
2015-10-19 22:56:05 : Gold & Elixir & DE change detected, waiting...
2015-10-19 22:56:08 : detected [G]: 892 [E]: 892 [DE]: 0 |  Exit in 58 sec.
2015-10-19 22:56:08 : Gold & Elixir & DE change detected, waiting...
2015-10-19 22:56:11 : detected [G]: 459 [E]: 459 [DE]: 0 |  Exit in 58 sec.
2015-10-19 22:56:11 : Gold & Elixir & DE change detected, waiting...
2015-10-19 22:56:14 : detected [G]: 101 [E]: 101 [DE]: 0 |  Exit in 58 sec.
2015-10-19 22:56:14 : Gold & Elixir & DE change detected, waiting...
2015-10-19 22:56:17 : detected [G]: 98 [E]: 98 [DE]: 0 |  Exit in 58 sec.
2015-10-19 22:56:18 : detected [G]: 92 [E]: 98 [DE]: 0 |  Exit in 57 sec.
2015-10-19 22:56:18 : Gold & Elixir & DE change detected, waiting...
2015-10-19 22:56:21 : detected [G]: 74 [E]: 98 [DE]: 0 |  Exit in 58 sec.
2015-10-19 22:56:21 : Gold & Elixir & DE change detected, waiting...
2015-10-19 22:56:24 : detected [G]: 49 [E]: 98 [DE]: 0 |  Exit in 58 sec.
2015-10-19 22:56:24 : Gold & Elixir & DE change detected, waiting...
2015-10-19 22:56:27 : detected [G]: 48 [E]: 92 [DE]: 0 |  Exit in 58 sec.
2015-10-19 22:56:27 : Gold & Elixir & DE change detected, waiting...
2015-10-19 22:56:30 : detected [G]: 45 [E]: 76 [DE]: 0 |  Exit in 58 sec.
2015-10-19 22:56:30 : Gold & Elixir & DE change detected, waiting...
2015-10-19 22:56:33 : detected [G]: 32 [E]: 55 [DE]: 0 |  Exit in 58 sec.
2015-10-19 22:56:33 : Gold & Elixir & DE change detected, waiting...
2015-10-19 22:56:36 : detected [G]: 9 [E]: 49 [DE]: 0 |  Exit in 58 sec.
2015-10-19 22:56:36 : Gold & Elixir & DE change detected, waiting...
2015-10-19 22:56:38 : detected [G]: 0 [E]: 49 [DE]: 0 |  Exit in 58 sec.
2015-10-19 22:56:40 : detected [G]: 0 [E]: 38 [DE]: 0 |  Exit in 57 sec.
2015-10-19 22:56:40 : Gold & Elixir & DE change detected, waiting...
2015-10-19 22:56:43 : detected [G]: 0 [E]: 0 [DE]: 0 |  Exit in 58 sec.
2015-10-19 22:56:43 : Gold & Elixir & DE change detected, waiting...
2015-10-19 22:56:46 : detected [G]:  [E]:  [DE]:  |  Exit now 
2015-10-19 22:56:46 : Battle has finished
2015-10-19 22:56:46 : Returning Home
2015-10-19 22:56:51 : Bonus [G]: 100 000 [E]: 100 000 [DE]: 500
2015-10-19 22:56:53 : Your league level is: Master III
2015-10-19 22:56:53 : Stars earned: 3
2015-10-19 22:56:53 : Loot: [G]: 210 314 [E]: 34 335 [DE]: 926 [T]: 4
2015-10-19 22:56:53 : Taking snapshot of your loot
