2015-10-21 01:21:05 :  Clash Game Bot v4.1.1 Modded Powered by GameBot.org ~
2015-10-21 01:21:05 : GameBot.org.exe Executable running on WIN_81  X64
2015-10-21 01:21:05 : =================== Bot Start ====================
2015-10-21 01:21:05 : -------------------------  Current Profile: 01 --------------------------
2015-10-21 01:21:05 : Trying to locate Main Screen
2015-10-21 01:21:05 : Main Screen Located
2015-10-21 01:21:06 : Detecting your Buildings..
2015-10-21 01:21:12 : Language setting is English: Correct.
2015-10-21 01:21:13 : Trying to locate Main Screen
2015-10-21 01:21:13 : Main Screen Located
2015-10-21 01:21:14 : Halt Attack, Stay Online/Collect...
2015-10-21 01:21:16 : Village Report
2015-10-21 01:21:16 : No. of Free/Total Builders: 2/5
2015-10-21 01:21:16 :  [T]: 2 736
2015-10-21 01:21:16 :  [G]: 1 374 740 [E]: 731 113 [D]: 146 456 [GEM]: 5 335
2015-10-21 01:21:17 : Collecting Resources
2015-10-21 01:21:45 : Time Idle: 00:00:14
2015-10-21 01:22:00 : Time Idle: 00:00:28
2015-10-21 01:22:14 : Time Idle: 00:00:42
2015-10-21 01:22:29 : Time Idle: 00:00:57
2015-10-21 01:22:42 : Collecting Resources
2015-10-21 01:22:49 : Time Idle: 00:01:17
2015-10-21 01:23:04 : Time Idle: 00:01:31
2015-10-21 01:23:18 : Time Idle: 00:01:45
2015-10-21 01:23:32 : Time Idle: 00:01:59
2015-10-21 01:23:47 : Time Idle: 00:02:14
2015-10-21 01:24:01 : Time Idle: 00:02:28
2015-10-21 01:24:16 : Time Idle: 00:02:42
2015-10-21 01:24:30 : Time Idle: 00:02:56
2015-10-21 01:24:45 : Time Idle: 00:03:10
2015-10-21 01:24:59 : Time Idle: 00:03:24
2015-10-21 01:25:13 : Time Idle: 00:03:39
2015-10-21 01:25:27 : Collecting Resources
2015-10-21 01:25:33 : Time Idle: 00:03:58
2015-10-21 01:25:48 : Time Idle: 00:04:13
2015-10-21 01:26:02 : Time Idle: 00:04:27
2015-10-21 01:26:17 : Time Idle: 00:04:41
2015-10-21 01:26:31 : Time Idle: 00:04:55
2015-10-21 01:26:45 : Time Idle: 00:05:09
2015-10-21 01:27:00 : Time Idle: 00:05:24
2015-10-21 01:27:14 : Time Idle: 00:05:38
2015-10-21 01:27:29 : Time Idle: 00:05:52
2015-10-21 01:27:43 : Time Idle: 00:06:06
2015-10-21 01:27:57 : Time Idle: 00:06:20
2015-10-21 01:28:11 : Collecting Resources
2015-10-21 01:28:17 : Time Idle: 00:06:40
2015-10-21 01:28:32 : Time Idle: 00:06:54
2015-10-21 01:28:46 : Time Idle: 00:07:08
2015-10-21 01:29:01 : Time Idle: 00:07:23
2015-10-21 01:29:15 : Time Idle: 00:07:37
2015-10-21 01:29:29 : Time Idle: 00:07:51
2015-10-21 01:29:44 : Time Idle: 00:08:05
2015-10-21 01:29:58 : Time Idle: 00:08:19
2015-10-21 01:30:13 : Time Idle: 00:08:33
2015-10-21 01:30:27 : Time Idle: 00:08:48
2015-10-21 01:30:41 : Time Idle: 00:09:02
2015-10-21 01:30:55 : Collecting Resources
2015-10-21 01:31:01 : Time Idle: 00:09:22
2015-10-21 01:31:16 : Time Idle: 00:09:36
2015-10-21 01:31:30 : Time Idle: 00:09:50
2015-10-21 01:31:45 : Time Idle: 00:10:04
2015-10-21 01:31:59 : Time Idle: 00:10:18
2015-10-21 01:32:13 : Time Idle: 00:10:33
2015-10-21 01:32:28 : Time Idle: 00:10:47
2015-10-21 01:32:42 : Time Idle: 00:11:01
2015-10-21 01:32:57 : Time Idle: 00:11:15
2015-10-21 01:33:11 : Time Idle: 00:11:29
2015-10-21 01:33:26 : Time Idle: 00:11:44
2015-10-21 01:33:39 : Collecting Resources
2015-10-21 01:33:46 : Time Idle: 00:12:04
2015-10-21 01:34:00 : Time Idle: 00:12:18
2015-10-21 01:34:15 : Time Idle: 00:12:32
2015-10-21 01:34:29 : Time Idle: 00:12:46
2015-10-21 01:34:43 : Time Idle: 00:13:00
2015-10-21 01:34:58 : Time Idle: 00:13:14
2015-10-21 01:35:12 : Time Idle: 00:13:29
2015-10-21 01:35:27 : Time Idle: 00:13:43
2015-10-21 01:35:41 : Time Idle: 00:13:57
2015-10-21 01:35:56 : Time Idle: 00:14:11
2015-10-21 01:36:10 : Time Idle: 00:14:26
2015-10-21 01:36:23 : Collecting Resources
2015-10-21 01:36:30 : Time Idle: 00:14:45
2015-10-21 01:36:44 : Time Idle: 00:14:59
2015-10-21 01:36:59 : Time Idle: 00:15:14
2015-10-21 01:37:13 : Time Idle: 00:15:28
2015-10-21 01:37:28 : Time Idle: 00:15:42
2015-10-21 01:37:42 : Time Idle: 00:15:56
2015-10-21 01:37:56 : Time Idle: 00:16:10
2015-10-21 01:38:11 : Time Idle: 00:16:25
2015-10-21 01:38:25 : Time Idle: 00:16:39
2015-10-21 01:38:40 : Time Idle: 00:16:53
2015-10-21 01:38:54 : Time Idle: 00:17:07
2015-10-21 01:39:07 : Collecting Resources
2015-10-21 01:39:14 : Time Idle: 00:17:27
2015-10-21 01:39:28 : Time Idle: 00:17:41
2015-10-21 01:39:43 : Time Idle: 00:17:55
2015-10-21 01:39:57 : Time Idle: 00:18:10
2015-10-21 01:40:12 : Time Idle: 00:18:24
2015-10-21 01:40:26 : Time Idle: 00:18:38
2015-10-21 01:40:41 : Time Idle: 00:18:52
2015-10-21 01:40:55 : Time Idle: 00:19:06
2015-10-21 01:41:09 : Time Idle: 00:19:21
2015-10-21 01:41:24 : Time Idle: 00:19:35
2015-10-21 01:41:38 : Time Idle: 00:19:49
2015-10-21 01:41:51 : Collecting Resources
2015-10-21 01:41:58 : Time Idle: 00:20:09
2015-10-21 01:42:13 : Time Idle: 00:20:23
2015-10-21 01:42:27 : Time Idle: 00:20:37
2015-10-21 01:42:41 : Time Idle: 00:20:51
2015-10-21 01:42:56 : Time Idle: 00:21:06
2015-10-21 01:43:10 : Time Idle: 00:21:20
2015-10-21 01:43:25 : Time Idle: 00:21:34
2015-10-21 01:43:39 : Time Idle: 00:21:48
2015-10-21 01:43:54 : Time Idle: 00:22:02
2015-10-21 01:44:08 : Time Idle: 00:22:16
2015-10-21 01:44:22 : Time Idle: 00:22:31
2015-10-21 01:44:36 : Collecting Resources
2015-10-21 01:44:43 : Time Idle: 00:22:51
2015-10-21 01:44:57 : Time Idle: 00:23:05
2015-10-21 01:45:11 : Time Idle: 00:23:19
2015-10-21 01:45:26 : Time Idle: 00:23:33
2015-10-21 01:45:40 : Time Idle: 00:23:48
2015-10-21 01:45:55 : Time Idle: 00:24:02
2015-10-21 01:46:09 : Time Idle: 00:24:16
2015-10-21 01:46:24 : Time Idle: 00:24:30
2015-10-21 01:46:38 : Time Idle: 00:24:44
2015-10-21 01:46:52 : Time Idle: 00:24:59
2015-10-21 01:47:07 : Time Idle: 00:25:13
2015-10-21 01:47:20 : Collecting Resources
2015-10-21 01:47:27 : Time Idle: 00:25:32
2015-10-21 01:47:41 : Time Idle: 00:25:47
2015-10-21 01:47:56 : Time Idle: 00:26:01
2015-10-21 01:48:10 : Time Idle: 00:26:15
2015-10-21 01:48:24 : Time Idle: 00:26:29
2015-10-21 01:48:39 : Time Idle: 00:26:43
2015-10-21 01:48:53 : Time Idle: 00:26:58
2015-10-21 01:49:08 : Time Idle: 00:27:12
2015-10-21 01:49:22 : Time Idle: 00:27:26
2015-10-21 01:49:37 : Time Idle: 00:27:40
2015-10-21 01:49:51 : Time Idle: 00:27:54
2015-10-21 01:50:04 : Collecting Resources
2015-10-21 01:50:11 : Time Idle: 00:28:14
2015-10-21 01:50:26 : Time Idle: 00:28:29
2015-10-21 01:50:40 : Time Idle: 00:28:43
2015-10-21 01:50:54 : Time Idle: 00:28:57
2015-10-21 01:51:09 : Time Idle: 00:29:11
2015-10-21 01:51:23 : Time Idle: 00:29:25
2015-10-21 01:51:38 : Time Idle: 00:29:39
2015-10-21 01:51:52 : Time Idle: 00:29:54
2015-10-21 01:52:06 : Time Idle: 00:30:08
2015-10-21 01:52:21 : Time Idle: 00:30:22
2015-10-21 01:52:35 : Time Idle: 00:30:36
2015-10-21 01:52:49 : Collecting Resources
2015-10-21 01:52:55 : Time Idle: 00:30:56
2015-10-21 01:53:10 : Time Idle: 00:31:10
2015-10-21 01:53:24 : Time Idle: 00:31:25
2015-10-21 01:53:39 : Time Idle: 00:31:39
2015-10-21 01:53:53 : Time Idle: 00:31:53
2015-10-21 01:54:07 : Time Idle: 00:32:07
2015-10-21 01:54:22 : Time Idle: 00:32:21
2015-10-21 01:54:36 : Time Idle: 00:32:35
2015-10-21 01:54:51 : Time Idle: 00:32:50
2015-10-21 01:55:05 : Time Idle: 00:33:04
2015-10-21 01:55:20 : Time Idle: 00:33:18
2015-10-21 01:55:33 : Collecting Resources
2015-10-21 01:55:40 : Time Idle: 00:33:38
2015-10-21 01:55:54 : Time Idle: 00:33:53
2015-10-21 01:56:09 : Time Idle: 00:34:07
2015-10-21 01:56:23 : Time Idle: 00:34:21
2015-10-21 01:56:38 : Time Idle: 00:34:35
2015-10-21 01:56:52 : Time Idle: 00:34:50
2015-10-21 01:57:07 : Time Idle: 00:35:04
2015-10-21 01:57:21 : Time Idle: 00:35:18
2015-10-21 01:57:36 : Time Idle: 00:35:32
2015-10-21 01:57:50 : Time Idle: 00:35:46
2015-10-21 01:58:04 : Time Idle: 00:36:01
2015-10-21 01:58:18 : Collecting Resources
2015-10-21 01:58:24 : Time Idle: 00:36:20
2015-10-21 01:58:39 : Time Idle: 00:36:34
2015-10-21 01:58:53 : Time Idle: 00:36:49
2015-10-21 01:59:08 : Time Idle: 00:37:03
2015-10-21 01:59:21 : Training Overview Window didn't open
2015-10-21 01:59:23 : Time Idle: 00:37:18
2015-10-21 01:59:36 : Training Overview Window didn't open
2015-10-21 01:59:38 : Time Idle: 00:37:33
2015-10-21 01:59:52 : Training Overview Window didn't open
2015-10-21 01:59:54 : Time Idle: 00:37:48
2015-10-21 02:00:07 : Training Overview Window didn't open
2015-10-21 02:00:09 : Time Idle: 00:38:03
2015-10-21 02:00:22 : Training Overview Window didn't open
2015-10-21 02:00:24 : Time Idle: 00:38:18
2015-10-21 02:00:37 : Training Overview Window didn't open
2015-10-21 02:00:39 : Time Idle: 00:38:33
2015-10-21 02:00:53 : Training Overview Window didn't open
2015-10-21 02:00:55 : Time Idle: 00:38:48
2015-10-21 02:01:08 : Training Overview Window didn't open
2015-10-21 02:01:09 : Collecting Resources
2015-10-21 02:01:16 : Time Idle: 00:39:09
2015-10-21 02:01:29 : Training Overview Window didn't open
2015-10-21 02:01:31 : Time Idle: 00:39:24
2015-10-21 02:01:44 : Training Overview Window didn't open
2015-10-21 02:01:46 : Time Idle: 00:39:39
2015-10-21 02:01:59 : Training Overview Window didn't open
2015-10-21 02:02:01 : Time Idle: 00:39:54
2015-10-21 02:02:15 : Training Overview Window didn't open
2015-10-21 02:02:17 : Time Idle: 00:40:09
2015-10-21 02:02:30 : Training Overview Window didn't open
2015-10-21 02:02:32 : Time Idle: 00:40:24
2015-10-21 02:02:45 : Training Overview Window didn't open
2015-10-21 02:02:47 : Time Idle: 00:40:39
2015-10-21 02:03:00 : Training Overview Window didn't open
2015-10-21 02:03:02 : Time Idle: 00:40:54
2015-10-21 02:03:16 : Training Overview Window didn't open
2015-10-21 02:03:18 : Time Idle: 00:41:09
2015-10-21 02:03:31 : Training Overview Window didn't open
2015-10-21 02:03:33 : Time Idle: 00:41:24
2015-10-21 02:03:46 : Training Overview Window didn't open
2015-10-21 02:03:48 : Time Idle: 00:41:39
2015-10-21 02:04:01 : Training Overview Window didn't open
2015-10-21 02:04:02 : Collecting Resources
2015-10-21 02:04:09 : Time Idle: 00:42:00
2015-10-21 02:04:22 : Training Overview Window didn't open
2015-10-21 02:04:24 : Time Idle: 00:42:15
2015-10-21 02:04:37 : Training Overview Window didn't open
2015-10-21 02:04:39 : Time Idle: 00:42:30
2015-10-21 02:04:53 : Training Overview Window didn't open
2015-10-21 02:04:55 : Time Idle: 00:42:45
2015-10-21 02:05:08 : Training Overview Window didn't open
2015-10-21 02:05:10 : Time Idle: 00:43:00
2015-10-21 02:05:23 : Training Overview Window didn't open
2015-10-21 02:05:25 : Time Idle: 00:43:15
2015-10-21 02:05:38 : Training Overview Window didn't open
2015-10-21 02:05:40 : Time Idle: 00:43:30
2015-10-21 02:05:54 : Training Overview Window didn't open
2015-10-21 02:05:56 : Time Idle: 00:43:45
2015-10-21 02:06:09 : Training Overview Window didn't open
2015-10-21 02:06:11 : Time Idle: 00:44:00
2015-10-21 02:06:24 : Training Overview Window didn't open
2015-10-21 02:06:26 : Time Idle: 00:44:15
2015-10-21 02:06:39 : Training Overview Window didn't open
2015-10-21 02:06:41 : Time Idle: 00:44:30
2015-10-21 02:06:55 : Training Overview Window didn't open
2015-10-21 02:06:56 : Collecting Resources
2015-10-21 02:07:02 : Time Idle: 00:44:51
2015-10-21 02:07:16 : Training Overview Window didn't open
2015-10-21 02:07:17 : Time Idle: 00:45:06
2015-10-21 02:07:31 : Training Overview Window didn't open
2015-10-21 02:07:33 : Time Idle: 00:45:21
2015-10-21 02:07:46 : Training Overview Window didn't open
2015-10-21 02:07:48 : Time Idle: 00:45:36
2015-10-21 02:08:02 : Training Overview Window didn't open
2015-10-21 02:08:03 : Time Idle: 00:45:51
2015-10-21 02:08:17 : Training Overview Window didn't open
2015-10-21 02:08:19 : Time Idle: 00:46:06
2015-10-21 02:08:32 : Training Overview Window didn't open
2015-10-21 02:08:34 : Time Idle: 00:46:21
2015-10-21 02:08:47 : Training Overview Window didn't open
2015-10-21 02:08:49 : Time Idle: 00:46:36
2015-10-21 02:09:03 : Training Overview Window didn't open
2015-10-21 02:09:05 : Time Idle: 00:46:52
2015-10-21 02:09:18 : Training Overview Window didn't open
2015-10-21 02:09:20 : Time Idle: 00:47:07
2015-10-21 02:09:33 : Training Overview Window didn't open
2015-10-21 02:09:35 : Time Idle: 00:47:22
2015-10-21 02:09:48 : Training Overview Window didn't open
2015-10-21 02:09:49 : Collecting Resources
2015-10-21 02:09:56 : Time Idle: 00:47:42
2015-10-21 02:10:09 : Training Overview Window didn't open
2015-10-21 02:10:11 : Time Idle: 00:47:57
2015-10-21 02:10:25 : Training Overview Window didn't open
2015-10-21 02:10:26 : Time Idle: 00:48:12
2015-10-21 02:10:40 : Training Overview Window didn't open
2015-10-21 02:10:42 : Time Idle: 00:48:27
2015-10-21 02:10:55 : Training Overview Window didn't open
2015-10-21 02:10:57 : Time Idle: 00:48:42
2015-10-21 02:11:11 : Training Overview Window didn't open
2015-10-21 02:11:12 : Time Idle: 00:48:58
2015-10-21 02:11:26 : Training Overview Window didn't open
2015-10-21 02:11:28 : Time Idle: 00:49:13
2015-10-21 02:11:41 : Training Overview Window didn't open
2015-10-21 02:11:43 : Time Idle: 00:49:28
2015-10-21 02:11:56 : Training Overview Window didn't open
2015-10-21 02:11:58 : Time Idle: 00:49:43
2015-10-21 02:12:12 : Training Overview Window didn't open
2015-10-21 02:12:14 : Time Idle: 00:49:58
2015-10-21 02:12:27 : Training Overview Window didn't open
2015-10-21 02:12:29 : Time Idle: 00:50:13
2015-10-21 02:12:42 : Training Overview Window didn't open
2015-10-21 02:12:43 : Collecting Resources
2015-10-21 02:12:50 : Time Idle: 00:50:34
2015-10-21 02:13:03 : Training Overview Window didn't open
2015-10-21 02:13:05 : Time Idle: 00:50:49
2015-10-21 02:13:19 : Training Overview Window didn't open
2015-10-21 02:13:20 : Time Idle: 00:51:04
2015-10-21 02:13:34 : Training Overview Window didn't open
2015-10-21 02:13:36 : Time Idle: 00:51:19
2015-10-21 02:13:49 : Training Overview Window didn't open
2015-10-21 02:13:51 : Time Idle: 00:51:34
2015-10-21 02:14:04 : Training Overview Window didn't open
2015-10-21 02:14:06 : Time Idle: 00:51:49
2015-10-21 02:14:20 : Training Overview Window didn't open
2015-10-21 02:14:22 : Time Idle: 00:52:04
2015-10-21 02:14:35 : Training Overview Window didn't open
2015-10-21 02:14:37 : Time Idle: 00:52:19
2015-10-21 02:14:50 : Training Overview Window didn't open
2015-10-21 02:14:52 : Time Idle: 00:52:34
2015-10-21 02:15:06 : Training Overview Window didn't open
2015-10-21 02:15:08 : Time Idle: 00:52:50
2015-10-21 02:15:20 : Waiting for Main Screen
2015-10-21 02:15:26 : Trying to locate Main Screen
2015-10-21 02:15:26 : Main Screen Located
2015-10-21 02:15:26 : Halt Attack, Stay Online/Collect...
2015-10-21 02:15:29 : Village Report
2015-10-21 02:15:29 : No. of Free/Total Builders: 2/5
2015-10-21 02:15:29 :  [T]: 2 736
2015-10-21 02:15:29 :  [G]: 1 394 810 [E]: 749 878 [D]: 146 649 [GEM]: 5 335
2015-10-21 02:15:29 : Collecting Resources
2015-10-21 02:15:58 : Time Idle: 00:00:14
2015-10-21 02:16:11 : Collecting Resources
2015-10-21 02:16:18 : Time Idle: 00:00:33
2015-10-21 02:16:32 : Time Idle: 00:00:48
2015-10-21 02:16:44 : Another Device has connected, waiting 2 minutes 0 seconds
2015-10-21 02:18:47 : Waiting for Main Screen
2015-10-21 02:18:52 : Trying to locate Main Screen
2015-10-21 02:18:52 : Main Screen Located
2015-10-21 02:18:53 : Halt Attack, Stay Online/Collect...
2015-10-21 02:18:55 : Village Report
2015-10-21 02:18:55 : No. of Free/Total Builders: 2/5
2015-10-21 02:18:55 :  [T]: 2 736
2015-10-21 02:18:55 :  [G]: 1 394 810 [E]: 632 202 [D]: 146 657 [GEM]: 5 335
2015-10-21 02:18:56 : Collecting Resources
2015-10-21 02:18:59 : ClashGameBot was Paused!
2015-10-21 02:59:47 : ClashGameBot was Resumed.
2015-10-21 03:00:14 : Time Idle: 00:00:14
2015-10-21 03:00:28 : Time Idle: 00:00:28
2015-10-21 03:00:43 : Time Idle: 00:00:42
2015-10-21 03:00:57 : Time Idle: 00:00:57
2015-10-21 03:01:12 : Time Idle: 00:01:11
2015-10-21 03:01:26 : Time Idle: 00:01:25
2015-10-21 03:01:41 : Time Idle: 00:01:39
2015-10-21 03:01:55 : Time Idle: 00:01:53
2015-10-21 03:02:09 : Time Idle: 00:02:08
2015-10-21 03:02:23 : Collecting Resources
2015-10-21 03:02:29 : Time Idle: 00:02:27
2015-10-21 03:02:44 : Time Idle: 00:02:42
2015-10-21 03:02:58 : Time Idle: 00:02:56
2015-10-21 03:03:12 : Time Idle: 00:03:10
2015-10-21 03:03:27 : Time Idle: 00:03:24
2015-10-21 03:03:41 : Time Idle: 00:03:38
2015-10-21 03:03:56 : Time Idle: 00:03:52
2015-10-21 03:04:10 : Time Idle: 00:04:07
2015-10-21 03:04:24 : Time Idle: 00:04:21
2015-10-21 03:04:39 : Time Idle: 00:04:35
2015-10-21 03:04:53 : Time Idle: 00:04:49
2015-10-21 03:05:07 : Collecting Resources
2015-10-21 03:05:14 : Time Idle: 00:05:09
2015-10-21 03:05:28 : Time Idle: 00:05:23
2015-10-21 03:05:42 : Time Idle: 00:05:38
2015-10-21 03:05:57 : Time Idle: 00:05:52
2015-10-21 03:06:11 : Time Idle: 00:06:06
2015-10-21 03:06:26 : Time Idle: 00:06:20
2015-10-21 03:06:40 : Time Idle: 00:06:34
2015-10-21 03:06:54 : Time Idle: 00:06:48
2015-10-21 03:07:09 : Time Idle: 00:07:03
2015-10-21 03:07:23 : Time Idle: 00:07:17
2015-10-21 03:07:38 : Time Idle: 00:07:31
2015-10-21 03:07:51 : Collecting Resources
2015-10-21 03:07:58 : Time Idle: 00:07:51
2015-10-21 03:08:12 : Time Idle: 00:08:05
2015-10-21 03:08:27 : Time Idle: 00:08:19
2015-10-21 03:08:41 : Time Idle: 00:08:33
2015-10-21 03:08:55 : Time Idle: 00:08:48
2015-10-21 03:09:10 : Time Idle: 00:09:02
2015-10-21 03:09:16 : ClashGameBot was Paused!
2015-10-21 03:10:49 : ClashGameBot was Resumed.
2015-10-21 03:10:55 : Another Device has connected, waiting 2 minutes 0 seconds
2015-10-21 03:12:58 : Waiting for Main Screen
2015-10-21 03:13:03 : Trying to locate Main Screen
2015-10-21 03:13:03 : Main Screen Located
2015-10-21 03:13:04 : Halt Attack, Stay Online/Collect...
2015-10-21 03:13:06 : Village Report
2015-10-21 03:13:06 : No. of Free/Total Builders: 2/5
2015-10-21 03:13:06 :  [T]: 2 743
2015-10-21 03:13:06 :  [G]: 1 777 856 [E]: 1 073 275 [D]: 149 132 [GEM]: 5 335
2015-10-21 03:13:07 : Collecting Resources
2015-10-21 03:13:35 : Time Idle: 00:00:14
2015-10-21 03:13:49 : Time Idle: 00:00:28
2015-10-21 03:14:04 : Time Idle: 00:00:42
2015-10-21 03:14:18 : Time Idle: 00:00:56
2015-10-21 03:14:33 : Time Idle: 00:01:11
2015-10-21 03:14:46 : Collecting Resources
2015-10-21 03:14:53 : Time Idle: 00:01:30
2015-10-21 03:15:07 : Time Idle: 00:01:44
2015-10-21 03:15:21 : Time Idle: 00:01:59
2015-10-21 03:15:36 : Time Idle: 00:02:13
2015-10-21 03:15:50 : Time Idle: 00:02:27
2015-10-21 03:16:05 : Time Idle: 00:02:41
2015-10-21 03:16:19 : Time Idle: 00:02:56
2015-10-21 03:16:34 : Time Idle: 00:03:10
2015-10-21 03:16:48 : Time Idle: 00:03:24
2015-10-21 03:17:02 : Time Idle: 00:03:38
2015-10-21 03:17:17 : Time Idle: 00:03:52
2015-10-21 03:17:30 : Collecting Resources
2015-10-21 03:17:37 : Time Idle: 00:04:12
2015-10-21 03:17:51 : Time Idle: 00:04:26
2015-10-21 03:18:06 : Time Idle: 00:04:41
2015-10-21 03:18:20 : Time Idle: 00:04:55
2015-10-21 03:18:35 : Time Idle: 00:05:09
2015-10-21 03:18:49 : Time Idle: 00:05:23
2015-10-21 03:19:03 : Time Idle: 00:05:37
2015-10-21 03:19:18 : Time Idle: 00:05:51
2015-10-21 03:19:32 : Time Idle: 00:06:06
2015-10-21 03:19:47 : Time Idle: 00:06:20
2015-10-21 03:20:01 : Time Idle: 00:06:34
2015-10-21 03:20:14 : Collecting Resources
2015-10-21 03:20:21 : Time Idle: 00:06:54
2015-10-21 03:20:35 : Time Idle: 00:07:08
2015-10-21 03:20:50 : Time Idle: 00:07:22
2015-10-21 03:21:04 : Time Idle: 00:07:36
2015-10-21 03:21:19 : Time Idle: 00:07:50
2015-10-21 03:21:33 : Time Idle: 00:08:05
2015-10-21 03:21:47 : Time Idle: 00:08:19
2015-10-21 03:22:02 : Time Idle: 00:08:33
2015-10-21 03:22:16 : Time Idle: 00:08:47
2015-10-21 03:22:31 : Time Idle: 00:09:01
2015-10-21 03:22:45 : Time Idle: 00:09:16
2015-10-21 03:22:58 : Collecting Resources
2015-10-21 03:23:05 : Time Idle: 00:09:35
2015-10-21 03:23:19 : Time Idle: 00:09:50
2015-10-21 03:23:34 : Time Idle: 00:10:04
2015-10-21 03:23:48 : Time Idle: 00:10:18
2015-10-21 03:24:03 : Time Idle: 00:10:32
2015-10-21 03:24:17 : Time Idle: 00:10:46
2015-10-21 03:24:32 : Time Idle: 00:11:01
2015-10-21 03:24:46 : Time Idle: 00:11:15
2015-10-21 03:25:00 : Time Idle: 00:11:29
2015-10-21 03:25:15 : Time Idle: 00:11:43
2015-10-21 03:25:29 : Time Idle: 00:11:57
2015-10-21 03:25:42 : Collecting Resources
2015-10-21 03:25:49 : Time Idle: 00:12:17
2015-10-21 03:26:04 : Time Idle: 00:12:31
2015-10-21 03:26:18 : Time Idle: 00:12:46
2015-10-21 03:26:32 : Time Idle: 00:13:00
2015-10-21 03:26:47 : Time Idle: 00:13:14
2015-10-21 03:27:01 : Time Idle: 00:13:28
2015-10-21 03:27:16 : Time Idle: 00:13:42
2015-10-21 03:27:30 : Time Idle: 00:13:57
2015-10-21 03:27:45 : Time Idle: 00:14:11
2015-10-21 03:27:59 : Time Idle: 00:14:25
2015-10-21 03:28:13 : Time Idle: 00:14:39
2015-10-21 03:28:27 : Collecting Resources
2015-10-21 03:28:34 : Time Idle: 00:14:59
2015-10-21 03:28:48 : Time Idle: 00:15:13
2015-10-21 03:29:02 : Time Idle: 00:15:28
2015-10-21 03:29:17 : Time Idle: 00:15:42
2015-10-21 03:29:31 : Time Idle: 00:15:56
2015-10-21 03:29:46 : Time Idle: 00:16:10
2015-10-21 03:30:00 : Time Idle: 00:16:24
2015-10-21 03:30:15 : Time Idle: 00:16:39
2015-10-21 03:30:29 : Time Idle: 00:16:53
2015-10-21 03:30:44 : Time Idle: 00:17:07
2015-10-21 03:30:58 : Time Idle: 00:17:21
2015-10-21 03:31:11 : Collecting Resources
2015-10-21 03:31:18 : Time Idle: 00:17:41
2015-10-21 03:31:32 : Time Idle: 00:17:55
2015-10-21 03:31:47 : Time Idle: 00:18:09
2015-10-21 03:32:01 : Time Idle: 00:18:23
2015-10-21 03:32:15 : Time Idle: 00:18:38
2015-10-21 03:32:30 : Time Idle: 00:18:52
2015-10-21 03:32:44 : Time Idle: 00:19:06
2015-10-21 03:32:59 : Time Idle: 00:19:20
2015-10-21 03:33:13 : Time Idle: 00:19:34
2015-10-21 03:33:27 : Time Idle: 00:19:49
2015-10-21 03:33:42 : Time Idle: 00:20:03
2015-10-21 03:33:55 : Collecting Resources
2015-10-21 03:34:02 : Time Idle: 00:20:22
2015-10-21 03:34:16 : Time Idle: 00:20:37
2015-10-21 03:34:31 : Time Idle: 00:20:51
2015-10-21 03:34:45 : Time Idle: 00:21:05
2015-10-21 03:34:59 : Time Idle: 00:21:19
2015-10-21 03:35:14 : Time Idle: 00:21:33
2015-10-21 03:35:28 : Time Idle: 00:21:48
2015-10-21 03:35:40 : Another Device has connected, waiting 2 minutes 0 seconds
2015-10-21 03:37:43 : Waiting for Main Screen
2015-10-21 03:37:45 : Another Device has connected, waiting 2 minutes 0 seconds
2015-10-21 03:39:49 : Another Device has connected, waiting 2 minutes 0 seconds
2015-10-21 03:39:50 : ClashGameBot was Paused!
