2015-10-19 09:19:35 :  Clash Game Bot v4.1.1 Modded Powered by GameBot.org ~
2015-10-19 09:19:35 : GameBot.org.au3 Script running on WIN_81  X64
2015-10-19 09:19:35 : =================== Bot Start ====================
2015-10-19 09:19:35 : -------------------------  Current Profile: 01 --------------------------
2015-10-19 09:19:35 : Trying to locate Main Screen
2015-10-19 09:19:35 : Main Screen Located
2015-10-19 09:19:36 : Detecting your Buildings..
2015-10-19 09:19:43 : Language setting is English: Correct.
2015-10-19 09:19:44 : Trying to locate Main Screen
2015-10-19 09:19:44 : Main Screen Located
2015-10-19 09:19:45 : Village Report
2015-10-19 09:19:45 : No. of Free/Total Builders: 1/5
2015-10-19 09:19:46 :  [T]: 2 669
2015-10-19 09:19:46 :  [G]: 2 722 342 [E]: 4 982 086 [D]: 120 884 [GEM]: 5 304
2015-10-19 09:19:46 : Collecting Resources
2015-10-19 09:19:55 : Checking Army Camp...
2015-10-19 09:19:57 : Total Army Camp capacity: 180/220
2015-10-19 09:19:59 :  - No. of Balloons: 20
2015-10-19 09:19:59 :  - No. of Minions: 40
2015-10-19 09:19:59 : Barracks and Spell factory status: 
2015-10-19 09:19:59 : - Barracks detected: 4 | Available: 4 | Upgrading: 0
2015-10-19 09:19:59 : - Dark Barracks detected: 2 | Available: 2 | Upgrading: 0
2015-10-19 09:19:59 : - Spell factory detected: 1 | Available: 1 | Upgrading: 0
2015-10-19 09:19:59 : - Dark Spell factory detected: 1 | Available: 1 | Upgrading: 0
2015-10-19 09:19:59 : Training Troops...
2015-10-19 09:20:27 : Spell Factory Full
2015-10-19 09:20:27 : Created 2 Spell(s)
2015-10-19 09:20:34 : ====== Waiting for full army ======
2015-10-19 09:20:46 : Checking Army Camp...
2015-10-19 09:20:48 : Total Army Camp capacity: 180/220
2015-10-19 09:20:49 :  - No. of Balloons: 20
2015-10-19 09:20:49 :  - No. of Minions: 40
2015-10-19 09:20:49 : Training Troops...
2015-10-19 09:21:09 : Spell Factory Full
2015-10-19 09:21:11 : Time Idle: 00:00:37
2015-10-19 09:21:11 : ====== Waiting for full army ======
2015-10-19 09:21:23 : Checking Army Camp...
2015-10-19 09:21:25 : Total Army Camp capacity: 180/220
2015-10-19 09:21:26 :  - No. of Balloons: 20
2015-10-19 09:21:26 :  - No. of Minions: 40
2015-10-19 09:21:26 : Training Troops...
2015-10-19 09:21:46 : Spell Factory Full
2015-10-19 09:21:48 : Time Idle: 00:01:14
2015-10-19 09:21:49 : ====== Waiting for full army ======
2015-10-19 09:22:01 : Checking Army Camp...
2015-10-19 09:22:03 : Total Army Camp capacity: 180/220
2015-10-19 09:22:03 :  - No. of Balloons: 20
2015-10-19 09:22:03 :  - No. of Minions: 40
2015-10-19 09:22:04 : Training Troops...
2015-10-19 09:22:23 : Spell Factory Full
2015-10-19 09:22:26 : Time Idle: 00:01:51
2015-10-19 09:22:26 : ====== Waiting for full army ======
2015-10-19 09:22:38 : Checking Army Camp...
2015-10-19 09:22:40 : Total Army Camp capacity: 180/220
2015-10-19 09:22:41 :  - No. of Balloons: 20
2015-10-19 09:22:41 :  - No. of Minions: 40
2015-10-19 09:22:41 : Training Troops...
2015-10-19 09:23:01 : Spell Factory Full
2015-10-19 09:23:03 : Time Idle: 00:02:28
2015-10-19 09:23:03 : ====== Waiting for full army ======
2015-10-19 09:23:15 : Checking Army Camp...
2015-10-19 09:23:17 : Total Army Camp capacity: 180/220
2015-10-19 09:23:18 :  - No. of Balloons: 20
2015-10-19 09:23:18 :  - No. of Minions: 40
2015-10-19 09:23:18 : Training Troops...
2015-10-19 09:23:38 : Spell Factory Full
2015-10-19 09:23:41 : Time Idle: 00:03:05
2015-10-19 09:23:41 : ====== Waiting for full army ======
2015-10-19 09:23:53 : Checking Army Camp...
2015-10-19 09:23:55 : Total Army Camp capacity: 180/220
2015-10-19 09:23:56 :  - No. of Balloons: 20
2015-10-19 09:23:56 :  - No. of Minions: 40
2015-10-19 09:23:56 : Training Troops...
2015-10-19 09:24:15 : Spell Factory Full
2015-10-19 09:24:18 : Time Idle: 00:03:42
2015-10-19 09:24:18 : ====== Waiting for full army ======
2015-10-19 09:24:30 : Checking Army Camp...
2015-10-19 09:24:32 : Total Army Camp capacity: 180/220
2015-10-19 09:24:33 :  - No. of Balloons: 20
2015-10-19 09:24:33 :  - No. of Minions: 40
2015-10-19 09:24:33 : Training Troops...
2015-10-19 09:24:53 : Spell Factory Full
2015-10-19 09:24:55 : Time Idle: 00:04:20
2015-10-19 09:24:56 : ====== Waiting for full army ======
2015-10-19 09:25:08 : Checking Army Camp...
2015-10-19 09:25:09 : Total Army Camp capacity: 180/220
2015-10-19 09:25:10 :  - No. of Balloons: 20
2015-10-19 09:25:10 :  - No. of Minions: 40
2015-10-19 09:25:11 : Training Troops...
2015-10-19 09:25:30 : Spell Factory Full
2015-10-19 09:25:33 : Time Idle: 00:04:57
2015-10-19 09:25:33 : ====== Waiting for full army ======
2015-10-19 09:25:45 : Checking Army Camp...
2015-10-19 09:25:47 : Total Army Camp capacity: 180/220
2015-10-19 09:25:48 :  - No. of Balloons: 20
2015-10-19 09:25:48 :  - No. of Minions: 40
2015-10-19 09:25:48 : Training Troops...
2015-10-19 09:26:08 : Spell Factory Full
2015-10-19 09:26:10 : Time Idle: 00:05:34
2015-10-19 09:26:10 : ====== Waiting for full army ======
2015-10-19 09:26:22 : Checking Army Camp...
2015-10-19 09:26:24 : Total Army Camp capacity: 180/220
2015-10-19 09:26:25 :  - No. of Balloons: 20
2015-10-19 09:26:25 :  - No. of Minions: 40
2015-10-19 09:26:25 : Training Troops...
2015-10-19 09:26:45 : Spell Factory Full
2015-10-19 09:26:48 : Time Idle: 00:06:12
2015-10-19 09:26:48 : ====== Waiting for full army ======
2015-10-19 09:27:00 : Checking Army Camp...
2015-10-19 09:27:02 : Total Army Camp capacity: 180/220
2015-10-19 09:27:03 :  - No. of Balloons: 20
2015-10-19 09:27:03 :  - No. of Minions: 40
2015-10-19 09:27:03 : Training Troops...
2015-10-19 09:27:23 : Spell Factory Full
2015-10-19 09:27:26 : Time Idle: 00:06:49
2015-10-19 09:27:26 : ====== Waiting for full army ======
2015-10-19 09:27:36 : ClashGameBot was Paused!
2015-10-19 09:27:39 : ClashGameBot was Resumed.
2015-10-19 09:27:40 : Collecting Resources
2015-10-19 09:27:46 : Checking Army Camp...
2015-10-19 09:27:48 : Total Army Camp capacity: 180/220
2015-10-19 09:27:49 :  - No. of Balloons: 20
2015-10-19 09:27:49 :  - No. of Minions: 40
2015-10-19 09:27:49 : Training Troops...
2015-10-19 09:28:09 : Spell Factory Full
2015-10-19 09:28:12 : Time Idle: 00:07:35
2015-10-19 09:28:12 : ====== Waiting for full army ======
2015-10-19 09:28:24 : Checking Army Camp...
2015-10-19 09:28:26 : Total Army Camp capacity: 200/220
2015-10-19 09:28:27 :  - No. of Balloons: 24
2015-10-19 09:28:27 :  - No. of Minions: 40
2015-10-19 09:28:27 : Training Troops...
2015-10-19 09:28:47 : Spell Factory Full
2015-10-19 09:28:50 : Time Idle: 00:08:13
2015-10-19 09:28:50 : ====== Waiting for full army ======
2015-10-19 09:29:02 : Checking Army Camp...
2015-10-19 09:29:04 : Total Army Camp capacity: 200/220
2015-10-19 09:29:04 :  - No. of Balloons: 24
2015-10-19 09:29:05 :  - No. of Minions: 40
2015-10-19 09:29:05 : Training Troops...
2015-10-19 09:29:07 : some error occurred, cannot open barrack
2015-10-19 09:29:11 : Cannot find train page, return home.
2015-10-19 09:29:12 : Time Idle: 00:08:34
2015-10-19 09:29:12 : ====== Waiting for full army ======
2015-10-19 09:29:16 : ClashGameBot was Paused!
2015-10-19 09:29:27 : ClashGameBot was Resumed.
2015-10-19 09:29:35 : Checking Army Camp...
2015-10-19 09:29:37 : Total Army Camp capacity: 200/220
2015-10-19 09:29:38 :  - No. of Balloons: 24
2015-10-19 09:29:38 :  - No. of Minions: 40
2015-10-19 09:29:38 : Training Troops...
2015-10-19 09:29:41 : some error occurred, cannot open barrack
2015-10-19 09:29:52 : Spell Factory Full
2015-10-19 09:29:55 : Time Idle: 00:09:17
2015-10-19 09:29:55 : ====== Waiting for full army ======
2015-10-19 09:30:07 : Checking Army Camp...
2015-10-19 09:30:09 : Total Army Camp capacity: 200/220
2015-10-19 09:30:09 :  - No. of Balloons: 24
2015-10-19 09:30:09 :  - No. of Minions: 40
2015-10-19 09:30:10 : Training Troops...
2015-10-19 09:30:30 : Spell Factory Full
2015-10-19 09:30:32 : Time Idle: 00:09:54
2015-10-19 09:30:32 : ====== Waiting for full army ======
2015-10-19 09:30:44 : Checking Army Camp...
2015-10-19 09:30:46 : Total Army Camp capacity: 200/220
2015-10-19 09:30:47 :  - No. of Balloons: 24
2015-10-19 09:30:47 :  - No. of Minions: 40
2015-10-19 09:30:47 : Training Troops...
2015-10-19 09:31:07 : Spell Factory Full
2015-10-19 09:31:10 : Time Idle: 00:10:32
2015-10-19 09:31:10 : ====== Waiting for full army ======
2015-10-19 09:31:22 : Checking Army Camp...
2015-10-19 09:31:24 : Total Army Camp capacity: 200/220
2015-10-19 09:31:25 :  - No. of Balloons: 24
2015-10-19 09:31:25 :  - No. of Minions: 40
2015-10-19 09:31:25 : Training Troops...
2015-10-19 09:31:45 : Spell Factory Full
2015-10-19 09:31:47 : Time Idle: 00:11:09
2015-10-19 09:31:48 : ====== Waiting for full army ======
2015-10-19 09:31:59 : Checking Army Camp...
2015-10-19 09:32:01 : Total Army Camp capacity: 200/220
2015-10-19 09:32:02 :  - No. of Balloons: 24
2015-10-19 09:32:02 :  - No. of Minions: 40
2015-10-19 09:32:02 : Training Troops...
2015-10-19 09:32:22 : Spell Factory Full
2015-10-19 09:32:25 : Time Idle: 00:11:46
2015-10-19 09:32:25 : ====== Waiting for full army ======
2015-10-19 09:32:37 : Checking Army Camp...
2015-10-19 09:32:39 : Total Army Camp capacity: 200/220
2015-10-19 09:32:40 :  - No. of Balloons: 24
2015-10-19 09:32:40 :  - No. of Minions: 40
2015-10-19 09:32:40 : Training Troops...
2015-10-19 09:33:00 : Spell Factory Full
2015-10-19 09:33:03 : Time Idle: 00:12:24
2015-10-19 09:33:03 : ====== Waiting for full army ======
2015-10-19 09:33:10 : ClashGameBot was Paused!
2015-10-19 09:34:31 : ClashGameBot was Resumed.
2015-10-19 09:34:36 : Checking Army Camp...
2015-10-19 09:34:38 : Total Army Camp capacity: 200/220
2015-10-19 09:34:38 :  - No. of Balloons: 24
2015-10-19 09:34:38 :  - No. of Minions: 40
2015-10-19 09:34:39 : Training Troops...
2015-10-19 09:34:41 : Training Overview Window didn't open
2015-10-19 09:34:42 : Time Idle: 00:14:03
2015-10-19 09:34:42 : ====== Waiting for full army ======
2015-10-19 09:34:54 : Checking Army Camp...
2015-10-19 09:34:56 : Total Army Camp capacity: 200/220
2015-10-19 09:34:57 :  - No. of Balloons: 24
2015-10-19 09:34:57 :  - No. of Minions: 40
2015-10-19 09:34:57 : Training Troops...
2015-10-19 09:35:17 : Spell Factory Full
2015-10-19 09:35:20 : Time Idle: 00:14:40
2015-10-19 09:35:20 : ====== Waiting for full army ======
2015-10-19 09:35:32 : Collecting Resources
2015-10-19 09:35:37 : Checking Army Camp...
2015-10-19 09:35:39 : Total Army Camp capacity: 200/220
2015-10-19 09:35:40 :  - No. of Balloons: 24
2015-10-19 09:35:40 :  - No. of Minions: 40
2015-10-19 09:35:40 : Training Troops...
2015-10-19 09:36:00 : Spell Factory Full
2015-10-19 09:36:03 : Time Idle: 00:15:23
2015-10-19 09:36:03 : ====== Waiting for full army ======
2015-10-19 09:36:15 : Checking Army Camp...
2015-10-19 09:36:17 : Total Army Camp capacity: 220/220
2015-10-19 09:36:18 :  - No. of Balloons: 28
2015-10-19 09:36:18 :  - No. of Minions: 40
2015-10-19 09:36:18 : Training Troops...
2015-10-19 09:36:19 : Your Army Camps are now Full
2015-10-19 09:36:40 : Spell Factory Full
2015-10-19 09:36:42 : Going to Attack...
2015-10-19 09:36:48 : ============== Searching For Dead Base ===============
2015-10-19 09:36:48 : ~~~~~~~~~~~~~~~ SEARCH CONDITIONS ~~~~~~~~~~~~~~~~
2015-10-19 09:36:48 : , Max TH 8
2015-10-19 09:36:48 : ~~~~~~~~~~~~~~ RESOURCE CONDITIONS ~~~~~~~~~~~~~~~
2015-10-19 09:36:48 : Aim:           [G+E+D]: 425000 [T]: 0 [TH]: 8 for: Dead Base
2015-10-19 09:36:48 : ============== Searching For Live Base ===============
2015-10-19 09:36:48 : ~~~~~~~~~~~~~~~ SEARCH CONDITIONS ~~~~~~~~~~~~~~~~
2015-10-19 09:36:48 : , Max TH 8
2015-10-19 09:36:48 : ~~~~~~~~~~~~~~ RESOURCE CONDITIONS ~~~~~~~~~~~~~~~
2015-10-19 09:36:48 : Aim:           [G+E+D]: 425000 [T]: 0 [TH]: 8 for: Live Base
2015-10-19 09:36:48 : ==================================================
2015-10-19 09:36:52 :   1> [G]:   4516 [E]:  22542 [D]:  398 [T]:11 [TH]:10, In
2015-10-19 09:36:55 :   2> [G]: 101765 [E]:  63755 [D]:   38 [T]:34 [TH]: 9, In
2015-10-19 09:37:08 :   3> [G]: 288661 [E]: 152533 [D]: 1594 [T]:22 [TH]: 9, In
2015-10-19 09:37:13 :   4> [G]:  49454 [E]: 124280 [D]: 1274 [T]:19 [TH]:10, In
2015-10-19 09:37:20 :   5> [G]:  26138 [E]:  83648 [D]: 1020 [T]:19 [TH]: 9, In
2015-10-19 09:37:26 :   6> [G]:  47679 [E]:  86293 [D]:  933 [T]:12 [TH]: 9, In
2015-10-19 09:37:29 :   7> [G]:  37703 [E]:   4734 [D]: 1286 [T]:35 [TH]: 9, In
2015-10-19 09:37:36 :   8> [G]: 102760 [E]: 187242 [D]: 2288 [T]:11 [TH]:10, In
2015-10-19 09:37:38 :   9> [G]: 102760 [E]: 187242 [D]: 2288 [T]:11 [TH]:10, In
2015-10-19 09:37:40 :  10> [G]: 102760 [E]: 187242 [D]: 2288 [T]:11 [TH]:10, In
2015-10-19 09:37:44 :  11> [G]:  58849 [E]:  41706 [D]:  224 [T]: 5 [TH]:10, In
2015-10-19 09:37:50 :  12> [G]:  87998 [E]: 107131 [D]: 1292 [T]:33 [TH]: 9, In
2015-10-19 09:37:53 :  13> [G]:  55708 [E]:  14195 [D]:  698 [T]: 5 [TH]: 9, In
2015-10-19 09:37:59 :  14> [G]:  27938 [E]: 177800 [D]: 1330 [T]:34 [TH]:10, In
2015-10-19 09:38:01 :  15> [G]:  27938 [E]: 177800 [D]: 1330 [T]:34 [TH]:10, In
2015-10-19 09:38:05 :  16> [G]: 162581 [E]:  25545 [D]: 3053 [T]: 4 [TH]:10, In
2015-10-19 09:38:09 :  17> [G]:  82581 [E]:  36887 [D]: 1050 [T]:19 [TH]: 9, In
2015-10-19 09:38:12 :  18> [G]:  25209 [E]:   8450 [D]:  362 [T]: 7 [TH]:10, In
2015-10-19 09:38:20 :  19> [G]: 114604 [E]:   6709 [D]:  199 [T]: 1 [TH]: 8, In
2015-10-19 09:38:25 :  20> [G]: 207450 [E]: 138141 [D]: 1221 [T]:29 [TH]:10, In
2015-10-19 09:38:28 :  21> [G]: 288014 [E]: 105998 [D]: 3526 [T]:23 [TH]:10, In
2015-10-19 09:38:31 :  22> [G]:  25265 [E]:  67857 [D]:  371 [T]:29 [TH]:10, In
2015-10-19 09:38:38 :  23> [G]:   8688 [E]: 179554 [D]:  317 [T]: 4 [TH]: 8, In
2015-10-19 09:38:40 :  24> [G]:  46483 [E]:  36536 [D]:  214 [T]:24 [TH]:10, In
2015-10-19 09:38:47 :  25> [G]:  35078 [E]: 301029 [D]:  170 [T]:23 [TH]: 9, In
2015-10-19 09:38:51 :  26> [G]: 213308 [E]: 133159 [D]:  596 [T]:20 [TH]: 9, In
2015-10-19 09:38:54 :  27> [G]:  36219 [E]:  62741 [D]:  813 [T]: 1 [TH]: 9, In
2015-10-19 09:39:01 :  28> [G]:  73807 [E]:  76585 [D]: 2721 [T]: 1 [TH]:10, In
2015-10-19 09:39:05 :  29> [G]:  39204 [E]:  36866 [D]: 2080 [T]:40 [TH]:10, In
2015-10-19 09:39:11 :  30> [G]:  49912 [E]:  49924 [D]: 1173 [T]: 2 [TH]: 9, In
2015-10-19 09:39:14 :  31> [G]:  44683 [E]:  57888 [D]:  421 [T]: 1 [TH]: 8, In
2015-10-19 09:39:17 :  32> [G]:  20263 [E]:  20244 [D]:    0 [T]: 1 [TH]: 8, In
2015-10-19 09:39:21 :  33> [G]:  31069 [E]:  43050 [D]:  303 [T]: 1 [TH]: 8, In
2015-10-19 09:39:26 :  34> [G]:  59489 [E]: 176492 [D]: 2026 [T]:21 [TH]: 9, In
2015-10-19 09:39:31 :  35> [G]:  37873 [E]:  72476 [D]:  327 [T]: 2 [TH]: 9, In
2015-10-19 09:39:33 :  36> [G]:  10919 [E]:  22851 [D]:  297 [T]:39 [TH]: 9, In
2015-10-19 09:39:43 :  37> [G]:  34826 [E]:  17493 [D]:  721 [T]: 2 [TH]: 9, In
2015-10-19 09:39:47 :  38> [G]:  23874 [E]:  25185 [D]: 1182 [T]: 1 [TH]: 8, In
2015-10-19 09:39:52 :  39> [G]:  34372 [E]: 329587 [D]: 2231 [T]:35 [TH]:10, In
2015-10-19 09:39:57 :  40> [G]:  36672 [E]:  53993 [D]: 1078 [T]:29 [TH]:10, In
2015-10-19 09:39:59 :  41> [G]:  49184 [E]: 141789 [D]:  498 [T]: 1 [TH]: 9, In
2015-10-19 09:40:06 :  42> [G]:  23469 [E]:   1443 [D]:  390 [T]: 7 [TH]: 9, In
2015-10-19 09:40:08 :  43> [G]:  23469 [E]:   1443 [D]:  390 [T]: 7 [TH]: 9, In
2015-10-19 09:40:12 :  44> [G]:  37201 [E]:  38036 [D]:  330 [T]: 1 [TH]: 8, In
2015-10-19 09:40:15 :  45> [G]:  33699 [E]: 266179 [D]: 1702 [T]: 4 [TH]: 9, In
2015-10-19 09:40:23 :  46> [G]:  66568 [E]:  95805 [D]:  432 [T]: 1 [TH]: 9, In
2015-10-19 09:40:27 :  47> [G]:  22021 [E]:  13945 [D]:  337 [T]: 1 [TH]: 8, In
2015-10-19 09:40:29 :  48> [G]:  14975 [E]:  83249 [D]:  150 [T]:46 [TH]:10, In
2015-10-19 09:40:37 :  49> [G]:  71043 [E]:  88251 [D]: 1081 [T]:25 [TH]:10, In
2015-10-19 09:40:42 :  50> [G]:  21614 [E]: 107150 [D]: 1066 [T]: 4 [TH]: 9, In
2015-10-19 09:40:42 : Aim:           [G+E+D]: 372500 [T]: 0 [TH]: 8 for: Dead Base
2015-10-19 09:40:42 : Aim:           [G+E+D]: 372500 [T]: 0 [TH]: 8 for: Live Base
2015-10-19 09:40:45 :  51> [G]:  85225 [E]:  75955 [D]: 1253 [T]: 1 [TH]: 9, In
2015-10-19 09:40:53 :  52> [G]: 233674 [E]: 103939 [D]: 2656 [T]:43 [TH]:10, In
2015-10-19 09:40:56 :  53> [G]:  85791 [E]:  79999 [D]:  399 [T]: 1 [TH]: 9, In
2015-10-19 09:41:03 :  54> [G]:  47812 [E]: 132414 [D]: 1607 [T]:52 [TH]:10, In
2015-10-19 09:41:06 :  55> [G]:  30015 [E]:  92863 [D]:  502 [T]:25 [TH]: 9, In
2015-10-19 09:41:13 :  56> [G]:  61770 [E]:  93026 [D]: 1248 [T]: 6 [TH]: 9, In
2015-10-19 09:41:19 :  57> [G]: 198987 [E]:  77680 [D]:  474 [T]:46 [TH]:10, In
2015-10-19 09:41:22 :  58> [G]:  29539 [E]: 135836 [D]:  870 [T]: 6 [TH]: 9, In
2015-10-19 09:41:26 :  59> [G]:  40999 [E]:  37319 [D]:  324 [T]: 2 [TH]: 8, In
2015-10-19 09:41:29 :  60> [G]:  31223 [E]:  76765 [D]:   26 [T]:41 [TH]: 9, In
2015-10-19 09:41:36 :  61> [G]:  33780 [E]:   3916 [D]:  630 [T]:36 [TH]:10, In
2015-10-19 09:41:38 :  62> [G]:  33780 [E]:   3916 [D]:  630 [T]:36 [TH]:10, In
2015-10-19 09:41:42 :  63> [G]:  54483 [E]:  37050 [D]:  298 [T]: 1 [TH]: 8, In
2015-10-19 09:41:44 :  64> [G]:  27081 [E]: 177564 [D]:  495 [T]: 2 [TH]: 9, In
2015-10-19 09:41:53 :  65> [G]:  78639 [E]: 102738 [D]:  294 [T]: 4 [TH]: 9, In
2015-10-19 09:41:55 :  66> [G]:  62801 [E]: 104056 [D]:  973 [T]: 2 [TH]: 9, In
2015-10-19 09:42:02 :  67> [G]:  46154 [E]:  10570 [D]:  178 [T]: 7 [TH]: 9, In
2015-10-19 09:42:05 :  68> [G]:  11274 [E]: 169670 [D]: 1119 [T]: 4 [TH]: 9, In
2015-10-19 09:42:11 :  69> [G]:  99584 [E]: 141269 [D]: 1491 [T]:23 [TH]:10, In
2015-10-19 09:42:13 :  70> [G]:  99584 [E]: 141269 [D]: 1491 [T]:23 [TH]:10, In
2015-10-19 09:42:15 :  71> [G]:  99584 [E]: 141269 [D]: 1491 [T]:23 [TH]:10, In
2015-10-19 09:42:17 :  72> [G]:  99584 [E]: 141269 [D]: 1491 [T]:23 [TH]:10, In
2015-10-19 09:42:22 :  73> [G]:  24439 [E]: 174326 [D]:  451 [T]: 5 [TH]:10, In
2015-10-19 09:42:26 :  74> [G]:  46818 [E]: 168822 [D]:  390 [T]:50 [TH]:10, In
2015-10-19 09:42:29 :  75> [G]: 271031 [E]:  98319 [D]:   90 [T]:11 [TH]: 8, In
2015-10-19 09:42:30 : ~~~~~~~~~~~~~~ DE Side Base Found! ~~~~~~~~~~~~~~~
2015-10-19 09:42:31 : ================ Search Complete =================
2015-10-19 09:42:31 : Initiating attack for: Live Base
2015-10-19 09:42:33 : -Balloons 28
2015-10-19 09:42:33 : -Minions 40
2015-10-19 09:42:33 : -Clan Castle 
2015-10-19 09:42:33 : -King 
2015-10-19 09:42:33 : -Heal Spells 2
2015-10-19 09:42:33 : -Rage Spells 2
2015-10-19 09:42:34 : -Poison Spells 1
2015-10-19 09:42:34 :  ====== Start Attack ====== 
2015-10-19 09:42:36 : Attacking on Dark Elixir Side.
2015-10-19 09:42:37 : == DE lixir Storage : [532,212] ==
2015-10-19 09:42:38 : DE Storage Located Top Right... Attacking Top Right
2015-10-19 09:42:39 : Dropping Clan Castle
2015-10-19 09:42:40 : Dropping only wave of 28 Balloons
2015-10-19 09:42:42 : Spell drop point: 520, 223
2015-10-19 09:42:43 : Dropping spell in slot 4
2015-10-19 09:42:43 : Dropping spell in slot 5
2015-10-19 09:42:44 : Dropping only wave of 40 Minions
2015-10-19 09:42:48 : Dropping King
2015-10-19 09:42:49 : Dropping left over troops
2015-10-19 09:42:49 : Checking remaining unused troops for: Live Base
2015-10-19 09:42:51 : -Minions 0
2015-10-19 09:42:51 : -Clan Castle 
2015-10-19 09:42:51 : -Heal Spells 1
2015-10-19 09:42:51 : -Rage Spells 1
2015-10-19 09:42:51 : -Poison Spells 1
2015-10-19 09:43:00 : Checking remaining unused troops for: Live Base
2015-10-19 09:43:02 : -Minions 0
2015-10-19 09:43:02 : -Clan Castle 
2015-10-19 09:43:02 : -Heal Spells 1
2015-10-19 09:43:02 : -Rage Spells 1
2015-10-19 09:43:02 : -Poison Spells 1
2015-10-19 09:43:11 : Finished Attacking, waiting for the battle to end
2015-10-19 09:43:11 : Checking if the battle has finished
2015-10-19 09:43:13 : detected [G]: 180873 [E]: 770 [DE]: 0 |  Exit in 58 sec.
2015-10-19 09:43:13 : Gold & Elixir & DE change detected, waiting...
2015-10-19 09:43:16 : detected [G]: 95585 [E]: 612 [DE]: 0 |  Exit in 58 sec.
2015-10-19 09:43:16 : Gold & Elixir & DE change detected, waiting...
2015-10-19 09:43:19 : detected [G]: 30086 [E]: 178 [DE]: 0 |  Exit in 58 sec.
2015-10-19 09:43:19 : Gold & Elixir & DE change detected, waiting...
2015-10-19 09:43:21 : detected [G]: 138 [E]: 90 [DE]: 0 |  Exit in 58 sec.
2015-10-19 09:43:22 : Gold & Elixir & DE change detected, waiting...
2015-10-19 09:43:24 : detected [G]: 40 [E]: 0 [DE]: 0 |  Exit in 58 sec.
2015-10-19 09:43:26 : detected [G]: 40 [E]: 0 [DE]: 0 |  Exit in 57 sec.
2015-10-19 09:43:27 : detected [G]: 34 [E]: 0 [DE]: 0 |  Exit in 56 sec.
2015-10-19 09:43:27 : Gold & Elixir & DE change detected, waiting...
2015-10-19 09:43:30 : detected [G]: 22 [E]: 0 [DE]: 0 |  Exit in 58 sec.
2015-10-19 09:43:31 : detected [G]: 11 [E]: 0 [DE]: 0 |  Exit in 57 sec.
2015-10-19 09:43:31 : Gold & Elixir & DE change detected, waiting...
2015-10-19 09:43:34 : detected [G]: 0 [E]: 0 [DE]: 0 |  Exit in 58 sec.
2015-10-19 09:43:35 : detected [G]: 0 [E]: 0 [DE]: 0 |  Exit in 57 sec.
2015-10-19 09:43:36 : detected [G]: 0 [E]: 0 [DE]: 0 |  Exit in 56 sec.
2015-10-19 09:43:37 : detected [G]: 0 [E]: 0 [DE]: 0 |  Exit in 55 sec.
2015-10-19 09:43:39 : detected [G]: 0 [E]: 0 [DE]: 0 |  Exit in 54 sec.
2015-10-19 09:43:40 : detected [G]: 0 [E]: 0 [DE]: 0 |  Exit in 52 sec.
2015-10-19 09:43:41 : detected [G]: 0 [E]: 0 [DE]: 0 |  Exit in 51 sec.
2015-10-19 09:43:42 : detected [G]: 0 [E]: 0 [DE]: 0 |  Exit in 50 sec.
2015-10-19 09:43:43 : detected [G]: 0 [E]: 0 [DE]: 0 |  Exit in 49 sec.
2015-10-19 09:43:45 : detected [G]: 0 [E]: 0 [DE]: 0 |  Exit in 47 sec.
2015-10-19 09:43:46 : detected [G]: 0 [E]: 0 [DE]: 0 |  Exit in 46 sec.
2015-10-19 09:43:47 : detected [G]: 0 [E]: 0 [DE]: 0 |  Exit in 45 sec.
2015-10-19 09:43:48 : detected [G]: 0 [E]: 0 [DE]: 0 |  Exit in 44 sec.
2015-10-19 09:43:50 : detected [G]: 0 [E]: 0 [DE]: 0 |  Exit in 43 sec.
2015-10-19 09:43:51 : detected [G]: 0 [E]: 0 [DE]: 0 |  Exit in 41 sec.
2015-10-19 09:43:52 : detected [G]: 0 [E]: 0 [DE]: 0 |  Exit in 40 sec.
2015-10-19 09:43:53 : detected [G]: 0 [E]: 0 [DE]: 0 |  Exit in 39 sec.
2015-10-19 09:43:54 : detected [G]: 0 [E]: 0 [DE]: 0 |  Exit in 38 sec.
2015-10-19 09:43:56 : detected [G]: 0 [E]: 0 [DE]: 0 |  Exit in 37 sec.
2015-10-19 09:43:57 : detected [G]: 0 [E]: 0 [DE]:  |  Exit in 35 sec.
2015-10-19 09:43:57 : Gold & Elixir & DE no change detected, exit
2015-10-19 09:43:57 : Returning Home
2015-10-19 09:44:02 : Bonus [G]: 100 000 [E]: 100 000 [DE]: 500
2015-10-19 09:44:04 : Your league level is: Master III
2015-10-19 09:44:04 : Stars earned: 3
2015-10-19 09:44:04 : Loot: [G]: 271 031 [E]: 98 319 [DE]: 90 [T]: 11
2015-10-19 09:44:04 : Taking snapshot of your loot
2015-10-19 09:44:07 : ClashGameBot was Paused!
