2015-10-19 15:02:28 :  Clash Game Bot v4.1.1 Modded Powered by GameBot.org ~
2015-10-19 15:02:28 : GameBot.org.exe Executable running on WIN_81  X64
2015-10-19 15:02:28 : =================== Bot Start ====================
2015-10-19 15:02:28 : -------------------------  Current Profile: 01 --------------------------
2015-10-19 15:02:28 : Trying to locate Main Screen
2015-10-19 15:02:28 : Main Screen Located
2015-10-19 15:02:29 : Detecting your Buildings..
2015-10-19 15:02:37 : Language setting is English: Correct.
2015-10-19 15:02:38 : Trying to locate Main Screen
2015-10-19 15:02:38 : Main Screen Located
2015-10-19 15:02:40 : Village Report
2015-10-19 15:02:40 : No. of Free/Total Builders: 1/5
2015-10-19 15:02:40 :  [T]: 2 677
2015-10-19 15:02:40 :  [G]: 3 281 131 [E]: 4 803 460 [D]: 121 542 [GEM]: 5 304
2015-10-19 15:02:40 : Collecting Resources
2015-10-19 15:02:50 : Checking Army Camp...
2015-10-19 15:02:52 : Total Army Camp capacity: 220/220
2015-10-19 15:02:54 :  - No. of Balloons: 28
2015-10-19 15:02:54 :  - No. of Minions: 40
2015-10-19 15:02:55 : Barracks and Spell factory status: 
2015-10-19 15:02:55 : - Barracks detected: 4 | Available: 4 | Upgrading: 0
2015-10-19 15:02:55 : - Dark Barracks detected: 2 | Available: 2 | Upgrading: 0
2015-10-19 15:02:55 : - Spell factory detected: 1 | Available: 1 | Upgrading: 0
2015-10-19 15:02:55 : - Dark Spell factory detected: 1 | Available: 1 | Upgrading: 0
2015-10-19 15:02:55 : Training Troops...
2015-10-19 15:02:55 : Your Army Camps are now Full
2015-10-19 15:03:22 : Spell Factory Full
2015-10-19 15:03:29 : Going to Attack...
2015-10-19 15:03:35 : ============== Searching For Dead Base ===============
2015-10-19 15:03:35 : ~~~~~~~~~~~~~~~ SEARCH CONDITIONS ~~~~~~~~~~~~~~~~
2015-10-19 15:03:35 : , Max TH 8
2015-10-19 15:03:35 : ~~~~~~~~~~~~~~ RESOURCE CONDITIONS ~~~~~~~~~~~~~~~
2015-10-19 15:03:35 : Aim:           [G+E+D]: 425000 [T]: 0 [TH]: 8 for: Dead Base
2015-10-19 15:03:35 : ============== Searching For Live Base ===============
2015-10-19 15:03:35 : ~~~~~~~~~~~~~~~ SEARCH CONDITIONS ~~~~~~~~~~~~~~~~
2015-10-19 15:03:35 : , Max TH 8
2015-10-19 15:03:35 : ~~~~~~~~~~~~~~ RESOURCE CONDITIONS ~~~~~~~~~~~~~~~
2015-10-19 15:03:35 : Aim:           [G+E+D]: 425000 [T]: 0 [TH]: 8 for: Live Base
2015-10-19 15:03:35 : ==================================================
2015-10-19 15:03:37 :   1> [G]:  54006 [E]:  39703 [D]:  974 [T]:25 [TH]: 9, In
2015-10-19 15:03:42 :   2> [G]:  28818 [E]: 173188 [D]:  751 [T]:13 [TH]: 9, In
2015-10-19 15:03:44 :   3> [G]:  99888 [E]:  85536 [D]:   29 [T]:22 [TH]:10, In
2015-10-19 15:03:52 :   4> [G]:  51285 [E]:  40553 [D]: 2391 [T]:18 [TH]:10, In
2015-10-19 15:03:55 :   5> [G]:  28929 [E]:  67279 [D]:  229 [T]:24 [TH]: 9, In
2015-10-19 15:04:02 :   6> [G]:  17317 [E]: 116153 [D]: 1035 [T]:15 [TH]: 9, In
2015-10-19 15:04:06 :   7> [G]: 105889 [E]: 230158 [D]: 1176 [T]:28 [TH]:10, In
2015-10-19 15:04:09 :   8> [G]:  49848 [E]:  11315 [D]: 1093 [T]:18 [TH]: 9, In
2015-10-19 15:04:16 :   9> [G]: 115112 [E]:   5769 [D]:  407 [T]:11 [TH]: 9, In
2015-10-19 15:04:19 :  10> [G]:  93388 [E]:  18068 [D]: 1932 [T]:34 [TH]: 9, In
2015-10-19 15:04:25 :  11> [G]: 101011 [E]: 144389 [D]:  315 [T]:13 [TH]: 9, In
2015-10-19 15:04:29 :  12> [G]:  89717 [E]: 170312 [D]:  672 [T]:28 [TH]:10, In
2015-10-19 15:04:32 :  13> [G]:  81798 [E]:  19840 [D]:  259 [T]:30 [TH]: 9, In
2015-10-19 15:04:35 :  14> [G]: 213124 [E]: 129400 [D]: 2177 [T]:30 [TH]:10, In
2015-10-19 15:04:41 :  15> [G]:  16423 [E]:  65884 [D]:  585 [T]:26 [TH]: 9, In
2015-10-19 15:04:44 :  16> [G]:  57039 [E]:  80159 [D]:  568 [T]:20 [TH]: 9, In
2015-10-19 15:04:51 :  17> [G]:  62711 [E]:  61478 [D]: 1165 [T]:11 [TH]: 9, In
2015-10-19 15:04:55 :  18> [G]: 106758 [E]: 121762 [D]:  956 [T]:13 [TH]: 9, In
2015-10-19 15:04:58 :  19> [G]:  49270 [E]:  85270 [D]: 1285 [T]:20 [TH]: 9, In
2015-10-19 15:05:05 :  20> [G]:   4390 [E]:  33169 [D]:  862 [T]:10 [TH]: 9, In
2015-10-19 15:05:08 :  21> [G]: 159225 [E]: 263845 [D]: 1532 [T]:36 [TH]: 9, In
2015-10-19 15:05:14 :  22> [G]: 147532 [E]: 128887 [D]: 1156 [T]:11 [TH]: 9, In
2015-10-19 15:05:18 :  23> [G]: 188940 [E]:  44119 [D]:  623 [T]:13 [TH]:10, In
2015-10-19 15:05:20 :  24> [G]: 102119 [E]:  92298 [D]:  444 [T]:19 [TH]:10, In
2015-10-19 15:05:27 :  25> [G]:  62425 [E]: 138580 [D]: 1485 [T]:15 [TH]:10, In
2015-10-19 15:05:32 :  26> [G]:  88708 [E]: 131428 [D]:  349 [T]:34 [TH]:10, In
2015-10-19 15:05:34 :  27> [G]:  14670 [E]:  60563 [D]:  501 [T]:16 [TH]: 9, In
2015-10-19 15:05:41 :  28> [G]:  21529 [E]:  80350 [D]:  699 [T]:10 [TH]: 9, In
2015-10-19 15:05:44 :  29> [G]:  14580 [E]:  68944 [D]: 1012 [T]:17 [TH]: 9, In
2015-10-19 15:05:51 :  30> [G]: 374773 [E]: 403104 [D]: 1384 [T]:15 [TH]:10, In
2015-10-19 15:05:53 :  31> [G]: 155881 [E]:  87653 [D]:  500 [T]:26 [TH]: 9, In
2015-10-19 15:06:00 :  32> [G]:  99492 [E]:  35554 [D]: 1119 [T]:16 [TH]:10, In
2015-10-19 15:06:04 :  33> [G]:  19001 [E]:  12264 [D]:   23 [T]:14 [TH]:10, In
2015-10-19 15:06:07 :  34> [G]: 100535 [E]:  87452 [D]: 1234 [T]:28 [TH]: 9, In
2015-10-19 15:06:14 :  35> [G]:  56754 [E]:  44446 [D]:  376 [T]:22 [TH]:10, In
2015-10-19 15:06:17 :  36> [G]: 111826 [E]:  68230 [D]: 1816 [T]:30 [TH]:10, In
2015-10-19 15:06:23 :  37> [G]:  39392 [E]:  97983 [D]: 1090 [T]:21 [TH]:10, In
2015-10-19 15:06:26 :  38> [G]:  48716 [E]: 106951 [D]: 1213 [T]:16 [TH]: 9, In
2015-10-19 15:06:32 :  39> [G]:  53246 [E]:  11048 [D]:  619 [T]:16 [TH]: 9, In
2015-10-19 15:06:35 :  40> [G]:  27065 [E]:  10055 [D]: 1133 [T]:26 [TH]: 9, In
2015-10-19 15:06:42 :  41> [G]:   7651 [E]:   5702 [D]: 1271 [T]: 8 [TH]: 9, In
2015-10-19 15:06:44 :  42> [G]:  76726 [E]:  71369 [D]:  707 [T]:10 [TH]: 9, In
2015-10-19 15:06:51 :  43> [G]:  32785 [E]:  67143 [D]: 1024 [T]: 8 [TH]: 9, In
2015-10-19 15:06:54 :  44> [G]:  30688 [E]:   5254 [D]: 1403 [T]:19 [TH]: 9, In
2015-10-19 15:07:01 :  45> [G]:  91181 [E]: 145042 [D]: 2004 [T]:20 [TH]:10, In
2015-10-19 15:07:03 :  46> [G]:  32612 [E]:  45798 [D]:  377 [T]:20 [TH]: 9, In
2015-10-19 15:07:11 :  47> [G]:   6857 [E]:  24916 [D]:  478 [T]: 7 [TH]: 9, In
2015-10-19 15:07:13 :  48> [G]:  24430 [E]: 136334 [D]:  767 [T]:20 [TH]: 9, In
2015-10-19 15:07:20 :  49> [G]:  51885 [E]: 117118 [D]:  926 [T]:33 [TH]:10, In
2015-10-19 15:07:23 :  50> [G]:  31818 [E]:  71335 [D]: 1804 [T]:21 [TH]: 9, In
2015-10-19 15:07:23 : Aim:           [G+E+D]: 372500 [T]: 0 [TH]: 8 for: Dead Base
2015-10-19 15:07:23 : Aim:           [G+E+D]: 372500 [T]: 0 [TH]: 8 for: Live Base
2015-10-19 15:07:30 :  51> [G]:  21452 [E]:   6926 [D]:   24 [T]:20 [TH]:10, In
2015-10-19 15:07:35 :  52> [G]:  96686 [E]: 142305 [D]: 1949 [T]:32 [TH]:10, In
2015-10-19 15:07:37 :  53> [G]:  17624 [E]:  82466 [D]:  606 [T]:31 [TH]:10, In
2015-10-19 15:07:45 :  54> [G]:  53728 [E]: 143530 [D]: 1627 [T]:14 [TH]: 9, In
2015-10-19 15:07:48 :  55> [G]: 342670 [E]: 322348 [D]: 1604 [T]:35 [TH]: 9, In
2015-10-19 15:07:51 :  56> [G]:  10485 [E]:   6252 [D]:  535 [T]:15 [TH]:10, In
2015-10-19 15:07:57 :  57> [G]:  30172 [E]:  37617 [D]: 1156 [T]:15 [TH]: 9, In
2015-10-19 15:08:00 :  58> [G]:  23496 [E]:  12988 [D]:  332 [T]:11 [TH]: 9, In
2015-10-19 15:08:07 :  59> [G]:  58357 [E]:  20689 [D]:  357 [T]: 7 [TH]: 9, In
2015-10-19 15:08:12 :  60> [G]:  60371 [E]: 111378 [D]:  661 [T]:32 [TH]:10, In
2015-10-19 15:08:14 :  61> [G]:  98695 [E]: 209518 [D]: 3063 [T]:23 [TH]:10, In
2015-10-19 15:08:22 :  62> [G]:  16538 [E]:   8584 [D]:  159 [T]:28 [TH]:10, In
2015-10-19 15:08:26 :  63> [G]:  31071 [E]:   6086 [D]:  729 [T]:13 [TH]: 9, In
2015-10-19 15:08:31 :  64> [G]: 292611 [E]:  64750 [D]: 1043 [T]:25 [TH]:10, In
2015-10-19 15:08:34 :  65> [G]:  20377 [E]:  30345 [D]:  326 [T]:24 [TH]: 9, In
2015-10-19 15:08:40 :  66> [G]:  64305 [E]: 104172 [D]: 1067 [T]:13 [TH]: 9, In
2015-10-19 15:08:44 :  67> [G]: 231239 [E]: 148760 [D]:  533 [T]: 4 [TH]: 8, In
2015-10-19 15:08:44 : ~~~~~~~~~~~~~~~~ Dead Base Found! ~~~~~~~~~~~~~~~~
2015-10-19 15:08:45 : ================ Search Complete =================
2015-10-19 15:08:45 : Initiating attack for: Dead Base
2015-10-19 15:08:47 : -Balloons 28
2015-10-19 15:08:47 : -Minions 40
2015-10-19 15:08:47 : -Clan Castle 
2015-10-19 15:08:47 : -Heal Spells 1
2015-10-19 15:08:47 : -Rage Spells 3
2015-10-19 15:08:47 : -Poison Spells 1
2015-10-19 15:08:47 :  ====== Start Attack ====== 
2015-10-19 15:08:49 : Calculating Smart Attack Strategy
2015-10-19 15:08:50 : Calculated  (in 0.56 seconds) :
2015-10-19 15:08:50 : Attacking on two sides
2015-10-19 15:08:52 : Dropping Clan Castle
2015-10-19 15:08:53 : Dropping 14  of Balloons => on each side (side : 1)
2015-10-19 15:08:54 : Dropping 20  of Minions => on each side (side : 1)
2015-10-19 15:08:56 : Dropping 14  of Balloons => on each side (side : 2)
2015-10-19 15:08:58 : Dropping 20  of Minions => on each side (side : 2)
2015-10-19 15:09:02 : Dropping left over troops
2015-10-19 15:09:02 : Checking remaining unused troops for: Dead Base
2015-10-19 15:09:04 : -Minions 0
2015-10-19 15:09:04 : -Clan Castle 
2015-10-19 15:09:04 : -Heal Spells 1
2015-10-19 15:09:04 : -Rage Spells 3
2015-10-19 15:09:04 : -Poison Spells 1
2015-10-19 15:09:12 : Checking remaining unused troops for: Dead Base
2015-10-19 15:09:15 : -Minions 0
2015-10-19 15:09:15 : -Clan Castle 
2015-10-19 15:09:15 : -Heal Spells 1
2015-10-19 15:09:15 : -Rage Spells 3
2015-10-19 15:09:15 : -Poison Spells 1
2015-10-19 15:09:23 : Finished Attacking, waiting for the battle to end
2015-10-19 15:09:23 : Checking if the battle has finished
2015-10-19 15:09:26 : detected [G]: 96198 [E]: 55639 [DE]: 37 |  Exit in 58 sec.
2015-10-19 15:09:26 : Gold & Elixir & DE change detected, waiting...
2015-10-19 15:09:29 : detected [G]: 95924 [E]: 55365 [DE]: 0 |  Exit in 58 sec.
2015-10-19 15:09:29 : Gold & Elixir & DE change detected, waiting...
2015-10-19 15:09:32 : detected [G]: 94338 [E]: 55059 [DE]: 0 |  Exit in 58 sec.
2015-10-19 15:09:32 : Gold & Elixir & DE change detected, waiting...
2015-10-19 15:09:36 : detected [G]: 92836 [E]: 55059 [DE]: 0 |  Exit in 58 sec.
2015-10-19 15:09:36 : Gold & Elixir & DE change detected, waiting...
2015-10-19 15:09:39 : detected [G]: 90536 [E]: 53835 [DE]: 0 |  Exit in 58 sec.
2015-10-19 15:09:39 : Gold & Elixir & DE change detected, waiting...
2015-10-19 15:09:43 : detected [G]: 83230 [E]: 39697 [DE]: 0 |  Exit in 58 sec.
2015-10-19 15:09:43 : Gold & Elixir & DE change detected, waiting...
2015-10-19 15:09:46 : detected [G]: 47241 [E]: 3004 [DE]: 0 |  Exit in 58 sec.
2015-10-19 15:09:46 : Gold & Elixir & DE change detected, waiting...
2015-10-19 15:09:49 : detected [G]: 47130 [E]: 0 [DE]: 0 |  Exit in 58 sec.
2015-10-19 15:09:49 : Gold & Elixir & DE change detected, waiting...
2015-10-19 15:09:53 : detected [G]: 44910 [E]: 0 [DE]: 0 |  Exit in 58 sec.
2015-10-19 15:09:53 : Gold & Elixir & DE change detected, waiting...
2015-10-19 15:09:56 : detected [G]: 43105 [E]: 0 [DE]: 0 |  Exit in 58 sec.
2015-10-19 15:09:56 : Gold & Elixir & DE change detected, waiting...
2015-10-19 15:09:56 : ClashGameBot was Paused!
