2015-10-19 08:31:03 :  Clash Game Bot v4.1.1 Modded Powered by GameBot.org ~
2015-10-19 08:31:03 : GameBot.org.au3 Script running on WIN_81  X64
2015-10-19 08:31:04 : =================== Bot Start ====================
2015-10-19 08:31:04 : -------------------------  Current Profile: 01 --------------------------
2015-10-19 08:31:04 : Trying to locate Main Screen
2015-10-19 08:31:04 : Main Screen Located
2015-10-19 08:31:05 : Detecting your Buildings..
2015-10-19 08:31:12 : Language setting is English: Correct.
2015-10-19 08:31:13 : Trying to locate Main Screen
2015-10-19 08:31:13 : Main Screen Located
2015-10-19 08:31:14 : Village Report
2015-10-19 08:31:14 : No. of Free/Total Builders: 1/5
2015-10-19 08:31:14 :  [T]: 2 675
2015-10-19 08:31:14 :  [G]: 2 906 749 [E]: 5 133 547 [D]: 122 050 [GEM]: 5 304
2015-10-19 08:31:15 : Collecting Resources
2015-10-19 08:31:24 : Checking Army Camp...
2015-10-19 08:31:26 : Total Army Camp capacity: 220/220
2015-10-19 08:31:28 :  - No. of Balloons: 28
2015-10-19 08:31:28 :  - No. of Minions: 40
2015-10-19 08:31:29 : Barracks and Spell factory status: 
2015-10-19 08:31:29 : - Barracks detected: 4 | Available: 4 | Upgrading: 0
2015-10-19 08:31:29 : - Dark Barracks detected: 2 | Available: 2 | Upgrading: 0
2015-10-19 08:31:29 : - Spell factory detected: 1 | Available: 1 | Upgrading: 0
2015-10-19 08:31:29 : - Dark Spell factory detected: 1 | Available: 1 | Upgrading: 0
2015-10-19 08:31:29 : Training Troops...
2015-10-19 08:31:29 : Your Army Camps are now Full
2015-10-19 08:32:19 : Spell Factory Full
