2015-10-19 08:53:18 :  Clash Game Bot v4.1.1 Modded Powered by GameBot.org ~
2015-10-19 08:53:18 : GameBot.org.au3 Script running on WIN_81  X64
2015-10-19 08:53:18 : =================== Bot Start ====================
2015-10-19 08:53:18 : -------------------------  Current Profile: 01 --------------------------
2015-10-19 08:53:18 : Trying to locate Main Screen
2015-10-19 08:53:18 : Main Screen Located
2015-10-19 08:53:19 : Detecting your Buildings..
2015-10-19 08:53:26 : Language setting is English: Correct.
2015-10-19 08:53:27 : Trying to locate Main Screen
2015-10-19 08:53:27 : Main Screen Located
2015-10-19 08:53:28 : Village Report
2015-10-19 08:53:28 : No. of Free/Total Builders: 1/5
2015-10-19 08:53:29 :  [T]: 2 669
2015-10-19 08:53:29 :  [G]: 2 712 505 [E]: 4 987 050 [D]: 120 806 [GEM]: 5 304
2015-10-19 08:53:29 : Collecting Resources
2015-10-19 08:53:38 : Checking Army Camp...
2015-10-19 08:53:40 : Total Army Camp capacity: 122/220
2015-10-19 08:53:42 :  - No. of Balloons: 8
2015-10-19 08:53:42 :  - No. of Minions: 41
2015-10-19 08:53:42 : Barracks and Spell factory status: 
2015-10-19 08:53:42 : - Barracks detected: 4 | Available: 4 | Upgrading: 0
2015-10-19 08:53:42 : - Dark Barracks detected: 2 | Available: 2 | Upgrading: 0
2015-10-19 08:53:42 : - Spell factory detected: 1 | Available: 1 | Upgrading: 0
2015-10-19 08:53:42 : - Dark Spell factory detected: 1 | Available: 1 | Upgrading: 0
2015-10-19 08:53:42 : Training Troops...
2015-10-19 08:54:05 : Spell Factory Full
2015-10-19 08:54:12 : ====== Waiting for full army ======
2015-10-19 08:54:24 : Checking Army Camp...
2015-10-19 08:54:26 : Total Army Camp capacity: 122/220
2015-10-19 08:54:27 :  - No. of Balloons: 8
2015-10-19 08:54:27 :  - No. of Minions: 41
2015-10-19 08:54:27 : Training Troops...
2015-10-19 08:54:47 : Spell Factory Full
2015-10-19 08:54:49 : Time Idle: 00:00:37
2015-10-19 08:54:49 : ====== Waiting for full army ======
2015-10-19 08:55:01 : Checking Army Camp...
2015-10-19 08:55:03 : Total Army Camp capacity: 122/220
2015-10-19 08:55:04 :  - No. of Balloons: 8
2015-10-19 08:55:04 :  - No. of Minions: 41
2015-10-19 08:55:04 : Training Troops...
2015-10-19 08:55:24 : Spell Factory Full
2015-10-19 08:55:26 : Time Idle: 00:01:14
2015-10-19 08:55:27 : ====== Waiting for full army ======
2015-10-19 08:55:39 : Checking Army Camp...
2015-10-19 08:55:41 : Total Army Camp capacity: 122/220
2015-10-19 08:55:41 :  - No. of Balloons: 8
2015-10-19 08:55:41 :  - No. of Minions: 41
2015-10-19 08:55:42 : Training Troops...
2015-10-19 08:56:02 : Spell Factory Full
2015-10-19 08:56:04 : Time Idle: 00:01:51
2015-10-19 08:56:04 : ====== Waiting for full army ======
2015-10-19 08:56:16 : Checking Army Camp...
2015-10-19 08:56:22 : Total Army Camp capacity: 122/220
2015-10-19 08:56:23 :  - No. of Balloons: 8
2015-10-19 08:56:23 :  - No. of Minions: 41
2015-10-19 08:56:23 : Training Troops...
2015-10-19 08:56:43 : Spell Factory Full
2015-10-19 08:56:46 : Time Idle: 00:02:32
2015-10-19 08:56:46 : ====== Waiting for full army ======
2015-10-19 08:56:58 : Checking Army Camp...
2015-10-19 08:57:00 : Total Army Camp capacity: 122/220
2015-10-19 08:57:00 :  - No. of Balloons: 8
2015-10-19 08:57:01 :  - No. of Minions: 41
2015-10-19 08:57:01 : Training Troops...
2015-10-19 08:57:20 : Spell Factory Full
2015-10-19 08:57:23 : Time Idle: 00:03:09
2015-10-19 08:57:23 : ====== Waiting for full army ======
2015-10-19 08:57:35 : Checking Army Camp...
2015-10-19 08:57:37 : Total Army Camp capacity: 122/220
2015-10-19 08:57:38 :  - No. of Balloons: 8
2015-10-19 08:57:38 :  - No. of Minions: 41
2015-10-19 08:57:38 : Training Troops...
2015-10-19 08:57:58 : Spell Factory Full
2015-10-19 08:58:00 : Time Idle: 00:03:46
2015-10-19 08:58:00 : ====== Waiting for full army ======
2015-10-19 08:58:13 : Checking Army Camp...
2015-10-19 08:58:14 : Total Army Camp capacity: 122/220
2015-10-19 08:58:15 :  - No. of Balloons: 8
2015-10-19 08:58:15 :  - No. of Minions: 41
2015-10-19 08:58:16 : Training Troops...
2015-10-19 08:58:35 : Spell Factory Full
2015-10-19 08:58:38 : Time Idle: 00:04:24
2015-10-19 08:58:38 : ====== Waiting for full army ======
2015-10-19 08:58:50 : Checking Army Camp...
2015-10-19 08:58:52 : Total Army Camp capacity: 122/220
2015-10-19 08:58:53 :  - No. of Balloons: 8
2015-10-19 08:58:53 :  - No. of Minions: 41
2015-10-19 08:58:53 : Training Troops...
2015-10-19 08:59:13 : Spell Factory Full
2015-10-19 08:59:15 : Time Idle: 00:05:01
2015-10-19 08:59:16 : ====== Waiting for full army ======
2015-10-19 08:59:28 : Checking Army Camp...
2015-10-19 08:59:29 : Total Army Camp capacity: 122/220
2015-10-19 08:59:30 :  - No. of Balloons: 8
2015-10-19 08:59:30 :  - No. of Minions: 41
2015-10-19 08:59:31 : Training Troops...
2015-10-19 08:59:50 : Spell Factory Full
2015-10-19 08:59:53 : Time Idle: 00:05:38
2015-10-19 08:59:53 : ====== Waiting for full army ======
2015-10-19 09:00:05 : Checking Army Camp...
2015-10-19 09:00:07 : Total Army Camp capacity: 122/220
2015-10-19 09:00:08 :  - No. of Balloons: 8
2015-10-19 09:00:08 :  - No. of Minions: 41
2015-10-19 09:00:08 : Training Troops...
2015-10-19 09:00:28 : Spell Factory Full
2015-10-19 09:00:30 : Time Idle: 00:06:15
2015-10-19 09:00:30 : ====== Waiting for full army ======
2015-10-19 09:00:42 : Checking Army Camp...
2015-10-19 09:00:44 : Total Army Camp capacity: 122/220
2015-10-19 09:00:45 :  - No. of Balloons: 8
2015-10-19 09:00:45 :  - No. of Minions: 41
2015-10-19 09:00:45 : Training Troops...
2015-10-19 09:01:05 : Spell Factory Full
2015-10-19 09:01:07 : Time Idle: 00:06:52
2015-10-19 09:01:08 : ====== Waiting for full army ======
2015-10-19 09:01:19 : Collecting Resources
2015-10-19 09:01:25 : Checking Army Camp...
2015-10-19 09:01:27 : Total Army Camp capacity: 122/220
2015-10-19 09:01:28 :  - No. of Balloons: 8
2015-10-19 09:01:28 :  - No. of Minions: 41
2015-10-19 09:01:28 : Training Troops...
2015-10-19 09:01:48 : Spell Factory Full
2015-10-19 09:01:50 : Time Idle: 00:07:35
2015-10-19 09:01:50 : ====== Waiting for full army ======
2015-10-19 09:02:02 : Checking Army Camp...
2015-10-19 09:02:04 : Total Army Camp capacity: 142/220
2015-10-19 09:02:05 :  - No. of Balloons: 12
2015-10-19 09:02:05 :  - No. of Minions: 41
2015-10-19 09:02:05 : Training Troops...
2015-10-19 09:02:25 : Spell Factory Full
2015-10-19 09:02:28 : Time Idle: 00:08:12
2015-10-19 09:02:28 : ====== Waiting for full army ======
2015-10-19 09:02:40 : Checking Army Camp...
2015-10-19 09:02:42 : Total Army Camp capacity: 142/220
2015-10-19 09:02:43 :  - No. of Balloons: 12
2015-10-19 09:02:43 :  - No. of Minions: 41
2015-10-19 09:02:43 : Training Troops...
2015-10-19 09:03:03 : Spell Factory Full
2015-10-19 09:03:05 : Time Idle: 00:08:49
2015-10-19 09:03:05 : ====== Waiting for full army ======
2015-10-19 09:03:17 : Checking Army Camp...
2015-10-19 09:03:19 : Total Army Camp capacity: 142/220
2015-10-19 09:03:20 :  - No. of Balloons: 12
2015-10-19 09:03:20 :  - No. of Minions: 41
2015-10-19 09:03:20 : Training Troops...
2015-10-19 09:03:41 : Spell Factory Full
2015-10-19 09:03:41 : Created 1 Spell(s)
2015-10-19 09:03:44 : Time Idle: 00:09:28
2015-10-19 09:03:44 : ====== Waiting for full army ======
2015-10-19 09:03:56 : Checking Army Camp...
2015-10-19 09:03:58 : Total Army Camp capacity: 142/220
2015-10-19 09:03:59 :  - No. of Balloons: 12
2015-10-19 09:03:59 :  - No. of Minions: 41
2015-10-19 09:03:59 : Training Troops...
2015-10-19 09:04:19 : Spell Factory Full
2015-10-19 09:04:21 : Time Idle: 00:10:05
2015-10-19 09:04:21 : ====== Waiting for full army ======
2015-10-19 09:04:33 : Checking Army Camp...
2015-10-19 09:04:35 : Total Army Camp capacity: 142/220
2015-10-19 09:04:36 :  - No. of Balloons: 12
2015-10-19 09:04:36 :  - No. of Minions: 41
2015-10-19 09:04:36 : Training Troops...
2015-10-19 09:04:56 : Spell Factory Full
2015-10-19 09:04:58 : Time Idle: 00:10:42
2015-10-19 09:04:59 : ====== Waiting for full army ======
2015-10-19 09:05:11 : Checking Army Camp...
2015-10-19 09:05:13 : Total Army Camp capacity: 142/220
2015-10-19 09:05:13 :  - No. of Balloons: 12
2015-10-19 09:05:14 :  - No. of Minions: 41
2015-10-19 09:05:14 : Training Troops...
2015-10-19 09:05:34 : Spell Factory Full
2015-10-19 09:05:36 : Time Idle: 00:11:19
2015-10-19 09:05:36 : ====== Waiting for full army ======
2015-10-19 09:05:48 : Checking Army Camp...
2015-10-19 09:05:50 : Total Army Camp capacity: 142/220
2015-10-19 09:05:51 :  - No. of Balloons: 12
2015-10-19 09:05:51 :  - No. of Minions: 41
2015-10-19 09:05:51 : Training Troops...
2015-10-19 09:06:01 : ClashGameBot was Paused!
2015-10-19 09:06:23 : ClashGameBot was Resumed.
2015-10-19 09:06:33 : Spell Factory Full
2015-10-19 09:06:35 : Time Idle: 00:12:18
2015-10-19 09:06:35 : ====== Waiting for full army ======
2015-10-19 09:06:47 : Checking Army Camp...
2015-10-19 09:06:49 : Total Army Camp capacity: 140/220
2015-10-19 09:06:50 :  - No. of Balloons: 12
2015-10-19 09:06:50 :  - No. of Minions: 40
2015-10-19 09:06:50 : Training Troops...
2015-10-19 09:07:10 : Spell Factory Full
2015-10-19 09:07:13 : Time Idle: 00:12:56
2015-10-19 09:07:13 : ====== Waiting for full army ======
2015-10-19 09:07:25 : Checking Army Camp...
2015-10-19 09:07:27 : Total Army Camp capacity: 140/220
2015-10-19 09:07:28 :  - No. of Balloons: 12
2015-10-19 09:07:28 :  - No. of Minions: 40
2015-10-19 09:07:28 : Training Troops...
2015-10-19 09:07:48 : Spell Factory Full
2015-10-19 09:07:50 : Time Idle: 00:13:33
2015-10-19 09:07:51 : ====== Waiting for full army ======
2015-10-19 09:08:03 : Checking Army Camp...
2015-10-19 09:08:05 : Total Army Camp capacity: 140/220
2015-10-19 09:08:05 :  - No. of Balloons: 12
2015-10-19 09:08:06 :  - No. of Minions: 40
2015-10-19 09:08:06 : Training Troops...
2015-10-19 09:08:25 : Spell Factory Full
2015-10-19 09:08:28 : Time Idle: 00:14:10
2015-10-19 09:08:28 : ====== Waiting for full army ======
2015-10-19 09:08:40 : Collecting Resources
2015-10-19 09:08:46 : Checking Army Camp...
2015-10-19 09:08:48 : Total Army Camp capacity: 140/220
2015-10-19 09:08:48 :  - No. of Balloons: 12
2015-10-19 09:08:49 :  - No. of Minions: 40
2015-10-19 09:08:49 : Training Troops...
2015-10-19 09:09:09 : Spell Factory Full
2015-10-19 09:09:11 : Time Idle: 00:14:53
2015-10-19 09:09:11 : ====== Waiting for full army ======
2015-10-19 09:09:23 : Checking Army Camp...
2015-10-19 09:09:25 : Total Army Camp capacity: 140/220
2015-10-19 09:09:26 :  - No. of Balloons: 12
2015-10-19 09:09:26 :  - No. of Minions: 40
2015-10-19 09:09:26 : Training Troops...
2015-10-19 09:09:46 : Spell Factory Full
2015-10-19 09:09:48 : Time Idle: 00:15:30
2015-10-19 09:09:49 : ====== Waiting for full army ======
2015-10-19 09:10:01 : Checking Army Camp...
2015-10-19 09:10:02 : Total Army Camp capacity: 160/220
2015-10-19 09:10:03 :  - No. of Balloons: 16
2015-10-19 09:10:03 :  - No. of Minions: 40
2015-10-19 09:10:04 : Training Troops...
2015-10-19 09:10:23 : Spell Factory Full
2015-10-19 09:10:26 : Time Idle: 00:16:07
2015-10-19 09:10:26 : ====== Waiting for full army ======
2015-10-19 09:10:38 : Checking Army Camp...
2015-10-19 09:10:40 : Total Army Camp capacity: 160/220
2015-10-19 09:10:41 :  - No. of Balloons: 16
2015-10-19 09:10:41 :  - No. of Minions: 40
2015-10-19 09:10:41 : Training Troops...
2015-10-19 09:11:01 : Spell Factory Full
2015-10-19 09:11:03 : Time Idle: 00:16:45
2015-10-19 09:11:04 : ====== Waiting for full army ======
2015-10-19 09:11:16 : Checking Army Camp...
2015-10-19 09:11:17 : Total Army Camp capacity: 160/220
2015-10-19 09:11:18 :  - No. of Balloons: 16
2015-10-19 09:11:18 :  - No. of Minions: 40
2015-10-19 09:11:19 : Training Troops...
2015-10-19 09:11:38 : Spell Factory Full
2015-10-19 09:11:41 : Time Idle: 00:17:22
2015-10-19 09:11:41 : ====== Waiting for full army ======
2015-10-19 09:11:53 : Checking Army Camp...
2015-10-19 09:11:55 : Total Army Camp capacity: 160/220
2015-10-19 09:11:56 :  - No. of Balloons: 16
2015-10-19 09:11:56 :  - No. of Minions: 40
2015-10-19 09:11:56 : Training Troops...
2015-10-19 09:12:16 : Spell Factory Full
2015-10-19 09:12:18 : Time Idle: 00:17:59
2015-10-19 09:12:18 : ====== Waiting for full army ======
2015-10-19 09:12:30 : Checking Army Camp...
2015-10-19 09:12:32 : Total Army Camp capacity: 160/220
2015-10-19 09:12:33 :  - No. of Balloons: 16
2015-10-19 09:12:33 :  - No. of Minions: 40
2015-10-19 09:12:33 : Training Troops...
2015-10-19 09:12:53 : Spell Factory Full
2015-10-19 09:12:56 : Time Idle: 00:18:36
2015-10-19 09:12:56 : ====== Waiting for full army ======
2015-10-19 09:13:08 : Checking Army Camp...
2015-10-19 09:13:10 : Total Army Camp capacity: 160/220
2015-10-19 09:13:11 :  - No. of Balloons: 16
2015-10-19 09:13:11 :  - No. of Minions: 40
2015-10-19 09:13:11 : Training Troops...
2015-10-19 09:13:30 : Spell Factory Full
2015-10-19 09:13:33 : Time Idle: 00:19:13
2015-10-19 09:13:33 : ====== Waiting for full army ======
2015-10-19 09:13:45 : Checking Army Camp...
2015-10-19 09:13:47 : Total Army Camp capacity: 160/220
2015-10-19 09:13:48 :  - No. of Balloons: 16
2015-10-19 09:13:48 :  - No. of Minions: 40
2015-10-19 09:13:48 : Training Troops...
2015-10-19 09:14:08 : Spell Factory Full
2015-10-19 09:14:10 : Time Idle: 00:19:50
2015-10-19 09:14:10 : ====== Waiting for full army ======
2015-10-19 09:14:22 : Checking Army Camp...
2015-10-19 09:14:24 : Total Army Camp capacity: 160/220
2015-10-19 09:14:25 :  - No. of Balloons: 16
2015-10-19 09:14:25 :  - No. of Minions: 40
2015-10-19 09:14:25 : Training Troops...
2015-10-19 09:14:45 : Spell Factory Full
2015-10-19 09:14:47 : Time Idle: 00:20:27
2015-10-19 09:14:48 : ====== Waiting for full army ======
2015-10-19 09:15:00 : Checking Army Camp...
2015-10-19 09:15:02 : Total Army Camp capacity: 160/220
2015-10-19 09:15:02 :  - No. of Balloons: 16
2015-10-19 09:15:02 :  - No. of Minions: 40
2015-10-19 09:15:03 : Training Troops...
2015-10-19 09:15:22 : Spell Factory Full
2015-10-19 09:15:25 : Time Idle: 00:21:04
2015-10-19 09:15:25 : ====== Waiting for full army ======
2015-10-19 09:15:37 : Collecting Resources
2015-10-19 09:15:42 : Checking Army Camp...
2015-10-19 09:15:44 : Total Army Camp capacity: 160/220
2015-10-19 09:15:45 :  - No. of Balloons: 16
2015-10-19 09:15:45 :  - No. of Minions: 40
2015-10-19 09:15:45 : Training Troops...
2015-10-19 09:15:47 : Cannot find train page, return home.
2015-10-19 09:15:48 : Time Idle: 00:21:27
2015-10-19 09:15:48 : ====== Waiting for full army ======
2015-10-19 09:16:00 : Checking Army Camp...
2015-10-19 09:16:02 : Total Army Camp capacity: 160/220
2015-10-19 09:16:03 :  - No. of Balloons: 16
2015-10-19 09:16:03 :  - No. of Minions: 40
2015-10-19 09:16:03 : Training Troops...
2015-10-19 09:16:14 : Cannot find train page, return home.
2015-10-19 09:16:15 : Time Idle: 00:21:54
2015-10-19 09:16:15 : ====== Waiting for full army ======
2015-10-19 09:16:27 : Checking Army Camp...
2015-10-19 09:16:39 : Army size read error, Troop numbers can't be trained correctly
2015-10-19 09:16:39 : Total Army Camp capacity: 0/220
2015-10-19 09:16:41 : Training Troops...
2015-10-19 09:17:02 : Spell Factory not found...
2015-10-19 09:17:05 : Time Idle: 00:22:44
2015-10-19 09:17:05 : ====== Waiting for full army ======
2015-10-19 09:17:17 : Checking Army Camp...
2015-10-19 09:17:19 : Total Army Camp capacity: 160/220
2015-10-19 09:17:20 :  - No. of Balloons: 16
2015-10-19 09:17:20 :  - No. of Minions: 40
2015-10-19 09:17:20 : Training Troops...
2015-10-19 09:17:32 : Cannot find train page, return home.
2015-10-19 09:17:33 : Time Idle: 00:23:11
2015-10-19 09:17:33 : ====== Waiting for full army ======
2015-10-19 09:17:45 : Checking Army Camp...
2015-10-19 09:17:47 : Total Army Camp capacity: 165/220
2015-10-19 09:17:48 :  - No. of Balloons: 17
2015-10-19 09:17:48 :  - No. of Minions: 40
2015-10-19 09:17:48 : Training Troops...
2015-10-19 09:18:02 : ClashGameBot was Paused!
