2015-10-19 15:34:34 :  Clash Game Bot v4.1.1 Modded Powered by GameBot.org ~
2015-10-19 15:34:34 : GameBot.org.exe Executable running on WIN_81  X64
2015-10-19 15:34:34 : =================== Bot Start ====================
2015-10-19 15:34:34 : -------------------------  Current Profile: 01 --------------------------
2015-10-19 15:34:34 : Trying to locate Main Screen
2015-10-19 15:34:34 : Main Screen Located
2015-10-19 15:34:35 : Detecting your Buildings..
2015-10-19 15:34:41 : Language setting is English: Correct.
2015-10-19 15:34:42 : Trying to locate Main Screen
2015-10-19 15:34:42 : Main Screen Located
2015-10-19 15:34:43 : Village Report
2015-10-19 15:34:43 : No. of Free/Total Builders: 1/5
2015-10-19 15:34:43 :  [T]: 2 689
2015-10-19 15:34:43 :  [G]: 3 567 371 [E]: 5 270 121 [D]: 122 993 [GEM]: 5 304
2015-10-19 15:34:44 : Collecting Resources
2015-10-19 15:34:53 : Checking Army Camp...
2015-10-19 15:34:55 : Total Army Camp capacity: 180/220
2015-10-19 15:34:56 :  - No. of Barbarians: 84
2015-10-19 15:34:56 :  - No. of Archers: 38
2015-10-19 15:34:56 :  - No. of Giants: 4
2015-10-19 15:34:56 :  - No. of Minions: 19
2015-10-19 15:34:56 : Barracks and Spell factory status: 
2015-10-19 15:34:56 : - Barracks detected: 4 | Available: 4 | Upgrading: 0
2015-10-19 15:34:56 : - Dark Barracks detected: 2 | Available: 2 | Upgrading: 0
2015-10-19 15:34:56 : - Spell factory detected: 1 | Available: 1 | Upgrading: 0
2015-10-19 15:34:56 : - Dark Spell factory detected: 1 | Available: 1 | Upgrading: 0
2015-10-19 15:34:56 : Training Troops...
2015-10-19 15:35:22 : Spell Factory Full
2015-10-19 15:35:30 : ====== Waiting for full army ======
2015-10-19 15:35:42 : Checking Army Camp...
2015-10-19 15:35:44 : Total Army Camp capacity: 184/220
2015-10-19 15:35:44 :  - No. of Barbarians: 84
2015-10-19 15:35:45 :  - No. of Archers: 42
2015-10-19 15:35:45 :  - No. of Giants: 4
2015-10-19 15:35:45 :  - No. of Minions: 19
2015-10-19 15:35:45 : Training Troops...
2015-10-19 15:36:01 : Spell Factory Full
2015-10-19 15:36:03 : Time Idle: 00:00:33
2015-10-19 15:36:04 : ====== Waiting for full army ======
2015-10-19 15:36:16 : Checking Army Camp...
2015-10-19 15:36:17 : Total Army Camp capacity: 189/220
2015-10-19 15:36:18 :  - No. of Barbarians: 84
2015-10-19 15:36:18 :  - No. of Archers: 47
2015-10-19 15:36:19 :  - No. of Giants: 4
2015-10-19 15:36:19 :  - No. of Minions: 19
2015-10-19 15:36:19 : Training Troops...
2015-10-19 15:36:35 : Spell Factory Full
2015-10-19 15:36:37 : Time Idle: 00:01:07
2015-10-19 15:36:38 : ====== Waiting for full army ======
2015-10-19 15:36:49 : Checking Army Camp...
2015-10-19 15:36:51 : Total Army Camp capacity: 196/220
2015-10-19 15:36:52 :  - No. of Barbarians: 84
2015-10-19 15:36:52 :  - No. of Archers: 54
2015-10-19 15:36:52 :  - No. of Giants: 4
2015-10-19 15:36:52 :  - No. of Minions: 19
2015-10-19 15:36:53 : Training Troops...
2015-10-19 15:37:09 : Spell Factory Full
2015-10-19 15:37:11 : Time Idle: 00:01:40
2015-10-19 15:37:11 : ====== Waiting for full army ======
2015-10-19 15:37:23 : Checking Army Camp...
2015-10-19 15:37:25 : Total Army Camp capacity: 200/220
2015-10-19 15:37:26 :  - No. of Barbarians: 84
2015-10-19 15:37:26 :  - No. of Archers: 58
2015-10-19 15:37:26 :  - No. of Giants: 4
2015-10-19 15:37:26 :  - No. of Minions: 19
2015-10-19 15:37:27 : Training Troops...
2015-10-19 15:37:42 : Spell Factory Full
2015-10-19 15:37:45 : Time Idle: 00:02:14
2015-10-19 15:37:45 : ====== Waiting for full army ======
2015-10-19 15:37:57 : Checking Army Camp...
2015-10-19 15:37:59 : Total Army Camp capacity: 206/220
2015-10-19 15:38:00 :  - No. of Barbarians: 84
2015-10-19 15:38:00 :  - No. of Archers: 64
2015-10-19 15:38:00 :  - No. of Giants: 4
2015-10-19 15:38:00 :  - No. of Minions: 19
2015-10-19 15:38:00 : Training Troops...
2015-10-19 15:38:16 : Spell Factory Full
2015-10-19 15:38:19 : Time Idle: 00:02:48
2015-10-19 15:38:19 : ====== Waiting for full army ======
2015-10-19 15:38:31 : Checking Army Camp...
2015-10-19 15:38:33 : Total Army Camp capacity: 212/220
2015-10-19 15:38:34 :  - No. of Barbarians: 84
2015-10-19 15:38:34 :  - No. of Archers: 70
2015-10-19 15:38:34 :  - No. of Giants: 4
2015-10-19 15:38:34 :  - No. of Minions: 19
2015-10-19 15:38:34 : Training Troops...
2015-10-19 15:38:50 : Spell Factory Full
2015-10-19 15:38:53 : Time Idle: 00:03:21
2015-10-19 15:38:53 : ====== Waiting for full army ======
2015-10-19 15:39:05 : Checking Army Camp...
2015-10-19 15:39:07 : Total Army Camp capacity: 216/220
2015-10-19 15:39:08 :  - No. of Barbarians: 84
2015-10-19 15:39:08 :  - No. of Archers: 74
2015-10-19 15:39:08 :  - No. of Giants: 4
2015-10-19 15:39:08 :  - No. of Minions: 19
2015-10-19 15:39:08 : Training Troops...
2015-10-19 15:39:24 : Spell Factory Full
2015-10-19 15:39:27 : Time Idle: 00:03:55
2015-10-19 15:39:27 : ====== Waiting for full army ======
2015-10-19 15:39:39 : Checking Army Camp...
2015-10-19 15:39:41 : Total Army Camp capacity: 220/220
2015-10-19 15:39:42 :  - No. of Barbarians: 84
2015-10-19 15:39:42 :  - No. of Archers: 78
2015-10-19 15:39:42 :  - No. of Giants: 4
2015-10-19 15:39:42 :  - No. of Minions: 19
2015-10-19 15:39:42 : Training Troops...
2015-10-19 15:39:43 : Your Army Camps are now Full
2015-10-19 15:40:12 : Spell Factory Full
2015-10-19 15:40:14 : Going to Attack...
2015-10-19 15:40:20 : ============== Searching For Dead Base ===============
2015-10-19 15:40:20 : ~~~~~~~~~~~~~~~ SEARCH CONDITIONS ~~~~~~~~~~~~~~~~
2015-10-19 15:40:20 : , Max TH 8
2015-10-19 15:40:20 : ~~~~~~~~~~~~~~ RESOURCE CONDITIONS ~~~~~~~~~~~~~~~
2015-10-19 15:40:20 : Aim:           [G+E+D]: 425000 [T]: 0 [TH]: 8 for: Dead Base
2015-10-19 15:40:20 : ============== Searching For Live Base ===============
2015-10-19 15:40:20 : ~~~~~~~~~~~~~~~ SEARCH CONDITIONS ~~~~~~~~~~~~~~~~
2015-10-19 15:40:20 : , Max TH 8
2015-10-19 15:40:20 : ~~~~~~~~~~~~~~ RESOURCE CONDITIONS ~~~~~~~~~~~~~~~
2015-10-19 15:40:20 : Aim:           [G+E+D]: 425000 [T]: 0 [TH]: 8 for: Live Base
2015-10-19 15:40:20 : ~~~~~~~~~~~~~~~ ADVANCED SETTINGS ~~~~~~~~~~~~~~~~
2015-10-19 15:40:20 : THSnipe Combo, 2 Tile(s), AttackTH, Attack3:GBarch
2015-10-19 15:40:20 : ==================================================
2015-10-19 15:40:21 :   1> [G]:  55577 [E]:   9801 [D]:  109 [T]:20 [TH]:10, In
2015-10-19 15:40:24 :   2> [G]: 147045 [E]: 108510 [D]:  189 [T]:15 [TH]: 9, In
2015-10-19 15:40:31 :   3> [G]: 126211 [E]: 182042 [D]:  824 [T]:18 [TH]:10, In
2015-10-19 15:40:34 :   4> [G]:  52803 [E]:  99341 [D]:  646 [T]:18 [TH]: 9, In
2015-10-19 15:40:41 :   5> [G]:  87420 [E]: 144583 [D]:  272 [T]:17 [TH]: 9, In
2015-10-19 15:40:46 :   6> [G]:  13616 [E]:  54142 [D]: 1670 [T]:31 [TH]:10, In
2015-10-19 15:40:48 :   7> [G]:  61023 [E]: 231669 [D]: 1352 [T]:20 [TH]: 9, In
2015-10-19 15:40:55 :   8> [G]: 122130 [E]:  30933 [D]:  360 [T]:34 [TH]:10, In
2015-10-19 15:41:00 :   9> [G]:  65768 [E]: 188398 [D]: 3117 [T]:31 [TH]:10, In
2015-10-19 15:41:03 :  10> [G]:  93401 [E]:  60637 [D]:  181 [T]:17 [TH]: 9, In
2015-10-19 15:41:09 :  11> [G]:  38073 [E]:  90156 [D]:  649 [T]:11 [TH]: 9, In
2015-10-19 15:41:12 :  12> [G]:  49437 [E]:  64437 [D]:  353 [T]:16 [TH]: 9, In
2015-10-19 15:41:18 :  13> [G]:  40629 [E]:   4135 [D]:  373 [T]:11 [TH]: 9, In
2015-10-19 15:41:23 :  14> [G]:  10440 [E]:  30597 [D]:  675 [T]:18 [TH]:10, In
2015-10-19 15:41:27 :  15> [G]:  47963 [E]:  75579 [D]:  517 [T]:24 [TH]:10, In
2015-10-19 15:41:30 :  16> [G]:  66430 [E]:  92161 [D]:  245 [T]:10 [TH]: 9, In
2015-10-19 15:41:37 :  17> [G]:  27143 [E]:  18997 [D]: 2175 [T]:19 [TH]:10, In
2015-10-19 15:41:41 :  18> [G]:  73429 [E]:  86358 [D]:  627 [T]:16 [TH]:10, In
2015-10-19 15:41:47 :  19> [G]:  82189 [E]:  70752 [D]:  502 [T]:24 [TH]:10, In
2015-10-19 15:41:49 :  20> [G]:  44544 [E]:   6417 [D]:  821 [T]:12 [TH]: 9, In
2015-10-19 15:41:56 :  21> [G]:  64976 [E]:   3936 [D]:  492 [T]:11 [TH]: 9, In
2015-10-19 15:41:59 :  22> [G]:   2938 [E]:   5882 [D]:  162 [T]:22 [TH]: 9, In
2015-10-19 15:42:05 :  23> [G]:  30372 [E]:  27195 [D]: 1123 [T]:15 [TH]: 9, In
2015-10-19 15:42:08 :  24> [G]:  36336 [E]: 158474 [D]:  326 [T]:29 [TH]:10, In
2015-10-19 15:42:15 :  25> [G]:  31574 [E]:  44960 [D]:  939 [T]:12 [TH]: 9, In
2015-10-19 15:42:17 :  26> [G]:  51288 [E]:  45097 [D]:  162 [T]:16 [TH]:10, In
2015-10-19 15:42:23 :  27> [G]:  48751 [E]: 217923 [D]:  563 [T]:11 [TH]: 9, In
2015-10-19 15:42:28 :  28> [G]:  34875 [E]:  36817 [D]: 1388 [T]:14 [TH]: 9, In
2015-10-19 15:42:33 :  29> [G]: 138403 [E]:  25857 [D]:  644 [T]:16 [TH]:10, In
2015-10-19 15:42:35 :  30> [G]: 272752 [E]: 112716 [D]: 1179 [T]:26 [TH]:10, In
2015-10-19 15:42:43 :  31> [G]:  15658 [E]:  74844 [D]: 1634 [T]:13 [TH]: 9, In
2015-10-19 15:42:46 :  32> [G]:  29460 [E]:   8565 [D]:  433 [T]:31 [TH]: 9, In
2015-10-19 15:42:53 :  33> [G]:  30940 [E]:  17431 [D]:  350 [T]:28 [TH]:10, In
2015-10-19 15:42:57 :  34> [G]:  97393 [E]:  91312 [D]: 1205 [T]:25 [TH]:10, In
2015-10-19 15:42:59 :  35> [G]:  18035 [E]: 135064 [D]: 1676 [T]:18 [TH]: 9, In
2015-10-19 15:43:07 :  36> [G]:  14753 [E]:  30686 [D]:  117 [T]:15 [TH]: 9, In
2015-10-19 15:43:10 :  37> [G]:  17811 [E]:  80624 [D]:  202 [T]:11 [TH]: 9, In
2015-10-19 15:43:13 :  38> [G]: 287861 [E]: 485773 [D]: 1224 [T]:18 [TH]: 9, Out
2015-10-19 15:43:13 : ~~~~~~~~~~~~~~~ TH Outside Found! ~~~~~~~~~~~~~~~~
2015-10-19 15:43:15 : ================ Search Complete =================
2015-10-19 15:43:15 : Initiating attack for: TH Snipe
2015-10-19 15:43:17 : -Barbarians 84
2015-10-19 15:43:17 : -Archers 78
2015-10-19 15:43:17 : -Giants 4
2015-10-19 15:43:17 : -Minions 19
2015-10-19 15:43:17 : -Clan Castle 
2015-10-19 15:43:17 : -King 
2015-10-19 15:43:17 : -Heal Spells 1
2015-10-19 15:43:17 : -Rage Spells 3
2015-10-19 15:43:17 : -Poison Spells 1
2015-10-19 15:43:17 :  ====== Start Attack ====== 
2015-10-19 15:43:19 :  Image adv 3 , 0 Tol: C:\Users\Matt\Downloads\CGB v4.1.1 (Modded)\images\TH\9.bmp - Coords:428 , 575
2015-10-19 15:43:19 : Sending 1st wave of archers.
2015-10-19 15:43:19 : Dropping first wave of 4 Archers
2015-10-19 15:43:20 : Attacking Th With Master Moderate Zoomed Mod ...
2015-10-19 15:43:20 : Zooming in a little and scrolling to bottom ...
2015-10-19 15:43:30 : Deployment of Archers was Successful!
2015-10-19 15:43:32 : Dropping first wave of 18 Archers
2015-10-19 15:43:35 : Deployment of Archers was Successful!
2015-10-19 15:43:46 : Townhall has been destroyed!
2015-10-19 15:43:47 : Zooming Out
2015-10-19 15:43:53 : Checking if the battle has finished
2015-10-19 15:43:55 : detected [G]:  [E]:  [DE]:  |  Exit now 
2015-10-19 15:43:55 : Battle has finished
2015-10-19 15:43:55 : Returning Home
2015-10-19 15:44:00 : Bonus [G]: 100 000 [E]: 100 000 [DE]: 500
2015-10-19 15:44:02 : Your league level is: Master III
2015-10-19 15:44:02 : Stars earned: 1
2015-10-19 15:44:02 : Loot: [G]: 8 184 [E]: 1 000 [DE]:  [T]: 6
2015-10-19 15:44:02 : Taking snapshot of your loot
2015-10-19 15:44:08 : Trying to locate Main Screen
2015-10-19 15:44:08 : Main Screen Located
2015-10-19 15:44:10 : Village Report
2015-10-19 15:44:10 : No. of Free/Total Builders: 1/5
2015-10-19 15:44:10 :  [T]: 2 695
2015-10-19 15:44:10 :  [G]: 3 647 055 [E]: 5 337 921 [D]: 123 493 [GEM]: 5 304
2015-10-19 15:44:11 : Collecting Resources
2015-10-19 15:44:20 : Checking Army Camp...
2015-10-19 15:44:22 : Total Army Camp capacity: 220/220
2015-10-19 15:44:23 :  - No. of Barbarians: 84
2015-10-19 15:44:23 :  - No. of Archers: 73
2015-10-19 15:44:23 :  - No. of Giants: 5
2015-10-19 15:44:23 :  - No. of Minions: 19
2015-10-19 15:44:23 : Barracks and Spell factory status: 
2015-10-19 15:44:23 : - Barracks detected: 4 | Available: 4 | Upgrading: 0
2015-10-19 15:44:23 : - Dark Barracks detected: 2 | Available: 2 | Upgrading: 0
2015-10-19 15:44:23 : - Spell factory detected: 1 | Available: 1 | Upgrading: 0
2015-10-19 15:44:23 : - Dark Spell factory detected: 1 | Available: 1 | Upgrading: 0
2015-10-19 15:44:23 : Training Troops...
2015-10-19 15:44:24 : Your Army Camps are now Full
2015-10-19 15:44:24 : Too few Giant, train first.
2015-10-19 15:44:24 : Too many Mini, train last.
2015-10-19 15:44:58 : Spell Factory Full
2015-10-19 15:45:06 : Going to Attack...
2015-10-19 15:45:12 : ============== Searching For Dead Base ===============
2015-10-19 15:45:12 : ~~~~~~~~~~~~~~~ SEARCH CONDITIONS ~~~~~~~~~~~~~~~~
2015-10-19 15:45:12 : , Max TH 8
2015-10-19 15:45:12 : ~~~~~~~~~~~~~~ RESOURCE CONDITIONS ~~~~~~~~~~~~~~~
2015-10-19 15:45:12 : Aim:           [G+E+D]: 425000 [T]: 0 [TH]: 8 for: Dead Base
2015-10-19 15:45:12 : ============== Searching For Live Base ===============
2015-10-19 15:45:12 : ~~~~~~~~~~~~~~~ SEARCH CONDITIONS ~~~~~~~~~~~~~~~~
2015-10-19 15:45:12 : , Max TH 8
2015-10-19 15:45:12 : ~~~~~~~~~~~~~~ RESOURCE CONDITIONS ~~~~~~~~~~~~~~~
2015-10-19 15:45:12 : Aim:           [G+E+D]: 425000 [T]: 0 [TH]: 8 for: Live Base
2015-10-19 15:45:12 : ~~~~~~~~~~~~~~~ ADVANCED SETTINGS ~~~~~~~~~~~~~~~~
2015-10-19 15:45:12 : THSnipe Combo, 2 Tile(s), AttackTH, Attack3:GBarch
2015-10-19 15:45:12 : ==================================================
2015-10-19 15:45:13 :   1> [G]:  94742 [E]:  56645 [D]:  203 [T]:12 [TH]: 9, In
2015-10-19 15:45:16 :   2> [G]: 333860 [E]: 100238 [D]:  306 [T]:16 [TH]: 9, In
2015-10-19 15:45:22 :   3> [G]:  39069 [E]:  34324 [D]:  331 [T]:15 [TH]:10, In
2015-10-19 15:45:27 :   4> [G]:  12608 [E]:  28024 [D]: 2550 [T]:35 [TH]:10, In
2015-10-19 15:45:30 :   5> [G]: 142785 [E]: 297854 [D]: 3051 [T]:31 [TH]:10, In
2015-10-19 15:45:33 :   6> [G]:  39244 [E]:  48608 [D]:  708 [T]:20 [TH]:10, In
2015-10-19 15:45:40 :   7> [G]:  84303 [E]: 273934 [D]: 2084 [T]:31 [TH]:10, In
2015-10-19 15:45:42 :   8> [G]:  12305 [E]:  52171 [D]: 1133 [T]:22 [TH]: 9, In
2015-10-19 15:45:50 :   9> [G]:  58134 [E]: 109559 [D]: 2366 [T]:31 [TH]:10, In
2015-10-19 15:45:53 :  10> [G]:  48408 [E]: 131520 [D]:  594 [T]:17 [TH]: 9, In
2015-10-19 15:46:00 :  11> [G]: 140322 [E]: 137767 [D]: 1307 [T]:19 [TH]: 9, In
2015-10-19 15:46:04 :  12> [G]:  89142 [E]:  24687 [D]:  604 [T]:20 [TH]: 9, In
2015-10-19 15:46:10 :  13> [G]:  93060 [E]: 199820 [D]: 1946 [T]:24 [TH]: 8, Out
2015-10-19 15:46:10 : ~~~~~~~~~~~~~~ DE Side Base Found! ~~~~~~~~~~~~~~~
2015-10-19 15:46:12 : ================ Search Complete =================
2015-10-19 15:46:12 : Initiating attack for: Live Base
2015-10-19 15:46:14 : -Barbarians 84
2015-10-19 15:46:14 : -Archers 73
2015-10-19 15:46:14 : -Giants 5
2015-10-19 15:46:14 : -Minions 19
2015-10-19 15:46:14 : -Clan Castle 
2015-10-19 15:46:14 : -King 
2015-10-19 15:46:14 : -Heal Spells 1
2015-10-19 15:46:14 : -Rage Spells 3
2015-10-19 15:46:14 : -Poison Spells 1
2015-10-19 15:46:14 :  ====== Start Attack ====== 
2015-10-19 15:46:16 :  Image adv 2 , 4 Tol: C:\Users\Matt\Downloads\CGB v4.1.1 (Modded)\images\TH\Th8_3.png - Coords:419 , 62
2015-10-19 15:46:16 : Sending 1st wave of archers.
2015-10-19 15:46:16 : Dropping first wave of 4 Archers
2015-10-19 15:46:17 : Deployment of Archers was Successful!
2015-10-19 15:46:19 : Dropping first wave of 15 Archers
2015-10-19 15:46:22 : Deployment of Archers was Successful!
2015-10-19 15:46:34 : Townhall has been destroyed!
2015-10-19 15:46:35 : Attacking on Dark Elixir Side.
2015-10-19 15:46:36 :  == DE Storage Not Found ==
2015-10-19 15:46:36 : DE Storage Not Located... Attacking Random Side
2015-10-19 15:46:37 : Dropping only wave of 5 Giants
2015-10-19 15:46:39 : Dropping first wave of 28 Barbarians
2015-10-19 15:46:42 : Dropping first wave of 25 Archers
2015-10-19 15:46:44 : Dropping second wave of 28 Barbarians
2015-10-19 15:46:47 : Dropping second wave of 25 Archers
2015-10-19 15:46:50 : Spell drop point: 490, 368
2015-10-19 15:46:50 : Dropping spell in slot 6
2015-10-19 15:46:51 : Dropping spell in slot 7
2015-10-19 15:46:52 : Dropping only wave of 19 Minions
2015-10-19 15:46:54 : Dropping third wave of 28 Barbarians
2015-10-19 15:46:59 : Dropping third wave of 25 Archers
2015-10-19 15:47:03 : Dropping King
2015-10-19 15:47:04 : Dropping left over troops
2015-10-19 15:47:04 : Checking remaining unused troops for: Live Base
2015-10-19 15:47:06 : -Minions 0
2015-10-19 15:47:06 : -Clan Castle 
2015-10-19 15:47:06 : -Rage Spells 2
2015-10-19 15:47:06 : -Poison Spells 1
2015-10-19 15:47:15 : Checking remaining unused troops for: Live Base
2015-10-19 15:47:17 : -Minions 0
2015-10-19 15:47:17 : -Clan Castle 
2015-10-19 15:47:17 : -Rage Spells 2
2015-10-19 15:47:17 : -Poison Spells 1
2015-10-19 15:47:26 : Finished Attacking, waiting for the battle to end
2015-10-19 15:47:26 : Checking if the battle has finished
2015-10-19 15:47:28 : detected [G]: 41044 [E]: 176382 [DE]: 1946 |  Exit in 58 sec.
2015-10-19 15:47:28 : Gold & Elixir & DE change detected, waiting...
2015-10-19 15:47:30 : detected [G]: 40407 [E]: 175937 [DE]: 1755 |  Exit in 58 sec.
2015-10-19 15:47:30 : Gold & Elixir & DE change detected, waiting...
2015-10-19 15:47:33 : detected [G]: 40407 [E]: 160654 [DE]: 678 |  Exit in 58 sec.
2015-10-19 15:47:33 : Gold & Elixir & DE change detected, waiting...
2015-10-19 15:47:36 : detected [G]: 40407 [E]: 140982 [DE]: 159 |  Exit in 58 sec.
2015-10-19 15:47:36 : Gold & Elixir & DE change detected, waiting...
2015-10-19 15:47:39 : detected [G]: 40407 [E]: 104612 [DE]: 103 |  Exit in 58 sec.
2015-10-19 15:47:39 : Gold & Elixir & DE change detected, waiting...
2015-10-19 15:47:42 : detected [G]: 37959 [E]: 80280 [DE]: 94 |  Exit in 58 sec.
2015-10-19 15:47:42 : Gold & Elixir & DE change detected, waiting...
2015-10-19 15:47:45 : detected [G]: 34287 [E]: 76608 [DE]: 88 |  Exit in 58 sec.
2015-10-19 15:47:45 : Gold & Elixir & DE change detected, waiting...
2015-10-19 15:47:48 : detected [G]: 32217 [E]: 74538 [DE]: 79 |  Exit in 58 sec.
2015-10-19 15:47:48 : Gold & Elixir & DE change detected, waiting...
2015-10-19 15:47:51 : detected [G]: 28607 [E]: 70928 [DE]: 71 |  Exit in 58 sec.
2015-10-19 15:47:51 : Gold & Elixir & DE change detected, waiting...
2015-10-19 15:47:52 : King is getting weak, Activating King's power
2015-10-19 15:47:54 : detected [G]: 26482 [E]: 69044 [DE]: 66 |  Exit in 58 sec.
2015-10-19 15:47:54 : Gold & Elixir & DE change detected, waiting...
2015-10-19 15:47:57 : detected [G]: 24221 [E]: 67506 [DE]: 62 |  Exit in 58 sec.
2015-10-19 15:47:57 : Gold & Elixir & DE change detected, waiting...
2015-10-19 15:48:01 : detected [G]: 22870 [E]: 66564 [DE]: 59 |  Exit in 58 sec.
2015-10-19 15:48:01 : Gold & Elixir & DE change detected, waiting...
2015-10-19 15:48:04 : detected [G]: 21614 [E]: 29726 [DE]: 56 |  Exit in 58 sec.
2015-10-19 15:48:04 : Gold & Elixir & DE change detected, waiting...
2015-10-19 15:48:07 : detected [G]: 21614 [E]: 18795 [DE]: 56 |  Exit in 58 sec.
2015-10-19 15:48:07 : Gold & Elixir & DE change detected, waiting...
2015-10-19 15:48:11 : detected [G]: 21614 [E]: 18795 [DE]: 56 |  Exit in 58 sec.
2015-10-19 15:48:12 : detected [G]: 21614 [E]: 18795 [DE]: 56 |  Exit in 56 sec.
2015-10-19 15:48:14 : detected [G]: 21614 [E]: 18795 [DE]: 56 |  Exit in 55 sec.
2015-10-19 15:48:16 : detected [G]: 21614 [E]: 18795 [DE]: 56 |  Exit in 53 sec.
2015-10-19 15:48:18 : detected [G]: 21614 [E]: 18795 [DE]: 56 |  Exit in 51 sec.
2015-10-19 15:48:19 : detected [G]: 21614 [E]: 18795 [DE]: 56 |  Exit in 49 sec.
2015-10-19 15:48:21 : detected [G]: 21614 [E]: 18795 [DE]: 56 |  Exit in 48 sec.
2015-10-19 15:48:23 : detected [G]: 21614 [E]: 18795 [DE]: 56 |  Exit in 46 sec.
2015-10-19 15:48:24 : detected [G]: 21614 [E]: 18795 [DE]: 56 |  Exit in 44 sec.
2015-10-19 15:48:26 : detected [G]: 21614 [E]: 18795 [DE]: 56 |  Exit in 43 sec.
2015-10-19 15:48:28 : detected [G]: 21614 [E]: 18795 [DE]: 56 |  Exit in 41 sec.
2015-10-19 15:48:29 : detected [G]: 18647 [E]: 15828 [DE]: 45 |  Exit in 39 sec.
2015-10-19 15:48:29 : Gold & Elixir & DE change detected, waiting...
2015-10-19 15:48:33 : detected [G]: 18647 [E]: 15828 [DE]: 45 |  Exit in 58 sec.
2015-10-19 15:48:34 : detected [G]: 18647 [E]: 15828 [DE]: 45 |  Exit in 56 sec.
2015-10-19 15:48:36 : detected [G]: 18647 [E]: 15828 [DE]: 45 |  Exit in 55 sec.
2015-10-19 15:48:38 : detected [G]: 18647 [E]: 15828 [DE]: 45 |  Exit in 53 sec.
2015-10-19 15:48:39 : detected [G]: 18647 [E]: 15828 [DE]: 45 |  Exit in 51 sec.
2015-10-19 15:48:41 : detected [G]: 18647 [E]: 15828 [DE]: 45 |  Exit in 49 sec.
2015-10-19 15:48:43 : detected [G]: 18647 [E]: 15828 [DE]: 45 |  Exit in 48 sec.
2015-10-19 15:48:44 : detected [G]: 18647 [E]: 15828 [DE]: 45 |  Exit in 46 sec.
2015-10-19 15:48:46 : detected [G]: 18647 [E]: 15828 [DE]: 45 |  Exit in 44 sec.
2015-10-19 15:48:48 : detected [G]: 18647 [E]: 15828 [DE]: 45 |  Exit in 43 sec.
2015-10-19 15:48:49 : detected [G]: 18647 [E]: 15828 [DE]: 45 |  Exit in 41 sec.
2015-10-19 15:48:51 : detected [G]: 18647 [E]: 15828 [DE]: 45 |  Exit in 39 sec.
2015-10-19 15:48:53 : detected [G]: 18647 [E]: 15828 [DE]: 45 |  Exit in 38 sec.
2015-10-19 15:48:55 : detected [G]: 18647 [E]: 15828 [DE]: 45 |  Exit in 36 sec.
2015-10-19 15:48:56 : detected [G]: 18647 [E]: 15828 [DE]: 45 |  Exit in 34 sec.
2015-10-19 15:48:58 : detected [G]: 18647 [E]: 15828 [DE]: 45 |  Exit in 33 sec.
2015-10-19 15:49:00 : detected [G]: 18647 [E]: 15828 [DE]: 45 |  Exit in 31 sec.
2015-10-19 15:49:01 : detected [G]: 18647 [E]: 15828 [DE]: 45 |  Exit in 29 sec.
2015-10-19 15:49:03 : detected [G]: 18647 [E]: 15828 [DE]: 45 |  Exit in 28 sec.
2015-10-19 15:49:05 : detected [G]: 18647 [E]: 15828 [DE]: 45 |  Exit in 26 sec.
2015-10-19 15:49:06 : detected [G]: 18647 [E]: 15828 [DE]: 45 |  Exit in 24 sec.
2015-10-19 15:49:08 : detected [G]: 18647 [E]: 15828 [DE]: 45 |  Exit in 22 sec.
2015-10-19 15:49:10 : detected [G]: 18647 [E]: 15828 [DE]: 45 |  Exit in 21 sec.
2015-10-19 15:49:11 : detected [G]: 18647 [E]: 15828 [DE]: 45 |  Exit in 19 sec.
2015-10-19 15:49:13 : detected [G]: 18647 [E]: 15828 [DE]: 45 |  Exit in 17 sec.
2015-10-19 15:49:15 : detected [G]: 18647 [E]: 15828 [DE]: 45 |  Exit in 16 sec.
2015-10-19 15:49:16 : detected [G]: 18647 [E]: 15828 [DE]: 45 |  Exit in 14 sec.
2015-10-19 15:49:18 : detected [G]: 18647 [E]: 15828 [DE]: 45 |  Exit in 12 sec.
2015-10-19 15:49:20 : detected [G]:  [E]:  [DE]:  |  Exit now 
2015-10-19 15:49:20 : Battle has finished
2015-10-19 15:49:20 : Returning Home
2015-10-19 15:49:25 : Bonus [G]: 100 000 [E]: 100 000 [DE]: 500
2015-10-19 15:49:27 : Your league level is: Master III
2015-10-19 15:49:27 : Stars earned: 2
2015-10-19 15:49:27 : Loot: [G]: 74 413 [E]: 183 992 [DE]: 1 901 [T]: 16
2015-10-19 15:49:27 : Taking snapshot of your loot
2015-10-19 15:49:33 : Trying to locate Main Screen
2015-10-19 15:49:33 : Main Screen Located
2015-10-19 15:49:35 : Village Report
2015-10-19 15:49:35 : No. of Free/Total Builders: 1/5
2015-10-19 15:49:35 :  [T]: 2 711
2015-10-19 15:49:35 :  [G]: 3 817 677 [E]: 5 625 795 [D]: 125 926 [GEM]: 5 304
2015-10-19 15:49:35 : Collecting Resources
2015-10-19 15:49:44 : Checking Army Camp...
2015-10-19 15:49:46 : Total Army Camp capacity: 40/220
2015-10-19 15:49:47 :  - No. of Giants: 8
2015-10-19 15:49:47 : Training Troops...
2015-10-19 15:50:07 : Spell Factory Full
2015-10-19 15:50:07 : Created 1 Spell(s)
2015-10-19 15:50:14 : ====== Waiting for full army ======
2015-10-19 15:50:26 : Checking Army Camp...
2015-10-19 15:50:28 : Total Army Camp capacity: 40/220
2015-10-19 15:50:29 :  - No. of Giants: 8
2015-10-19 15:50:29 : Training Troops...
2015-10-19 15:50:44 : Spell Factory Full
2015-10-19 15:50:47 : Time Idle: 00:00:32
2015-10-19 15:50:47 : ====== Waiting for full army ======
2015-10-19 15:50:59 : Checking Army Camp...
2015-10-19 15:51:01 : Total Army Camp capacity: 62/220
2015-10-19 15:51:01 :  - No. of Archers: 2
2015-10-19 15:51:01 :  - No. of Giants: 12
2015-10-19 15:51:02 : Training Troops...
2015-10-19 15:51:18 : Spell Factory Full
2015-10-19 15:51:20 : Time Idle: 00:01:05
2015-10-19 15:51:20 : ====== Waiting for full army ======
2015-10-19 15:51:32 : Collecting Resources
2015-10-19 15:51:38 : Checking Army Camp...
2015-10-19 15:51:40 : Total Army Camp capacity: 68/220
2015-10-19 15:51:40 :  - No. of Archers: 8
2015-10-19 15:51:41 :  - No. of Giants: 12
2015-10-19 15:51:41 : Training Troops...
2015-10-19 15:51:57 : Spell Factory Full
2015-10-19 15:51:59 : Time Idle: 00:01:44
2015-10-19 15:51:59 : ====== Waiting for full army ======
2015-10-19 15:52:11 : Checking Army Camp...
2015-10-19 15:52:13 : Total Army Camp capacity: 73/220
2015-10-19 15:52:14 :  - No. of Archers: 13
2015-10-19 15:52:14 :  - No. of Giants: 12
2015-10-19 15:52:14 : Training Troops...
2015-10-19 15:52:30 : Spell Factory Full
2015-10-19 15:52:33 : Time Idle: 00:02:18
2015-10-19 15:52:33 : ====== Waiting for full army ======
2015-10-19 15:52:45 : Checking Army Camp...
2015-10-19 15:52:47 : Total Army Camp capacity: 79/220
2015-10-19 15:52:48 :  - No. of Archers: 19
2015-10-19 15:52:48 :  - No. of Giants: 12
2015-10-19 15:52:48 : Training Troops...
2015-10-19 15:53:04 : Spell Factory Full
2015-10-19 15:53:07 : Time Idle: 00:02:51
2015-10-19 15:53:07 : ====== Waiting for full army ======
2015-10-19 15:53:09 : ClashGameBot was Paused!
