2015-10-06 02:06:34 : ============================= ATTACK LOG ==============================
2015-10-06 02:06:34 :                    --------  LOOT --------       ----- BONUS ------   
2015-10-06 02:06:34 :  TIME|TROP|SEARCH|HF|   GOLD| ELIXIR|  DE|TR.|S|  GOLD|ELIXIR|  DE|L.
2015-10-06 02:07:50 : ============================= ATTACK LOG ==============================
2015-10-06 02:07:50 :                    --------  LOOT --------       ----- BONUS ------   
2015-10-06 02:07:50 :  TIME|TROP|SEARCH|HF|   GOLD| ELIXIR|  DE|TR.|S|  GOLD|ELIXIR|  DE|L.
2015-10-06 02:14:28 : ============================= ATTACK LOG ==============================
2015-10-06 02:14:28 :                    --------  LOOT --------       ----- BONUS ------   
2015-10-06 02:14:28 :  TIME|TROP|SEARCH|HF|   GOLD| ELIXIR|  DE|TR.|S|  GOLD|ELIXIR|  DE|L.
2015-10-06 02:22:31 : ============================= ATTACK LOG ==============================
2015-10-06 02:22:31 :                    --------  LOOT --------       ----- BONUS ------   
2015-10-06 02:22:31 :  TIME|TROP|SEARCH|HF|   GOLD| ELIXIR|  DE|TR.|S|  GOLD|ELIXIR|  DE|L.
2015-10-06 02:25:04 : ============================= ATTACK LOG ==============================
2015-10-06 02:25:04 :                    --------  LOOT --------       ----- BONUS ------   
2015-10-06 02:25:04 :  TIME|TROP|SEARCH|HF|   GOLD| ELIXIR|  DE|TR.|S|  GOLD|ELIXIR|  DE|L.
2015-10-06 02:33:29 : ============================= ATTACK LOG ==============================
2015-10-06 02:33:29 :                    --------  LOOT --------       ----- BONUS ------   
2015-10-06 02:33:29 :  TIME|TROP|SEARCH|HF|   GOLD| ELIXIR|  DE|TR.|S|  GOLD|ELIXIR|  DE|L.
2015-10-06 02:48:52 : ============================= ATTACK LOG ==============================
2015-10-06 02:48:52 :                    --------  LOOT --------       ----- BONUS ------   
2015-10-06 02:48:52 :  TIME|TROP|SEARCH|HF|   GOLD| ELIXIR|  DE|TR.|S|  GOLD|ELIXIR|  DE|L.
2015-10-06 02:50:01 : ============================= ATTACK LOG ==============================
2015-10-06 02:50:01 :                    --------  LOOT --------       ----- BONUS ------   
2015-10-06 02:50:01 :  TIME|TROP|SEARCH|HF|   GOLD| ELIXIR|  DE|TR.|S|  GOLD|ELIXIR|  DE|L.
2015-10-06 03:06:42 : ============================= ATTACK LOG ==============================
2015-10-06 03:06:42 :                    --------  LOOT --------       ----- BONUS ------   
2015-10-06 03:06:42 :  TIME|TROP|SEARCH|HF|   GOLD| ELIXIR|  DE|TR.|S|  GOLD|ELIXIR|  DE|L.
2015-10-06 03:10:08 : ============================= ATTACK LOG ==============================
2015-10-06 03:10:08 :                    --------  LOOT --------       ----- BONUS ------   
2015-10-06 03:10:08 :  TIME|TROP|SEARCH|HF|   GOLD| ELIXIR|  DE|TR.|S|  GOLD|ELIXIR|  DE|L.
2015-10-06 03:13:32 : ============================= ATTACK LOG ==============================
2015-10-06 03:13:32 :                    --------  LOOT --------       ----- BONUS ------   
2015-10-06 03:13:32 :  TIME|TROP|SEARCH|HF|   GOLD| ELIXIR|  DE|TR.|S|  GOLD|ELIXIR|  DE|L.
2015-10-06 03:19:47 : ============================= ATTACK LOG ==============================
2015-10-06 03:19:47 :                    --------  LOOT --------       ----- BONUS ------   
2015-10-06 03:19:47 :  TIME|TROP|SEARCH|HF|   GOLD| ELIXIR|  DE|TR.|S|  GOLD|ELIXIR|  DE|L.
2015-10-06 03:21:08 : ============================= ATTACK LOG ==============================
2015-10-06 03:21:08 :                    --------  LOOT --------       ----- BONUS ------   
2015-10-06 03:21:08 :  TIME|TROP|SEARCH|HF|   GOLD| ELIXIR|  DE|TR.|S|  GOLD|ELIXIR|  DE|L.
2015-10-06 03:30:38 : ============================= ATTACK LOG ==============================
2015-10-06 03:30:38 :                    --------  LOOT --------       ----- BONUS ------   
2015-10-06 03:30:38 :  TIME|TROP|SEARCH|HF|   GOLD| ELIXIR|  DE|TR.|S|  GOLD|ELIXIR|  DE|L.
2015-10-06 03:30:56 : ============================= ATTACK LOG ==============================
2015-10-06 03:30:56 :                    --------  LOOT --------       ----- BONUS ------   
2015-10-06 03:30:56 :  TIME|TROP|SEARCH|HF|   GOLD| ELIXIR|  DE|TR.|S|  GOLD|ELIXIR|  DE|L.
2015-10-06 03:31:14 : ============================= ATTACK LOG ==============================
2015-10-06 03:31:14 :                    --------  LOOT --------       ----- BONUS ------   
2015-10-06 03:31:14 :  TIME|TROP|SEARCH|HF|   GOLD| ELIXIR|  DE|TR.|S|  GOLD|ELIXIR|  DE|L.
2015-10-06 03:32:01 : ============================= ATTACK LOG ==============================
2015-10-06 03:32:01 :                    --------  LOOT --------       ----- BONUS ------   
2015-10-06 03:32:01 :  TIME|TROP|SEARCH|HF|   GOLD| ELIXIR|  DE|TR.|S|  GOLD|ELIXIR|  DE|L.
2015-10-06 03:32:32 : ============================= ATTACK LOG ==============================
2015-10-06 03:32:32 :                    --------  LOOT --------       ----- BONUS ------   
2015-10-06 03:32:32 :  TIME|TROP|SEARCH|HF|   GOLD| ELIXIR|  DE|TR.|S|  GOLD|ELIXIR|  DE|L.
2015-10-06 03:33:34 : ============================= ATTACK LOG ==============================
2015-10-06 03:33:34 :                    --------  LOOT --------       ----- BONUS ------   
2015-10-06 03:33:34 :  TIME|TROP|SEARCH|HF|   GOLD| ELIXIR|  DE|TR.|S|  GOLD|ELIXIR|  DE|L.
2015-10-06 03:33:54 : ============================= ATTACK LOG ==============================
2015-10-06 03:33:54 :                    --------  LOOT --------       ----- BONUS ------   
2015-10-06 03:33:54 :  TIME|TROP|SEARCH|HF|   GOLD| ELIXIR|  DE|TR.|S|  GOLD|ELIXIR|  DE|L.
2015-10-06 03:34:45 : ============================= ATTACK LOG ==============================
2015-10-06 03:34:45 :                    --------  LOOT --------       ----- BONUS ------   
2015-10-06 03:34:45 :  TIME|TROP|SEARCH|HF|   GOLD| ELIXIR|  DE|TR.|S|  GOLD|ELIXIR|  DE|L.
2015-10-06 04:02:25 : ============================= ATTACK LOG ==============================
2015-10-06 04:02:25 :                    --------  LOOT --------       ----- BONUS ------   
2015-10-06 04:02:25 :  TIME|TROP|SEARCH|HF|   GOLD| ELIXIR|  DE|TR.|S|  GOLD|ELIXIR|  DE|L.
2015-10-06 12:31:53 : ============================= ATTACK LOG ==============================
2015-10-06 12:31:53 :                    --------  LOOT --------       ----- BONUS ------   
2015-10-06 12:31:53 :  TIME|TROP|SEARCH|HF|   GOLD| ELIXIR|  DE|TR.|S|  GOLD|ELIXIR|  DE|L.
2015-10-06 12:48:42 : ============================= ATTACK LOG ==============================
2015-10-06 12:48:42 :                    --------  LOOT --------       ----- BONUS ------   
2015-10-06 12:48:42 :  TIME|TROP|SEARCH|HF|   GOLD| ELIXIR|  DE|TR.|S|  GOLD|ELIXIR|  DE|L.
2015-10-06 12:49:49 : ============================= ATTACK LOG ==============================
2015-10-06 12:49:49 :                    --------  LOOT --------       ----- BONUS ------   
2015-10-06 12:49:49 :  TIME|TROP|SEARCH|HF|   GOLD| ELIXIR|  DE|TR.|S|  GOLD|ELIXIR|  DE|L.
2015-10-06 12:50:43 : ============================= ATTACK LOG ==============================
2015-10-06 12:50:43 :                    --------  LOOT --------       ----- BONUS ------   
2015-10-06 12:50:43 :  TIME|TROP|SEARCH|HF|   GOLD| ELIXIR|  DE|TR.|S|  GOLD|ELIXIR|  DE|L.
2015-10-06 12:51:01 : ============================= ATTACK LOG ==============================
2015-10-06 12:51:01 :                    --------  LOOT --------       ----- BONUS ------   
2015-10-06 12:51:01 :  TIME|TROP|SEARCH|HF|   GOLD| ELIXIR|  DE|TR.|S|  GOLD|ELIXIR|  DE|L.
2015-10-06 12:53:57 : ============================= ATTACK LOG ==============================
2015-10-06 12:53:57 :                    --------  LOOT --------       ----- BONUS ------   
2015-10-06 12:53:57 :  TIME|TROP|SEARCH|HF|   GOLD| ELIXIR|  DE|TR.|S|  GOLD|ELIXIR|  DE|L.
2015-10-06 12:56:48 : ============================= ATTACK LOG ==============================
2015-10-06 12:56:48 :                    --------  LOOT --------       ----- BONUS ------   
2015-10-06 12:56:48 :  TIME|TROP|SEARCH|HF|   GOLD| ELIXIR|  DE|TR.|S|  GOLD|ELIXIR|  DE|L.
2015-10-06 12:57:58 : ============================= ATTACK LOG ==============================
2015-10-06 12:57:58 :                    --------  LOOT --------       ----- BONUS ------   
2015-10-06 12:57:58 :  TIME|TROP|SEARCH|HF|   GOLD| ELIXIR|  DE|TR.|S|  GOLD|ELIXIR|  DE|L.
2015-10-06 12:59:57 : ============================= ATTACK LOG ==============================
2015-10-06 12:59:57 :                    --------  LOOT --------       ----- BONUS ------   
2015-10-06 12:59:57 :  TIME|TROP|SEARCH|HF|   GOLD| ELIXIR|  DE|TR.|S|  GOLD|ELIXIR|  DE|L.
2015-10-06 13:00:53 : ============================= ATTACK LOG ==============================
2015-10-06 13:00:53 :                    --------  LOOT --------       ----- BONUS ------   
2015-10-06 13:00:53 :  TIME|TROP|SEARCH|HF|   GOLD| ELIXIR|  DE|TR.|S|  GOLD|ELIXIR|  DE|L.
2015-10-06 13:02:22 : ============================= ATTACK LOG ==============================
2015-10-06 13:02:22 :                    --------  LOOT --------       ----- BONUS ------   
2015-10-06 13:02:22 :  TIME|TROP|SEARCH|HF|   GOLD| ELIXIR|  DE|TR.|S|  GOLD|ELIXIR|  DE|L.
2015-10-06 13:03:31 : ============================= ATTACK LOG ==============================
2015-10-06 13:03:31 :                    --------  LOOT --------       ----- BONUS ------   
2015-10-06 13:03:31 :  TIME|TROP|SEARCH|HF|   GOLD| ELIXIR|  DE|TR.|S|  GOLD|ELIXIR|  DE|L.
2015-10-06 13:08:36 : ============================= ATTACK LOG ==============================
2015-10-06 13:08:36 :                    --------  LOOT --------       ----- BONUS ------   
2015-10-06 13:08:36 :  TIME|TROP|SEARCH|HF|   GOLD| ELIXIR|  DE|TR.|S|  GOLD|ELIXIR|  DE|L.
2015-10-06 13:09:54 : ============================= ATTACK LOG ==============================
2015-10-06 13:09:54 :                    --------  LOOT --------       ----- BONUS ------   
2015-10-06 13:09:54 :  TIME|TROP|SEARCH|HF|   GOLD| ELIXIR|  DE|TR.|S|  GOLD|ELIXIR|  DE|L.
2015-10-06 13:10:08 : ============================= ATTACK LOG ==============================
2015-10-06 13:10:08 :                    --------  LOOT --------       ----- BONUS ------   
2015-10-06 13:10:08 :  TIME|TROP|SEARCH|HF|   GOLD| ELIXIR|  DE|TR.|S|  GOLD|ELIXIR|  DE|L.
2015-10-06 13:10:54 : ============================= ATTACK LOG ==============================
2015-10-06 13:10:54 :                    --------  LOOT --------       ----- BONUS ------   
2015-10-06 13:10:54 :  TIME|TROP|SEARCH|HF|   GOLD| ELIXIR|  DE|TR.|S|  GOLD|ELIXIR|  DE|L.
2015-10-06 13:16:59 : ============================= ATTACK LOG ==============================
2015-10-06 13:16:59 :                    --------  LOOT --------       ----- BONUS ------   
2015-10-06 13:16:59 :  TIME|TROP|SEARCH|HF|   GOLD| ELIXIR|  DE|TR.|S|  GOLD|ELIXIR|  DE|L.
2015-10-06 13:18:15 : ============================= ATTACK LOG ==============================
2015-10-06 13:18:15 :                    --------  LOOT --------       ----- BONUS ------   
2015-10-06 13:18:15 :  TIME|TROP|SEARCH|HF|   GOLD| ELIXIR|  DE|TR.|S|  GOLD|ELIXIR|  DE|L.
2015-10-06 13:19:01 : ============================= ATTACK LOG ==============================
2015-10-06 13:19:01 :                    --------  LOOT --------       ----- BONUS ------   
2015-10-06 13:19:01 :  TIME|TROP|SEARCH|HF|   GOLD| ELIXIR|  DE|TR.|S|  GOLD|ELIXIR|  DE|L.
2015-10-06 13:21:21 : ============================= ATTACK LOG ==============================
2015-10-06 13:21:21 :                    --------  LOOT --------       ----- BONUS ------   
2015-10-06 13:21:21 :  TIME|TROP|SEARCH|HF|   GOLD| ELIXIR|  DE|TR.|S|  GOLD|ELIXIR|  DE|L.
2015-10-06 13:25:36 : ============================= ATTACK LOG ==============================
2015-10-06 13:25:36 :                    --------  LOOT --------       ----- BONUS ------   
2015-10-06 13:25:36 :  TIME|TROP|SEARCH|HF|   GOLD| ELIXIR|  DE|TR.|S|  GOLD|ELIXIR|  DE|L.
2015-10-06 13:26:19 : ============================= ATTACK LOG ==============================
2015-10-06 13:26:19 :                    --------  LOOT --------       ----- BONUS ------   
2015-10-06 13:26:19 :  TIME|TROP|SEARCH|HF|   GOLD| ELIXIR|  DE|TR.|S|  GOLD|ELIXIR|  DE|L.
2015-10-06 13:27:01 : ============================= ATTACK LOG ==============================
2015-10-06 13:27:01 :                    --------  LOOT --------       ----- BONUS ------   
2015-10-06 13:27:01 :  TIME|TROP|SEARCH|HF|   GOLD| ELIXIR|  DE|TR.|S|  GOLD|ELIXIR|  DE|L.
2015-10-06 13:27:31 : ============================= ATTACK LOG ==============================
2015-10-06 13:27:31 :                    --------  LOOT --------       ----- BONUS ------   
2015-10-06 13:27:31 :  TIME|TROP|SEARCH|HF|   GOLD| ELIXIR|  DE|TR.|S|  GOLD|ELIXIR|  DE|L.
2015-10-06 13:31:25 : ============================= ATTACK LOG ==============================
2015-10-06 13:31:25 :                    --------  LOOT --------       ----- BONUS ------   
2015-10-06 13:31:25 :  TIME|TROP|SEARCH|HF|   GOLD| ELIXIR|  DE|TR.|S|  GOLD|ELIXIR|  DE|L.
2015-10-06 13:33:08 : ============================= ATTACK LOG ==============================
2015-10-06 13:33:08 :                    --------  LOOT --------       ----- BONUS ------   
2015-10-06 13:33:08 :  TIME|TROP|SEARCH|HF|   GOLD| ELIXIR|  DE|TR.|S|  GOLD|ELIXIR|  DE|L.
2015-10-06 13:36:19 : ============================= ATTACK LOG ==============================
2015-10-06 13:36:19 :                    --------  LOOT --------       ----- BONUS ------   
2015-10-06 13:36:19 :  TIME|TROP|SEARCH|HF|   GOLD| ELIXIR|  DE|TR.|S|  GOLD|ELIXIR|  DE|L.
2015-10-06 13:38:22 : ============================= ATTACK LOG ==============================
2015-10-06 13:38:22 :                    --------  LOOT --------       ----- BONUS ------   
2015-10-06 13:38:22 :  TIME|TROP|SEARCH|HF|   GOLD| ELIXIR|  DE|TR.|S|  GOLD|ELIXIR|  DE|L.
2015-10-06 13:38:54 : ============================= ATTACK LOG ==============================
2015-10-06 13:38:54 :                    --------  LOOT --------       ----- BONUS ------   
2015-10-06 13:38:54 :  TIME|TROP|SEARCH|HF|   GOLD| ELIXIR|  DE|TR.|S|  GOLD|ELIXIR|  DE|L.
2015-10-06 13:40:11 : ============================= ATTACK LOG ==============================
2015-10-06 13:40:11 :                    --------  LOOT --------       ----- BONUS ------   
2015-10-06 13:40:11 :  TIME|TROP|SEARCH|HF|   GOLD| ELIXIR|  DE|TR.|S|  GOLD|ELIXIR|  DE|L.
2015-10-06 13:40:51 : ============================= ATTACK LOG ==============================
2015-10-06 13:40:51 :                    --------  LOOT --------       ----- BONUS ------   
2015-10-06 13:40:51 :  TIME|TROP|SEARCH|HF|   GOLD| ELIXIR|  DE|TR.|S|  GOLD|ELIXIR|  DE|L.
2015-10-06 13:41:31 : ============================= ATTACK LOG ==============================
2015-10-06 13:41:31 :                    --------  LOOT --------       ----- BONUS ------   
2015-10-06 13:41:31 :  TIME|TROP|SEARCH|HF|   GOLD| ELIXIR|  DE|TR.|S|  GOLD|ELIXIR|  DE|L.
2015-10-06 13:42:00 : ============================= ATTACK LOG ==============================
2015-10-06 13:42:00 :                    --------  LOOT --------       ----- BONUS ------   
2015-10-06 13:42:00 :  TIME|TROP|SEARCH|HF|   GOLD| ELIXIR|  DE|TR.|S|  GOLD|ELIXIR|  DE|L.
2015-10-06 13:42:36 : ============================= ATTACK LOG ==============================
2015-10-06 13:42:36 :                    --------  LOOT --------       ----- BONUS ------   
2015-10-06 13:42:36 :  TIME|TROP|SEARCH|HF|   GOLD| ELIXIR|  DE|TR.|S|  GOLD|ELIXIR|  DE|L.
2015-10-06 13:43:13 : ============================= ATTACK LOG ==============================
2015-10-06 13:43:13 :                    --------  LOOT --------       ----- BONUS ------   
2015-10-06 13:43:13 :  TIME|TROP|SEARCH|HF|   GOLD| ELIXIR|  DE|TR.|S|  GOLD|ELIXIR|  DE|L.
2015-10-06 13:51:16 : ============================= ATTACK LOG ==============================
2015-10-06 13:51:16 :                    --------  LOOT --------       ----- BONUS ------   
2015-10-06 13:51:16 :  TIME|TROP|SEARCH|HF|   GOLD| ELIXIR|  DE|TR.|S|  GOLD|ELIXIR|  DE|L.
2015-10-06 13:52:12 : ============================= ATTACK LOG ==============================
2015-10-06 13:52:12 :                    --------  LOOT --------       ----- BONUS ------   
2015-10-06 13:52:12 :  TIME|TROP|SEARCH|HF|   GOLD| ELIXIR|  DE|TR.|S|  GOLD|ELIXIR|  DE|L.
2015-10-06 13:53:09 : ============================= ATTACK LOG ==============================
2015-10-06 13:53:09 :                    --------  LOOT --------       ----- BONUS ------   
2015-10-06 13:53:09 :  TIME|TROP|SEARCH|HF|   GOLD| ELIXIR|  DE|TR.|S|  GOLD|ELIXIR|  DE|L.
2015-10-06 13:54:28 : ============================= ATTACK LOG ==============================
2015-10-06 13:54:28 :                    --------  LOOT --------       ----- BONUS ------   
2015-10-06 13:54:28 :  TIME|TROP|SEARCH|HF|   GOLD| ELIXIR|  DE|TR.|S|  GOLD|ELIXIR|  DE|L.
2015-10-06 13:56:02 : ============================= ATTACK LOG ==============================
2015-10-06 13:56:02 :                    --------  LOOT --------       ----- BONUS ------   
2015-10-06 13:56:02 :  TIME|TROP|SEARCH|HF|   GOLD| ELIXIR|  DE|TR.|S|  GOLD|ELIXIR|  DE|L.
2015-10-06 14:05:54 : ============================= ATTACK LOG ==============================
2015-10-06 14:05:54 :                    --------  LOOT --------       ----- BONUS ------   
2015-10-06 14:05:54 :  TIME|TROP|SEARCH|HF|   GOLD| ELIXIR|  DE|TR.|S|  GOLD|ELIXIR|  DE|L.
2015-10-06 15:10:34 : ============================= ATTACK LOG ==============================
2015-10-06 15:10:34 :                    --------  LOOT --------       ----- BONUS ------   
2015-10-06 15:10:34 :  TIME|TROP|SEARCH|HF|   GOLD| ELIXIR|  DE|TR.|S|  GOLD|ELIXIR|  DE|L.
2015-10-06 15:34:47 : ============================= ATTACK LOG ==============================
2015-10-06 15:34:47 :                    --------  LOOT --------       ----- BONUS ------   
2015-10-06 15:34:47 :  TIME|TROP|SEARCH|HF|   GOLD| ELIXIR|  DE|TR.|S|  GOLD|ELIXIR|  DE|L.
2015-10-06 16:24:55 : ============================= ATTACK LOG ==============================
2015-10-06 16:24:55 :                    --------  LOOT --------       ----- BONUS ------   
2015-10-06 16:24:55 :  TIME|TROP|SEARCH|HF|   GOLD| ELIXIR|  DE|TR.|S|  GOLD|ELIXIR|  DE|L.
2015-10-06 16:29:59 : ============================= ATTACK LOG ==============================
2015-10-06 16:29:59 :                    --------  LOOT --------       ----- BONUS ------   
2015-10-06 16:29:59 :  TIME|TROP|SEARCH|HF|   GOLD| ELIXIR|  DE|TR.|S|  GOLD|ELIXIR|  DE|L.
2015-10-06 16:32:10 : ============================= ATTACK LOG ==============================
2015-10-06 16:32:10 :                    --------  LOOT --------       ----- BONUS ------   
2015-10-06 16:32:10 :  TIME|TROP|SEARCH|HF|   GOLD| ELIXIR|  DE|TR.|S|  GOLD|ELIXIR|  DE|L.
2015-10-06 16:36:57 : ============================= ATTACK LOG ==============================
2015-10-06 16:36:57 :                    --------  LOOT --------       ----- BONUS ------   
2015-10-06 16:36:57 :  TIME|TROP|SEARCH|HF|   GOLD| ELIXIR|  DE|TR.|S|  GOLD|ELIXIR|  DE|L.
2015-10-06 17:24:18 : 17:24|1527|   166| N| 243780| 133989| 473| 12|2|  8000|  8000|   0|G3|
2015-10-06 17:36:44 : ============================= ATTACK LOG ==============================
2015-10-06 17:36:44 :                    --------  LOOT --------       ----- BONUS ------   
2015-10-06 17:36:44 :  TIME|TROP|SEARCH|HF|   GOLD| ELIXIR|  DE|TR.|S|  GOLD|ELIXIR|  DE|L.
2015-10-06 17:39:34 : ============================= ATTACK LOG ==============================
2015-10-06 17:39:34 :                    --------  LOOT --------       ----- BONUS ------   
2015-10-06 17:39:34 :  TIME|TROP|SEARCH|HF|   GOLD| ELIXIR|  DE|TR.|S|  GOLD|ELIXIR|  DE|L.
2015-10-06 17:40:18 : ============================= ATTACK LOG ==============================
2015-10-06 17:40:18 :                    --------  LOOT --------       ----- BONUS ------   
2015-10-06 17:40:18 :  TIME|TROP|SEARCH|HF|   GOLD| ELIXIR|  DE|TR.|S|  GOLD|ELIXIR|  DE|L.
2015-10-06 17:41:12 : ============================= ATTACK LOG ==============================
2015-10-06 17:41:12 :                    --------  LOOT --------       ----- BONUS ------   
2015-10-06 17:41:12 :  TIME|TROP|SEARCH|HF|   GOLD| ELIXIR|  DE|TR.|S|  GOLD|ELIXIR|  DE|L.
2015-10-06 17:41:31 : ============================= ATTACK LOG ==============================
2015-10-06 17:41:31 :                    --------  LOOT --------       ----- BONUS ------   
2015-10-06 17:41:31 :  TIME|TROP|SEARCH|HF|   GOLD| ELIXIR|  DE|TR.|S|  GOLD|ELIXIR|  DE|L.
2015-10-06 17:42:10 : ============================= ATTACK LOG ==============================
2015-10-06 17:42:10 :                    --------  LOOT --------       ----- BONUS ------   
2015-10-06 17:42:10 :  TIME|TROP|SEARCH|HF|   GOLD| ELIXIR|  DE|TR.|S|  GOLD|ELIXIR|  DE|L.
2015-10-06 17:42:35 : ============================= ATTACK LOG ==============================
2015-10-06 17:42:35 :                    --------  LOOT --------       ----- BONUS ------   
2015-10-06 17:42:35 :  TIME|TROP|SEARCH|HF|   GOLD| ELIXIR|  DE|TR.|S|  GOLD|ELIXIR|  DE|L.
2015-10-06 18:23:39 : 18:23|1539|    67| N|  18126|  49783| 125| 20|2|  8000|  8000|   0|G3|
2015-10-06 19:32:43 : ============================= ATTACK LOG ==============================
2015-10-06 19:32:43 :                    --------  LOOT --------       ----- BONUS ------   
2015-10-06 19:32:43 :  TIME|TROP|SEARCH|HF|   GOLD| ELIXIR|  DE|TR.|S|  GOLD|ELIXIR|  DE|L.
2015-10-06 19:47:48 : ============================= ATTACK LOG ==============================
2015-10-06 19:47:48 :                    --------  LOOT --------       ----- BONUS ------   
2015-10-06 19:47:48 :  TIME|TROP|SEARCH|HF|   GOLD| ELIXIR|  DE|TR.|S|  GOLD|ELIXIR|  DE|L.
2015-10-06 21:09:03 : 21:09|1567|     5| N| 282385| 285983|1329| 14|2|  8000|  8000|   0|G3|
2015-10-06 22:37:06 : 22:37|1581|   227| N| 118191| 260677|1271| 32|3|  8000|  8000|   0|G3|
2015-10-06 23:58:15 : ============================= ATTACK LOG ==============================
2015-10-06 23:58:15 :                    --------  LOOT --------       ----- BONUS ------   
2015-10-06 23:58:15 :  TIME|TROP|SEARCH|HF|   GOLD| ELIXIR|  DE|TR.|S|  GOLD|ELIXIR|  DE|L.
2015-10-07 00:34:50 : ============================= ATTACK LOG ==============================
2015-10-07 00:34:50 :                    --------  LOOT --------       ----- BONUS ------   
2015-10-07 00:34:50 :  TIME|TROP|SEARCH|HF|   GOLD| ELIXIR|  DE|TR.|S|  GOLD|ELIXIR|  DE|L.
2015-10-07 00:48:45 : ============================= ATTACK LOG ==============================
2015-10-07 00:48:45 :                    --------  LOOT --------       ----- BONUS ------   
2015-10-07 00:48:45 :  TIME|TROP|SEARCH|HF|   GOLD| ELIXIR|  DE|TR.|S|  GOLD|ELIXIR|  DE|L.
2015-10-07 01:30:32 : ============================= ATTACK LOG ==============================
2015-10-07 01:30:32 :                    --------  LOOT --------       ----- BONUS ------   
2015-10-07 01:30:32 :  TIME|TROP|SEARCH|HF|   GOLD| ELIXIR|  DE|TR.|S|  GOLD|ELIXIR|  DE|L.
2015-10-07 01:44:16 : ============================= ATTACK LOG ==============================
2015-10-07 01:44:16 :                    --------  LOOT --------       ----- BONUS ------   
2015-10-07 01:44:16 :  TIME|TROP|SEARCH|HF|   GOLD| ELIXIR|  DE|TR.|S|  GOLD|ELIXIR|  DE|L.
2015-10-07 01:54:32 : 01:54|1618|   103| N| 274002| 419110|1954| 19|3| 11000| 11000|   0|G2|
2015-10-07 02:47:18 : 02:47|1637|    62| N| 341178| 413301| 549| 33|3| 11000| 11000|   0|G2|
2015-10-07 03:45:30 : 03:45|1670|    80| N| 403219| 436086|1010| 23|3| 11000| 11000|   0|G2|
2015-10-07 04:51:36 : 04:51|1693|   199| N|  99085| 177469|1225|  9|1| 11000| 11000|   0|G2|
2015-10-07 17:29:14 : ============================= ATTACK LOG ==============================
2015-10-07 17:29:14 :                    --------  LOOT --------       ----- BONUS ------   
2015-10-07 17:29:14 :  TIME|TROP|SEARCH|HF|   GOLD| ELIXIR|  DE|TR.|S|  GOLD|ELIXIR|  DE|L.
2015-10-07 19:03:53 : 19:03|1709|    87| N| 376141| 382701|1037| 22|3| 11000| 11000|   0|G2|
2015-10-07 19:57:52 : 19:57|1731|   130| N| 316568| 220406|1070| 20|2| 11000| 11000|   0|G2|
2015-10-07 20:50:55 : 20:50|1751|    91| N| 339964| 325615| 576| 16|3| 11000| 11000|   0|G2|
2015-10-07 21:58:43 : 21:58|1767|   231| N| 112925| 221702|1491| 12|2| 11000| 11000|   0|G2|
2015-10-07 22:46:37 : 22:46|1779|     1| N| 244213| 364789|1212| 31|3| 11000| 11000|   0|G2|
2015-10-07 23:55:23 : 23:55|1810|    56| N| 181084| 236634|1292|  7|1| 14000| 14000|   0|G1|
2015-10-08 01:05:56 : 01:05|1817|   138| N|  62397| 312646|2062| 13|3| 14000| 14000|   0|G1|
2015-10-08 02:15:28 : 02:15|1830|   197| N|  67528| 401782|1401|  7|1| 14000| 14000|   0|G1|
2015-10-08 03:09:17 : 03:09|1837|   151| N|  76565| 300353|1626| 28|3| 14000| 14000|   0|G1|
2015-10-08 04:03:47 : 04:03|1865|   125| N| 396368| 392594|1496| 10|2| 14000| 14000|   0|G1|
2015-10-08 05:08:03 : 05:08|1875|    87| N| 196923| 242578|1557| 10|2| 14000| 14000|   0|G1|
2015-10-08 06:15:21 : 06:15|1885|   166| N|  88588| 235727|1455| 13|2| 14000| 14000|   0|G1|
2015-10-08 07:17:20 : 07:17|1898|   146| N|  91614| 213264|2004| 10|2| 14000| 14000|   0|G1|
2015-10-08 14:28:58 : 14:28|1913|   227| N| 103839| 291536|1397| 15|3| 14000| 14000|   0|G1|
2015-10-08 15:12:04 : 15:12|1928|    50| N| 189660| 220390|2336| 16|3| 14000| 14000|   0|G1|
2015-10-08 16:35:08 : 16:35|1944|   209| N| 161856| 221954|1154| 16|3| 14000| 14000|   0|G1|
2015-10-10 15:39:47 : ============================= ATTACK LOG ==============================
2015-10-10 15:39:47 :                    --------  LOOT --------       ----- BONUS ------   
2015-10-10 15:39:47 :  TIME|TROP|SEARCH|HF|   GOLD| ELIXIR|  DE|TR.|S|  GOLD|ELIXIR|  DE|L.
2015-10-11 03:56:14 : 03:56|2230|   259| N| 180037|  37279|1800|  4|1| 50000| 50000| 200|C2|
2015-10-11 05:05:42 : 05:05|2234|   338| N| 246859| 253080|1063| 17|3| 50000| 50000| 200|C2|
2015-10-11 13:24:31 : 13:24|2250|   241| N| 174057| 212561|1228| 25|3| 50000| 50000| 200|C2|
2015-10-11 14:33:04 : 14:33|2275|   300| N| 161422| 162252| 188| 17|3| 50000| 50000| 200|C2|
2015-10-11 15:31:04 : 15:31|2292|    57| N| 118275| 167559|1098|  4|1| 50000| 50000| 200|C2|
2015-10-11 16:34:11 : 16:34|2296|    33| N| 356034| 442160|2238|  9|2| 50000| 50000| 200|C2|
2015-10-11 17:36:05 : 17:36|2305|    21| N| 309042| 253199|1697| 20|2| 50000| 50000| 200|C2|
2015-10-11 18:53:40 : 18:53|2325|   189| N| 127444| 228268|1493| 15|3| 50000| 50000| 200|C2|
2015-10-11 19:49:02 : 19:49|2337|    64| N| 271200| 325315|1802|  8|2| 50000| 50000| 200|C2|
2015-10-11 20:55:43 : 20:55|2345|   125| N| 230593| 225851| 188| 10|3| 50000| 50000| 200|C2|
2015-10-11 22:19:08 : 22:19|2355|    40| N| 129293| 188778|1993|  7|2| 50000| 50000| 200|C2|
2015-10-11 23:27:27 : 23:27|2362|    72| N| 179211| 207036| 860| 14|2|     0|     0|   0|--|
2015-10-12 00:29:41 : 00:29|2383|    60| N|  74809| 269405|1842| 31|3| 50000| 50000| 200|C2|
2015-10-12 01:38:33 : 01:38|2405|    14| N| 232405| 201995| 567|  8|2| 65000| 65000| 300|C1|
2015-10-12 02:42:36 : 02:42|2413|     8| N| 114264| 231812|1225|  5|1| 65000| 65000| 300|C1|
2015-10-12 04:01:01 : 04:01|2418|   207| N| 107830| 112761| 475|  7|3| 65000| 65000| 300|C1|
2015-10-12 04:59:14 : 04:59|2425|   104| N| 115927| 152066|  22|  4|2| 65000| 65000| 300|C1|
2015-10-12 06:22:17 : 06:22|2429|   126| N| 246980| 235612| 202|  4|3| 65000| 65000| 300|C1|
2015-10-12 07:28:22 : 07:28|2426|    70| N| 255438| 259428|1375|  3|2| 65000| 65000| 300|C1|
2015-10-12 14:52:52 : ============================= ATTACK LOG ==============================
2015-10-12 14:52:52 :                    --------  LOOT --------       ----- BONUS ------   
2015-10-12 14:52:52 :  TIME|TROP|SEARCH|HF|   GOLD| ELIXIR|  DE|TR.|S|  GOLD|ELIXIR|  DE|L.
2015-10-16 23:43:40 : ============================= ATTACK LOG ==============================
2015-10-16 23:43:40 :                    --------  LOOT --------       ----- BONUS ------   
2015-10-16 23:43:40 :  TIME|TROP|SEARCH|HF|   GOLD| ELIXIR|  DE|TR.|S|  GOLD|ELIXIR|  DE|L.
2015-10-17 00:46:19 : 00:46|2493|   114| N| 100655| 149844|1001|  9|3| 65000| 65000| 300|C1|
2015-10-17 01:51:54 : 01:51|2502|    81| N| 111684|  57148| 528|  7|3| 65000| 65000| 300|C1|
2015-10-17 02:42:01 : 02:42|2509|     5| N| 190138|  27286|1239| 15|3| 65000| 65000| 300|C1|
2015-10-17 03:40:57 : 03:40|2524|    17| N| 209418| 148210| 758| 17|2| 65000| 65000| 300|C1|
2015-10-17 04:39:56 : 04:39|2541|    81| N|  89564|  46253| 817|  2|3| 65000| 65000| 300|C1|
2015-10-17 05:40:57 : 05:40|2543|    40| N| 152802| 105725| 584|  4|3| 65000| 65000| 300|C1|
2015-10-17 08:54:26 : 08:54|2544|    50| N|  12862| 152029| 995|  1|1| 65000| 65000| 300|C1|
2015-10-17 09:50:57 : 09:50|2545|    67| N|  46399| 143906| 154|  3|1| 65000| 65000| 300|C1|
2015-10-17 10:43:57 : 10:43|2548|    37| N| 124297| 147473| 355|  9|3| 65000| 65000| 300|C1|
2015-10-17 11:56:29 : 11:56|2557|   149| N|  29535| 254607|1800| 23|2| 65000| 65000| 300|C1|
2015-10-17 12:52:55 : 12:52|2580|   164| N|  44866| 125767|1610|  1|1| 65000| 65000| 300|C1|
2015-10-17 13:50:21 : 13:50|2581|   188| N| 182092| 220192|1223| 12|3| 65000| 65000| 300|C1|
2015-10-17 14:40:08 : 14:40|2593|    87| N| 165554| 165116| 515|  2|2| 65000| 65000| 300|C1|
2015-10-17 15:42:54 : 15:42|2593|   192| N| 129102|  63004| 481|  2|2| 65000| 65000| 300|C1|
2015-10-17 16:31:57 : 16:31|2595|    87| N| 128720| 242303| 655|  6|2| 65000| 65000| 300|C1|
2015-10-17 17:35:37 : 17:35|2601|   193| N|   3418| 173687|1361|  4|2|100000|100000| 500|M3|
2015-10-17 18:30:02 : 18:30|2605|    99| N|  99139| 199783| 778|  5|3|100000|100000| 500|M3|
2015-10-17 19:23:57 : 19:23|2610|    71| N| 234786| 196859| 377|  8|3|100000|100000| 500|M3|
2015-10-17 20:21:18 : 20:21|2618|    85| N| 102699| 200969| 613|  4|3|100000|100000| 500|M3|
2015-10-17 21:21:51 : 21:21|2615|   119| N|  90004|  97617| 420|  2|2|100000|100000| 500|M3|
2015-10-17 22:10:27 : 22:10|2617|    22| N|  71854| 257838|1913|  4|2|100000|100000| 500|M3|
2015-10-17 23:13:04 : 23:13|2621|   120| N| 253838| 272180| 982|  3|3|100000|100000| 500|M3|
2015-10-18 00:02:40 : 00:02|2624|    41| N| 232631| 177494| 446|  6|3|100000|100000| 500|M3|
2015-10-18 01:13:07 : 01:13|2630|   117| N| 110027| 217919| 861|  2|3|100000|100000| 500|M3|
2015-10-18 02:02:46 : 02:02|2632|    30| N| 271507| 271599|1917|  5|3|100000|100000| 500|M3|
2015-10-18 03:00:13 : 03:00|2637|    40| N| 119694| 111480| 703|  3|2|100000|100000| 500|M3|
2015-10-18 04:02:50 : 04:02|2639|   128| N|  51523|  84011|1793|  2|1|100000|100000| 500|M3|
2015-10-18 04:58:39 : 04:58|2641|   121| N| 164367| 125217| 513|  2|2|100000|100000| 500|M3|
2015-10-18 05:49:20 : 05:49|2643|    45| N| 230321| 245066|1003|  1|2|100000|100000| 500|M3|
2015-10-18 06:43:27 : 06:43|2644|    39| N| 272358| 272556| 836|  8|3|100000|100000| 500|M3|
2015-10-18 07:46:31 : 07:46|2652|   129| N|  62945| 161263| 817|  1|3|100000|100000| 500|M3|
2015-10-18 08:35:40 : 08:35|2653|    28| N|  22190| 152500|1623| 16|2|100000|100000| 500|M3|
2015-10-18 09:31:21 : 09:31|2666|    13| N| 191197| 188813|1528|  1|2|100000|100000| 500|M3|
2015-10-18 10:30:13 : 10:30|2667|    61| N| 201131| 195480|1042|  2|2|100000|100000| 500|M3|
2015-10-18 11:33:13 : 11:33|2669|   146| N|  63261| 106741| 800|  1|1|100000|100000| 500|M3|
2015-10-18 12:18:00 : 12:18|2670|    16| N| 130615| 272200|1823|  8|3|100000|100000| 500|M3|
2015-10-18 13:24:36 : 13:24|2678|   144| N|   2481|   6375|   7|  2|2|100000|100000| 500|M3|
2015-10-18 14:16:41 : 14:16|2680|    94| N| 257176| 151043| 379|  2|2|100000|100000| 500|M3|
2015-10-18 15:10:50 : 15:10|2682|    77| N| 371892|  55000|1928|-11|0|     0|     0|   0|--|
2015-10-18 16:05:31 : 16:05|2671|    19| N|      0|      0|   0|  0|0|     0|     0|   0|--|
2015-10-18 17:24:55 : ============================= ATTACK LOG ==============================
2015-10-18 17:24:55 :                    --------  LOOT --------       ----- BONUS ------   
2015-10-18 17:24:55 :  TIME|TROP|SEARCH|HF|   GOLD| ELIXIR|  DE|TR.|S|  GOLD|ELIXIR|  DE|L.
2015-10-19 08:31:01 : ============================= ATTACK LOG ==============================
2015-10-19 08:31:01 :                    --------  LOOT --------       ----- BONUS ------   
2015-10-19 08:31:01 :  TIME|TROP|SEARCH|HF|   GOLD| ELIXIR|  DE|TR.|S|  GOLD|ELIXIR|  DE|L.
2015-10-19 08:41:19 : 08:41|2675|    59| N| 138154| 271867|1045|  4|2|100000|100000| 500|M3|
2015-10-19 08:52:56 : ============================= ATTACK LOG ==============================
2015-10-19 08:52:56 :                    --------  LOOT --------       ----- BONUS ------   
2015-10-19 08:52:56 :  TIME|TROP|SEARCH|HF|   GOLD| ELIXIR|  DE|TR.|S|  GOLD|ELIXIR|  DE|L.
2015-10-19 09:18:34 : ============================= ATTACK LOG ==============================
2015-10-19 09:18:34 :                    --------  LOOT --------       ----- BONUS ------   
2015-10-19 09:18:34 :  TIME|TROP|SEARCH|HF|   GOLD| ELIXIR|  DE|TR.|S|  GOLD|ELIXIR|  DE|L.
2015-10-19 09:44:04 : 09:44|2669|    75| N| 271031|  98319|  90| 11|3|100000|100000| 500|M3|
2015-10-19 09:44:53 : ============================= ATTACK LOG ==============================
2015-10-19 09:44:53 :                    --------  LOOT --------       ----- BONUS ------   
2015-10-19 09:44:53 :  TIME|TROP|SEARCH|HF|   GOLD| ELIXIR|  DE|TR.|S|  GOLD|ELIXIR|  DE|L.
2015-10-19 10:48:08 : 10:48|2680|   131| N| 499169| 261573|2059|  2|2|100000|100000| 500|M3|
2015-10-19 15:00:52 : ============================= ATTACK LOG ==============================
2015-10-19 15:00:52 :                    --------  LOOT --------       ----- BONUS ------   
2015-10-19 15:00:52 :  TIME|TROP|SEARCH|HF|   GOLD| ELIXIR|  DE|TR.|S|  GOLD|ELIXIR|  DE|L.
2015-10-19 15:44:02 : 15:44|2689|    38| N|   8184|   1000|   0|  6|1|100000|100000| 500|M3|
2015-10-19 15:49:27 : 15:49|2695|    13| N|  74413| 183992|1901| 16|2|100000|100000| 500|M3|
2015-10-19 16:14:17 : 16:14|2711|    68| N|   1907|  71154|   0|-38|0|     0|     0|   0|--|
2015-10-19 16:41:42 : 16:41|2673|   117| N|  16663| 102944|   0|  5|1|100000|100000| 500|M3|
2015-10-19 16:59:01 : 16:59|2678|    66| N|   1000|   1000|   0| 11|1|100000|100000| 500|M3|
2015-10-19 17:17:05 : 17:17|2689|    90| N| 154495|  87394| 663|  2|2|100000|100000| 500|M3|
2015-10-19 17:35:35 : 17:35|2691|     9| N|      0|      0|   0|  0|0|     0|     0| 500|--|
2015-10-19 17:44:57 : 17:44|2696|    36| N|  18502| 261472| 888|  4|1|100000|100000| 500|M3|
2015-10-19 19:17:09 : 19:17|2700|    82| N| 117911| 213390|1279|  1|2|100000|100000| 500|M3|
2015-10-19 20:10:57 : 20:10|2701|    12| N| 140637| 151507|1804| 33|3|100000|100000| 500|M3|
2015-10-19 21:18:05 : 21:18|2729|   104| N| 112683| 105001| 842|  2|3|100000|100000| 500|M3|
2015-10-19 22:56:53 : 22:56|2731|   110| N| 210314|  34335| 926|  4|3|100000|100000| 500|M3|
2015-10-20 10:02:35 : 10:02|2734|   179| N| 167913| 133149| 529|  1|3|100000|100000| 500|M3|
2015-10-20 16:55:12 : ============================= ATTACK LOG ==============================
2015-10-20 16:55:12 :                    --------  LOOT --------       ----- BONUS ------   
2015-10-20 16:55:12 :  TIME|TROP|SEARCH|HF|   GOLD| ELIXIR|  DE|TR.|S|  GOLD|ELIXIR|  DE|L.
2015-10-20 17:56:16 : 17:56|2734|    85| N| 125873| 152543|1456|  3|2|100000|100000| 500|M3|
2015-10-20 19:04:38 : 19:04|2737|    71| N|      0|      0|   0|  0|3|     0|     0| 500|--|
2015-10-20 20:07:06 : 20:07|2736|   122| N|   1916| 181590| 296|  1|2|100000|100000| 500|M3|
2015-10-20 21:12:07 : 21:12|2737|    66| N| 123158|  99000| 921|  1|2|100000|100000| 500|M3|
2015-10-20 23:13:29 : 23:13|2738|    69| N|  89463| 231452| 793|  8|3|100000|100000| 500|M3|
2015-10-21 01:20:48 : 01:20|2746|   108| N| 145406| 160355| 541|  1|3|100000|100000| 500|M3|
2015-10-21 20:59:02 : 20:59|2697|    45| N| 235037| 196221| 361|  1|1|100000|100000| 500|M3|
2015-10-21 22:36:52 : 22:36|2698|    64| N|  42091| 299209| 382|  2|1|100000|100000| 500|M3|
2015-10-21 23:28:04 : 23:28|2689|   120| N|  10530| 157796|1098|  4|3|100000|100000| 500|M3|
2015-10-22 00:21:41 : 00:21|2693|    77| N| 180843| 194257|1111|  1|1|100000|100000| 500|M3|
2015-10-22 05:15:08 : 05:15|2694|    84| N| 147467| 153055| 793|  1|3|100000|100000| 500|M3|
2015-10-22 06:07:01 : 06:07|2695|   103| N|  45785| 177022| 829|  1|2|100000|100000| 500|M3|
2015-10-22 07:47:57 : 07:47|2692|    33| N|   1000|   1000|   0| 11|1|100000|100000| 500|M3|
2015-10-22 07:57:10 : 07:57|2703|    81| N|  88223|  79931| 830|  1|1|100000|100000| 500|M3|
2015-10-22 08:35:23 : 08:35|2694|     7| N|   1000|   1100|   0|  7|1|100000|100000| 500|M3|
2015-10-22 08:45:50 : 08:45|2701|    20| N|   4313|   1000|   0|  9|1|100000|100000| 500|M3|
2015-10-22 08:50:20 : 08:50|2710|    35| N|   7750|   1000|   0| 14|1|100000|100000| 500|M3|
2015-10-22 08:59:35 : 08:59|2724|    93| N|   1000|   1000|   0|  3|1|100000|100000| 500|M3|
2015-10-22 09:11:42 : 09:11|2727|   112| N|  78141|  23779| 767|-39|0|     0|     0|   0|--|
2015-10-22 09:26:52 : 09:26|2688|    14| N|   1000|   1000|   0|  4|1|100000|100000| 500|M3|
2015-10-22 09:36:53 : 09:36|2692|    85| N| 122841| 172170| 580|  1|2|100000|100000| 500|M3|
2015-10-22 09:53:30 : 09:53|2693|     3| N|   1012|   1075|   0|  5|1|100000|100000| 500|M3|
2015-10-22 10:00:52 : 10:00|2698|    26| N|   1196|   1000|   0|  1|1|100000|100000| 500|M3|
2015-10-22 10:20:35 : 10:20|2699|    26| N| 124832| 153819| 418|  2|2|100000|100000| 500|M3|
2015-10-22 10:44:49 : 10:44|2701|    17| N|  26217|    435|   0|-15|0|     0|     0|   0|--|
2015-10-23 04:56:40 : 04:56|2674|   188| N| 180147| 295816|2524|  1|2|100000|100000| 500|M3|
2015-10-23 05:46:47 : 05:46|2675|   104| N| 195667| 183486| 277|  1|3|100000|100000| 500|M3|
2015-10-23 06:48:19 : 06:48|2676|   136| N| 154977| 174835| 441|  1|3|100000|100000| 500|M3|
2015-10-23 07:50:22 : 07:50|2677|    48| N| 191366| 161652| 549|  2|3|100000|100000| 500|M3|
2015-10-23 08:55:34 : 08:55|2679|   164| N|  92953|  50095|1528|  1|3|100000|100000| 500|M3|
2015-10-23 09:45:50 : 09:45|2677|    36| N|  79859| 281274|  35|  1|2|100000|100000| 500|M3|
2015-10-23 10:42:10 : 10:42|2678|    76| N| 152346| 301065| 911|  1|2|100000|100000| 500|M3|
2015-10-23 11:41:15 : 11:41|2679|   136| N| 321945|  73651| 498|  1|1|100000|100000| 500|M3|
2015-10-23 12:32:01 : 12:32|2680|    68| N|   6842| 271554|1808|  5|2|100000|100000| 500|M3|
2015-10-23 13:33:43 : 13:33|2685|   142| N| 192227| 166439| 957|  4|3|100000|100000| 500|M3|
2015-10-23 14:26:28 : 14:26|2689|    94| N|  46971|  99233|1495|  1|2|100000|100000| 500|M3|
2015-10-23 15:20:58 : 15:20|2690|    64| N|  95472| 136671| 925|  2|2|100000|100000| 500|M3|
2015-10-23 16:11:32 : 16:11|2673|     1| N| 235772| 195539|1800|  6|1|100000|100000| 500|M3|
